2022-11-24 19:29:07,197 INFO Checking of last 1 days started.
2022-11-24 19:29:08,725 INFO Founded 9807 vacancies
2022-11-24 19:29:09,135 INFO 2022-11-23 founded 9807 vacancies
2022-11-24 19:29:09,433 INFO From 2022-11-23T23:00:00 to 2022-11-24T00:00:00 founded 24 vacancies
2022-11-24 19:29:09,443 INFO From 2022-11-23T20:00:00 to 2022-11-23T21:00:00 founded 121 vacancies
2022-11-24 19:29:09,449 INFO From 2022-11-23T21:00:00 to 2022-11-23T22:00:00 founded 112 vacancies
2022-11-24 19:29:09,453 INFO From 2022-11-23T22:00:00 to 2022-11-23T23:00:00 founded 64 vacancies
2022-11-24 19:29:10,777 INFO From 2022-11-23T17:00:00 to 2022-11-23T18:00:00 founded 593 vacancies
2022-11-24 19:29:10,780 INFO From 2022-11-23T19:00:00 to 2022-11-23T20:00:00 founded 202 vacancies
2022-11-24 19:29:10,786 INFO From 2022-11-23T18:00:00 to 2022-11-23T19:00:00 founded 366 vacancies
2022-11-24 19:29:11,081 INFO From 2022-11-23T16:00:00 to 2022-11-23T17:00:00 founded 738 vacancies
2022-11-24 19:29:15,784 INFO From 2022-11-23T14:00:00 to 2022-11-23T15:00:00 founded 827 vacancies
2022-11-24 19:29:15,889 INFO From 2022-11-23T12:00:00 to 2022-11-23T13:00:00 founded 939 vacancies
2022-11-24 19:29:15,927 INFO From 2022-11-23T13:00:00 to 2022-11-23T14:00:00 founded 841 vacancies
2022-11-24 19:29:16,215 INFO From 2022-11-23T15:00:00 to 2022-11-23T16:00:00 founded 770 vacancies
2022-11-24 19:29:22,550 INFO From 2022-11-23T11:00:00 to 2022-11-23T12:00:00 founded 1074 vacancies
2022-11-24 19:29:22,749 INFO From 2022-11-23T09:00:00 to 2022-11-23T10:00:00 founded 913 vacancies
2022-11-24 19:29:22,753 INFO From 2022-11-23T10:00:00 to 2022-11-23T11:00:00 founded 1004 vacancies
2022-11-24 19:29:22,756 INFO From 2022-11-23T08:00:00 to 2022-11-23T09:00:00 founded 532 vacancies
2022-11-24 19:29:28,689 INFO From 2022-11-23T06:00:00 to 2022-11-23T07:00:00 founded 144 vacancies
2022-11-24 19:29:28,704 INFO From 2022-11-23T04:00:00 to 2022-11-23T05:00:00 founded 71 vacancies
2022-11-24 19:29:28,708 INFO From 2022-11-23T05:00:00 to 2022-11-23T06:00:00 founded 90 vacancies
2022-11-24 19:29:28,732 INFO From 2022-11-23T07:00:00 to 2022-11-23T08:00:00 founded 282 vacancies
2022-11-24 19:29:30,741 INFO From 2022-11-23T01:00:00 to 2022-11-23T02:00:00 founded 15 vacancies
2022-11-24 19:29:30,743 INFO From 2022-11-23T02:00:00 to 2022-11-23T03:00:00 founded 18 vacancies
2022-11-24 19:29:30,824 INFO From 2022-11-23T00:00:00 to 2022-11-23T01:00:00 founded 35 vacancies
2022-11-24 19:29:31,139 INFO From 2022-11-23T03:00:00 to 2022-11-23T04:00:00 founded 32 vacancies
2022-11-24 19:29:31,721 INFO 9807
2022-11-24 19:29:31,721 INFO 9807
2022-11-24 19:29:31,721 INFO 9549
2022-11-24 19:29:31,721 INFO Program works 25 seconds
