2022-11-22 18:17:35,611 INFO Checking of last 1 days started.
2022-11-22 18:17:36,283 INFO Founded 13881 vacancies
2022-11-22 18:17:36,959 INFO 2022-11-21 founded 13881 vacancies
2022-11-22 18:17:40,057 INFO From 2022-11-21T23:00:00 to 2022-11-22T00:00:00 founded 47 vacancies
2022-11-22 18:17:40,717 INFO From 2022-11-21T20:00:00 to 2022-11-21T21:00:00 founded 155 vacancies
2022-11-22 18:17:40,794 INFO From 2022-11-21T21:00:00 to 2022-11-21T22:00:00 founded 190 vacancies
2022-11-22 18:17:40,976 INFO From 2022-11-21T22:00:00 to 2022-11-21T23:00:00 founded 70 vacancies
2022-11-22 18:17:51,871 INFO From 2022-11-21T19:00:00 to 2022-11-21T20:00:00 founded 213 vacancies
2022-11-22 18:17:51,990 INFO From 2022-11-21T16:00:00 to 2022-11-21T17:00:00 founded 919 vacancies
2022-11-22 18:17:52,072 INFO From 2022-11-21T17:00:00 to 2022-11-21T18:00:00 founded 791 vacancies
2022-11-22 18:17:54,649 INFO From 2022-11-21T18:00:00 to 2022-11-21T19:00:00 founded 438 vacancies
2022-11-22 18:18:15,433 INFO From 2022-11-21T13:00:00 to 2022-11-21T14:00:00 founded 1229 vacancies
2022-11-22 18:18:15,437 INFO From 2022-11-21T14:00:00 to 2022-11-21T15:00:00 founded 1069 vacancies
2022-11-22 18:18:15,440 INFO From 2022-11-21T15:00:00 to 2022-11-21T16:00:00 founded 1008 vacancies
2022-11-22 18:18:15,613 INFO From 2022-11-21T12:00:00 to 2022-11-21T13:00:00 founded 1115 vacancies
2022-11-22 18:18:39,575 INFO From 2022-11-21T10:00:00 to 2022-11-21T11:00:00 founded 1670 vacancies
2022-11-22 18:18:39,733 INFO From 2022-11-21T09:00:00 to 2022-11-21T10:00:00 founded 1475 vacancies
2022-11-22 18:18:39,769 INFO From 2022-11-21T08:00:00 to 2022-11-21T09:00:00 founded 936 vacancies
2022-11-22 18:18:39,795 INFO From 2022-11-21T11:00:00 to 2022-11-21T12:00:00 founded 1456 vacancies
2022-11-22 18:19:04,249 INFO From 2022-11-21T04:00:00 to 2022-11-21T05:00:00 founded 105 vacancies
2022-11-22 18:19:04,470 INFO From 2022-11-21T06:00:00 to 2022-11-21T07:00:00 founded 266 vacancies
2022-11-22 18:19:04,511 INFO From 2022-11-21T07:00:00 to 2022-11-21T08:00:00 founded 420 vacancies
2022-11-22 18:19:04,516 INFO From 2022-11-21T05:00:00 to 2022-11-21T06:00:00 founded 173 vacancies
2022-11-22 18:19:10,097 INFO From 2022-11-21T01:00:00 to 2022-11-21T02:00:00 founded 21 vacancies
2022-11-22 18:19:10,200 INFO From 2022-11-21T02:00:00 to 2022-11-21T03:00:00 founded 39 vacancies
2022-11-22 18:19:10,215 INFO From 2022-11-21T03:00:00 to 2022-11-21T04:00:00 founded 39 vacancies
2022-11-22 18:19:10,363 INFO From 2022-11-21T00:00:00 to 2022-11-21T01:00:00 founded 37 vacancies
2022-11-22 18:19:15,386 INFO 13881
2022-11-22 18:19:15,386 INFO 13881
2022-11-22 18:19:15,386 INFO 0
2022-11-22 18:19:15,392 INFO Program works 100 seconds
