2022-11-22 18:22:53,263 INFO Checking of last 3 days started.
2022-11-22 18:22:54,003 INFO Founded 19393 vacancies
2022-11-22 18:22:54,616 INFO 2022-11-21 founded 13875 vacancies
2022-11-22 18:22:55,221 INFO From 2022-11-21T23:00:00 to 2022-11-22T00:00:00 founded 47 vacancies
2022-11-22 18:22:55,250 INFO From 2022-11-21T22:00:00 to 2022-11-21T23:00:00 founded 70 vacancies
2022-11-22 18:22:55,377 INFO From 2022-11-21T21:00:00 to 2022-11-21T22:00:00 founded 190 vacancies
2022-11-22 18:22:55,733 INFO From 2022-11-21T20:00:00 to 2022-11-21T21:00:00 founded 155 vacancies
2022-11-22 18:22:57,772 INFO From 2022-11-21T19:00:00 to 2022-11-21T20:00:00 founded 212 vacancies
2022-11-22 18:22:57,838 INFO From 2022-11-21T18:00:00 to 2022-11-21T19:00:00 founded 438 vacancies
2022-11-22 18:22:57,868 INFO From 2022-11-21T16:00:00 to 2022-11-21T17:00:00 founded 919 vacancies
2022-11-22 18:22:58,020 INFO From 2022-11-21T17:00:00 to 2022-11-21T18:00:00 founded 791 vacancies
2022-11-22 18:23:08,719 INFO From 2022-11-21T15:00:00 to 2022-11-21T16:00:00 founded 1008 vacancies
2022-11-22 18:23:09,491 INFO From 2022-11-21T12:00:00 to 2022-11-21T13:00:00 founded 1115 vacancies
2022-11-22 18:23:09,783 INFO From 2022-11-21T14:00:00 to 2022-11-21T15:00:00 founded 1069 vacancies
2022-11-22 18:23:12,499 INFO From 2022-11-21T13:00:00 to 2022-11-21T14:00:00 founded 1229 vacancies
2022-11-22 18:23:30,924 INFO From 2022-11-21T08:00:00 to 2022-11-21T09:00:00 founded 936 vacancies
2022-11-22 18:23:30,966 INFO From 2022-11-21T10:00:00 to 2022-11-21T11:00:00 founded 1670 vacancies
2022-11-22 18:23:30,988 INFO From 2022-11-21T11:00:00 to 2022-11-21T12:00:00 founded 1456 vacancies
2022-11-22 18:23:31,179 INFO From 2022-11-21T09:00:00 to 2022-11-21T10:00:00 founded 1475 vacancies
2022-11-22 18:23:47,703 INFO From 2022-11-21T06:00:00 to 2022-11-21T07:00:00 founded 266 vacancies
2022-11-22 18:23:47,859 INFO From 2022-11-21T07:00:00 to 2022-11-21T08:00:00 founded 415 vacancies
2022-11-22 18:23:47,968 INFO From 2022-11-21T04:00:00 to 2022-11-21T05:00:00 founded 105 vacancies
2022-11-22 18:23:48,035 INFO From 2022-11-21T05:00:00 to 2022-11-21T06:00:00 founded 173 vacancies
2022-11-22 18:23:55,074 INFO From 2022-11-21T00:00:00 to 2022-11-21T01:00:00 founded 37 vacancies
2022-11-22 18:23:55,109 INFO From 2022-11-21T02:00:00 to 2022-11-21T03:00:00 founded 39 vacancies
2022-11-22 18:23:55,113 INFO From 2022-11-21T01:00:00 to 2022-11-21T02:00:00 founded 21 vacancies
2022-11-22 18:23:55,205 INFO From 2022-11-21T03:00:00 to 2022-11-21T04:00:00 founded 39 vacancies
2022-11-22 18:24:02,626 INFO 2022-11-20 founded 4380 vacancies
2022-11-22 18:24:02,892 INFO From 2022-11-20T23:00:00 to 2022-11-21T00:00:00 founded 19 vacancies
2022-11-22 18:24:03,019 INFO From 2022-11-20T22:00:00 to 2022-11-20T23:00:00 founded 41 vacancies
2022-11-22 18:24:03,089 INFO From 2022-11-20T20:00:00 to 2022-11-20T21:00:00 founded 86 vacancies
2022-11-22 18:24:03,241 INFO From 2022-11-20T21:00:00 to 2022-11-20T22:00:00 founded 66 vacancies
2022-11-22 18:24:04,989 INFO From 2022-11-20T19:00:00 to 2022-11-20T20:00:00 founded 131 vacancies
2022-11-22 18:24:05,042 INFO From 2022-11-20T16:00:00 to 2022-11-20T17:00:00 founded 387 vacancies
2022-11-22 18:24:06,000 INFO From 2022-11-20T18:00:00 to 2022-11-20T19:00:00 founded 196 vacancies
2022-11-22 18:24:06,018 INFO From 2022-11-20T17:00:00 to 2022-11-20T18:00:00 founded 302 vacancies
2022-11-22 18:24:13,664 INFO From 2022-11-20T12:00:00 to 2022-11-20T13:00:00 founded 419 vacancies
2022-11-22 18:24:13,667 INFO From 2022-11-20T13:00:00 to 2022-11-20T14:00:00 founded 510 vacancies
2022-11-22 18:24:13,697 INFO From 2022-11-20T14:00:00 to 2022-11-20T15:00:00 founded 359 vacancies
2022-11-22 18:24:13,709 INFO From 2022-11-20T15:00:00 to 2022-11-20T16:00:00 founded 370 vacancies
2022-11-22 18:24:29,323 INFO From 2022-11-20T08:00:00 to 2022-11-20T09:00:00 founded 169 vacancies
2022-11-22 18:24:29,326 INFO From 2022-11-20T10:00:00 to 2022-11-20T11:00:00 founded 326 vacancies
2022-11-22 18:24:29,907 INFO From 2022-11-20T11:00:00 to 2022-11-20T12:00:00 founded 502 vacancies
2022-11-22 18:24:30,002 INFO From 2022-11-20T09:00:00 to 2022-11-20T10:00:00 founded 285 vacancies
2022-11-22 18:24:38,699 INFO From 2022-11-20T05:00:00 to 2022-11-20T06:00:00 founded 26 vacancies
2022-11-22 18:24:38,736 INFO From 2022-11-20T04:00:00 to 2022-11-20T05:00:00 founded 12 vacancies
2022-11-22 18:24:38,902 INFO From 2022-11-20T06:00:00 to 2022-11-20T07:00:00 founded 45 vacancies
2022-11-22 18:24:39,437 INFO From 2022-11-20T07:00:00 to 2022-11-20T08:00:00 founded 88 vacancies
2022-11-22 18:24:40,722 INFO From 2022-11-20T03:00:00 to 2022-11-20T04:00:00 founded 11 vacancies
2022-11-22 18:24:40,725 INFO From 2022-11-20T02:00:00 to 2022-11-20T03:00:00 founded 6 vacancies
2022-11-22 18:24:40,748 INFO From 2022-11-20T00:00:00 to 2022-11-20T01:00:00 founded 11 vacancies
2022-11-22 18:24:40,932 INFO From 2022-11-20T01:00:00 to 2022-11-20T02:00:00 founded 13 vacancies
2022-11-22 18:24:43,362 INFO 2022-11-19 founded 977 vacancies
2022-11-22 18:24:53,724 INFO 19232
2022-11-22 18:24:53,724 INFO 18255
2022-11-22 18:24:53,724 INFO 13871
2022-11-22 18:24:53,724 INFO Program works 120 seconds
