2022-11-22 18:12:40,761 INFO Checking of last 1 days started.
2022-11-22 18:12:41,859 INFO Founded 13884 vacancies
2022-11-22 18:12:42,578 INFO 2022-11-21 founded 13884 vacancies
2022-11-22 18:12:43,099 INFO From 2022-11-21T21:00:00 to 2022-11-21T22:00:00 founded 190 vacancies
2022-11-22 18:12:43,176 INFO From 2022-11-21T20:00:00 to 2022-11-21T21:00:00 founded 155 vacancies
2022-11-22 18:12:43,188 INFO From 2022-11-21T22:00:00 to 2022-11-21T23:00:00 founded 70 vacancies
2022-11-22 18:12:43,279 INFO From 2022-11-21T23:00:00 to 2022-11-22T00:00:00 founded 48 vacancies
2022-11-22 18:12:46,095 INFO From 2022-11-21T19:00:00 to 2022-11-21T20:00:00 founded 213 vacancies
2022-11-22 18:12:46,211 INFO From 2022-11-21T16:00:00 to 2022-11-21T17:00:00 founded 919 vacancies
2022-11-22 18:12:46,307 INFO From 2022-11-21T17:00:00 to 2022-11-21T18:00:00 founded 792 vacancies
2022-11-22 18:12:46,344 INFO From 2022-11-21T18:00:00 to 2022-11-21T19:00:00 founded 438 vacancies
2022-11-22 18:12:58,688 INFO From 2022-11-21T14:00:00 to 2022-11-21T15:00:00 founded 1069 vacancies
2022-11-22 18:12:58,837 INFO From 2022-11-21T12:00:00 to 2022-11-21T13:00:00 founded 1115 vacancies
2022-11-22 18:12:58,841 INFO From 2022-11-21T15:00:00 to 2022-11-21T16:00:00 founded 1008 vacancies
2022-11-22 18:12:58,896 INFO From 2022-11-21T13:00:00 to 2022-11-21T14:00:00 founded 1229 vacancies
2022-11-22 18:13:22,501 INFO From 2022-11-21T10:00:00 to 2022-11-21T11:00:00 founded 1671 vacancies
2022-11-22 18:13:22,530 INFO From 2022-11-21T11:00:00 to 2022-11-21T12:00:00 founded 1456 vacancies
2022-11-22 18:13:22,560 INFO From 2022-11-21T08:00:00 to 2022-11-21T09:00:00 founded 936 vacancies
2022-11-22 18:13:22,802 INFO From 2022-11-21T09:00:00 to 2022-11-21T10:00:00 founded 1475 vacancies
2022-11-22 18:13:49,492 INFO From 2022-11-21T06:00:00 to 2022-11-21T07:00:00 founded 266 vacancies
2022-11-22 18:13:49,539 INFO From 2022-11-21T04:00:00 to 2022-11-21T05:00:00 founded 105 vacancies
2022-11-22 18:13:49,554 INFO From 2022-11-21T05:00:00 to 2022-11-21T06:00:00 founded 173 vacancies
2022-11-22 18:13:49,574 INFO From 2022-11-21T07:00:00 to 2022-11-21T08:00:00 founded 420 vacancies
2022-11-22 18:13:57,332 INFO From 2022-11-21T01:00:00 to 2022-11-21T02:00:00 founded 21 vacancies
2022-11-22 18:13:57,388 INFO From 2022-11-21T02:00:00 to 2022-11-21T03:00:00 founded 39 vacancies
2022-11-22 18:13:57,408 INFO From 2022-11-21T00:00:00 to 2022-11-21T01:00:00 founded 37 vacancies
2022-11-22 18:13:57,437 INFO From 2022-11-21T03:00:00 to 2022-11-21T04:00:00 founded 39 vacancies
2022-11-22 18:13:58,192 INFO 13884
2022-11-22 18:13:58,192 INFO 13884
2022-11-22 18:13:58,192 INFO 13882
2022-11-22 18:13:58,192 INFO Program works 77 seconds
