2022-11-24 14:38:10,787 INFO Checking of last 1 days started.
2022-11-24 14:38:11,951 INFO Founded 10063 vacancies
2022-11-24 14:38:12,912 INFO 2022-11-23 founded 10063 vacancies
2022-11-24 14:38:14,692 INFO From 2022-11-23T23:00:00 to 2022-11-24T00:00:00 founded 24 vacancies
2022-11-24 14:38:14,913 INFO From 2022-11-23T20:00:00 to 2022-11-23T21:00:00 founded 121 vacancies
2022-11-24 14:38:15,039 INFO From 2022-11-23T22:00:00 to 2022-11-23T23:00:00 founded 64 vacancies
2022-11-24 14:38:15,444 INFO From 2022-11-23T21:00:00 to 2022-11-23T22:00:00 founded 114 vacancies
2022-11-24 14:38:18,827 INFO From 2022-11-23T16:00:00 to 2022-11-23T17:00:00 founded 775 vacancies
2022-11-24 14:38:18,831 INFO From 2022-11-23T17:00:00 to 2022-11-23T18:00:00 founded 625 vacancies
2022-11-24 14:38:18,988 INFO From 2022-11-23T18:00:00 to 2022-11-23T19:00:00 founded 384 vacancies
2022-11-24 14:38:19,819 INFO From 2022-11-23T19:00:00 to 2022-11-23T20:00:00 founded 209 vacancies
2022-11-24 14:38:49,077 INFO From 2022-11-23T13:00:00 to 2022-11-23T14:00:00 founded 863 vacancies
2022-11-24 14:38:54,422 INFO From 2022-11-23T04:00:00 to 2022-11-23T05:00:00 founded 71 vacancies
2022-11-24 14:38:54,435 INFO From 2022-11-23T05:00:00 to 2022-11-23T06:00:00 founded 90 vacancies
2022-11-24 14:38:54,474 INFO From 2022-11-23T07:00:00 to 2022-11-23T08:00:00 founded 283 vacancies
2022-11-24 14:38:55,044 INFO From 2022-11-23T06:00:00 to 2022-11-23T07:00:00 founded 144 vacancies
2022-11-24 14:38:59,915 INFO From 2022-11-23T01:00:00 to 2022-11-23T02:00:00 founded 16 vacancies
2022-11-24 14:39:00,037 INFO From 2022-11-23T02:00:00 to 2022-11-23T03:00:00 founded 18 vacancies
2022-11-24 14:39:00,067 INFO From 2022-11-23T03:00:00 to 2022-11-23T04:00:00 founded 32 vacancies
2022-11-24 14:39:00,783 INFO From 2022-11-23T00:00:00 to 2022-11-23T01:00:00 founded 35 vacancies
2022-11-24 14:39:01,854 INFO 10063
2022-11-24 14:39:01,854 INFO 3868
2022-11-24 14:39:01,854 INFO 2221
2022-11-24 14:39:01,854 INFO Program works 51 seconds
