2022-11-24 19:40:21,888 INFO Checking of last 30 days started.
2022-11-24 19:40:22,415 INFO Founded 90251 vacancies
2022-11-24 19:40:22,826 INFO 2022-11-23 founded 9803 vacancies
2022-11-24 19:40:23,127 INFO From 2022-11-23T22:00:00 to 2022-11-23T23:00:00 founded 64 vacancies
2022-11-24 19:40:23,148 INFO From 2022-11-23T20:00:00 to 2022-11-23T21:00:00 founded 121 vacancies
2022-11-24 19:40:23,184 INFO From 2022-11-23T23:00:00 to 2022-11-24T00:00:00 founded 24 vacancies
2022-11-24 19:40:23,196 INFO From 2022-11-23T21:00:00 to 2022-11-23T22:00:00 founded 112 vacancies
2022-11-24 19:40:24,567 INFO From 2022-11-23T18:00:00 to 2022-11-23T19:00:00 founded 366 vacancies
2022-11-24 19:40:24,571 INFO From 2022-11-23T17:00:00 to 2022-11-23T18:00:00 founded 593 vacancies
2022-11-24 19:40:24,654 INFO From 2022-11-23T19:00:00 to 2022-11-23T20:00:00 founded 202 vacancies
2022-11-24 19:40:24,975 INFO From 2022-11-23T16:00:00 to 2022-11-23T17:00:00 founded 738 vacancies
2022-11-24 19:40:29,282 INFO From 2022-11-23T14:00:00 to 2022-11-23T15:00:00 founded 826 vacancies
2022-11-24 19:40:29,300 INFO From 2022-11-23T13:00:00 to 2022-11-23T14:00:00 founded 841 vacancies
2022-11-24 19:40:29,405 INFO From 2022-11-23T15:00:00 to 2022-11-23T16:00:00 founded 770 vacancies
2022-11-24 19:40:29,495 INFO From 2022-11-23T12:00:00 to 2022-11-23T13:00:00 founded 939 vacancies
2022-11-24 19:40:34,916 INFO From 2022-11-23T11:00:00 to 2022-11-23T12:00:00 founded 1072 vacancies
2022-11-24 19:40:34,921 INFO From 2022-11-23T08:00:00 to 2022-11-23T09:00:00 founded 532 vacancies
2022-11-24 19:40:34,932 INFO From 2022-11-23T10:00:00 to 2022-11-23T11:00:00 founded 1004 vacancies
2022-11-24 19:40:34,969 INFO From 2022-11-23T09:00:00 to 2022-11-23T10:00:00 founded 913 vacancies
2022-11-24 19:40:40,857 INFO From 2022-11-23T04:00:00 to 2022-11-23T05:00:00 founded 71 vacancies
2022-11-24 19:40:40,956 INFO From 2022-11-23T05:00:00 to 2022-11-23T06:00:00 founded 89 vacancies
2022-11-24 19:40:40,982 INFO From 2022-11-23T06:00:00 to 2022-11-23T07:00:00 founded 144 vacancies
2022-11-24 19:40:41,010 INFO From 2022-11-23T07:00:00 to 2022-11-23T08:00:00 founded 282 vacancies
2022-11-24 19:40:43,291 INFO From 2022-11-23T01:00:00 to 2022-11-23T02:00:00 founded 15 vacancies
2022-11-24 19:40:43,318 INFO From 2022-11-23T03:00:00 to 2022-11-23T04:00:00 founded 32 vacancies
2022-11-24 19:40:43,321 INFO From 2022-11-23T00:00:00 to 2022-11-23T01:00:00 founded 35 vacancies
2022-11-24 19:40:43,341 INFO From 2022-11-23T02:00:00 to 2022-11-23T03:00:00 founded 18 vacancies
2022-11-24 19:40:46,907 INFO 2022-11-22 founded 9953 vacancies
2022-11-24 19:40:47,387 INFO From 2022-11-22T21:00:00 to 2022-11-22T22:00:00 founded 76 vacancies
2022-11-24 19:40:47,392 INFO From 2022-11-22T23:00:00 to 2022-11-23T00:00:00 founded 61 vacancies
2022-11-24 19:40:47,396 INFO From 2022-11-22T22:00:00 to 2022-11-22T23:00:00 founded 163 vacancies
2022-11-24 19:40:47,467 INFO From 2022-11-22T20:00:00 to 2022-11-22T21:00:00 founded 119 vacancies
2022-11-24 19:40:49,388 INFO From 2022-11-22T18:00:00 to 2022-11-22T19:00:00 founded 371 vacancies
2022-11-24 19:40:49,512 INFO From 2022-11-22T17:00:00 to 2022-11-22T18:00:00 founded 613 vacancies
2022-11-24 19:40:49,519 INFO From 2022-11-22T19:00:00 to 2022-11-22T20:00:00 founded 202 vacancies
2022-11-24 19:40:49,638 INFO From 2022-11-22T16:00:00 to 2022-11-22T17:00:00 founded 757 vacancies
2022-11-24 19:40:54,054 INFO From 2022-11-22T15:00:00 to 2022-11-22T16:00:00 founded 795 vacancies
2022-11-24 19:40:54,071 INFO From 2022-11-22T12:00:00 to 2022-11-22T13:00:00 founded 905 vacancies
2022-11-24 19:40:54,167 INFO From 2022-11-22T13:00:00 to 2022-11-22T14:00:00 founded 857 vacancies
2022-11-24 19:40:54,293 INFO From 2022-11-22T14:00:00 to 2022-11-22T15:00:00 founded 772 vacancies
2022-11-24 19:40:59,196 INFO From 2022-11-22T11:00:00 to 2022-11-22T12:00:00 founded 961 vacancies
2022-11-24 19:40:59,265 INFO From 2022-11-22T08:00:00 to 2022-11-22T09:00:00 founded 448 vacancies
2022-11-24 19:40:59,289 INFO From 2022-11-22T10:00:00 to 2022-11-22T11:00:00 founded 1283 vacancies
2022-11-24 19:40:59,316 INFO From 2022-11-22T09:00:00 to 2022-11-22T10:00:00 founded 932 vacancies
2022-11-24 19:41:06,230 INFO From 2022-11-22T04:00:00 to 2022-11-22T05:00:00 founded 56 vacancies
2022-11-24 19:41:06,241 INFO From 2022-11-22T07:00:00 to 2022-11-22T08:00:00 founded 228 vacancies
2022-11-24 19:41:06,280 INFO From 2022-11-22T06:00:00 to 2022-11-22T07:00:00 founded 147 vacancies
2022-11-24 19:41:06,323 INFO From 2022-11-22T05:00:00 to 2022-11-22T06:00:00 founded 74 vacancies
2022-11-24 19:41:08,073 INFO From 2022-11-22T03:00:00 to 2022-11-22T04:00:00 founded 27 vacancies
2022-11-24 19:41:08,076 INFO From 2022-11-22T00:00:00 to 2022-11-22T01:00:00 founded 33 vacancies
2022-11-24 19:41:08,082 INFO From 2022-11-22T01:00:00 to 2022-11-22T02:00:00 founded 56 vacancies
2022-11-24 19:41:08,125 INFO From 2022-11-22T02:00:00 to 2022-11-22T03:00:00 founded 17 vacancies
2022-11-24 19:41:12,927 INFO 2022-11-21 founded 8196 vacancies
2022-11-24 19:41:13,527 INFO From 2022-11-21T23:00:00 to 2022-11-22T00:00:00 founded 35 vacancies
2022-11-24 19:41:13,530 INFO From 2022-11-21T22:00:00 to 2022-11-21T23:00:00 founded 65 vacancies
2022-11-24 19:41:13,534 INFO From 2022-11-21T20:00:00 to 2022-11-21T21:00:00 founded 150 vacancies
2022-11-24 19:41:13,545 INFO From 2022-11-21T21:00:00 to 2022-11-21T22:00:00 founded 183 vacancies
2022-11-24 19:41:14,933 INFO From 2022-11-21T19:00:00 to 2022-11-21T20:00:00 founded 140 vacancies
2022-11-24 19:41:15,137 INFO From 2022-11-21T17:00:00 to 2022-11-21T18:00:00 founded 410 vacancies
2022-11-24 19:41:15,152 INFO From 2022-11-21T16:00:00 to 2022-11-21T17:00:00 founded 495 vacancies
2022-11-24 19:41:15,168 INFO From 2022-11-21T18:00:00 to 2022-11-21T19:00:00 founded 194 vacancies
2022-11-24 19:41:18,639 INFO From 2022-11-21T13:00:00 to 2022-11-21T14:00:00 founded 654 vacancies
2022-11-24 19:41:18,643 INFO From 2022-11-21T15:00:00 to 2022-11-21T16:00:00 founded 537 vacancies
2022-11-24 19:41:18,644 INFO From 2022-11-21T12:00:00 to 2022-11-21T13:00:00 founded 576 vacancies
2022-11-24 19:41:18,748 INFO From 2022-11-21T14:00:00 to 2022-11-21T15:00:00 founded 589 vacancies
2022-11-24 19:41:22,629 INFO From 2022-11-21T11:00:00 to 2022-11-21T12:00:00 founded 840 vacancies
2022-11-24 19:41:22,644 INFO From 2022-11-21T10:00:00 to 2022-11-21T11:00:00 founded 1037 vacancies
2022-11-24 19:41:22,660 INFO From 2022-11-21T09:00:00 to 2022-11-21T10:00:00 founded 976 vacancies
2022-11-24 19:41:22,660 INFO From 2022-11-21T08:00:00 to 2022-11-21T09:00:00 founded 606 vacancies
2022-11-24 19:41:28,773 INFO From 2022-11-21T04:00:00 to 2022-11-21T05:00:00 founded 65 vacancies
2022-11-24 19:41:28,820 INFO From 2022-11-21T05:00:00 to 2022-11-21T06:00:00 founded 113 vacancies
2022-11-24 19:41:28,992 INFO From 2022-11-21T07:00:00 to 2022-11-21T08:00:00 founded 267 vacancies
2022-11-24 19:41:29,070 INFO From 2022-11-21T06:00:00 to 2022-11-21T07:00:00 founded 185 vacancies
2022-11-24 19:41:31,213 INFO From 2022-11-21T00:00:00 to 2022-11-21T01:00:00 founded 16 vacancies
2022-11-24 19:41:31,213 INFO From 2022-11-21T03:00:00 to 2022-11-21T04:00:00 founded 25 vacancies
2022-11-24 19:41:31,213 INFO From 2022-11-21T01:00:00 to 2022-11-21T02:00:00 founded 11 vacancies
2022-11-24 19:41:31,213 INFO From 2022-11-21T02:00:00 to 2022-11-21T03:00:00 founded 27 vacancies
2022-11-24 19:41:34,902 INFO 2022-11-20 founded 406 vacancies
2022-11-24 19:41:38,186 INFO 2022-11-19 founded 486 vacancies
2022-11-24 19:41:41,048 INFO 2022-11-18 founded 4377 vacancies
2022-11-24 19:41:41,173 INFO From 2022-11-18T23:00:00 to 2022-11-19T00:00:00 founded 5 vacancies
2022-11-24 19:41:41,219 INFO From 2022-11-18T22:00:00 to 2022-11-18T23:00:00 founded 25 vacancies
2022-11-24 19:41:41,329 INFO From 2022-11-18T20:00:00 to 2022-11-18T21:00:00 founded 36 vacancies
2022-11-24 19:41:41,344 INFO From 2022-11-18T21:00:00 to 2022-11-18T22:00:00 founded 18 vacancies
2022-11-24 19:41:42,083 INFO From 2022-11-18T19:00:00 to 2022-11-18T20:00:00 founded 64 vacancies
2022-11-24 19:41:42,084 INFO From 2022-11-18T16:00:00 to 2022-11-18T17:00:00 founded 459 vacancies
2022-11-24 19:41:42,392 INFO From 2022-11-18T18:00:00 to 2022-11-18T19:00:00 founded 190 vacancies
2022-11-24 19:41:42,392 INFO From 2022-11-18T17:00:00 to 2022-11-18T18:00:00 founded 285 vacancies
2022-11-24 19:41:45,050 INFO From 2022-11-18T15:00:00 to 2022-11-18T16:00:00 founded 398 vacancies
2022-11-24 19:41:45,081 INFO From 2022-11-18T14:00:00 to 2022-11-18T15:00:00 founded 490 vacancies
2022-11-24 19:41:45,096 INFO From 2022-11-18T13:00:00 to 2022-11-18T14:00:00 founded 399 vacancies
2022-11-24 19:41:45,206 INFO From 2022-11-18T12:00:00 to 2022-11-18T13:00:00 founded 432 vacancies
2022-11-24 19:41:48,114 INFO From 2022-11-18T08:00:00 to 2022-11-18T09:00:00 founded 194 vacancies
2022-11-24 19:41:48,192 INFO From 2022-11-18T09:00:00 to 2022-11-18T10:00:00 founded 320 vacancies
2022-11-24 19:41:48,223 INFO From 2022-11-18T11:00:00 to 2022-11-18T12:00:00 founded 355 vacancies
2022-11-24 19:41:48,223 INFO From 2022-11-18T10:00:00 to 2022-11-18T11:00:00 founded 387 vacancies
2022-11-24 19:41:50,975 INFO From 2022-11-18T05:00:00 to 2022-11-18T06:00:00 founded 61 vacancies
2022-11-24 19:41:51,007 INFO From 2022-11-18T06:00:00 to 2022-11-18T07:00:00 founded 61 vacancies
2022-11-24 19:41:51,022 INFO From 2022-11-18T04:00:00 to 2022-11-18T05:00:00 founded 20 vacancies
2022-11-24 19:41:51,116 INFO From 2022-11-18T07:00:00 to 2022-11-18T08:00:00 founded 128 vacancies
2022-11-24 19:41:52,914 INFO From 2022-11-18T03:00:00 to 2022-11-18T04:00:00 founded 13 vacancies
2022-11-24 19:41:52,914 INFO From 2022-11-18T01:00:00 to 2022-11-18T02:00:00 founded 13 vacancies
2022-11-24 19:41:52,914 INFO From 2022-11-18T02:00:00 to 2022-11-18T03:00:00 founded 14 vacancies
2022-11-24 19:41:52,961 INFO From 2022-11-18T00:00:00 to 2022-11-18T01:00:00 founded 10 vacancies
2022-11-24 19:41:55,905 INFO 2022-11-17 founded 3701 vacancies
2022-11-24 19:41:56,090 INFO From 2022-11-17T21:00:00 to 2022-11-17T22:00:00 founded 25 vacancies
2022-11-24 19:41:56,109 INFO From 2022-11-17T23:00:00 to 2022-11-18T00:00:00 founded 23 vacancies
2022-11-24 19:41:56,112 INFO From 2022-11-17T22:00:00 to 2022-11-17T23:00:00 founded 11 vacancies
2022-11-24 19:41:56,257 INFO From 2022-11-17T20:00:00 to 2022-11-17T21:00:00 founded 43 vacancies
2022-11-24 19:41:57,033 INFO From 2022-11-17T17:00:00 to 2022-11-17T18:00:00 founded 204 vacancies
2022-11-24 19:41:57,052 INFO From 2022-11-17T19:00:00 to 2022-11-17T20:00:00 founded 84 vacancies
2022-11-24 19:41:57,074 INFO From 2022-11-17T18:00:00 to 2022-11-17T19:00:00 founded 115 vacancies
2022-11-24 19:41:57,080 INFO From 2022-11-17T16:00:00 to 2022-11-17T17:00:00 founded 312 vacancies
2022-11-24 19:41:59,602 INFO From 2022-11-17T15:00:00 to 2022-11-17T16:00:00 founded 362 vacancies
2022-11-24 19:41:59,609 INFO From 2022-11-17T13:00:00 to 2022-11-17T14:00:00 founded 284 vacancies
2022-11-24 19:41:59,708 INFO From 2022-11-17T14:00:00 to 2022-11-17T15:00:00 founded 321 vacancies
2022-11-24 19:41:59,714 INFO From 2022-11-17T12:00:00 to 2022-11-17T13:00:00 founded 399 vacancies
2022-11-24 19:42:03,181 INFO From 2022-11-17T09:00:00 to 2022-11-17T10:00:00 founded 314 vacancies
2022-11-24 19:42:03,189 INFO From 2022-11-17T08:00:00 to 2022-11-17T09:00:00 founded 216 vacancies
2022-11-24 19:42:03,211 INFO From 2022-11-17T10:00:00 to 2022-11-17T11:00:00 founded 342 vacancies
2022-11-24 19:42:03,508 INFO From 2022-11-17T11:00:00 to 2022-11-17T12:00:00 founded 391 vacancies
2022-11-24 19:42:06,473 INFO From 2022-11-17T04:00:00 to 2022-11-17T05:00:00 founded 21 vacancies
2022-11-24 19:42:06,559 INFO From 2022-11-17T05:00:00 to 2022-11-17T06:00:00 founded 32 vacancies
2022-11-24 19:42:06,595 INFO From 2022-11-17T06:00:00 to 2022-11-17T07:00:00 founded 65 vacancies
2022-11-24 19:42:06,709 INFO From 2022-11-17T07:00:00 to 2022-11-17T08:00:00 founded 104 vacancies
2022-11-24 19:42:07,740 INFO From 2022-11-17T00:00:00 to 2022-11-17T01:00:00 founded 8 vacancies
2022-11-24 19:42:07,760 INFO From 2022-11-17T03:00:00 to 2022-11-17T04:00:00 founded 16 vacancies
2022-11-24 19:42:07,788 INFO From 2022-11-17T02:00:00 to 2022-11-17T03:00:00 founded 2 vacancies
2022-11-24 19:42:07,840 INFO From 2022-11-17T01:00:00 to 2022-11-17T02:00:00 founded 7 vacancies
2022-11-24 19:42:10,264 INFO 2022-11-16 founded 4882 vacancies
2022-11-24 19:42:10,572 INFO From 2022-11-16T23:00:00 to 2022-11-17T00:00:00 founded 19 vacancies
2022-11-24 19:42:10,577 INFO From 2022-11-16T20:00:00 to 2022-11-16T21:00:00 founded 29 vacancies
2022-11-24 19:42:10,619 INFO From 2022-11-16T21:00:00 to 2022-11-16T22:00:00 founded 42 vacancies
2022-11-24 19:42:10,627 INFO From 2022-11-16T22:00:00 to 2022-11-16T23:00:00 founded 144 vacancies
2022-11-24 19:42:12,189 INFO From 2022-11-16T19:00:00 to 2022-11-16T20:00:00 founded 73 vacancies
2022-11-24 19:42:12,194 INFO From 2022-11-16T17:00:00 to 2022-11-16T18:00:00 founded 214 vacancies
2022-11-24 19:42:12,198 INFO From 2022-11-16T18:00:00 to 2022-11-16T19:00:00 founded 161 vacancies
2022-11-24 19:42:12,202 INFO From 2022-11-16T16:00:00 to 2022-11-16T17:00:00 founded 309 vacancies
2022-11-24 19:42:14,437 INFO From 2022-11-16T13:00:00 to 2022-11-16T14:00:00 founded 408 vacancies
2022-11-24 19:42:14,446 INFO From 2022-11-16T15:00:00 to 2022-11-16T16:00:00 founded 448 vacancies
2022-11-24 19:42:14,465 INFO From 2022-11-16T12:00:00 to 2022-11-16T13:00:00 founded 342 vacancies
2022-11-24 19:42:14,523 INFO From 2022-11-16T14:00:00 to 2022-11-16T15:00:00 founded 492 vacancies
2022-11-24 19:42:18,024 INFO From 2022-11-16T08:00:00 to 2022-11-16T09:00:00 founded 435 vacancies
2022-11-24 19:42:18,035 INFO From 2022-11-16T09:00:00 to 2022-11-16T10:00:00 founded 563 vacancies
2022-11-24 19:42:18,127 INFO From 2022-11-16T10:00:00 to 2022-11-16T11:00:00 founded 392 vacancies
2022-11-24 19:42:18,161 INFO From 2022-11-16T11:00:00 to 2022-11-16T12:00:00 founded 532 vacancies
2022-11-24 19:42:22,005 INFO From 2022-11-16T05:00:00 to 2022-11-16T06:00:00 founded 34 vacancies
2022-11-24 19:42:22,015 INFO From 2022-11-16T04:00:00 to 2022-11-16T05:00:00 founded 18 vacancies
2022-11-24 19:42:22,120 INFO From 2022-11-16T06:00:00 to 2022-11-16T07:00:00 founded 61 vacancies
2022-11-24 19:42:22,124 INFO From 2022-11-16T07:00:00 to 2022-11-16T08:00:00 founded 114 vacancies
2022-11-24 19:42:23,377 INFO From 2022-11-16T00:00:00 to 2022-11-16T01:00:00 founded 18 vacancies
2022-11-24 19:42:23,379 INFO From 2022-11-16T02:00:00 to 2022-11-16T03:00:00 founded 4 vacancies
2022-11-24 19:42:23,440 INFO From 2022-11-16T03:00:00 to 2022-11-16T04:00:00 founded 21 vacancies
2022-11-24 19:42:23,467 INFO From 2022-11-16T01:00:00 to 2022-11-16T02:00:00 founded 9 vacancies
2022-11-24 19:42:27,032 INFO 2022-11-15 founded 4064 vacancies
2022-11-24 19:42:27,153 INFO From 2022-11-15T23:00:00 to 2022-11-16T00:00:00 founded 10 vacancies
2022-11-24 19:42:27,246 INFO From 2022-11-15T21:00:00 to 2022-11-15T22:00:00 founded 23 vacancies
2022-11-24 19:42:27,342 INFO From 2022-11-15T22:00:00 to 2022-11-15T23:00:00 founded 41 vacancies
2022-11-24 19:42:27,388 INFO From 2022-11-15T20:00:00 to 2022-11-15T21:00:00 founded 45 vacancies
2022-11-24 19:42:28,178 INFO From 2022-11-15T19:00:00 to 2022-11-15T20:00:00 founded 61 vacancies
2022-11-24 19:42:28,288 INFO From 2022-11-15T18:00:00 to 2022-11-15T19:00:00 founded 122 vacancies
2022-11-24 19:42:28,354 INFO From 2022-11-15T16:00:00 to 2022-11-15T17:00:00 founded 292 vacancies
2022-11-24 19:42:28,430 INFO From 2022-11-15T17:00:00 to 2022-11-15T18:00:00 founded 325 vacancies
2022-11-24 19:42:31,141 INFO From 2022-11-15T14:00:00 to 2022-11-15T15:00:00 founded 353 vacancies
2022-11-24 19:42:31,292 INFO From 2022-11-15T13:00:00 to 2022-11-15T14:00:00 founded 379 vacancies
2022-11-24 19:42:31,381 INFO From 2022-11-15T12:00:00 to 2022-11-15T13:00:00 founded 336 vacancies
2022-11-24 19:42:31,404 INFO From 2022-11-15T15:00:00 to 2022-11-15T16:00:00 founded 382 vacancies
2022-11-24 19:42:34,314 INFO From 2022-11-15T09:00:00 to 2022-11-15T10:00:00 founded 363 vacancies
2022-11-24 19:42:34,319 INFO From 2022-11-15T08:00:00 to 2022-11-15T09:00:00 founded 203 vacancies
2022-11-24 19:42:34,323 INFO From 2022-11-15T11:00:00 to 2022-11-15T12:00:00 founded 392 vacancies
2022-11-24 19:42:34,345 INFO From 2022-11-15T10:00:00 to 2022-11-15T11:00:00 founded 490 vacancies
2022-11-24 19:42:37,574 INFO From 2022-11-15T05:00:00 to 2022-11-15T06:00:00 founded 20 vacancies
2022-11-24 19:42:37,581 INFO From 2022-11-15T04:00:00 to 2022-11-15T05:00:00 founded 38 vacancies
2022-11-24 19:42:37,587 INFO From 2022-11-15T06:00:00 to 2022-11-15T07:00:00 founded 62 vacancies
2022-11-24 19:42:37,757 INFO From 2022-11-15T07:00:00 to 2022-11-15T08:00:00 founded 96 vacancies
2022-11-24 19:42:38,607 INFO From 2022-11-15T02:00:00 to 2022-11-15T03:00:00 founded 5 vacancies
2022-11-24 19:42:38,610 INFO From 2022-11-15T03:00:00 to 2022-11-15T04:00:00 founded 17 vacancies
2022-11-24 19:42:38,692 INFO From 2022-11-15T01:00:00 to 2022-11-15T02:00:00 founded 6 vacancies
2022-11-24 19:42:38,754 INFO From 2022-11-15T00:00:00 to 2022-11-15T01:00:00 founded 3 vacancies
2022-11-24 19:42:41,276 INFO 2022-11-14 founded 4973 vacancies
2022-11-24 19:42:41,464 INFO From 2022-11-14T20:00:00 to 2022-11-14T21:00:00 founded 19 vacancies
2022-11-24 19:42:41,472 INFO From 2022-11-14T22:00:00 to 2022-11-14T23:00:00 founded 40 vacancies
2022-11-24 19:42:41,569 INFO From 2022-11-14T23:00:00 to 2022-11-15T00:00:00 founded 42 vacancies
2022-11-24 19:42:41,609 INFO From 2022-11-14T21:00:00 to 2022-11-14T22:00:00 founded 34 vacancies
2022-11-24 19:42:42,400 INFO From 2022-11-14T17:00:00 to 2022-11-14T18:00:00 founded 228 vacancies
2022-11-24 19:42:42,412 INFO From 2022-11-14T16:00:00 to 2022-11-14T17:00:00 founded 330 vacancies
2022-11-24 19:42:42,529 INFO From 2022-11-14T19:00:00 to 2022-11-14T20:00:00 founded 93 vacancies
2022-11-24 19:42:42,616 INFO From 2022-11-14T18:00:00 to 2022-11-14T19:00:00 founded 182 vacancies
2022-11-24 19:42:44,849 INFO From 2022-11-14T12:00:00 to 2022-11-14T13:00:00 founded 408 vacancies
2022-11-24 19:42:44,900 INFO From 2022-11-14T13:00:00 to 2022-11-14T14:00:00 founded 422 vacancies
2022-11-24 19:42:44,919 INFO From 2022-11-14T14:00:00 to 2022-11-14T15:00:00 founded 389 vacancies
2022-11-24 19:42:45,012 INFO From 2022-11-14T15:00:00 to 2022-11-14T16:00:00 founded 381 vacancies
2022-11-24 19:42:47,895 INFO From 2022-11-14T09:00:00 to 2022-11-14T10:00:00 founded 629 vacancies
2022-11-24 19:42:47,939 INFO From 2022-11-14T11:00:00 to 2022-11-14T12:00:00 founded 550 vacancies
2022-11-24 19:42:47,950 INFO From 2022-11-14T08:00:00 to 2022-11-14T09:00:00 founded 313 vacancies
2022-11-24 19:42:48,060 INFO From 2022-11-14T10:00:00 to 2022-11-14T11:00:00 founded 492 vacancies
2022-11-24 19:42:52,423 INFO From 2022-11-14T05:00:00 to 2022-11-14T06:00:00 founded 46 vacancies
2022-11-24 19:42:52,576 INFO From 2022-11-14T04:00:00 to 2022-11-14T05:00:00 founded 33 vacancies
2022-11-24 19:42:52,946 INFO From 2022-11-14T07:00:00 to 2022-11-14T08:00:00 founded 172 vacancies
2022-11-24 19:42:52,950 INFO From 2022-11-14T06:00:00 to 2022-11-14T07:00:00 founded 115 vacancies
2022-11-24 19:42:54,677 INFO From 2022-11-14T02:00:00 to 2022-11-14T03:00:00 founded 7 vacancies
2022-11-24 19:42:54,681 INFO From 2022-11-14T03:00:00 to 2022-11-14T04:00:00 founded 38 vacancies
2022-11-24 19:42:54,684 INFO From 2022-11-14T00:00:00 to 2022-11-14T01:00:00 founded 5 vacancies
2022-11-24 19:42:54,686 INFO From 2022-11-14T01:00:00 to 2022-11-14T02:00:00 founded 5 vacancies
2022-11-24 19:42:57,547 INFO 2022-11-13 founded 507 vacancies
2022-11-24 19:43:01,750 INFO 2022-11-12 founded 447 vacancies
2022-11-24 19:43:05,226 INFO 2022-11-11 founded 3380 vacancies
2022-11-24 19:43:05,532 INFO From 2022-11-11T22:00:00 to 2022-11-11T23:00:00 founded 11 vacancies
2022-11-24 19:43:05,536 INFO From 2022-11-11T23:00:00 to 2022-11-12T00:00:00 founded 4 vacancies
2022-11-24 19:43:05,542 INFO From 2022-11-11T20:00:00 to 2022-11-11T21:00:00 founded 26 vacancies
2022-11-24 19:43:05,644 INFO From 2022-11-11T21:00:00 to 2022-11-11T22:00:00 founded 40 vacancies
2022-11-24 19:43:06,450 INFO From 2022-11-11T19:00:00 to 2022-11-11T20:00:00 founded 44 vacancies
2022-11-24 19:43:06,575 INFO From 2022-11-11T17:00:00 to 2022-11-11T18:00:00 founded 265 vacancies
2022-11-24 19:43:06,613 INFO From 2022-11-11T18:00:00 to 2022-11-11T19:00:00 founded 87 vacancies
2022-11-24 19:43:06,622 INFO From 2022-11-11T16:00:00 to 2022-11-11T17:00:00 founded 325 vacancies
2022-11-24 19:43:09,226 INFO From 2022-11-11T13:00:00 to 2022-11-11T14:00:00 founded 385 vacancies
2022-11-24 19:43:09,229 INFO From 2022-11-11T14:00:00 to 2022-11-11T15:00:00 founded 270 vacancies
2022-11-24 19:43:09,237 INFO From 2022-11-11T15:00:00 to 2022-11-11T16:00:00 founded 280 vacancies
2022-11-24 19:43:09,297 INFO From 2022-11-11T12:00:00 to 2022-11-11T13:00:00 founded 318 vacancies
2022-11-24 19:43:12,300 INFO From 2022-11-11T09:00:00 to 2022-11-11T10:00:00 founded 336 vacancies
2022-11-24 19:43:12,304 INFO From 2022-11-11T11:00:00 to 2022-11-11T12:00:00 founded 320 vacancies
2022-11-24 19:43:12,308 INFO From 2022-11-11T10:00:00 to 2022-11-11T11:00:00 founded 344 vacancies
2022-11-24 19:43:12,391 INFO From 2022-11-11T08:00:00 to 2022-11-11T09:00:00 founded 127 vacancies
2022-11-24 19:43:14,674 INFO From 2022-11-11T04:00:00 to 2022-11-11T05:00:00 founded 14 vacancies
2022-11-24 19:43:14,724 INFO From 2022-11-11T05:00:00 to 2022-11-11T06:00:00 founded 31 vacancies
2022-11-24 19:43:14,872 INFO From 2022-11-11T06:00:00 to 2022-11-11T07:00:00 founded 49 vacancies
2022-11-24 19:43:14,907 INFO From 2022-11-11T07:00:00 to 2022-11-11T08:00:00 founded 70 vacancies
2022-11-24 19:43:15,463 INFO From 2022-11-11T02:00:00 to 2022-11-11T03:00:00 founded 4 vacancies
2022-11-24 19:43:15,468 INFO From 2022-11-11T01:00:00 to 2022-11-11T02:00:00 founded 8 vacancies
2022-11-24 19:43:15,470 INFO From 2022-11-11T03:00:00 to 2022-11-11T04:00:00 founded 13 vacancies
2022-11-24 19:43:15,485 INFO From 2022-11-11T00:00:00 to 2022-11-11T01:00:00 founded 9 vacancies
2022-11-24 19:43:17,627 INFO 2022-11-10 founded 3263 vacancies
2022-11-24 19:43:17,770 INFO From 2022-11-10T23:00:00 to 2022-11-11T00:00:00 founded 5 vacancies
2022-11-24 19:43:17,848 INFO From 2022-11-10T21:00:00 to 2022-11-10T22:00:00 founded 41 vacancies
2022-11-24 19:43:17,964 INFO From 2022-11-10T20:00:00 to 2022-11-10T21:00:00 founded 30 vacancies
2022-11-24 19:43:17,974 INFO From 2022-11-10T22:00:00 to 2022-11-10T23:00:00 founded 33 vacancies
2022-11-24 19:43:18,837 INFO From 2022-11-10T19:00:00 to 2022-11-10T20:00:00 founded 54 vacancies
2022-11-24 19:43:18,956 INFO From 2022-11-10T17:00:00 to 2022-11-10T18:00:00 founded 217 vacancies
2022-11-24 19:43:18,968 INFO From 2022-11-10T16:00:00 to 2022-11-10T17:00:00 founded 365 vacancies
2022-11-24 19:43:19,109 INFO From 2022-11-10T18:00:00 to 2022-11-10T19:00:00 founded 134 vacancies
2022-11-24 19:43:21,746 INFO From 2022-11-10T13:00:00 to 2022-11-10T14:00:00 founded 288 vacancies
2022-11-24 19:43:21,751 INFO From 2022-11-10T12:00:00 to 2022-11-10T13:00:00 founded 300 vacancies
2022-11-24 19:43:21,754 INFO From 2022-11-10T14:00:00 to 2022-11-10T15:00:00 founded 264 vacancies
2022-11-24 19:43:21,823 INFO From 2022-11-10T15:00:00 to 2022-11-10T16:00:00 founded 297 vacancies
2022-11-24 19:43:24,487 INFO From 2022-11-10T08:00:00 to 2022-11-10T09:00:00 founded 154 vacancies
2022-11-24 19:43:24,491 INFO From 2022-11-10T10:00:00 to 2022-11-10T11:00:00 founded 267 vacancies
2022-11-24 19:43:24,504 INFO From 2022-11-10T11:00:00 to 2022-11-10T12:00:00 founded 306 vacancies
2022-11-24 19:43:24,529 INFO From 2022-11-10T09:00:00 to 2022-11-10T10:00:00 founded 273 vacancies
2022-11-24 19:43:27,338 INFO From 2022-11-10T04:00:00 to 2022-11-10T05:00:00 founded 16 vacancies
2022-11-24 19:43:27,341 INFO From 2022-11-10T05:00:00 to 2022-11-10T06:00:00 founded 28 vacancies
2022-11-24 19:43:27,414 INFO From 2022-11-10T06:00:00 to 2022-11-10T07:00:00 founded 52 vacancies
2022-11-24 19:43:27,559 INFO From 2022-11-10T07:00:00 to 2022-11-10T08:00:00 founded 79 vacancies
2022-11-24 19:43:28,282 INFO From 2022-11-10T00:00:00 to 2022-11-10T01:00:00 founded 9 vacancies
2022-11-24 19:43:28,284 INFO From 2022-11-10T02:00:00 to 2022-11-10T03:00:00 founded 1 vacancies
2022-11-24 19:43:28,287 INFO From 2022-11-10T01:00:00 to 2022-11-10T02:00:00 founded 31 vacancies
2022-11-24 19:43:28,340 INFO From 2022-11-10T03:00:00 to 2022-11-10T04:00:00 founded 20 vacancies
2022-11-24 19:43:30,226 INFO 2022-11-09 founded 3573 vacancies
2022-11-24 19:43:30,412 INFO From 2022-11-09T21:00:00 to 2022-11-09T22:00:00 founded 19 vacancies
2022-11-24 19:43:30,415 INFO From 2022-11-09T20:00:00 to 2022-11-09T21:00:00 founded 17 vacancies
2022-11-24 19:43:30,481 INFO From 2022-11-09T22:00:00 to 2022-11-09T23:00:00 founded 18 vacancies
2022-11-24 19:43:30,556 INFO From 2022-11-09T23:00:00 to 2022-11-10T00:00:00 founded 15 vacancies
2022-11-24 19:43:31,160 INFO From 2022-11-09T16:00:00 to 2022-11-09T17:00:00 founded 309 vacancies
2022-11-24 19:43:31,195 INFO From 2022-11-09T17:00:00 to 2022-11-09T18:00:00 founded 187 vacancies
2022-11-24 19:43:31,263 INFO From 2022-11-09T19:00:00 to 2022-11-09T20:00:00 founded 59 vacancies
2022-11-24 19:43:31,312 INFO From 2022-11-09T18:00:00 to 2022-11-09T19:00:00 founded 179 vacancies
2022-11-24 19:43:33,494 INFO From 2022-11-09T15:00:00 to 2022-11-09T16:00:00 founded 347 vacancies
2022-11-24 19:43:33,499 INFO From 2022-11-09T14:00:00 to 2022-11-09T15:00:00 founded 390 vacancies
2022-11-24 19:43:33,538 INFO From 2022-11-09T13:00:00 to 2022-11-09T14:00:00 founded 244 vacancies
2022-11-24 19:43:33,610 INFO From 2022-11-09T12:00:00 to 2022-11-09T13:00:00 founded 281 vacancies
2022-11-24 19:43:36,167 INFO From 2022-11-09T09:00:00 to 2022-11-09T10:00:00 founded 338 vacancies
2022-11-24 19:43:36,171 INFO From 2022-11-09T11:00:00 to 2022-11-09T12:00:00 founded 355 vacancies
2022-11-24 19:43:36,190 INFO From 2022-11-09T08:00:00 to 2022-11-09T09:00:00 founded 168 vacancies
2022-11-24 19:43:36,228 INFO From 2022-11-09T10:00:00 to 2022-11-09T11:00:00 founded 425 vacancies
2022-11-24 19:43:39,029 INFO From 2022-11-09T05:00:00 to 2022-11-09T06:00:00 founded 36 vacancies
2022-11-24 19:43:39,046 INFO From 2022-11-09T04:00:00 to 2022-11-09T05:00:00 founded 4 vacancies
2022-11-24 19:43:39,061 INFO From 2022-11-09T07:00:00 to 2022-11-09T08:00:00 founded 91 vacancies
2022-11-24 19:43:39,157 INFO From 2022-11-09T06:00:00 to 2022-11-09T07:00:00 founded 46 vacancies
2022-11-24 19:43:39,607 INFO From 2022-11-09T03:00:00 to 2022-11-09T04:00:00 founded 7 vacancies
2022-11-24 19:43:39,610 INFO From 2022-11-09T01:00:00 to 2022-11-09T02:00:00 founded 7 vacancies
2022-11-24 19:43:39,634 INFO From 2022-11-09T00:00:00 to 2022-11-09T01:00:00 founded 10 vacancies
2022-11-24 19:43:39,653 INFO From 2022-11-09T02:00:00 to 2022-11-09T03:00:00 founded 21 vacancies
2022-11-24 19:43:41,578 INFO 2022-11-08 founded 3627 vacancies
2022-11-24 19:43:41,753 INFO From 2022-11-08T23:00:00 to 2022-11-09T00:00:00 founded 6 vacancies
2022-11-24 19:43:41,843 INFO From 2022-11-08T21:00:00 to 2022-11-08T22:00:00 founded 30 vacancies
2022-11-24 19:43:41,905 INFO From 2022-11-08T20:00:00 to 2022-11-08T21:00:00 founded 207 vacancies
2022-11-24 19:43:41,940 INFO From 2022-11-08T22:00:00 to 2022-11-08T23:00:00 founded 11 vacancies
2022-11-24 19:43:43,736 INFO From 2022-11-08T17:00:00 to 2022-11-08T18:00:00 founded 216 vacancies
2022-11-24 19:43:43,742 INFO From 2022-11-08T19:00:00 to 2022-11-08T20:00:00 founded 65 vacancies
2022-11-24 19:43:43,746 INFO From 2022-11-08T16:00:00 to 2022-11-08T17:00:00 founded 276 vacancies
2022-11-24 19:43:43,877 INFO From 2022-11-08T18:00:00 to 2022-11-08T19:00:00 founded 109 vacancies
2022-11-24 19:43:45,950 INFO From 2022-11-08T12:00:00 to 2022-11-08T13:00:00 founded 270 vacancies
2022-11-24 19:43:45,955 INFO From 2022-11-08T15:00:00 to 2022-11-08T16:00:00 founded 263 vacancies
2022-11-24 19:43:45,961 INFO From 2022-11-08T13:00:00 to 2022-11-08T14:00:00 founded 327 vacancies
2022-11-24 19:43:46,072 INFO From 2022-11-08T14:00:00 to 2022-11-08T15:00:00 founded 317 vacancies
2022-11-24 19:43:48,699 INFO From 2022-11-08T08:00:00 to 2022-11-08T09:00:00 founded 155 vacancies
2022-11-24 19:43:48,834 INFO From 2022-11-08T10:00:00 to 2022-11-08T11:00:00 founded 444 vacancies
2022-11-24 19:43:48,917 INFO From 2022-11-08T09:00:00 to 2022-11-08T10:00:00 founded 327 vacancies
2022-11-24 19:43:48,966 INFO From 2022-11-08T11:00:00 to 2022-11-08T12:00:00 founded 336 vacancies
2022-11-24 19:43:52,036 INFO From 2022-11-08T04:00:00 to 2022-11-08T05:00:00 founded 22 vacancies
2022-11-24 19:43:52,043 INFO From 2022-11-08T05:00:00 to 2022-11-08T06:00:00 founded 39 vacancies
2022-11-24 19:43:52,145 INFO From 2022-11-08T06:00:00 to 2022-11-08T07:00:00 founded 69 vacancies
2022-11-24 19:43:52,239 INFO From 2022-11-08T07:00:00 to 2022-11-08T08:00:00 founded 85 vacancies
2022-11-24 19:43:52,947 INFO From 2022-11-08T02:00:00 to 2022-11-08T03:00:00 founded 5 vacancies
2022-11-24 19:43:52,950 INFO From 2022-11-08T01:00:00 to 2022-11-08T02:00:00 founded 21 vacancies
2022-11-24 19:43:52,952 INFO From 2022-11-08T03:00:00 to 2022-11-08T04:00:00 founded 15 vacancies
2022-11-24 19:43:52,971 INFO From 2022-11-08T00:00:00 to 2022-11-08T01:00:00 founded 12 vacancies
2022-11-24 19:43:54,894 INFO 2022-11-07 founded 4208 vacancies
2022-11-24 19:43:55,190 INFO From 2022-11-07T23:00:00 to 2022-11-08T00:00:00 founded 16 vacancies
2022-11-24 19:43:55,192 INFO From 2022-11-07T22:00:00 to 2022-11-07T23:00:00 founded 31 vacancies
2022-11-24 19:43:55,196 INFO From 2022-11-07T20:00:00 to 2022-11-07T21:00:00 founded 32 vacancies
2022-11-24 19:43:55,269 INFO From 2022-11-07T21:00:00 to 2022-11-07T22:00:00 founded 52 vacancies
2022-11-24 19:43:55,804 INFO From 2022-11-07T19:00:00 to 2022-11-07T20:00:00 founded 41 vacancies
2022-11-24 19:43:55,850 INFO From 2022-11-07T18:00:00 to 2022-11-07T19:00:00 founded 135 vacancies
2022-11-24 19:43:55,901 INFO From 2022-11-07T16:00:00 to 2022-11-07T17:00:00 founded 309 vacancies
2022-11-24 19:43:55,947 INFO From 2022-11-07T17:00:00 to 2022-11-07T18:00:00 founded 221 vacancies
2022-11-24 19:43:58,476 INFO From 2022-11-07T12:00:00 to 2022-11-07T13:00:00 founded 327 vacancies
2022-11-24 19:43:58,501 INFO From 2022-11-07T14:00:00 to 2022-11-07T15:00:00 founded 348 vacancies
2022-11-24 19:43:58,569 INFO From 2022-11-07T13:00:00 to 2022-11-07T14:00:00 founded 339 vacancies
2022-11-24 19:43:58,647 INFO From 2022-11-07T15:00:00 to 2022-11-07T16:00:00 founded 332 vacancies
2022-11-24 19:44:01,354 INFO From 2022-11-07T10:00:00 to 2022-11-07T11:00:00 founded 510 vacancies
2022-11-24 19:44:01,358 INFO From 2022-11-07T11:00:00 to 2022-11-07T12:00:00 founded 416 vacancies
2022-11-24 19:44:01,374 INFO From 2022-11-07T08:00:00 to 2022-11-07T09:00:00 founded 255 vacancies
2022-11-24 19:44:01,418 INFO From 2022-11-07T09:00:00 to 2022-11-07T10:00:00 founded 509 vacancies
2022-11-24 19:44:06,991 INFO From 2022-11-07T04:00:00 to 2022-11-07T05:00:00 founded 28 vacancies
2022-11-24 19:44:07,124 INFO From 2022-11-07T05:00:00 to 2022-11-07T06:00:00 founded 55 vacancies
2022-11-24 19:44:07,133 INFO From 2022-11-07T07:00:00 to 2022-11-07T08:00:00 founded 138 vacancies
2022-11-24 19:44:07,164 INFO From 2022-11-07T06:00:00 to 2022-11-07T07:00:00 founded 83 vacancies
2022-11-24 19:44:08,224 INFO From 2022-11-07T02:00:00 to 2022-11-07T03:00:00 founded 5 vacancies
2022-11-24 19:44:08,232 INFO From 2022-11-07T01:00:00 to 2022-11-07T02:00:00 founded 5 vacancies
2022-11-24 19:44:08,288 INFO From 2022-11-07T03:00:00 to 2022-11-07T04:00:00 founded 14 vacancies
2022-11-24 19:44:08,356 INFO From 2022-11-07T00:00:00 to 2022-11-07T01:00:00 founded 7 vacancies
2022-11-24 19:44:10,358 INFO 2022-11-06 founded 385 vacancies
2022-11-24 19:44:12,896 INFO 2022-11-05 founded 251 vacancies
2022-11-24 19:44:14,860 INFO 2022-11-04 founded 779 vacancies
2022-11-24 19:44:19,162 INFO 2022-11-03 founded 2843 vacancies
2022-11-24 19:44:19,299 INFO From 2022-11-03T21:00:00 to 2022-11-03T22:00:00 founded 10 vacancies
2022-11-24 19:44:19,356 INFO From 2022-11-03T20:00:00 to 2022-11-03T21:00:00 founded 41 vacancies
2022-11-24 19:44:19,365 INFO From 2022-11-03T23:00:00 to 2022-11-04T00:00:00 founded 4 vacancies
2022-11-24 19:44:19,403 INFO From 2022-11-03T22:00:00 to 2022-11-03T23:00:00 founded 34 vacancies
2022-11-24 19:44:19,980 INFO From 2022-11-03T16:00:00 to 2022-11-03T17:00:00 founded 248 vacancies
2022-11-24 19:44:20,031 INFO From 2022-11-03T19:00:00 to 2022-11-03T20:00:00 founded 26 vacancies
2022-11-24 19:44:20,053 INFO From 2022-11-03T18:00:00 to 2022-11-03T19:00:00 founded 77 vacancies
2022-11-24 19:44:20,086 INFO From 2022-11-03T17:00:00 to 2022-11-03T18:00:00 founded 141 vacancies
2022-11-24 19:44:22,644 INFO From 2022-11-03T14:00:00 to 2022-11-03T15:00:00 founded 286 vacancies
2022-11-24 19:44:22,648 INFO From 2022-11-03T15:00:00 to 2022-11-03T16:00:00 founded 241 vacancies
2022-11-24 19:44:22,652 INFO From 2022-11-03T13:00:00 to 2022-11-03T14:00:00 founded 252 vacancies
2022-11-24 19:44:22,656 INFO From 2022-11-03T12:00:00 to 2022-11-03T13:00:00 founded 229 vacancies
2022-11-24 19:44:25,101 INFO From 2022-11-03T11:00:00 to 2022-11-03T12:00:00 founded 279 vacancies
2022-11-24 19:44:25,107 INFO From 2022-11-03T09:00:00 to 2022-11-03T10:00:00 founded 388 vacancies
2022-11-24 19:44:25,166 INFO From 2022-11-03T10:00:00 to 2022-11-03T11:00:00 founded 243 vacancies
2022-11-24 19:44:25,170 INFO From 2022-11-03T08:00:00 to 2022-11-03T09:00:00 founded 169 vacancies
2022-11-24 19:44:27,445 INFO From 2022-11-03T05:00:00 to 2022-11-03T06:00:00 founded 17 vacancies
2022-11-24 19:44:27,457 INFO From 2022-11-03T04:00:00 to 2022-11-03T05:00:00 founded 7 vacancies
2022-11-24 19:44:27,488 INFO From 2022-11-03T07:00:00 to 2022-11-03T08:00:00 founded 101 vacancies
2022-11-24 19:44:27,739 INFO From 2022-11-03T06:00:00 to 2022-11-03T07:00:00 founded 38 vacancies
2022-11-24 19:44:28,697 INFO From 2022-11-03T03:00:00 to 2022-11-03T04:00:00 founded 1 vacancies
2022-11-24 19:44:28,700 INFO From 2022-11-03T00:00:00 to 2022-11-03T01:00:00 founded 4 vacancies
2022-11-24 19:44:28,702 INFO From 2022-11-03T01:00:00 to 2022-11-03T02:00:00 founded 3 vacancies
2022-11-24 19:44:28,704 INFO From 2022-11-03T02:00:00 to 2022-11-03T03:00:00 founded 4 vacancies
2022-11-24 19:44:30,634 INFO 2022-11-02 founded 2978 vacancies
2022-11-24 19:44:30,926 INFO From 2022-11-02T23:00:00 to 2022-11-03T00:00:00 founded 7 vacancies
2022-11-24 19:44:30,935 INFO From 2022-11-02T21:00:00 to 2022-11-02T22:00:00 founded 21 vacancies
2022-11-24 19:44:30,981 INFO From 2022-11-02T20:00:00 to 2022-11-02T21:00:00 founded 43 vacancies
2022-11-24 19:44:30,995 INFO From 2022-11-02T22:00:00 to 2022-11-02T23:00:00 founded 18 vacancies
2022-11-24 19:44:31,766 INFO From 2022-11-02T16:00:00 to 2022-11-02T17:00:00 founded 298 vacancies
2022-11-24 19:44:31,772 INFO From 2022-11-02T18:00:00 to 2022-11-02T19:00:00 founded 99 vacancies
2022-11-24 19:44:31,794 INFO From 2022-11-02T17:00:00 to 2022-11-02T18:00:00 founded 208 vacancies
2022-11-24 19:44:31,854 INFO From 2022-11-02T19:00:00 to 2022-11-02T20:00:00 founded 61 vacancies
2022-11-24 19:44:34,076 INFO From 2022-11-02T13:00:00 to 2022-11-02T14:00:00 founded 330 vacancies
2022-11-24 19:44:34,097 INFO From 2022-11-02T15:00:00 to 2022-11-02T16:00:00 founded 193 vacancies
2022-11-24 19:44:34,134 INFO From 2022-11-02T12:00:00 to 2022-11-02T13:00:00 founded 233 vacancies
2022-11-24 19:44:34,274 INFO From 2022-11-02T14:00:00 to 2022-11-02T15:00:00 founded 288 vacancies
2022-11-24 19:44:36,688 INFO From 2022-11-02T09:00:00 to 2022-11-02T10:00:00 founded 280 vacancies
2022-11-24 19:44:36,724 INFO From 2022-11-02T11:00:00 to 2022-11-02T12:00:00 founded 295 vacancies
2022-11-24 19:44:36,781 INFO From 2022-11-02T08:00:00 to 2022-11-02T09:00:00 founded 167 vacancies
2022-11-24 19:44:36,904 INFO From 2022-11-02T10:00:00 to 2022-11-02T11:00:00 founded 274 vacancies
2022-11-24 19:44:39,324 INFO From 2022-11-02T06:00:00 to 2022-11-02T07:00:00 founded 42 vacancies
2022-11-24 19:44:39,350 INFO From 2022-11-02T05:00:00 to 2022-11-02T06:00:00 founded 16 vacancies
2022-11-24 19:44:39,519 INFO From 2022-11-02T07:00:00 to 2022-11-02T08:00:00 founded 61 vacancies
2022-11-24 19:44:39,550 INFO From 2022-11-02T04:00:00 to 2022-11-02T05:00:00 founded 17 vacancies
2022-11-24 19:44:39,980 INFO From 2022-11-02T02:00:00 to 2022-11-02T03:00:00 founded 5 vacancies
2022-11-24 19:44:39,984 INFO From 2022-11-02T00:00:00 to 2022-11-02T01:00:00 founded 7 vacancies
2022-11-24 19:44:40,063 INFO From 2022-11-02T03:00:00 to 2022-11-02T04:00:00 founded 4 vacancies
2022-11-24 19:44:40,178 INFO From 2022-11-02T01:00:00 to 2022-11-02T02:00:00 founded 11 vacancies
2022-11-24 19:44:41,593 INFO 2022-11-01 founded 3114 vacancies
2022-11-24 19:44:41,763 INFO From 2022-11-01T21:00:00 to 2022-11-01T22:00:00 founded 24 vacancies
2022-11-24 19:44:41,779 INFO From 2022-11-01T23:00:00 to 2022-11-02T00:00:00 founded 11 vacancies
2022-11-24 19:44:41,782 INFO From 2022-11-01T20:00:00 to 2022-11-01T21:00:00 founded 30 vacancies
2022-11-24 19:44:41,785 INFO From 2022-11-01T22:00:00 to 2022-11-01T23:00:00 founded 18 vacancies
2022-11-24 19:44:42,503 INFO From 2022-11-01T19:00:00 to 2022-11-01T20:00:00 founded 50 vacancies
2022-11-24 19:44:42,557 INFO From 2022-11-01T18:00:00 to 2022-11-01T19:00:00 founded 116 vacancies
2022-11-24 19:44:42,669 INFO From 2022-11-01T17:00:00 to 2022-11-01T18:00:00 founded 183 vacancies
2022-11-24 19:44:42,790 INFO From 2022-11-01T16:00:00 to 2022-11-01T17:00:00 founded 219 vacancies
2022-11-24 19:44:44,766 INFO From 2022-11-01T15:00:00 to 2022-11-01T16:00:00 founded 421 vacancies
2022-11-24 19:44:44,773 INFO From 2022-11-01T13:00:00 to 2022-11-01T14:00:00 founded 228 vacancies
2022-11-24 19:44:44,777 INFO From 2022-11-01T12:00:00 to 2022-11-01T13:00:00 founded 285 vacancies
2022-11-24 19:44:44,818 INFO From 2022-11-01T14:00:00 to 2022-11-01T15:00:00 founded 260 vacancies
2022-11-24 19:44:47,493 INFO From 2022-11-01T08:00:00 to 2022-11-01T09:00:00 founded 128 vacancies
2022-11-24 19:44:47,519 INFO From 2022-11-01T10:00:00 to 2022-11-01T11:00:00 founded 316 vacancies
2022-11-24 19:44:47,548 INFO From 2022-11-01T09:00:00 to 2022-11-01T10:00:00 founded 345 vacancies
2022-11-24 19:44:47,767 INFO From 2022-11-01T11:00:00 to 2022-11-01T12:00:00 founded 290 vacancies
2022-11-24 19:44:50,179 INFO From 2022-11-01T04:00:00 to 2022-11-01T05:00:00 founded 16 vacancies
2022-11-24 19:44:50,181 INFO From 2022-11-01T05:00:00 to 2022-11-01T06:00:00 founded 19 vacancies
2022-11-24 19:44:50,191 INFO From 2022-11-01T06:00:00 to 2022-11-01T07:00:00 founded 44 vacancies
2022-11-24 19:44:50,281 INFO From 2022-11-01T07:00:00 to 2022-11-01T08:00:00 founded 74 vacancies
2022-11-24 19:44:51,009 INFO From 2022-11-01T01:00:00 to 2022-11-01T02:00:00 founded 7 vacancies
2022-11-24 19:44:51,010 INFO From 2022-11-01T02:00:00 to 2022-11-01T03:00:00 founded 7 vacancies
2022-11-24 19:44:51,014 INFO From 2022-11-01T00:00:00 to 2022-11-01T01:00:00 founded 12 vacancies
2022-11-24 19:44:51,123 INFO From 2022-11-01T03:00:00 to 2022-11-01T04:00:00 founded 11 vacancies
2022-11-24 19:44:52,648 INFO 2022-10-31 founded 3215 vacancies
2022-11-24 19:44:52,823 INFO From 2022-10-31T23:00:00 to 2022-11-01T00:00:00 founded 24 vacancies
2022-11-24 19:44:53,049 INFO From 2022-10-31T22:00:00 to 2022-10-31T23:00:00 founded 11 vacancies
2022-11-24 19:44:53,052 INFO From 2022-10-31T20:00:00 to 2022-10-31T21:00:00 founded 53 vacancies
2022-11-24 19:44:53,265 INFO From 2022-10-31T21:00:00 to 2022-10-31T22:00:00 founded 59 vacancies
2022-11-24 19:44:54,070 INFO From 2022-10-31T19:00:00 to 2022-10-31T20:00:00 founded 43 vacancies
2022-11-24 19:44:54,091 INFO From 2022-10-31T18:00:00 to 2022-10-31T19:00:00 founded 136 vacancies
2022-11-24 19:44:54,179 INFO From 2022-10-31T16:00:00 to 2022-10-31T17:00:00 founded 276 vacancies
2022-11-24 19:44:54,284 INFO From 2022-10-31T17:00:00 to 2022-10-31T18:00:00 founded 164 vacancies
2022-11-24 19:44:56,344 INFO From 2022-10-31T14:00:00 to 2022-10-31T15:00:00 founded 209 vacancies
2022-11-24 19:44:56,347 INFO From 2022-10-31T13:00:00 to 2022-10-31T14:00:00 founded 271 vacancies
2022-11-24 19:44:56,366 INFO From 2022-10-31T15:00:00 to 2022-10-31T16:00:00 founded 211 vacancies
2022-11-24 19:44:56,436 INFO From 2022-10-31T12:00:00 to 2022-10-31T13:00:00 founded 254 vacancies
2022-11-24 19:44:58,901 INFO From 2022-10-31T08:00:00 to 2022-10-31T09:00:00 founded 242 vacancies
2022-11-24 19:44:58,905 INFO From 2022-10-31T09:00:00 to 2022-10-31T10:00:00 founded 378 vacancies
2022-11-24 19:44:58,925 INFO From 2022-10-31T11:00:00 to 2022-10-31T12:00:00 founded 333 vacancies
2022-11-24 19:44:59,202 INFO From 2022-10-31T10:00:00 to 2022-10-31T11:00:00 founded 347 vacancies
2022-11-24 19:45:01,649 INFO From 2022-10-31T04:00:00 to 2022-10-31T05:00:00 founded 17 vacancies
2022-11-24 19:45:01,655 INFO From 2022-10-31T05:00:00 to 2022-10-31T06:00:00 founded 30 vacancies
2022-11-24 19:45:01,659 INFO From 2022-10-31T06:00:00 to 2022-10-31T07:00:00 founded 49 vacancies
2022-11-24 19:45:01,854 INFO From 2022-10-31T07:00:00 to 2022-10-31T08:00:00 founded 74 vacancies
2022-11-24 19:45:02,564 INFO From 2022-10-31T01:00:00 to 2022-10-31T02:00:00 founded 3 vacancies
2022-11-24 19:45:02,568 INFO From 2022-10-31T00:00:00 to 2022-10-31T01:00:00 founded 3 vacancies
2022-11-24 19:45:02,573 INFO From 2022-10-31T02:00:00 to 2022-10-31T03:00:00 founded 8 vacancies
2022-11-24 19:45:02,607 INFO From 2022-10-31T03:00:00 to 2022-10-31T04:00:00 founded 20 vacancies
2022-11-24 19:45:04,326 INFO 2022-10-30 founded 244 vacancies
2022-11-24 19:45:06,580 INFO 2022-10-29 founded 287 vacancies
2022-11-24 19:45:08,731 INFO 2022-10-28 founded 2084 vacancies
2022-11-24 19:45:08,818 INFO From 2022-10-28T23:00:00 to 2022-10-29T00:00:00 founded 0 vacancies
2022-11-24 19:45:08,847 INFO From 2022-10-28T22:00:00 to 2022-10-28T23:00:00 founded 1 vacancies
2022-11-24 19:45:08,914 INFO From 2022-10-28T20:00:00 to 2022-10-28T21:00:00 founded 25 vacancies
2022-11-24 19:45:08,927 INFO From 2022-10-28T21:00:00 to 2022-10-28T22:00:00 founded 23 vacancies
2022-11-24 19:45:09,542 INFO From 2022-10-28T18:00:00 to 2022-10-28T19:00:00 founded 52 vacancies
2022-11-24 19:45:09,545 INFO From 2022-10-28T19:00:00 to 2022-10-28T20:00:00 founded 63 vacancies
2022-11-24 19:45:09,553 INFO From 2022-10-28T16:00:00 to 2022-10-28T17:00:00 founded 136 vacancies
2022-11-24 19:45:09,592 INFO From 2022-10-28T17:00:00 to 2022-10-28T18:00:00 founded 167 vacancies
2022-11-24 19:45:11,285 INFO From 2022-10-28T14:00:00 to 2022-10-28T15:00:00 founded 183 vacancies
2022-11-24 19:45:11,493 INFO From 2022-10-28T12:00:00 to 2022-10-28T13:00:00 founded 140 vacancies
2022-11-24 19:45:11,498 INFO From 2022-10-28T13:00:00 to 2022-10-28T14:00:00 founded 176 vacancies
2022-11-24 19:45:11,555 INFO From 2022-10-28T15:00:00 to 2022-10-28T16:00:00 founded 300 vacancies
2022-11-24 19:45:14,047 INFO From 2022-10-28T08:00:00 to 2022-10-28T09:00:00 founded 129 vacancies
2022-11-24 19:45:14,108 INFO From 2022-10-28T10:00:00 to 2022-10-28T11:00:00 founded 187 vacancies
2022-11-24 19:45:14,185 INFO From 2022-10-28T09:00:00 to 2022-10-28T10:00:00 founded 205 vacancies
2022-11-24 19:45:14,470 INFO From 2022-10-28T11:00:00 to 2022-10-28T12:00:00 founded 184 vacancies
2022-11-24 19:45:16,173 INFO From 2022-10-28T04:00:00 to 2022-10-28T05:00:00 founded 4 vacancies
2022-11-24 19:45:16,238 INFO From 2022-10-28T05:00:00 to 2022-10-28T06:00:00 founded 22 vacancies
2022-11-24 19:45:16,316 INFO From 2022-10-28T06:00:00 to 2022-10-28T07:00:00 founded 34 vacancies
2022-11-24 19:45:16,376 INFO From 2022-10-28T07:00:00 to 2022-10-28T08:00:00 founded 39 vacancies
2022-11-24 19:45:16,796 INFO From 2022-10-28T03:00:00 to 2022-10-28T04:00:00 founded 6 vacancies
2022-11-24 19:45:16,798 INFO From 2022-10-28T00:00:00 to 2022-10-28T01:00:00 founded 2 vacancies
2022-11-24 19:45:16,799 INFO From 2022-10-28T01:00:00 to 2022-10-28T02:00:00 founded 4 vacancies
2022-11-24 19:45:16,870 INFO From 2022-10-28T02:00:00 to 2022-10-28T03:00:00 founded 2 vacancies
2022-11-24 19:45:18,142 INFO 2022-10-27 founded 2128 vacancies
2022-11-24 19:45:18,252 INFO From 2022-10-27T23:00:00 to 2022-10-28T00:00:00 founded 3 vacancies
2022-11-24 19:45:18,290 INFO From 2022-10-27T22:00:00 to 2022-10-27T23:00:00 founded 8 vacancies
2022-11-24 19:45:18,293 INFO From 2022-10-27T21:00:00 to 2022-10-27T22:00:00 founded 14 vacancies
2022-11-24 19:45:18,420 INFO From 2022-10-27T20:00:00 to 2022-10-27T21:00:00 founded 11 vacancies
2022-11-24 19:45:18,850 INFO From 2022-10-27T19:00:00 to 2022-10-27T20:00:00 founded 25 vacancies
2022-11-24 19:45:19,065 INFO From 2022-10-27T17:00:00 to 2022-10-27T18:00:00 founded 180 vacancies
2022-11-24 19:45:19,143 INFO From 2022-10-27T18:00:00 to 2022-10-27T19:00:00 founded 62 vacancies
2022-11-24 19:45:19,160 INFO From 2022-10-27T16:00:00 to 2022-10-27T17:00:00 founded 191 vacancies
2022-11-24 19:45:21,016 INFO From 2022-10-27T15:00:00 to 2022-10-27T16:00:00 founded 281 vacancies
2022-11-24 19:45:21,021 INFO From 2022-10-27T14:00:00 to 2022-10-27T15:00:00 founded 142 vacancies
2022-11-24 19:45:21,025 INFO From 2022-10-27T12:00:00 to 2022-10-27T13:00:00 founded 160 vacancies
2022-11-24 19:45:21,113 INFO From 2022-10-27T13:00:00 to 2022-10-27T14:00:00 founded 240 vacancies
2022-11-24 19:45:23,167 INFO From 2022-10-27T10:00:00 to 2022-10-27T11:00:00 founded 236 vacancies
2022-11-24 19:45:23,194 INFO From 2022-10-27T11:00:00 to 2022-10-27T12:00:00 founded 146 vacancies
2022-11-24 19:45:23,239 INFO From 2022-10-27T09:00:00 to 2022-10-27T10:00:00 founded 193 vacancies
2022-11-24 19:45:23,264 INFO From 2022-10-27T08:00:00 to 2022-10-27T09:00:00 founded 95 vacancies
2022-11-24 19:45:25,302 INFO From 2022-10-27T04:00:00 to 2022-10-27T05:00:00 founded 23 vacancies
2022-11-24 19:45:25,304 INFO From 2022-10-27T05:00:00 to 2022-10-27T06:00:00 founded 24 vacancies
2022-11-24 19:45:25,357 INFO From 2022-10-27T06:00:00 to 2022-10-27T07:00:00 founded 47 vacancies
2022-11-24 19:45:25,365 INFO From 2022-10-27T07:00:00 to 2022-10-27T08:00:00 founded 32 vacancies
2022-11-24 19:45:25,835 INFO From 2022-10-27T00:00:00 to 2022-10-27T01:00:00 founded 5 vacancies
2022-11-24 19:45:25,868 INFO From 2022-10-27T01:00:00 to 2022-10-27T02:00:00 founded 2 vacancies
2022-11-24 19:45:25,882 INFO From 2022-10-27T03:00:00 to 2022-10-27T04:00:00 founded 7 vacancies
2022-11-24 19:45:25,920 INFO From 2022-10-27T02:00:00 to 2022-10-27T03:00:00 founded 1 vacancies
2022-11-24 19:45:27,256 INFO 2022-10-26 founded 2024 vacancies
2022-11-24 19:45:27,405 INFO From 2022-10-26T22:00:00 to 2022-10-26T23:00:00 founded 18 vacancies
2022-11-24 19:45:27,665 INFO From 2022-10-26T23:00:00 to 2022-10-27T00:00:00 founded 13 vacancies
2022-11-24 19:45:27,671 INFO From 2022-10-26T21:00:00 to 2022-10-26T22:00:00 founded 19 vacancies
2022-11-24 19:45:27,678 INFO From 2022-10-26T20:00:00 to 2022-10-26T21:00:00 founded 50 vacancies
2022-11-24 19:45:28,271 INFO From 2022-10-26T19:00:00 to 2022-10-26T20:00:00 founded 21 vacancies
2022-11-24 19:45:28,378 INFO From 2022-10-26T18:00:00 to 2022-10-26T19:00:00 founded 61 vacancies
2022-11-24 19:45:28,461 INFO From 2022-10-26T16:00:00 to 2022-10-26T17:00:00 founded 137 vacancies
2022-11-24 19:45:28,605 INFO From 2022-10-26T17:00:00 to 2022-10-26T18:00:00 founded 115 vacancies
2022-11-24 19:45:30,540 INFO From 2022-10-26T12:00:00 to 2022-10-26T13:00:00 founded 148 vacancies
2022-11-24 19:45:30,582 INFO From 2022-10-26T13:00:00 to 2022-10-26T14:00:00 founded 258 vacancies
2022-11-24 19:45:30,638 INFO From 2022-10-26T14:00:00 to 2022-10-26T15:00:00 founded 181 vacancies
2022-11-24 19:45:30,653 INFO From 2022-10-26T15:00:00 to 2022-10-26T16:00:00 founded 165 vacancies
2022-11-24 19:45:32,893 INFO From 2022-10-26T11:00:00 to 2022-10-26T12:00:00 founded 179 vacancies
2022-11-24 19:45:32,897 INFO From 2022-10-26T08:00:00 to 2022-10-26T09:00:00 founded 107 vacancies
2022-11-24 19:45:32,906 INFO From 2022-10-26T10:00:00 to 2022-10-26T11:00:00 founded 218 vacancies
2022-11-24 19:45:32,972 INFO From 2022-10-26T09:00:00 to 2022-10-26T10:00:00 founded 187 vacancies
2022-11-24 19:45:34,843 INFO From 2022-10-26T04:00:00 to 2022-10-26T05:00:00 founded 5 vacancies
2022-11-24 19:45:34,910 INFO From 2022-10-26T06:00:00 to 2022-10-26T07:00:00 founded 42 vacancies
2022-11-24 19:45:34,924 INFO From 2022-10-26T07:00:00 to 2022-10-26T08:00:00 founded 57 vacancies
2022-11-24 19:45:34,955 INFO From 2022-10-26T05:00:00 to 2022-10-26T06:00:00 founded 26 vacancies
2022-11-24 19:45:35,463 INFO From 2022-10-26T02:00:00 to 2022-10-26T03:00:00 founded 3 vacancies
2022-11-24 19:45:35,466 INFO From 2022-10-26T01:00:00 to 2022-10-26T02:00:00 founded 1 vacancies
2022-11-24 19:45:35,494 INFO From 2022-10-26T03:00:00 to 2022-10-26T04:00:00 founded 6 vacancies
2022-11-24 19:45:35,589 INFO From 2022-10-26T00:00:00 to 2022-10-26T01:00:00 founded 7 vacancies
2022-11-24 19:45:36,978 INFO 2022-10-25 founded 71 vacancies
2022-11-24 19:45:37,496 INFO 90249
2022-11-24 19:45:37,497 INFO 86387
2022-11-24 19:45:37,497 INFO 90193
2022-11-24 19:45:37,497 INFO Program works 316 seconds
