2022-11-23 20:33:32,330 INFO Checking of last 3 days started.
2022-11-23 20:33:32,889 INFO Founded 24044 vacancies
2022-11-23 20:33:33,313 INFO 2022-11-22 founded 10494 vacancies
2022-11-23 20:33:33,606 INFO From 2022-11-22T23:00:00 to 2022-11-23T00:00:00 founded 61 vacancies
2022-11-23 20:33:33,638 INFO From 2022-11-22T20:00:00 to 2022-11-22T21:00:00 founded 122 vacancies
2022-11-23 20:33:33,694 INFO From 2022-11-22T22:00:00 to 2022-11-22T23:00:00 founded 165 vacancies
2022-11-23 20:33:33,742 INFO From 2022-11-22T21:00:00 to 2022-11-22T22:00:00 founded 90 vacancies
2022-11-23 20:33:36,170 INFO From 2022-11-22T17:00:00 to 2022-11-22T18:00:00 founded 630 vacancies
2022-11-23 20:33:36,185 INFO From 2022-11-22T16:00:00 to 2022-11-22T17:00:00 founded 785 vacancies
2022-11-23 20:33:36,185 INFO From 2022-11-22T18:00:00 to 2022-11-22T19:00:00 founded 391 vacancies
2022-11-23 20:33:36,248 INFO From 2022-11-22T19:00:00 to 2022-11-22T20:00:00 founded 212 vacancies
2022-11-23 20:33:46,511 INFO From 2022-11-22T15:00:00 to 2022-11-22T16:00:00 founded 823 vacancies
2022-11-23 20:33:46,527 INFO From 2022-11-22T12:00:00 to 2022-11-22T13:00:00 founded 944 vacancies
2022-11-23 20:33:46,590 INFO From 2022-11-22T14:00:00 to 2022-11-22T15:00:00 founded 844 vacancies
2022-11-23 20:33:46,606 INFO From 2022-11-22T13:00:00 to 2022-11-22T14:00:00 founded 901 vacancies
2022-11-23 20:34:04,993 INFO From 2022-11-22T11:00:00 to 2022-11-22T12:00:00 founded 1017 vacancies
2022-11-23 20:34:05,255 INFO From 2022-11-22T08:00:00 to 2022-11-22T09:00:00 founded 499 vacancies
2022-11-23 20:34:05,263 INFO From 2022-11-22T10:00:00 to 2022-11-22T11:00:00 founded 1334 vacancies
2022-11-23 20:34:05,463 INFO From 2022-11-22T09:00:00 to 2022-11-22T10:00:00 founded 984 vacancies
2022-11-23 20:34:25,623 INFO From 2022-11-22T04:00:00 to 2022-11-22T05:00:00 founded 64 vacancies
2022-11-23 20:34:25,670 INFO From 2022-11-22T06:00:00 to 2022-11-22T07:00:00 founded 154 vacancies
2022-11-23 20:34:25,742 INFO From 2022-11-22T05:00:00 to 2022-11-22T06:00:00 founded 89 vacancies
2022-11-23 20:34:25,782 INFO From 2022-11-22T07:00:00 to 2022-11-22T08:00:00 founded 246 vacancies
2022-11-23 20:34:28,894 INFO From 2022-11-22T02:00:00 to 2022-11-22T03:00:00 founded 20 vacancies
2022-11-23 20:34:28,910 INFO From 2022-11-22T03:00:00 to 2022-11-22T04:00:00 founded 28 vacancies
2022-11-23 20:34:29,009 INFO From 2022-11-22T01:00:00 to 2022-11-22T02:00:00 founded 57 vacancies
2022-11-23 20:34:29,057 INFO From 2022-11-22T00:00:00 to 2022-11-22T01:00:00 founded 34 vacancies
2022-11-23 20:34:33,730 INFO 2022-11-21 founded 12936 vacancies
2022-11-23 20:34:34,028 INFO From 2022-11-21T23:00:00 to 2022-11-22T00:00:00 founded 35 vacancies
2022-11-23 20:34:34,028 INFO From 2022-11-21T22:00:00 to 2022-11-21T23:00:00 founded 66 vacancies
2022-11-23 20:34:34,072 INFO From 2022-11-21T21:00:00 to 2022-11-21T22:00:00 founded 184 vacancies
2022-11-23 20:34:34,104 INFO From 2022-11-21T20:00:00 to 2022-11-21T21:00:00 founded 152 vacancies
2022-11-23 20:34:35,471 INFO From 2022-11-21T19:00:00 to 2022-11-21T20:00:00 founded 201 vacancies
2022-11-23 20:34:35,487 INFO From 2022-11-21T17:00:00 to 2022-11-21T18:00:00 founded 738 vacancies
2022-11-23 20:34:35,487 INFO From 2022-11-21T16:00:00 to 2022-11-21T17:00:00 founded 871 vacancies
2022-11-23 20:34:35,511 INFO From 2022-11-21T18:00:00 to 2022-11-21T19:00:00 founded 428 vacancies
2022-11-23 20:34:40,076 INFO From 2022-11-21T15:00:00 to 2022-11-21T16:00:00 founded 976 vacancies
2022-11-23 20:34:40,108 INFO From 2022-11-21T12:00:00 to 2022-11-21T13:00:00 founded 1047 vacancies
2022-11-23 20:34:40,108 INFO From 2022-11-21T13:00:00 to 2022-11-21T14:00:00 founded 1135 vacancies
2022-11-23 20:34:40,123 INFO From 2022-11-21T14:00:00 to 2022-11-21T15:00:00 founded 1012 vacancies
2022-11-23 20:34:46,316 INFO From 2022-11-21T11:00:00 to 2022-11-21T12:00:00 founded 1359 vacancies
2022-11-23 20:34:46,331 INFO From 2022-11-21T09:00:00 to 2022-11-21T10:00:00 founded 1350 vacancies
2022-11-23 20:34:46,425 INFO From 2022-11-21T10:00:00 to 2022-11-21T11:00:00 founded 1526 vacancies
2022-11-23 20:34:46,528 INFO From 2022-11-21T08:00:00 to 2022-11-21T09:00:00 founded 861 vacancies
2022-11-23 20:34:54,358 INFO From 2022-11-21T04:00:00 to 2022-11-21T05:00:00 founded 92 vacancies
2022-11-23 20:34:54,358 INFO From 2022-11-21T05:00:00 to 2022-11-21T06:00:00 founded 146 vacancies
2022-11-23 20:34:54,374 INFO From 2022-11-21T06:00:00 to 2022-11-21T07:00:00 founded 253 vacancies
2022-11-23 20:34:54,374 INFO From 2022-11-21T07:00:00 to 2022-11-21T08:00:00 founded 379 vacancies
2022-11-23 20:34:56,245 INFO From 2022-11-21T02:00:00 to 2022-11-21T03:00:00 founded 31 vacancies
2022-11-23 20:34:56,356 INFO From 2022-11-21T01:00:00 to 2022-11-21T02:00:00 founded 19 vacancies
2022-11-23 20:34:56,430 INFO From 2022-11-21T00:00:00 to 2022-11-21T01:00:00 founded 37 vacancies
2022-11-23 20:34:56,765 INFO From 2022-11-21T03:00:00 to 2022-11-21T04:00:00 founded 38 vacancies
2022-11-23 20:35:04,862 INFO 2022-11-20 founded 614 vacancies
2022-11-23 20:35:10,389 INFO 24044
2022-11-23 20:35:10,389 INFO 23430
2022-11-23 20:35:10,389 INFO 13534
2022-11-23 20:35:10,389 INFO Program works 98 seconds
