2022-11-28 00:21:23,968 INFO Checking of last 30 days started.
2022-11-28 00:21:24,448 INFO Founded 96721 vacancies
2022-11-28 00:21:24,666 INFO 2022-11-27 founded 5029 vacancies
2022-11-28 00:21:24,905 INFO From 2022-11-27T23:00:00 to 2022-11-28T00:00:00 founded 49 vacancies
2022-11-28 00:21:25,017 INFO From 2022-11-27T21:00:00 to 2022-11-27T22:00:00 founded 117 vacancies
2022-11-28 00:21:25,064 INFO From 2022-11-27T20:00:00 to 2022-11-27T21:00:00 founded 104 vacancies
2022-11-28 00:21:25,196 INFO From 2022-11-27T22:00:00 to 2022-11-27T23:00:00 founded 81 vacancies
2022-11-28 00:21:26,132 INFO From 2022-11-27T19:00:00 to 2022-11-27T20:00:00 founded 146 vacancies
2022-11-28 00:21:26,139 INFO From 2022-11-27T17:00:00 to 2022-11-27T18:00:00 founded 357 vacancies
2022-11-28 00:21:26,142 INFO From 2022-11-27T18:00:00 to 2022-11-27T19:00:00 founded 255 vacancies
2022-11-28 00:21:26,214 INFO From 2022-11-27T16:00:00 to 2022-11-27T17:00:00 founded 392 vacancies
2022-11-28 00:21:27,978 INFO From 2022-11-27T13:00:00 to 2022-11-27T14:00:00 founded 457 vacancies
2022-11-28 00:21:28,005 INFO From 2022-11-27T14:00:00 to 2022-11-27T15:00:00 founded 441 vacancies
2022-11-28 00:21:28,095 INFO From 2022-11-27T15:00:00 to 2022-11-27T16:00:00 founded 412 vacancies
2022-11-28 00:21:28,282 INFO From 2022-11-27T12:00:00 to 2022-11-27T13:00:00 founded 475 vacancies
2022-11-28 00:21:30,650 INFO From 2022-11-27T10:00:00 to 2022-11-27T11:00:00 founded 444 vacancies
2022-11-28 00:21:30,677 INFO From 2022-11-27T08:00:00 to 2022-11-27T09:00:00 founded 197 vacancies
2022-11-28 00:21:30,776 INFO From 2022-11-27T09:00:00 to 2022-11-27T10:00:00 founded 346 vacancies
2022-11-28 00:21:30,807 INFO From 2022-11-27T11:00:00 to 2022-11-27T12:00:00 founded 513 vacancies
2022-11-28 00:21:33,696 INFO From 2022-11-27T04:00:00 to 2022-11-27T05:00:00 founded 14 vacancies
2022-11-28 00:21:33,749 INFO From 2022-11-27T05:00:00 to 2022-11-27T06:00:00 founded 40 vacancies
2022-11-28 00:21:33,788 INFO From 2022-11-27T06:00:00 to 2022-11-27T07:00:00 founded 54 vacancies
2022-11-28 00:21:33,955 INFO From 2022-11-27T07:00:00 to 2022-11-27T08:00:00 founded 107 vacancies
2022-11-28 00:21:35,064 INFO From 2022-11-27T02:00:00 to 2022-11-27T03:00:00 founded 4 vacancies
2022-11-28 00:21:35,066 INFO From 2022-11-27T00:00:00 to 2022-11-27T01:00:00 founded 17 vacancies
2022-11-28 00:21:35,078 INFO From 2022-11-27T01:00:00 to 2022-11-27T02:00:00 founded 13 vacancies
2022-11-28 00:21:35,098 INFO From 2022-11-27T03:00:00 to 2022-11-27T04:00:00 founded 10 vacancies
2022-11-28 00:21:38,775 ERROR The day was checked for the first time and 17 vacancies were not found
2022-11-28 00:21:39,031 INFO 2022-11-26 founded 4127 vacancies
2022-11-28 00:21:39,222 INFO From 2022-11-26T22:00:00 to 2022-11-26T23:00:00 founded 56 vacancies
2022-11-28 00:21:39,247 INFO From 2022-11-26T21:00:00 to 2022-11-26T22:00:00 founded 61 vacancies
2022-11-28 00:21:39,395 INFO From 2022-11-26T23:00:00 to 2022-11-27T00:00:00 founded 36 vacancies
2022-11-28 00:21:39,425 INFO From 2022-11-26T20:00:00 to 2022-11-26T21:00:00 founded 73 vacancies
2022-11-28 00:21:39,913 INFO From 2022-11-26T16:00:00 to 2022-11-26T17:00:00 founded 359 vacancies
2022-11-28 00:21:39,940 INFO From 2022-11-26T18:00:00 to 2022-11-26T19:00:00 founded 149 vacancies
2022-11-28 00:21:39,945 INFO From 2022-11-26T19:00:00 to 2022-11-26T20:00:00 founded 118 vacancies
2022-11-28 00:21:39,949 INFO From 2022-11-26T17:00:00 to 2022-11-26T18:00:00 founded 289 vacancies
2022-11-28 00:21:41,574 INFO From 2022-11-26T12:00:00 to 2022-11-26T13:00:00 founded 430 vacancies
2022-11-28 00:21:41,585 INFO From 2022-11-26T13:00:00 to 2022-11-26T14:00:00 founded 413 vacancies
2022-11-28 00:21:41,621 INFO From 2022-11-26T14:00:00 to 2022-11-26T15:00:00 founded 385 vacancies
2022-11-28 00:21:41,724 INFO From 2022-11-26T15:00:00 to 2022-11-26T16:00:00 founded 334 vacancies
2022-11-28 00:21:45,420 INFO From 2022-11-26T10:00:00 to 2022-11-26T11:00:00 founded 310 vacancies
2022-11-28 00:21:45,423 INFO From 2022-11-26T08:00:00 to 2022-11-26T09:00:00 founded 129 vacancies
2022-11-28 00:21:45,615 INFO From 2022-11-26T11:00:00 to 2022-11-26T12:00:00 founded 499 vacancies
2022-11-28 00:21:45,618 INFO From 2022-11-26T09:00:00 to 2022-11-26T10:00:00 founded 269 vacancies
2022-11-28 00:21:48,272 INFO From 2022-11-26T04:00:00 to 2022-11-26T05:00:00 founded 10 vacancies
2022-11-28 00:21:48,346 INFO From 2022-11-26T06:00:00 to 2022-11-26T07:00:00 founded 39 vacancies
2022-11-28 00:21:48,401 INFO From 2022-11-26T05:00:00 to 2022-11-26T06:00:00 founded 16 vacancies
2022-11-28 00:21:48,923 INFO From 2022-11-26T07:00:00 to 2022-11-26T08:00:00 founded 100 vacancies
2022-11-28 00:21:49,935 INFO From 2022-11-26T01:00:00 to 2022-11-26T02:00:00 founded 11 vacancies
2022-11-28 00:21:49,951 INFO From 2022-11-26T00:00:00 to 2022-11-26T01:00:00 founded 18 vacancies
2022-11-28 00:21:50,040 INFO From 2022-11-26T02:00:00 to 2022-11-26T03:00:00 founded 8 vacancies
2022-11-28 00:21:50,071 INFO From 2022-11-26T03:00:00 to 2022-11-26T04:00:00 founded 15 vacancies
2022-11-28 00:21:52,922 ERROR The day was checked for the first time and -86 vacancies were not found
2022-11-28 00:21:53,289 INFO 2022-11-25 founded 10568 vacancies
2022-11-28 00:21:53,467 INFO From 2022-11-25T23:00:00 to 2022-11-26T00:00:00 founded 44 vacancies
2022-11-28 00:21:53,545 INFO From 2022-11-25T22:00:00 to 2022-11-25T23:00:00 founded 66 vacancies
2022-11-28 00:21:53,620 INFO From 2022-11-25T20:00:00 to 2022-11-25T21:00:00 founded 189 vacancies
2022-11-28 00:21:53,693 INFO From 2022-11-25T21:00:00 to 2022-11-25T22:00:00 founded 77 vacancies
2022-11-28 00:21:55,062 INFO From 2022-11-25T17:00:00 to 2022-11-25T18:00:00 founded 695 vacancies
2022-11-28 00:21:55,125 INFO From 2022-11-25T18:00:00 to 2022-11-25T19:00:00 founded 334 vacancies
2022-11-28 00:21:55,138 INFO From 2022-11-25T16:00:00 to 2022-11-25T17:00:00 founded 1079 vacancies
2022-11-28 00:21:55,146 INFO From 2022-11-25T19:00:00 to 2022-11-25T20:00:00 founded 253 vacancies
2022-11-28 00:22:00,698 INFO From 2022-11-25T14:00:00 to 2022-11-25T15:00:00 founded 933 vacancies
2022-11-28 00:22:00,804 INFO From 2022-11-25T15:00:00 to 2022-11-25T16:00:00 founded 1022 vacancies
2022-11-28 00:22:00,838 INFO From 2022-11-25T13:00:00 to 2022-11-25T14:00:00 founded 894 vacancies
2022-11-28 00:22:01,087 INFO From 2022-11-25T12:00:00 to 2022-11-25T13:00:00 founded 899 vacancies
2022-11-28 00:22:06,371 INFO From 2022-11-25T10:00:00 to 2022-11-25T11:00:00 founded 991 vacancies
2022-11-28 00:22:06,498 INFO From 2022-11-25T09:00:00 to 2022-11-25T10:00:00 founded 889 vacancies
2022-11-28 00:22:06,507 INFO From 2022-11-25T11:00:00 to 2022-11-25T12:00:00 founded 987 vacancies
2022-11-28 00:22:06,581 INFO From 2022-11-25T08:00:00 to 2022-11-25T09:00:00 founded 535 vacancies
2022-11-28 00:22:11,753 INFO From 2022-11-25T06:00:00 to 2022-11-25T07:00:00 founded 167 vacancies
2022-11-28 00:22:11,782 INFO From 2022-11-25T05:00:00 to 2022-11-25T06:00:00 founded 111 vacancies
2022-11-28 00:22:11,839 INFO From 2022-11-25T04:00:00 to 2022-11-25T05:00:00 founded 47 vacancies
2022-11-28 00:22:12,047 INFO From 2022-11-25T07:00:00 to 2022-11-25T08:00:00 founded 253 vacancies
2022-11-28 00:22:13,407 INFO From 2022-11-25T00:00:00 to 2022-11-25T01:00:00 founded 22 vacancies
2022-11-28 00:22:13,408 INFO From 2022-11-25T01:00:00 to 2022-11-25T02:00:00 founded 25 vacancies
2022-11-28 00:22:13,460 INFO From 2022-11-25T02:00:00 to 2022-11-25T03:00:00 founded 26 vacancies
2022-11-28 00:22:13,542 INFO From 2022-11-25T03:00:00 to 2022-11-25T04:00:00 founded 34 vacancies
2022-11-28 00:22:21,269 ERROR The day was checked for the first time and -6 vacancies were not found
2022-11-28 00:22:21,557 INFO 2022-11-24 founded 5446 vacancies
2022-11-28 00:22:21,692 INFO From 2022-11-24T22:00:00 to 2022-11-24T23:00:00 founded 11 vacancies
2022-11-28 00:22:21,856 INFO From 2022-11-24T20:00:00 to 2022-11-24T21:00:00 founded 52 vacancies
2022-11-28 00:22:21,882 INFO From 2022-11-24T21:00:00 to 2022-11-24T22:00:00 founded 17 vacancies
2022-11-28 00:22:21,930 INFO From 2022-11-24T23:00:00 to 2022-11-25T00:00:00 founded 52 vacancies
2022-11-28 00:22:22,431 INFO From 2022-11-24T19:00:00 to 2022-11-24T20:00:00 founded 75 vacancies
2022-11-28 00:22:22,572 INFO From 2022-11-24T17:00:00 to 2022-11-24T18:00:00 founded 279 vacancies
2022-11-28 00:22:22,612 INFO From 2022-11-24T18:00:00 to 2022-11-24T19:00:00 founded 247 vacancies
2022-11-28 00:22:22,671 INFO From 2022-11-24T16:00:00 to 2022-11-24T17:00:00 founded 421 vacancies
2022-11-28 00:22:25,862 INFO From 2022-11-24T12:00:00 to 2022-11-24T13:00:00 founded 484 vacancies
2022-11-28 00:22:25,865 INFO From 2022-11-24T15:00:00 to 2022-11-24T16:00:00 founded 461 vacancies
2022-11-28 00:22:25,867 INFO From 2022-11-24T13:00:00 to 2022-11-24T14:00:00 founded 559 vacancies
2022-11-28 00:22:25,902 INFO From 2022-11-24T14:00:00 to 2022-11-24T15:00:00 founded 397 vacancies
2022-11-28 00:22:29,334 INFO From 2022-11-24T10:00:00 to 2022-11-24T11:00:00 founded 618 vacancies
2022-11-28 00:22:29,338 INFO From 2022-11-24T09:00:00 to 2022-11-24T10:00:00 founded 551 vacancies
2022-11-28 00:22:29,348 INFO From 2022-11-24T11:00:00 to 2022-11-24T12:00:00 founded 495 vacancies
2022-11-28 00:22:29,370 INFO From 2022-11-24T08:00:00 to 2022-11-24T09:00:00 founded 286 vacancies
2022-11-28 00:22:33,004 INFO From 2022-11-24T04:00:00 to 2022-11-24T05:00:00 founded 47 vacancies
2022-11-28 00:22:33,014 INFO From 2022-11-24T06:00:00 to 2022-11-24T07:00:00 founded 108 vacancies
2022-11-28 00:22:33,047 INFO From 2022-11-24T07:00:00 to 2022-11-24T08:00:00 founded 168 vacancies
2022-11-28 00:22:33,183 INFO From 2022-11-24T05:00:00 to 2022-11-24T06:00:00 founded 94 vacancies
2022-11-28 00:22:34,296 INFO From 2022-11-24T01:00:00 to 2022-11-24T02:00:00 founded 9 vacancies
2022-11-28 00:22:34,296 INFO From 2022-11-24T02:00:00 to 2022-11-24T03:00:00 founded 5 vacancies
2022-11-28 00:22:34,321 INFO From 2022-11-24T00:00:00 to 2022-11-24T01:00:00 founded 9 vacancies
2022-11-28 00:22:34,443 INFO From 2022-11-24T03:00:00 to 2022-11-24T04:00:00 founded 17 vacancies
2022-11-28 00:22:38,273 ERROR The day was checked for the first time and -56 vacancies were not found
2022-11-28 00:22:38,647 INFO 2022-11-23 founded 5254 vacancies
2022-11-28 00:22:38,858 INFO From 2022-11-23T21:00:00 to 2022-11-23T22:00:00 founded 40 vacancies
2022-11-28 00:22:38,866 INFO From 2022-11-23T23:00:00 to 2022-11-24T00:00:00 founded 9 vacancies
2022-11-28 00:22:38,910 INFO From 2022-11-23T20:00:00 to 2022-11-23T21:00:00 founded 47 vacancies
2022-11-28 00:22:39,152 INFO From 2022-11-23T22:00:00 to 2022-11-23T23:00:00 founded 23 vacancies
2022-11-28 00:22:39,519 INFO From 2022-11-23T18:00:00 to 2022-11-23T19:00:00 founded 176 vacancies
2022-11-28 00:22:39,534 INFO From 2022-11-23T19:00:00 to 2022-11-23T20:00:00 founded 92 vacancies
2022-11-28 00:22:39,569 INFO From 2022-11-23T17:00:00 to 2022-11-23T18:00:00 founded 297 vacancies
2022-11-28 00:22:39,746 INFO From 2022-11-23T16:00:00 to 2022-11-23T17:00:00 founded 361 vacancies
2022-11-28 00:22:41,959 INFO From 2022-11-23T13:00:00 to 2022-11-23T14:00:00 founded 398 vacancies
2022-11-28 00:22:42,002 INFO From 2022-11-23T14:00:00 to 2022-11-23T15:00:00 founded 454 vacancies
2022-11-28 00:22:42,053 INFO From 2022-11-23T12:00:00 to 2022-11-23T13:00:00 founded 488 vacancies
2022-11-28 00:22:42,156 INFO From 2022-11-23T15:00:00 to 2022-11-23T16:00:00 founded 398 vacancies
2022-11-28 00:22:45,028 INFO From 2022-11-23T11:00:00 to 2022-11-23T12:00:00 founded 542 vacancies
2022-11-28 00:22:45,116 INFO From 2022-11-23T10:00:00 to 2022-11-23T11:00:00 founded 624 vacancies
2022-11-28 00:22:45,178 INFO From 2022-11-23T08:00:00 to 2022-11-23T09:00:00 founded 373 vacancies
2022-11-28 00:22:45,262 INFO From 2022-11-23T09:00:00 to 2022-11-23T10:00:00 founded 502 vacancies
2022-11-28 00:22:48,412 INFO From 2022-11-23T04:00:00 to 2022-11-23T05:00:00 founded 54 vacancies
2022-11-28 00:22:48,495 INFO From 2022-11-23T06:00:00 to 2022-11-23T07:00:00 founded 81 vacancies
2022-11-28 00:22:48,515 INFO From 2022-11-23T05:00:00 to 2022-11-23T06:00:00 founded 51 vacancies
2022-11-28 00:22:48,644 INFO From 2022-11-23T07:00:00 to 2022-11-23T08:00:00 founded 185 vacancies
2022-11-28 00:22:51,098 INFO From 2022-11-23T01:00:00 to 2022-11-23T02:00:00 founded 5 vacancies
2022-11-28 00:22:51,225 INFO From 2022-11-23T02:00:00 to 2022-11-23T03:00:00 founded 10 vacancies
2022-11-28 00:22:51,251 INFO From 2022-11-23T00:00:00 to 2022-11-23T01:00:00 founded 23 vacancies
2022-11-28 00:22:51,341 INFO From 2022-11-23T03:00:00 to 2022-11-23T04:00:00 founded 21 vacancies
2022-11-28 00:22:58,089 ERROR The day was checked for the first time and -4553 vacancies were not found
2022-11-28 00:22:58,422 INFO 2022-11-22 founded 5703 vacancies
2022-11-28 00:22:58,559 INFO From 2022-11-22T23:00:00 to 2022-11-23T00:00:00 founded 20 vacancies
2022-11-28 00:22:58,616 INFO From 2022-11-22T20:00:00 to 2022-11-22T21:00:00 founded 53 vacancies
2022-11-28 00:22:58,631 INFO From 2022-11-22T21:00:00 to 2022-11-22T22:00:00 founded 23 vacancies
2022-11-28 00:22:58,700 INFO From 2022-11-22T22:00:00 to 2022-11-22T23:00:00 founded 107 vacancies
2022-11-28 00:22:59,953 INFO From 2022-11-22T17:00:00 to 2022-11-22T18:00:00 founded 345 vacancies
2022-11-28 00:22:59,991 INFO From 2022-11-22T18:00:00 to 2022-11-22T19:00:00 founded 200 vacancies
2022-11-28 00:23:00,024 INFO From 2022-11-22T19:00:00 to 2022-11-22T20:00:00 founded 104 vacancies
2022-11-28 00:23:00,066 INFO From 2022-11-22T16:00:00 to 2022-11-22T17:00:00 founded 427 vacancies
2022-11-28 00:23:02,596 INFO From 2022-11-22T15:00:00 to 2022-11-22T16:00:00 founded 417 vacancies
2022-11-28 00:23:02,623 INFO From 2022-11-22T12:00:00 to 2022-11-22T13:00:00 founded 498 vacancies
2022-11-28 00:23:02,679 INFO From 2022-11-22T14:00:00 to 2022-11-22T15:00:00 founded 425 vacancies
2022-11-28 00:23:02,999 INFO From 2022-11-22T13:00:00 to 2022-11-22T14:00:00 founded 457 vacancies
2022-11-28 00:23:05,747 INFO From 2022-11-22T11:00:00 to 2022-11-22T12:00:00 founded 504 vacancies
2022-11-28 00:23:05,766 INFO From 2022-11-22T08:00:00 to 2022-11-22T09:00:00 founded 265 vacancies
2022-11-28 00:23:05,770 INFO From 2022-11-22T09:00:00 to 2022-11-22T10:00:00 founded 562 vacancies
2022-11-28 00:23:06,006 INFO From 2022-11-22T10:00:00 to 2022-11-22T11:00:00 founded 903 vacancies
2022-11-28 00:23:11,324 INFO From 2022-11-22T04:00:00 to 2022-11-22T05:00:00 founded 40 vacancies
2022-11-28 00:23:11,452 INFO From 2022-11-22T05:00:00 to 2022-11-22T06:00:00 founded 45 vacancies
2022-11-28 00:23:11,484 INFO From 2022-11-22T06:00:00 to 2022-11-22T07:00:00 founded 99 vacancies
2022-11-28 00:23:11,529 INFO From 2022-11-22T07:00:00 to 2022-11-22T08:00:00 founded 132 vacancies
2022-11-28 00:23:12,707 INFO From 2022-11-22T03:00:00 to 2022-11-22T04:00:00 founded 13 vacancies
2022-11-28 00:23:12,730 INFO From 2022-11-22T01:00:00 to 2022-11-22T02:00:00 founded 39 vacancies
2022-11-28 00:23:12,813 INFO From 2022-11-22T02:00:00 to 2022-11-22T03:00:00 founded 11 vacancies
2022-11-28 00:23:12,846 INFO From 2022-11-22T00:00:00 to 2022-11-22T01:00:00 founded 14 vacancies
2022-11-28 00:23:19,999 ERROR The day was checked for the first time and -4251 vacancies were not found
2022-11-28 00:23:20,224 INFO 2022-11-21 founded 7144 vacancies
2022-11-28 00:23:20,477 INFO From 2022-11-21T23:00:00 to 2022-11-22T00:00:00 founded 14 vacancies
2022-11-28 00:23:20,605 INFO From 2022-11-21T20:00:00 to 2022-11-21T21:00:00 founded 72 vacancies
2022-11-28 00:23:20,652 INFO From 2022-11-21T21:00:00 to 2022-11-21T22:00:00 founded 102 vacancies
2022-11-28 00:23:20,675 INFO From 2022-11-21T22:00:00 to 2022-11-21T23:00:00 founded 19 vacancies
2022-11-28 00:23:21,800 INFO From 2022-11-21T16:00:00 to 2022-11-21T17:00:00 founded 446 vacancies
2022-11-28 00:23:21,865 INFO From 2022-11-21T19:00:00 to 2022-11-21T20:00:00 founded 80 vacancies
2022-11-28 00:23:21,901 INFO From 2022-11-21T17:00:00 to 2022-11-21T18:00:00 founded 366 vacancies
2022-11-28 00:23:21,975 INFO From 2022-11-21T18:00:00 to 2022-11-21T19:00:00 founded 179 vacancies
2022-11-28 00:23:25,378 INFO From 2022-11-21T12:00:00 to 2022-11-21T13:00:00 founded 519 vacancies
2022-11-28 00:23:25,395 INFO From 2022-11-21T15:00:00 to 2022-11-21T16:00:00 founded 481 vacancies
2022-11-28 00:23:25,484 INFO From 2022-11-21T13:00:00 to 2022-11-21T14:00:00 founded 609 vacancies
2022-11-28 00:23:25,509 INFO From 2022-11-21T14:00:00 to 2022-11-21T15:00:00 founded 532 vacancies
2022-11-28 00:23:29,843 INFO From 2022-11-21T10:00:00 to 2022-11-21T11:00:00 founded 951 vacancies
2022-11-28 00:23:29,946 INFO From 2022-11-21T09:00:00 to 2022-11-21T10:00:00 founded 856 vacancies
2022-11-28 00:23:29,950 INFO From 2022-11-21T08:00:00 to 2022-11-21T09:00:00 founded 547 vacancies
2022-11-28 00:23:29,955 INFO From 2022-11-21T11:00:00 to 2022-11-21T12:00:00 founded 768 vacancies
2022-11-28 00:23:35,124 INFO From 2022-11-21T07:00:00 to 2022-11-21T08:00:00 founded 225 vacancies
2022-11-28 00:23:35,220 INFO From 2022-11-21T04:00:00 to 2022-11-21T05:00:00 founded 57 vacancies
2022-11-28 00:23:35,258 INFO From 2022-11-21T05:00:00 to 2022-11-21T06:00:00 founded 95 vacancies
2022-11-28 00:23:35,279 INFO From 2022-11-21T06:00:00 to 2022-11-21T07:00:00 founded 162 vacancies
2022-11-28 00:23:36,761 INFO From 2022-11-21T01:00:00 to 2022-11-21T02:00:00 founded 7 vacancies
2022-11-28 00:23:36,763 INFO From 2022-11-21T00:00:00 to 2022-11-21T01:00:00 founded 16 vacancies
2022-11-28 00:23:36,826 INFO From 2022-11-21T03:00:00 to 2022-11-21T04:00:00 founded 20 vacancies
2022-11-28 00:23:36,902 INFO From 2022-11-21T02:00:00 to 2022-11-21T03:00:00 founded 21 vacancies
2022-11-28 00:23:43,218 ERROR The day was checked for the first time and -1028 vacancies were not found
2022-11-28 00:23:43,612 INFO 2022-11-20 founded 365 vacancies
2022-11-28 00:23:46,363 ERROR The day was checked for the first time and -42 vacancies were not found
2022-11-28 00:23:46,615 INFO 2022-11-19 founded 425 vacancies
2022-11-28 00:23:49,075 ERROR The day was checked for the first time and -62 vacancies were not found
2022-11-28 00:23:49,354 INFO 2022-11-18 founded 3863 vacancies
2022-11-28 00:23:49,467 INFO From 2022-11-18T23:00:00 to 2022-11-19T00:00:00 founded 5 vacancies
2022-11-28 00:23:49,483 INFO From 2022-11-18T21:00:00 to 2022-11-18T22:00:00 founded 17 vacancies
2022-11-28 00:23:49,529 INFO From 2022-11-18T22:00:00 to 2022-11-18T23:00:00 founded 25 vacancies
2022-11-28 00:23:49,699 INFO From 2022-11-18T20:00:00 to 2022-11-18T21:00:00 founded 36 vacancies
2022-11-28 00:23:50,160 INFO From 2022-11-18T19:00:00 to 2022-11-18T20:00:00 founded 59 vacancies
2022-11-28 00:23:50,275 INFO From 2022-11-18T16:00:00 to 2022-11-18T17:00:00 founded 366 vacancies
2022-11-28 00:23:50,366 INFO From 2022-11-18T17:00:00 to 2022-11-18T18:00:00 founded 230 vacancies
2022-11-28 00:23:50,414 INFO From 2022-11-18T18:00:00 to 2022-11-18T19:00:00 founded 155 vacancies
2022-11-28 00:23:52,600 INFO From 2022-11-18T13:00:00 to 2022-11-18T14:00:00 founded 371 vacancies
2022-11-28 00:23:52,612 INFO From 2022-11-18T15:00:00 to 2022-11-18T16:00:00 founded 344 vacancies
2022-11-28 00:23:52,623 INFO From 2022-11-18T14:00:00 to 2022-11-18T15:00:00 founded 453 vacancies
2022-11-28 00:23:52,856 INFO From 2022-11-18T12:00:00 to 2022-11-18T13:00:00 founded 379 vacancies
2022-11-28 00:23:55,603 INFO From 2022-11-18T08:00:00 to 2022-11-18T09:00:00 founded 186 vacancies
2022-11-28 00:23:55,657 INFO From 2022-11-18T11:00:00 to 2022-11-18T12:00:00 founded 322 vacancies
2022-11-28 00:23:55,679 INFO From 2022-11-18T10:00:00 to 2022-11-18T11:00:00 founded 362 vacancies
2022-11-28 00:23:55,732 INFO From 2022-11-18T09:00:00 to 2022-11-18T10:00:00 founded 285 vacancies
2022-11-28 00:23:59,024 INFO From 2022-11-18T05:00:00 to 2022-11-18T06:00:00 founded 34 vacancies
2022-11-28 00:23:59,104 INFO From 2022-11-18T07:00:00 to 2022-11-18T08:00:00 founded 118 vacancies
2022-11-28 00:23:59,143 INFO From 2022-11-18T06:00:00 to 2022-11-18T07:00:00 founded 51 vacancies
2022-11-28 00:23:59,203 INFO From 2022-11-18T04:00:00 to 2022-11-18T05:00:00 founded 17 vacancies
2022-11-28 00:24:00,488 INFO From 2022-11-18T03:00:00 to 2022-11-18T04:00:00 founded 13 vacancies
2022-11-28 00:24:00,547 INFO From 2022-11-18T01:00:00 to 2022-11-18T02:00:00 founded 12 vacancies
2022-11-28 00:24:00,565 INFO From 2022-11-18T00:00:00 to 2022-11-18T01:00:00 founded 10 vacancies
2022-11-28 00:24:00,599 INFO From 2022-11-18T02:00:00 to 2022-11-18T03:00:00 founded 13 vacancies
2022-11-28 00:24:03,995 ERROR The day was checked for the first time and -517 vacancies were not found
2022-11-28 00:24:04,418 INFO 2022-11-17 founded 3468 vacancies
2022-11-28 00:24:04,754 INFO From 2022-11-17T23:00:00 to 2022-11-18T00:00:00 founded 21 vacancies
2022-11-28 00:24:04,756 INFO From 2022-11-17T20:00:00 to 2022-11-17T21:00:00 founded 40 vacancies
2022-11-28 00:24:04,759 INFO From 2022-11-17T22:00:00 to 2022-11-17T23:00:00 founded 8 vacancies
2022-11-28 00:24:04,846 INFO From 2022-11-17T21:00:00 to 2022-11-17T22:00:00 founded 24 vacancies
2022-11-28 00:24:05,348 INFO From 2022-11-17T16:00:00 to 2022-11-17T17:00:00 founded 301 vacancies
2022-11-28 00:24:05,406 INFO From 2022-11-17T19:00:00 to 2022-11-17T20:00:00 founded 81 vacancies
2022-11-28 00:24:05,484 INFO From 2022-11-17T17:00:00 to 2022-11-17T18:00:00 founded 193 vacancies
2022-11-28 00:24:05,512 INFO From 2022-11-17T18:00:00 to 2022-11-17T19:00:00 founded 105 vacancies
2022-11-28 00:24:07,358 INFO From 2022-11-17T14:00:00 to 2022-11-17T15:00:00 founded 301 vacancies
2022-11-28 00:24:07,415 INFO From 2022-11-17T15:00:00 to 2022-11-17T16:00:00 founded 351 vacancies
2022-11-28 00:24:07,426 INFO From 2022-11-17T13:00:00 to 2022-11-17T14:00:00 founded 268 vacancies
2022-11-28 00:24:07,625 INFO From 2022-11-17T12:00:00 to 2022-11-17T13:00:00 founded 378 vacancies
2022-11-28 00:24:10,213 INFO From 2022-11-17T10:00:00 to 2022-11-17T11:00:00 founded 309 vacancies
2022-11-28 00:24:10,246 INFO From 2022-11-17T11:00:00 to 2022-11-17T12:00:00 founded 363 vacancies
2022-11-28 00:24:10,249 INFO From 2022-11-17T09:00:00 to 2022-11-17T10:00:00 founded 295 vacancies
2022-11-28 00:24:10,324 INFO From 2022-11-17T08:00:00 to 2022-11-17T09:00:00 founded 198 vacancies
2022-11-28 00:24:12,689 INFO From 2022-11-17T05:00:00 to 2022-11-17T06:00:00 founded 30 vacancies
2022-11-28 00:24:12,771 INFO From 2022-11-17T07:00:00 to 2022-11-17T08:00:00 founded 95 vacancies
2022-11-28 00:24:12,791 INFO From 2022-11-17T04:00:00 to 2022-11-17T05:00:00 founded 21 vacancies
2022-11-28 00:24:12,830 INFO From 2022-11-17T06:00:00 to 2022-11-17T07:00:00 founded 55 vacancies
2022-11-28 00:24:13,329 INFO From 2022-11-17T00:00:00 to 2022-11-17T01:00:00 founded 8 vacancies
2022-11-28 00:24:13,330 INFO From 2022-11-17T02:00:00 to 2022-11-17T03:00:00 founded 2 vacancies
2022-11-28 00:24:13,406 INFO From 2022-11-17T03:00:00 to 2022-11-17T04:00:00 founded 15 vacancies
2022-11-28 00:24:13,407 INFO From 2022-11-17T01:00:00 to 2022-11-17T02:00:00 founded 6 vacancies
2022-11-28 00:24:16,499 ERROR The day was checked for the first time and -234 vacancies were not found
2022-11-28 00:24:17,035 INFO 2022-11-16 founded 4731 vacancies
2022-11-28 00:24:17,186 INFO From 2022-11-16T23:00:00 to 2022-11-17T00:00:00 founded 19 vacancies
2022-11-28 00:24:17,241 INFO From 2022-11-16T20:00:00 to 2022-11-16T21:00:00 founded 28 vacancies
2022-11-28 00:24:17,253 INFO From 2022-11-16T21:00:00 to 2022-11-16T22:00:00 founded 42 vacancies
2022-11-28 00:24:17,405 INFO From 2022-11-16T22:00:00 to 2022-11-16T23:00:00 founded 143 vacancies
2022-11-28 00:24:18,355 INFO From 2022-11-16T19:00:00 to 2022-11-16T20:00:00 founded 70 vacancies
2022-11-28 00:24:18,359 INFO From 2022-11-16T18:00:00 to 2022-11-16T19:00:00 founded 159 vacancies
2022-11-28 00:24:18,365 INFO From 2022-11-16T17:00:00 to 2022-11-16T18:00:00 founded 207 vacancies
2022-11-28 00:24:18,414 INFO From 2022-11-16T16:00:00 to 2022-11-16T17:00:00 founded 295 vacancies
2022-11-28 00:24:20,629 INFO From 2022-11-16T14:00:00 to 2022-11-16T15:00:00 founded 486 vacancies
2022-11-28 00:24:20,635 INFO From 2022-11-16T13:00:00 to 2022-11-16T14:00:00 founded 391 vacancies
2022-11-28 00:24:20,648 INFO From 2022-11-16T15:00:00 to 2022-11-16T16:00:00 founded 437 vacancies
2022-11-28 00:24:20,742 INFO From 2022-11-16T12:00:00 to 2022-11-16T13:00:00 founded 325 vacancies
2022-11-28 00:24:23,415 INFO From 2022-11-16T09:00:00 to 2022-11-16T10:00:00 founded 548 vacancies
2022-11-28 00:24:23,418 INFO From 2022-11-16T08:00:00 to 2022-11-16T09:00:00 founded 429 vacancies
2022-11-28 00:24:23,490 INFO From 2022-11-16T11:00:00 to 2022-11-16T12:00:00 founded 514 vacancies
2022-11-28 00:24:23,579 INFO From 2022-11-16T10:00:00 to 2022-11-16T11:00:00 founded 377 vacancies
2022-11-28 00:24:26,744 INFO From 2022-11-16T05:00:00 to 2022-11-16T06:00:00 founded 33 vacancies
2022-11-28 00:24:26,776 INFO From 2022-11-16T06:00:00 to 2022-11-16T07:00:00 founded 52 vacancies
2022-11-28 00:24:26,944 INFO From 2022-11-16T04:00:00 to 2022-11-16T05:00:00 founded 16 vacancies
2022-11-28 00:24:27,400 INFO From 2022-11-16T07:00:00 to 2022-11-16T08:00:00 founded 108 vacancies
2022-11-28 00:24:28,437 INFO From 2022-11-16T03:00:00 to 2022-11-16T04:00:00 founded 21 vacancies
2022-11-28 00:24:28,562 INFO From 2022-11-16T02:00:00 to 2022-11-16T03:00:00 founded 4 vacancies
2022-11-28 00:24:28,570 INFO From 2022-11-16T00:00:00 to 2022-11-16T01:00:00 founded 18 vacancies
2022-11-28 00:24:28,602 INFO From 2022-11-16T01:00:00 to 2022-11-16T02:00:00 founded 9 vacancies
2022-11-28 00:24:33,564 ERROR The day was checked for the first time and -152 vacancies were not found
2022-11-28 00:24:34,005 INFO 2022-11-15 founded 3881 vacancies
2022-11-28 00:24:34,197 INFO From 2022-11-15T23:00:00 to 2022-11-16T00:00:00 founded 8 vacancies
2022-11-28 00:24:34,274 INFO From 2022-11-15T21:00:00 to 2022-11-15T22:00:00 founded 22 vacancies
2022-11-28 00:24:34,288 INFO From 2022-11-15T20:00:00 to 2022-11-15T21:00:00 founded 42 vacancies
2022-11-28 00:24:34,311 INFO From 2022-11-15T22:00:00 to 2022-11-15T23:00:00 founded 40 vacancies
2022-11-28 00:24:34,695 INFO From 2022-11-15T19:00:00 to 2022-11-15T20:00:00 founded 60 vacancies
2022-11-28 00:24:34,804 INFO From 2022-11-15T17:00:00 to 2022-11-15T18:00:00 founded 317 vacancies
2022-11-28 00:24:34,925 INFO From 2022-11-15T16:00:00 to 2022-11-15T17:00:00 founded 274 vacancies
2022-11-28 00:24:34,958 INFO From 2022-11-15T18:00:00 to 2022-11-15T19:00:00 founded 112 vacancies
2022-11-28 00:24:37,001 INFO From 2022-11-15T12:00:00 to 2022-11-15T13:00:00 founded 323 vacancies
2022-11-28 00:24:37,042 INFO From 2022-11-15T15:00:00 to 2022-11-15T16:00:00 founded 367 vacancies
2022-11-28 00:24:37,081 INFO From 2022-11-15T14:00:00 to 2022-11-15T15:00:00 founded 333 vacancies
2022-11-28 00:24:37,087 INFO From 2022-11-15T13:00:00 to 2022-11-15T14:00:00 founded 359 vacancies
2022-11-28 00:24:39,867 INFO From 2022-11-15T10:00:00 to 2022-11-15T11:00:00 founded 480 vacancies
2022-11-28 00:24:39,915 INFO From 2022-11-15T08:00:00 to 2022-11-15T09:00:00 founded 190 vacancies
2022-11-28 00:24:39,925 INFO From 2022-11-15T11:00:00 to 2022-11-15T12:00:00 founded 377 vacancies
2022-11-28 00:24:40,227 INFO From 2022-11-15T09:00:00 to 2022-11-15T10:00:00 founded 343 vacancies
2022-11-28 00:24:42,468 INFO From 2022-11-15T05:00:00 to 2022-11-15T06:00:00 founded 18 vacancies
2022-11-28 00:24:42,492 INFO From 2022-11-15T04:00:00 to 2022-11-15T05:00:00 founded 34 vacancies
2022-11-28 00:24:42,552 INFO From 2022-11-15T06:00:00 to 2022-11-15T07:00:00 founded 60 vacancies
2022-11-28 00:24:42,753 INFO From 2022-11-15T07:00:00 to 2022-11-15T08:00:00 founded 94 vacancies
2022-11-28 00:24:43,244 INFO From 2022-11-15T01:00:00 to 2022-11-15T02:00:00 founded 6 vacancies
2022-11-28 00:24:43,265 INFO From 2022-11-15T03:00:00 to 2022-11-15T04:00:00 founded 14 vacancies
2022-11-28 00:24:43,412 INFO From 2022-11-15T02:00:00 to 2022-11-15T03:00:00 founded 5 vacancies
2022-11-28 00:24:43,468 INFO From 2022-11-15T00:00:00 to 2022-11-15T01:00:00 founded 3 vacancies
2022-11-28 00:24:46,895 ERROR The day was checked for the first time and -184 vacancies were not found
2022-11-28 00:24:47,268 INFO 2022-11-14 founded 4767 vacancies
2022-11-28 00:24:47,423 INFO From 2022-11-14T22:00:00 to 2022-11-14T23:00:00 founded 40 vacancies
2022-11-28 00:24:47,462 INFO From 2022-11-14T21:00:00 to 2022-11-14T22:00:00 founded 32 vacancies
2022-11-28 00:24:47,497 INFO From 2022-11-14T20:00:00 to 2022-11-14T21:00:00 founded 19 vacancies
2022-11-28 00:24:47,579 INFO From 2022-11-14T23:00:00 to 2022-11-15T00:00:00 founded 42 vacancies
2022-11-28 00:24:48,165 INFO From 2022-11-14T19:00:00 to 2022-11-14T20:00:00 founded 93 vacancies
2022-11-28 00:24:48,253 INFO From 2022-11-14T17:00:00 to 2022-11-14T18:00:00 founded 221 vacancies
2022-11-28 00:24:48,300 INFO From 2022-11-14T16:00:00 to 2022-11-14T17:00:00 founded 307 vacancies
2022-11-28 00:24:48,364 INFO From 2022-11-14T18:00:00 to 2022-11-14T19:00:00 founded 172 vacancies
2022-11-28 00:24:50,610 INFO From 2022-11-14T12:00:00 to 2022-11-14T13:00:00 founded 396 vacancies
2022-11-28 00:24:50,630 INFO From 2022-11-14T15:00:00 to 2022-11-14T16:00:00 founded 370 vacancies
2022-11-28 00:24:50,863 INFO From 2022-11-14T13:00:00 to 2022-11-14T14:00:00 founded 415 vacancies
2022-11-28 00:24:50,901 INFO From 2022-11-14T14:00:00 to 2022-11-14T15:00:00 founded 374 vacancies
2022-11-28 00:24:54,121 INFO From 2022-11-14T09:00:00 to 2022-11-14T10:00:00 founded 593 vacancies
2022-11-28 00:24:54,146 INFO From 2022-11-14T08:00:00 to 2022-11-14T09:00:00 founded 293 vacancies
2022-11-28 00:24:54,256 INFO From 2022-11-14T10:00:00 to 2022-11-14T11:00:00 founded 475 vacancies
2022-11-28 00:24:54,484 INFO From 2022-11-14T11:00:00 to 2022-11-14T12:00:00 founded 529 vacancies
2022-11-28 00:24:58,166 INFO From 2022-11-14T05:00:00 to 2022-11-14T06:00:00 founded 44 vacancies
2022-11-28 00:24:58,194 INFO From 2022-11-14T06:00:00 to 2022-11-14T07:00:00 founded 105 vacancies
2022-11-28 00:24:58,258 INFO From 2022-11-14T04:00:00 to 2022-11-14T05:00:00 founded 33 vacancies
2022-11-28 00:24:58,311 INFO From 2022-11-14T07:00:00 to 2022-11-14T08:00:00 founded 162 vacancies
2022-11-28 00:24:59,529 INFO From 2022-11-14T01:00:00 to 2022-11-14T02:00:00 founded 5 vacancies
2022-11-28 00:24:59,531 INFO From 2022-11-14T02:00:00 to 2022-11-14T03:00:00 founded 7 vacancies
2022-11-28 00:24:59,554 INFO From 2022-11-14T00:00:00 to 2022-11-14T01:00:00 founded 3 vacancies
2022-11-28 00:24:59,674 INFO From 2022-11-14T03:00:00 to 2022-11-14T04:00:00 founded 37 vacancies
2022-11-28 00:25:04,232 ERROR The day was checked for the first time and -208 vacancies were not found
2022-11-28 00:25:04,642 INFO 2022-11-13 founded 479 vacancies
2022-11-28 00:25:07,348 ERROR The day was checked for the first time and -29 vacancies were not found
2022-11-28 00:25:07,698 INFO 2022-11-12 founded 423 vacancies
2022-11-28 00:25:10,584 ERROR The day was checked for the first time and -25 vacancies were not found
2022-11-28 00:25:11,168 INFO 2022-11-11 founded 3171 vacancies
2022-11-28 00:25:11,295 INFO From 2022-11-11T23:00:00 to 2022-11-12T00:00:00 founded 4 vacancies
2022-11-28 00:25:11,324 INFO From 2022-11-11T22:00:00 to 2022-11-11T23:00:00 founded 11 vacancies
2022-11-28 00:25:11,423 INFO From 2022-11-11T20:00:00 to 2022-11-11T21:00:00 founded 24 vacancies
2022-11-28 00:25:11,490 INFO From 2022-11-11T21:00:00 to 2022-11-11T22:00:00 founded 27 vacancies
2022-11-28 00:25:11,903 INFO From 2022-11-11T19:00:00 to 2022-11-11T20:00:00 founded 42 vacancies
2022-11-28 00:25:11,998 INFO From 2022-11-11T17:00:00 to 2022-11-11T18:00:00 founded 238 vacancies
2022-11-28 00:25:12,079 INFO From 2022-11-11T18:00:00 to 2022-11-11T19:00:00 founded 85 vacancies
2022-11-28 00:25:12,138 INFO From 2022-11-11T16:00:00 to 2022-11-11T17:00:00 founded 295 vacancies
2022-11-28 00:25:14,443 INFO From 2022-11-11T13:00:00 to 2022-11-11T14:00:00 founded 364 vacancies
2022-11-28 00:25:14,465 INFO From 2022-11-11T12:00:00 to 2022-11-11T13:00:00 founded 300 vacancies
2022-11-28 00:25:14,470 INFO From 2022-11-11T14:00:00 to 2022-11-11T15:00:00 founded 234 vacancies
2022-11-28 00:25:14,505 INFO From 2022-11-11T15:00:00 to 2022-11-11T16:00:00 founded 272 vacancies
2022-11-28 00:25:17,323 INFO From 2022-11-11T11:00:00 to 2022-11-11T12:00:00 founded 312 vacancies
2022-11-28 00:25:17,336 INFO From 2022-11-11T09:00:00 to 2022-11-11T10:00:00 founded 329 vacancies
2022-11-28 00:25:17,346 INFO From 2022-11-11T10:00:00 to 2022-11-11T11:00:00 founded 320 vacancies
2022-11-28 00:25:17,453 INFO From 2022-11-11T08:00:00 to 2022-11-11T09:00:00 founded 118 vacancies
2022-11-28 00:25:19,964 INFO From 2022-11-11T04:00:00 to 2022-11-11T05:00:00 founded 14 vacancies
2022-11-28 00:25:19,997 INFO From 2022-11-11T05:00:00 to 2022-11-11T06:00:00 founded 30 vacancies
2022-11-28 00:25:20,162 INFO From 2022-11-11T06:00:00 to 2022-11-11T07:00:00 founded 49 vacancies
2022-11-28 00:25:20,165 INFO From 2022-11-11T07:00:00 to 2022-11-11T08:00:00 founded 70 vacancies
2022-11-28 00:25:20,694 INFO From 2022-11-11T00:00:00 to 2022-11-11T01:00:00 founded 9 vacancies
2022-11-28 00:25:20,695 INFO From 2022-11-11T03:00:00 to 2022-11-11T04:00:00 founded 12 vacancies
2022-11-28 00:25:20,697 INFO From 2022-11-11T01:00:00 to 2022-11-11T02:00:00 founded 8 vacancies
2022-11-28 00:25:20,754 INFO From 2022-11-11T02:00:00 to 2022-11-11T03:00:00 founded 4 vacancies
2022-11-28 00:25:23,435 ERROR The day was checked for the first time and -212 vacancies were not found
2022-11-28 00:25:23,835 INFO 2022-11-10 founded 3166 vacancies
2022-11-28 00:25:24,031 INFO From 2022-11-10T23:00:00 to 2022-11-11T00:00:00 founded 5 vacancies
2022-11-28 00:25:24,033 INFO From 2022-11-10T22:00:00 to 2022-11-10T23:00:00 founded 33 vacancies
2022-11-28 00:25:24,133 INFO From 2022-11-10T21:00:00 to 2022-11-10T22:00:00 founded 41 vacancies
2022-11-28 00:25:24,136 INFO From 2022-11-10T20:00:00 to 2022-11-10T21:00:00 founded 30 vacancies
2022-11-28 00:25:24,758 INFO From 2022-11-10T16:00:00 to 2022-11-10T17:00:00 founded 357 vacancies
2022-11-28 00:25:24,772 INFO From 2022-11-10T18:00:00 to 2022-11-10T19:00:00 founded 129 vacancies
2022-11-28 00:25:24,808 INFO From 2022-11-10T19:00:00 to 2022-11-10T20:00:00 founded 51 vacancies
2022-11-28 00:25:24,881 INFO From 2022-11-10T17:00:00 to 2022-11-10T18:00:00 founded 211 vacancies
2022-11-28 00:25:26,793 INFO From 2022-11-10T14:00:00 to 2022-11-10T15:00:00 founded 256 vacancies
2022-11-28 00:25:26,823 INFO From 2022-11-10T12:00:00 to 2022-11-10T13:00:00 founded 288 vacancies
2022-11-28 00:25:26,943 INFO From 2022-11-10T15:00:00 to 2022-11-10T16:00:00 founded 294 vacancies
2022-11-28 00:25:26,966 INFO From 2022-11-10T13:00:00 to 2022-11-10T14:00:00 founded 278 vacancies
2022-11-28 00:25:29,094 INFO From 2022-11-10T09:00:00 to 2022-11-10T10:00:00 founded 256 vacancies
2022-11-28 00:25:29,164 INFO From 2022-11-10T08:00:00 to 2022-11-10T09:00:00 founded 150 vacancies
2022-11-28 00:25:29,226 INFO From 2022-11-10T10:00:00 to 2022-11-10T11:00:00 founded 257 vacancies
2022-11-28 00:25:29,277 INFO From 2022-11-10T11:00:00 to 2022-11-10T12:00:00 founded 299 vacancies
2022-11-28 00:25:31,768 INFO From 2022-11-10T04:00:00 to 2022-11-10T05:00:00 founded 14 vacancies
2022-11-28 00:25:31,770 INFO From 2022-11-10T05:00:00 to 2022-11-10T06:00:00 founded 28 vacancies
2022-11-28 00:25:31,807 INFO From 2022-11-10T06:00:00 to 2022-11-10T07:00:00 founded 51 vacancies
2022-11-28 00:25:31,881 INFO From 2022-11-10T07:00:00 to 2022-11-10T08:00:00 founded 77 vacancies
2022-11-28 00:25:32,493 INFO From 2022-11-10T02:00:00 to 2022-11-10T03:00:00 founded 1 vacancies
2022-11-28 00:25:32,526 INFO From 2022-11-10T01:00:00 to 2022-11-10T02:00:00 founded 31 vacancies
2022-11-28 00:25:32,554 INFO From 2022-11-10T00:00:00 to 2022-11-10T01:00:00 founded 9 vacancies
2022-11-28 00:25:32,730 INFO From 2022-11-10T03:00:00 to 2022-11-10T04:00:00 founded 20 vacancies
2022-11-28 00:25:35,304 ERROR The day was checked for the first time and -98 vacancies were not found
2022-11-28 00:25:35,738 INFO 2022-11-09 founded 3469 vacancies
2022-11-28 00:25:35,892 INFO From 2022-11-09T22:00:00 to 2022-11-09T23:00:00 founded 18 vacancies
2022-11-28 00:25:35,917 INFO From 2022-11-09T21:00:00 to 2022-11-09T22:00:00 founded 18 vacancies
2022-11-28 00:25:35,963 INFO From 2022-11-09T20:00:00 to 2022-11-09T21:00:00 founded 16 vacancies
2022-11-28 00:25:36,017 INFO From 2022-11-09T23:00:00 to 2022-11-10T00:00:00 founded 15 vacancies
2022-11-28 00:25:36,562 INFO From 2022-11-09T16:00:00 to 2022-11-09T17:00:00 founded 301 vacancies
2022-11-28 00:25:36,588 INFO From 2022-11-09T19:00:00 to 2022-11-09T20:00:00 founded 59 vacancies
2022-11-28 00:25:36,595 INFO From 2022-11-09T18:00:00 to 2022-11-09T19:00:00 founded 174 vacancies
2022-11-28 00:25:36,646 INFO From 2022-11-09T17:00:00 to 2022-11-09T18:00:00 founded 183 vacancies
2022-11-28 00:25:38,624 INFO From 2022-11-09T15:00:00 to 2022-11-09T16:00:00 founded 342 vacancies
2022-11-28 00:25:38,665 INFO From 2022-11-09T12:00:00 to 2022-11-09T13:00:00 founded 270 vacancies
2022-11-28 00:25:38,668 INFO From 2022-11-09T14:00:00 to 2022-11-09T15:00:00 founded 381 vacancies
2022-11-28 00:25:38,835 INFO From 2022-11-09T13:00:00 to 2022-11-09T14:00:00 founded 236 vacancies
2022-11-28 00:25:41,338 INFO From 2022-11-09T09:00:00 to 2022-11-09T10:00:00 founded 334 vacancies
2022-11-28 00:25:41,408 INFO From 2022-11-09T11:00:00 to 2022-11-09T12:00:00 founded 342 vacancies
2022-11-28 00:25:41,558 INFO From 2022-11-09T10:00:00 to 2022-11-09T11:00:00 founded 413 vacancies
2022-11-28 00:25:41,590 INFO From 2022-11-09T08:00:00 to 2022-11-09T09:00:00 founded 157 vacancies
2022-11-28 00:25:43,667 INFO From 2022-11-09T04:00:00 to 2022-11-09T05:00:00 founded 4 vacancies
2022-11-28 00:25:43,748 INFO From 2022-11-09T05:00:00 to 2022-11-09T06:00:00 founded 32 vacancies
2022-11-28 00:25:43,846 INFO From 2022-11-09T07:00:00 to 2022-11-09T08:00:00 founded 85 vacancies
2022-11-28 00:25:43,881 INFO From 2022-11-09T06:00:00 to 2022-11-09T07:00:00 founded 46 vacancies
2022-11-28 00:25:44,643 INFO From 2022-11-09T03:00:00 to 2022-11-09T04:00:00 founded 6 vacancies
2022-11-28 00:25:44,644 INFO From 2022-11-09T02:00:00 to 2022-11-09T03:00:00 founded 21 vacancies
2022-11-28 00:25:44,646 INFO From 2022-11-09T00:00:00 to 2022-11-09T01:00:00 founded 9 vacancies
2022-11-28 00:25:44,725 INFO From 2022-11-09T01:00:00 to 2022-11-09T02:00:00 founded 7 vacancies
2022-11-28 00:25:47,729 ERROR The day was checked for the first time and -106 vacancies were not found
2022-11-28 00:25:48,144 INFO 2022-11-08 founded 3522 vacancies
2022-11-28 00:25:48,271 INFO From 2022-11-08T22:00:00 to 2022-11-08T23:00:00 founded 11 vacancies
2022-11-28 00:25:48,294 INFO From 2022-11-08T21:00:00 to 2022-11-08T22:00:00 founded 29 vacancies
2022-11-28 00:25:48,397 INFO From 2022-11-08T23:00:00 to 2022-11-09T00:00:00 founded 6 vacancies
2022-11-28 00:25:48,613 INFO From 2022-11-08T20:00:00 to 2022-11-08T21:00:00 founded 207 vacancies
2022-11-28 00:25:50,145 INFO From 2022-11-08T19:00:00 to 2022-11-08T20:00:00 founded 65 vacancies
2022-11-28 00:25:50,207 INFO From 2022-11-08T16:00:00 to 2022-11-08T17:00:00 founded 264 vacancies
2022-11-28 00:25:50,245 INFO From 2022-11-08T18:00:00 to 2022-11-08T19:00:00 founded 109 vacancies
2022-11-28 00:25:50,377 INFO From 2022-11-08T17:00:00 to 2022-11-08T18:00:00 founded 210 vacancies
2022-11-28 00:25:52,619 INFO From 2022-11-08T15:00:00 to 2022-11-08T16:00:00 founded 256 vacancies
2022-11-28 00:25:52,631 INFO From 2022-11-08T13:00:00 to 2022-11-08T14:00:00 founded 314 vacancies
2022-11-28 00:25:52,638 INFO From 2022-11-08T12:00:00 to 2022-11-08T13:00:00 founded 267 vacancies
2022-11-28 00:25:52,690 INFO From 2022-11-08T14:00:00 to 2022-11-08T15:00:00 founded 308 vacancies
2022-11-28 00:25:55,207 INFO From 2022-11-08T11:00:00 to 2022-11-08T12:00:00 founded 319 vacancies
2022-11-28 00:25:55,226 INFO From 2022-11-08T09:00:00 to 2022-11-08T10:00:00 founded 318 vacancies
2022-11-28 00:25:55,368 INFO From 2022-11-08T10:00:00 to 2022-11-08T11:00:00 founded 425 vacancies
2022-11-28 00:25:55,474 INFO From 2022-11-08T08:00:00 to 2022-11-08T09:00:00 founded 155 vacancies
2022-11-28 00:25:58,176 INFO From 2022-11-08T04:00:00 to 2022-11-08T05:00:00 founded 19 vacancies
2022-11-28 00:25:58,398 INFO From 2022-11-08T06:00:00 to 2022-11-08T07:00:00 founded 65 vacancies
2022-11-28 00:25:58,426 INFO From 2022-11-08T07:00:00 to 2022-11-08T08:00:00 founded 84 vacancies
2022-11-28 00:25:58,447 INFO From 2022-11-08T05:00:00 to 2022-11-08T06:00:00 founded 38 vacancies
2022-11-28 00:25:58,878 INFO From 2022-11-08T02:00:00 to 2022-11-08T03:00:00 founded 5 vacancies
2022-11-28 00:25:58,923 INFO From 2022-11-08T01:00:00 to 2022-11-08T02:00:00 founded 21 vacancies
2022-11-28 00:25:58,954 INFO From 2022-11-08T00:00:00 to 2022-11-08T01:00:00 founded 12 vacancies
2022-11-28 00:25:58,991 INFO From 2022-11-08T03:00:00 to 2022-11-08T04:00:00 founded 15 vacancies
2022-11-28 00:26:01,482 ERROR The day was checked for the first time and -106 vacancies were not found
2022-11-28 00:26:01,981 INFO 2022-11-07 founded 4081 vacancies
2022-11-28 00:26:02,150 INFO From 2022-11-07T23:00:00 to 2022-11-08T00:00:00 founded 15 vacancies
2022-11-28 00:26:02,170 INFO From 2022-11-07T20:00:00 to 2022-11-07T21:00:00 founded 32 vacancies
2022-11-28 00:26:02,185 INFO From 2022-11-07T22:00:00 to 2022-11-07T23:00:00 founded 29 vacancies
2022-11-28 00:26:02,324 INFO From 2022-11-07T21:00:00 to 2022-11-07T22:00:00 founded 51 vacancies
2022-11-28 00:26:02,872 INFO From 2022-11-07T19:00:00 to 2022-11-07T20:00:00 founded 41 vacancies
2022-11-28 00:26:02,957 INFO From 2022-11-07T18:00:00 to 2022-11-07T19:00:00 founded 135 vacancies
2022-11-28 00:26:03,089 INFO From 2022-11-07T17:00:00 to 2022-11-07T18:00:00 founded 207 vacancies
2022-11-28 00:26:03,150 INFO From 2022-11-07T16:00:00 to 2022-11-07T17:00:00 founded 305 vacancies
2022-11-28 00:26:05,374 INFO From 2022-11-07T15:00:00 to 2022-11-07T16:00:00 founded 325 vacancies
2022-11-28 00:26:05,405 INFO From 2022-11-07T12:00:00 to 2022-11-07T13:00:00 founded 316 vacancies
2022-11-28 00:26:05,486 INFO From 2022-11-07T14:00:00 to 2022-11-07T15:00:00 founded 338 vacancies
2022-11-28 00:26:05,497 INFO From 2022-11-07T13:00:00 to 2022-11-07T14:00:00 founded 321 vacancies
2022-11-28 00:26:08,079 INFO From 2022-11-07T08:00:00 to 2022-11-07T09:00:00 founded 241 vacancies
2022-11-28 00:26:08,106 INFO From 2022-11-07T10:00:00 to 2022-11-07T11:00:00 founded 500 vacancies
2022-11-28 00:26:08,256 INFO From 2022-11-07T09:00:00 to 2022-11-07T10:00:00 founded 498 vacancies
2022-11-28 00:26:08,278 INFO From 2022-11-07T11:00:00 to 2022-11-07T12:00:00 founded 406 vacancies
2022-11-28 00:26:11,105 INFO From 2022-11-07T04:00:00 to 2022-11-07T05:00:00 founded 25 vacancies
2022-11-28 00:26:11,181 INFO From 2022-11-07T05:00:00 to 2022-11-07T06:00:00 founded 55 vacancies
2022-11-28 00:26:11,393 INFO From 2022-11-07T06:00:00 to 2022-11-07T07:00:00 founded 82 vacancies
2022-11-28 00:26:11,440 INFO From 2022-11-07T07:00:00 to 2022-11-07T08:00:00 founded 131 vacancies
2022-11-28 00:26:12,700 INFO From 2022-11-07T00:00:00 to 2022-11-07T01:00:00 founded 6 vacancies
2022-11-28 00:26:12,829 INFO From 2022-11-07T01:00:00 to 2022-11-07T02:00:00 founded 5 vacancies
2022-11-28 00:26:12,830 INFO From 2022-11-07T03:00:00 to 2022-11-07T04:00:00 founded 12 vacancies
2022-11-28 00:26:12,900 INFO From 2022-11-07T02:00:00 to 2022-11-07T03:00:00 founded 5 vacancies
2022-11-28 00:26:15,899 ERROR The day was checked for the first time and -129 vacancies were not found
2022-11-28 00:26:16,490 INFO 2022-11-06 founded 366 vacancies
2022-11-28 00:26:18,660 ERROR The day was checked for the first time and -20 vacancies were not found
2022-11-28 00:26:18,964 INFO 2022-11-05 founded 243 vacancies
2022-11-28 00:26:20,192 ERROR The day was checked for the first time and -10 vacancies were not found
2022-11-28 00:26:20,477 INFO 2022-11-04 founded 766 vacancies
2022-11-28 00:26:23,636 ERROR The day was checked for the first time and -15 vacancies were not found
2022-11-28 00:26:23,965 INFO 2022-11-03 founded 2773 vacancies
2022-11-28 00:26:24,077 INFO From 2022-11-03T23:00:00 to 2022-11-04T00:00:00 founded 4 vacancies
2022-11-28 00:26:24,138 INFO From 2022-11-03T21:00:00 to 2022-11-03T22:00:00 founded 10 vacancies
2022-11-28 00:26:24,167 INFO From 2022-11-03T20:00:00 to 2022-11-03T21:00:00 founded 41 vacancies
2022-11-28 00:26:24,259 INFO From 2022-11-03T22:00:00 to 2022-11-03T23:00:00 founded 34 vacancies
2022-11-28 00:26:24,727 INFO From 2022-11-03T19:00:00 to 2022-11-03T20:00:00 founded 24 vacancies
2022-11-28 00:26:24,862 INFO From 2022-11-03T18:00:00 to 2022-11-03T19:00:00 founded 74 vacancies
2022-11-28 00:26:24,868 INFO From 2022-11-03T16:00:00 to 2022-11-03T17:00:00 founded 242 vacancies
2022-11-28 00:26:24,920 INFO From 2022-11-03T17:00:00 to 2022-11-03T18:00:00 founded 131 vacancies
2022-11-28 00:26:26,636 INFO From 2022-11-03T15:00:00 to 2022-11-03T16:00:00 founded 233 vacancies
2022-11-28 00:26:26,683 INFO From 2022-11-03T14:00:00 to 2022-11-03T15:00:00 founded 274 vacancies
2022-11-28 00:26:26,796 INFO From 2022-11-03T13:00:00 to 2022-11-03T14:00:00 founded 246 vacancies
2022-11-28 00:26:26,806 INFO From 2022-11-03T12:00:00 to 2022-11-03T13:00:00 founded 227 vacancies
2022-11-28 00:26:29,056 INFO From 2022-11-03T09:00:00 to 2022-11-03T10:00:00 founded 385 vacancies
2022-11-28 00:26:29,125 INFO From 2022-11-03T11:00:00 to 2022-11-03T12:00:00 founded 274 vacancies
2022-11-28 00:26:29,160 INFO From 2022-11-03T10:00:00 to 2022-11-03T11:00:00 founded 234 vacancies
2022-11-28 00:26:29,366 INFO From 2022-11-03T08:00:00 to 2022-11-03T09:00:00 founded 168 vacancies
2022-11-28 00:26:32,001 INFO From 2022-11-03T05:00:00 to 2022-11-03T06:00:00 founded 17 vacancies
2022-11-28 00:26:32,087 INFO From 2022-11-03T04:00:00 to 2022-11-03T05:00:00 founded 7 vacancies
2022-11-28 00:26:32,214 INFO From 2022-11-03T07:00:00 to 2022-11-03T08:00:00 founded 98 vacancies
2022-11-28 00:26:32,258 INFO From 2022-11-03T06:00:00 to 2022-11-03T07:00:00 founded 38 vacancies
2022-11-28 00:26:32,648 INFO From 2022-11-03T02:00:00 to 2022-11-03T03:00:00 founded 4 vacancies
2022-11-28 00:26:32,655 INFO From 2022-11-03T03:00:00 to 2022-11-03T04:00:00 founded 1 vacancies
2022-11-28 00:26:32,752 INFO From 2022-11-03T00:00:00 to 2022-11-03T01:00:00 founded 4 vacancies
2022-11-28 00:26:32,830 INFO From 2022-11-03T01:00:00 to 2022-11-03T02:00:00 founded 3 vacancies
2022-11-28 00:26:34,773 ERROR The day was checked for the first time and -71 vacancies were not found
2022-11-28 00:26:35,133 INFO 2022-11-02 founded 2895 vacancies
2022-11-28 00:26:35,242 INFO From 2022-11-02T23:00:00 to 2022-11-03T00:00:00 founded 7 vacancies
2022-11-28 00:26:35,268 INFO From 2022-11-02T22:00:00 to 2022-11-02T23:00:00 founded 18 vacancies
2022-11-28 00:26:35,280 INFO From 2022-11-02T21:00:00 to 2022-11-02T22:00:00 founded 18 vacancies
2022-11-28 00:26:35,464 INFO From 2022-11-02T20:00:00 to 2022-11-02T21:00:00 founded 43 vacancies
2022-11-28 00:26:36,164 INFO From 2022-11-02T18:00:00 to 2022-11-02T19:00:00 founded 93 vacancies
2022-11-28 00:26:36,200 INFO From 2022-11-02T16:00:00 to 2022-11-02T17:00:00 founded 285 vacancies
2022-11-28 00:26:36,204 INFO From 2022-11-02T19:00:00 to 2022-11-02T20:00:00 founded 60 vacancies
2022-11-28 00:26:36,282 INFO From 2022-11-02T17:00:00 to 2022-11-02T18:00:00 founded 193 vacancies
2022-11-28 00:26:38,135 INFO From 2022-11-02T13:00:00 to 2022-11-02T14:00:00 founded 325 vacancies
2022-11-28 00:26:38,242 INFO From 2022-11-02T14:00:00 to 2022-11-02T15:00:00 founded 285 vacancies
2022-11-28 00:26:38,277 INFO From 2022-11-02T15:00:00 to 2022-11-02T16:00:00 founded 189 vacancies
2022-11-28 00:26:38,362 INFO From 2022-11-02T12:00:00 to 2022-11-02T13:00:00 founded 225 vacancies
2022-11-28 00:26:40,696 INFO From 2022-11-02T08:00:00 to 2022-11-02T09:00:00 founded 161 vacancies
2022-11-28 00:26:40,699 INFO From 2022-11-02T09:00:00 to 2022-11-02T10:00:00 founded 273 vacancies
2022-11-28 00:26:40,963 INFO From 2022-11-02T11:00:00 to 2022-11-02T12:00:00 founded 292 vacancies
2022-11-28 00:26:41,043 INFO From 2022-11-02T10:00:00 to 2022-11-02T11:00:00 founded 269 vacancies
2022-11-28 00:26:43,175 INFO From 2022-11-02T05:00:00 to 2022-11-02T06:00:00 founded 16 vacancies
2022-11-28 00:26:43,176 INFO From 2022-11-02T04:00:00 to 2022-11-02T05:00:00 founded 16 vacancies
2022-11-28 00:26:43,298 INFO From 2022-11-02T07:00:00 to 2022-11-02T08:00:00 founded 61 vacancies
2022-11-28 00:26:43,407 INFO From 2022-11-02T06:00:00 to 2022-11-02T07:00:00 founded 39 vacancies
2022-11-28 00:26:43,769 INFO From 2022-11-02T03:00:00 to 2022-11-02T04:00:00 founded 4 vacancies
2022-11-28 00:26:43,770 INFO From 2022-11-02T02:00:00 to 2022-11-02T03:00:00 founded 5 vacancies
2022-11-28 00:26:43,898 INFO From 2022-11-02T01:00:00 to 2022-11-02T02:00:00 founded 11 vacancies
2022-11-28 00:26:44,007 INFO From 2022-11-02T00:00:00 to 2022-11-02T01:00:00 founded 7 vacancies
2022-11-28 00:26:46,029 ERROR The day was checked for the first time and -84 vacancies were not found
2022-11-28 00:26:46,349 INFO 2022-11-01 founded 3012 vacancies
2022-11-28 00:26:46,515 INFO From 2022-11-01T22:00:00 to 2022-11-01T23:00:00 founded 15 vacancies
2022-11-28 00:26:46,516 INFO From 2022-11-01T20:00:00 to 2022-11-01T21:00:00 founded 29 vacancies
2022-11-28 00:26:46,562 INFO From 2022-11-01T23:00:00 to 2022-11-02T00:00:00 founded 11 vacancies
2022-11-28 00:26:46,617 INFO From 2022-11-01T21:00:00 to 2022-11-01T22:00:00 founded 24 vacancies
2022-11-28 00:26:47,152 INFO From 2022-11-01T19:00:00 to 2022-11-01T20:00:00 founded 48 vacancies
2022-11-28 00:26:47,233 INFO From 2022-11-01T18:00:00 to 2022-11-01T19:00:00 founded 110 vacancies
2022-11-28 00:26:47,290 INFO From 2022-11-01T16:00:00 to 2022-11-01T17:00:00 founded 218 vacancies
2022-11-28 00:26:47,522 INFO From 2022-11-01T17:00:00 to 2022-11-01T18:00:00 founded 179 vacancies
2022-11-28 00:26:49,244 INFO From 2022-11-01T13:00:00 to 2022-11-01T14:00:00 founded 221 vacancies
2022-11-28 00:26:49,349 INFO From 2022-11-01T12:00:00 to 2022-11-01T13:00:00 founded 278 vacancies
2022-11-28 00:26:49,441 INFO From 2022-11-01T14:00:00 to 2022-11-01T15:00:00 founded 248 vacancies
2022-11-28 00:26:49,509 INFO From 2022-11-01T15:00:00 to 2022-11-01T16:00:00 founded 415 vacancies
2022-11-28 00:26:51,818 INFO From 2022-11-01T08:00:00 to 2022-11-01T09:00:00 founded 127 vacancies
2022-11-28 00:26:51,918 INFO From 2022-11-01T11:00:00 to 2022-11-01T12:00:00 founded 277 vacancies
2022-11-28 00:26:51,948 INFO From 2022-11-01T10:00:00 to 2022-11-01T11:00:00 founded 312 vacancies
2022-11-28 00:26:51,956 INFO From 2022-11-01T09:00:00 to 2022-11-01T10:00:00 founded 322 vacancies
2022-11-28 00:26:54,232 INFO From 2022-11-01T04:00:00 to 2022-11-01T05:00:00 founded 16 vacancies
2022-11-28 00:26:54,295 INFO From 2022-11-01T05:00:00 to 2022-11-01T06:00:00 founded 18 vacancies
2022-11-28 00:26:54,515 INFO From 2022-11-01T07:00:00 to 2022-11-01T08:00:00 founded 71 vacancies
2022-11-28 00:26:54,541 INFO From 2022-11-01T06:00:00 to 2022-11-01T07:00:00 founded 40 vacancies
2022-11-28 00:26:55,064 INFO From 2022-11-01T01:00:00 to 2022-11-01T02:00:00 founded 7 vacancies
2022-11-28 00:26:55,065 INFO From 2022-11-01T02:00:00 to 2022-11-01T03:00:00 founded 3 vacancies
2022-11-28 00:26:55,082 INFO From 2022-11-01T03:00:00 to 2022-11-01T04:00:00 founded 11 vacancies
2022-11-28 00:26:55,085 INFO From 2022-11-01T00:00:00 to 2022-11-01T01:00:00 founded 12 vacancies
2022-11-28 00:26:57,501 ERROR The day was checked for the first time and -103 vacancies were not found
2022-11-28 00:26:58,002 INFO 2022-10-31 founded 3054 vacancies
2022-11-28 00:26:58,148 INFO From 2022-10-31T22:00:00 to 2022-10-31T23:00:00 founded 11 vacancies
2022-11-28 00:26:58,188 INFO From 2022-10-31T23:00:00 to 2022-11-01T00:00:00 founded 22 vacancies
2022-11-28 00:26:58,218 INFO From 2022-10-31T21:00:00 to 2022-10-31T22:00:00 founded 59 vacancies
2022-11-28 00:26:58,431 INFO From 2022-10-31T20:00:00 to 2022-10-31T21:00:00 founded 53 vacancies
2022-11-28 00:26:59,095 INFO From 2022-10-31T19:00:00 to 2022-10-31T20:00:00 founded 43 vacancies
2022-11-28 00:26:59,156 INFO From 2022-10-31T16:00:00 to 2022-10-31T17:00:00 founded 264 vacancies
2022-11-28 00:26:59,260 INFO From 2022-10-31T18:00:00 to 2022-10-31T19:00:00 founded 135 vacancies
2022-11-28 00:26:59,298 INFO From 2022-10-31T17:00:00 to 2022-10-31T18:00:00 founded 160 vacancies
2022-11-28 00:27:01,252 INFO From 2022-10-31T14:00:00 to 2022-10-31T15:00:00 founded 202 vacancies
2022-11-28 00:27:01,289 INFO From 2022-10-31T12:00:00 to 2022-10-31T13:00:00 founded 238 vacancies
2022-11-28 00:27:01,341 INFO From 2022-10-31T13:00:00 to 2022-10-31T14:00:00 founded 262 vacancies
2022-11-28 00:27:01,522 INFO From 2022-10-31T15:00:00 to 2022-10-31T16:00:00 founded 195 vacancies
2022-11-28 00:27:03,276 INFO From 2022-10-31T08:00:00 to 2022-10-31T09:00:00 founded 224 vacancies
2022-11-28 00:27:03,422 INFO From 2022-10-31T11:00:00 to 2022-10-31T12:00:00 founded 310 vacancies
2022-11-28 00:27:03,461 INFO From 2022-10-31T09:00:00 to 2022-10-31T10:00:00 founded 341 vacancies
2022-11-28 00:27:03,534 INFO From 2022-10-31T10:00:00 to 2022-10-31T11:00:00 founded 338 vacancies
2022-11-28 00:27:05,808 INFO From 2022-10-31T05:00:00 to 2022-10-31T06:00:00 founded 29 vacancies
2022-11-28 00:27:05,810 INFO From 2022-10-31T04:00:00 to 2022-10-31T05:00:00 founded 16 vacancies
2022-11-28 00:27:05,883 INFO From 2022-10-31T06:00:00 to 2022-10-31T07:00:00 founded 47 vacancies
2022-11-28 00:27:06,051 INFO From 2022-10-31T07:00:00 to 2022-10-31T08:00:00 founded 72 vacancies
2022-11-28 00:27:06,620 INFO From 2022-10-31T00:00:00 to 2022-10-31T01:00:00 founded 2 vacancies
2022-11-28 00:27:06,678 INFO From 2022-10-31T02:00:00 to 2022-10-31T03:00:00 founded 8 vacancies
2022-11-28 00:27:06,823 INFO From 2022-10-31T01:00:00 to 2022-10-31T02:00:00 founded 3 vacancies
2022-11-28 00:27:06,872 INFO From 2022-10-31T03:00:00 to 2022-10-31T04:00:00 founded 20 vacancies
2022-11-28 00:27:09,273 ERROR The day was checked for the first time and -162 vacancies were not found
2022-11-28 00:27:09,677 INFO 2022-10-30 founded 235 vacancies
2022-11-28 00:27:11,091 ERROR The day was checked for the first time and -10 vacancies were not found
2022-11-28 00:27:11,464 INFO 2022-10-29 founded 274 vacancies
2022-11-28 00:27:13,402 ERROR The day was checked for the first time and -14 vacancies were not found
2022-11-28 00:27:13,402 INFO 96700
2022-11-28 00:27:13,402 INFO 93160
2022-11-28 00:27:13,402 INFO 96686
2022-11-28 00:27:13,402 INFO Program works 349 seconds
