2022-11-28 00:33:33,365 INFO Checking of last 30 days started.
2022-11-28 00:33:34,107 INFO Founded 96715 vacancies
2022-11-28 00:33:34,340 INFO 2022-11-27 founded 5045 vacancies
2022-11-28 00:33:34,544 INFO From 2022-11-27T23:00:00 to 2022-11-28T00:00:00 founded 49 vacancies
2022-11-28 00:33:34,683 INFO From 2022-11-27T20:00:00 to 2022-11-27T21:00:00 founded 104 vacancies
2022-11-28 00:33:34,766 INFO From 2022-11-27T22:00:00 to 2022-11-27T23:00:00 founded 81 vacancies
2022-11-28 00:33:34,883 INFO From 2022-11-27T21:00:00 to 2022-11-27T22:00:00 founded 117 vacancies
2022-11-28 00:33:36,070 INFO From 2022-11-27T19:00:00 to 2022-11-27T20:00:00 founded 146 vacancies
2022-11-28 00:33:36,074 INFO From 2022-11-27T18:00:00 to 2022-11-27T19:00:00 founded 255 vacancies
2022-11-28 00:33:36,128 INFO From 2022-11-27T17:00:00 to 2022-11-27T18:00:00 founded 357 vacancies
2022-11-28 00:33:36,229 INFO From 2022-11-27T16:00:00 to 2022-11-27T17:00:00 founded 392 vacancies
2022-11-28 00:33:38,101 INFO From 2022-11-27T13:00:00 to 2022-11-27T14:00:00 founded 457 vacancies
2022-11-28 00:33:38,109 INFO From 2022-11-27T15:00:00 to 2022-11-27T16:00:00 founded 412 vacancies
2022-11-28 00:33:38,169 INFO From 2022-11-27T14:00:00 to 2022-11-27T15:00:00 founded 441 vacancies
2022-11-28 00:33:38,252 INFO From 2022-11-27T12:00:00 to 2022-11-27T13:00:00 founded 475 vacancies
2022-11-28 00:33:40,879 INFO From 2022-11-27T08:00:00 to 2022-11-27T09:00:00 founded 197 vacancies
2022-11-28 00:33:40,909 INFO From 2022-11-27T10:00:00 to 2022-11-27T11:00:00 founded 444 vacancies
2022-11-28 00:33:41,037 INFO From 2022-11-27T09:00:00 to 2022-11-27T10:00:00 founded 346 vacancies
2022-11-28 00:33:41,094 INFO From 2022-11-27T11:00:00 to 2022-11-27T12:00:00 founded 513 vacancies
2022-11-28 00:33:43,775 INFO From 2022-11-27T04:00:00 to 2022-11-27T05:00:00 founded 14 vacancies
2022-11-28 00:33:43,830 INFO From 2022-11-27T05:00:00 to 2022-11-27T06:00:00 founded 40 vacancies
2022-11-28 00:33:44,045 INFO From 2022-11-27T07:00:00 to 2022-11-27T08:00:00 founded 107 vacancies
2022-11-28 00:33:44,137 INFO From 2022-11-27T06:00:00 to 2022-11-27T07:00:00 founded 54 vacancies
2022-11-28 00:33:45,332 INFO From 2022-11-27T01:00:00 to 2022-11-27T02:00:00 founded 13 vacancies
2022-11-28 00:33:45,333 INFO From 2022-11-27T02:00:00 to 2022-11-27T03:00:00 founded 4 vacancies
2022-11-28 00:33:45,335 INFO From 2022-11-27T03:00:00 to 2022-11-27T04:00:00 founded 10 vacancies
2022-11-28 00:33:45,346 INFO From 2022-11-27T00:00:00 to 2022-11-27T01:00:00 founded 17 vacancies
2022-11-28 00:33:49,087 ERROR The day was checked not for the first time and 33 vacancies were not found
2022-11-28 00:33:49,317 INFO 2022-11-26 founded 4127 vacancies
2022-11-28 00:33:49,581 INFO From 2022-11-26T22:00:00 to 2022-11-26T23:00:00 founded 56 vacancies
2022-11-28 00:33:49,602 INFO From 2022-11-26T20:00:00 to 2022-11-26T21:00:00 founded 73 vacancies
2022-11-28 00:33:49,662 INFO From 2022-11-26T23:00:00 to 2022-11-27T00:00:00 founded 36 vacancies
2022-11-28 00:33:49,729 INFO From 2022-11-26T21:00:00 to 2022-11-26T22:00:00 founded 61 vacancies
2022-11-28 00:33:50,220 INFO From 2022-11-26T19:00:00 to 2022-11-26T20:00:00 founded 118 vacancies
2022-11-28 00:33:50,227 INFO From 2022-11-26T16:00:00 to 2022-11-26T17:00:00 founded 359 vacancies
2022-11-28 00:33:50,311 INFO From 2022-11-26T18:00:00 to 2022-11-26T19:00:00 founded 149 vacancies
2022-11-28 00:33:50,460 INFO From 2022-11-26T17:00:00 to 2022-11-26T18:00:00 founded 289 vacancies
2022-11-28 00:33:52,298 INFO From 2022-11-26T15:00:00 to 2022-11-26T16:00:00 founded 334 vacancies
2022-11-28 00:33:52,301 INFO From 2022-11-26T12:00:00 to 2022-11-26T13:00:00 founded 430 vacancies
2022-11-28 00:33:52,313 INFO From 2022-11-26T13:00:00 to 2022-11-26T14:00:00 founded 413 vacancies
2022-11-28 00:33:52,369 INFO From 2022-11-26T14:00:00 to 2022-11-26T15:00:00 founded 385 vacancies
2022-11-28 00:33:54,861 INFO From 2022-11-26T11:00:00 to 2022-11-26T12:00:00 founded 499 vacancies
2022-11-28 00:33:54,875 INFO From 2022-11-26T10:00:00 to 2022-11-26T11:00:00 founded 310 vacancies
2022-11-28 00:33:54,984 INFO From 2022-11-26T09:00:00 to 2022-11-26T10:00:00 founded 269 vacancies
2022-11-28 00:33:55,036 INFO From 2022-11-26T08:00:00 to 2022-11-26T09:00:00 founded 129 vacancies
2022-11-28 00:33:57,731 INFO From 2022-11-26T04:00:00 to 2022-11-26T05:00:00 founded 10 vacancies
2022-11-28 00:33:57,849 INFO From 2022-11-26T05:00:00 to 2022-11-26T06:00:00 founded 16 vacancies
2022-11-28 00:33:57,872 INFO From 2022-11-26T06:00:00 to 2022-11-26T07:00:00 founded 39 vacancies
2022-11-28 00:33:57,987 INFO From 2022-11-26T07:00:00 to 2022-11-26T08:00:00 founded 100 vacancies
2022-11-28 00:33:58,920 INFO From 2022-11-26T02:00:00 to 2022-11-26T03:00:00 founded 8 vacancies
2022-11-28 00:33:58,921 INFO From 2022-11-26T01:00:00 to 2022-11-26T02:00:00 founded 11 vacancies
2022-11-28 00:33:58,941 INFO From 2022-11-26T00:00:00 to 2022-11-26T01:00:00 founded 18 vacancies
2022-11-28 00:33:59,138 INFO From 2022-11-26T03:00:00 to 2022-11-26T04:00:00 founded 15 vacancies
2022-11-28 00:34:02,322 INFO There are 86 more vacancies in the dataset
2022-11-28 00:34:02,643 INFO 2022-11-25 founded 10568 vacancies
2022-11-28 00:34:02,940 INFO From 2022-11-25T20:00:00 to 2022-11-25T21:00:00 founded 189 vacancies
2022-11-28 00:34:02,979 INFO From 2022-11-25T22:00:00 to 2022-11-25T23:00:00 founded 66 vacancies
2022-11-28 00:34:03,021 INFO From 2022-11-25T21:00:00 to 2022-11-25T22:00:00 founded 77 vacancies
2022-11-28 00:34:03,086 INFO From 2022-11-25T23:00:00 to 2022-11-26T00:00:00 founded 44 vacancies
2022-11-28 00:34:04,559 INFO From 2022-11-25T16:00:00 to 2022-11-25T17:00:00 founded 1079 vacancies
2022-11-28 00:34:04,563 INFO From 2022-11-25T18:00:00 to 2022-11-25T19:00:00 founded 334 vacancies
2022-11-28 00:34:04,626 INFO From 2022-11-25T19:00:00 to 2022-11-25T20:00:00 founded 253 vacancies
2022-11-28 00:34:04,715 INFO From 2022-11-25T17:00:00 to 2022-11-25T18:00:00 founded 695 vacancies
2022-11-28 00:34:10,127 INFO From 2022-11-25T13:00:00 to 2022-11-25T14:00:00 founded 894 vacancies
2022-11-28 00:34:10,149 INFO From 2022-11-25T14:00:00 to 2022-11-25T15:00:00 founded 933 vacancies
2022-11-28 00:34:10,189 INFO From 2022-11-25T15:00:00 to 2022-11-25T16:00:00 founded 1022 vacancies
2022-11-28 00:34:10,483 INFO From 2022-11-25T12:00:00 to 2022-11-25T13:00:00 founded 899 vacancies
2022-11-28 00:34:15,412 INFO From 2022-11-25T10:00:00 to 2022-11-25T11:00:00 founded 991 vacancies
2022-11-28 00:34:15,513 INFO From 2022-11-25T09:00:00 to 2022-11-25T10:00:00 founded 889 vacancies
2022-11-28 00:34:15,567 INFO From 2022-11-25T11:00:00 to 2022-11-25T12:00:00 founded 987 vacancies
2022-11-28 00:34:15,597 INFO From 2022-11-25T08:00:00 to 2022-11-25T09:00:00 founded 535 vacancies
2022-11-28 00:34:20,845 INFO From 2022-11-25T04:00:00 to 2022-11-25T05:00:00 founded 47 vacancies
2022-11-28 00:34:20,879 INFO From 2022-11-25T07:00:00 to 2022-11-25T08:00:00 founded 253 vacancies
2022-11-28 00:34:20,915 INFO From 2022-11-25T06:00:00 to 2022-11-25T07:00:00 founded 167 vacancies
2022-11-28 00:34:21,010 INFO From 2022-11-25T05:00:00 to 2022-11-25T06:00:00 founded 111 vacancies
2022-11-28 00:34:22,165 INFO From 2022-11-25T01:00:00 to 2022-11-25T02:00:00 founded 25 vacancies
2022-11-28 00:34:22,187 INFO From 2022-11-25T03:00:00 to 2022-11-25T04:00:00 founded 34 vacancies
2022-11-28 00:34:22,259 INFO From 2022-11-25T02:00:00 to 2022-11-25T03:00:00 founded 26 vacancies
2022-11-28 00:34:22,282 INFO From 2022-11-25T00:00:00 to 2022-11-25T01:00:00 founded 18 vacancies
2022-11-28 00:34:29,903 INFO There are 6 more vacancies in the dataset
2022-11-28 00:34:30,134 INFO 2022-11-24 founded 5446 vacancies
2022-11-28 00:34:30,269 INFO From 2022-11-24T22:00:00 to 2022-11-24T23:00:00 founded 11 vacancies
2022-11-28 00:34:30,333 INFO From 2022-11-24T20:00:00 to 2022-11-24T21:00:00 founded 52 vacancies
2022-11-28 00:34:30,358 INFO From 2022-11-24T23:00:00 to 2022-11-25T00:00:00 founded 36 vacancies
2022-11-28 00:34:30,376 INFO From 2022-11-24T21:00:00 to 2022-11-24T22:00:00 founded 17 vacancies
2022-11-28 00:34:30,928 INFO From 2022-11-24T19:00:00 to 2022-11-24T20:00:00 founded 75 vacancies
2022-11-28 00:34:31,044 INFO From 2022-11-24T18:00:00 to 2022-11-24T19:00:00 founded 247 vacancies
2022-11-28 00:34:31,190 INFO From 2022-11-24T16:00:00 to 2022-11-24T17:00:00 founded 421 vacancies
2022-11-28 00:34:31,330 INFO From 2022-11-24T17:00:00 to 2022-11-24T18:00:00 founded 279 vacancies
2022-11-28 00:34:33,690 INFO From 2022-11-24T15:00:00 to 2022-11-24T16:00:00 founded 461 vacancies
2022-11-28 00:34:33,779 INFO From 2022-11-24T12:00:00 to 2022-11-24T13:00:00 founded 484 vacancies
2022-11-28 00:34:33,821 INFO From 2022-11-24T14:00:00 to 2022-11-24T15:00:00 founded 397 vacancies
2022-11-28 00:34:33,937 INFO From 2022-11-24T13:00:00 to 2022-11-24T14:00:00 founded 559 vacancies
2022-11-28 00:34:37,603 INFO From 2022-11-24T10:00:00 to 2022-11-24T11:00:00 founded 618 vacancies
2022-11-28 00:34:37,618 INFO From 2022-11-24T11:00:00 to 2022-11-24T12:00:00 founded 495 vacancies
2022-11-28 00:34:37,801 INFO From 2022-11-24T09:00:00 to 2022-11-24T10:00:00 founded 551 vacancies
2022-11-28 00:34:38,183 INFO From 2022-11-24T08:00:00 to 2022-11-24T09:00:00 founded 286 vacancies
2022-11-28 00:34:41,350 INFO From 2022-11-24T04:00:00 to 2022-11-24T05:00:00 founded 47 vacancies
2022-11-28 00:34:41,473 INFO From 2022-11-24T06:00:00 to 2022-11-24T07:00:00 founded 108 vacancies
2022-11-28 00:34:41,651 INFO From 2022-11-24T05:00:00 to 2022-11-24T06:00:00 founded 94 vacancies
2022-11-28 00:34:41,673 INFO From 2022-11-24T07:00:00 to 2022-11-24T08:00:00 founded 168 vacancies
2022-11-28 00:34:42,975 INFO From 2022-11-24T03:00:00 to 2022-11-24T04:00:00 founded 17 vacancies
2022-11-28 00:34:42,976 INFO From 2022-11-24T01:00:00 to 2022-11-24T02:00:00 founded 9 vacancies
2022-11-28 00:34:42,978 INFO From 2022-11-24T02:00:00 to 2022-11-24T03:00:00 founded 5 vacancies
2022-11-28 00:34:43,048 INFO From 2022-11-24T00:00:00 to 2022-11-24T01:00:00 founded 9 vacancies
2022-11-28 00:34:47,008 INFO There are 56 more vacancies in the dataset
2022-11-28 00:34:47,345 INFO 2022-11-23 founded 5254 vacancies
2022-11-28 00:34:47,492 INFO From 2022-11-23T22:00:00 to 2022-11-23T23:00:00 founded 23 vacancies
2022-11-28 00:34:47,508 INFO From 2022-11-23T23:00:00 to 2022-11-24T00:00:00 founded 9 vacancies
2022-11-28 00:34:47,511 INFO From 2022-11-23T21:00:00 to 2022-11-23T22:00:00 founded 40 vacancies
2022-11-28 00:34:47,515 INFO From 2022-11-23T20:00:00 to 2022-11-23T21:00:00 founded 47 vacancies
2022-11-28 00:34:47,994 INFO From 2022-11-23T17:00:00 to 2022-11-23T18:00:00 founded 297 vacancies
2022-11-28 00:34:48,006 INFO From 2022-11-23T16:00:00 to 2022-11-23T17:00:00 founded 361 vacancies
2022-11-28 00:34:48,042 INFO From 2022-11-23T19:00:00 to 2022-11-23T20:00:00 founded 92 vacancies
2022-11-28 00:34:48,057 INFO From 2022-11-23T18:00:00 to 2022-11-23T19:00:00 founded 176 vacancies
2022-11-28 00:34:49,919 INFO From 2022-11-23T13:00:00 to 2022-11-23T14:00:00 founded 398 vacancies
2022-11-28 00:34:50,043 INFO From 2022-11-23T15:00:00 to 2022-11-23T16:00:00 founded 398 vacancies
2022-11-28 00:34:50,090 INFO From 2022-11-23T12:00:00 to 2022-11-23T13:00:00 founded 488 vacancies
2022-11-28 00:34:50,191 INFO From 2022-11-23T14:00:00 to 2022-11-23T15:00:00 founded 454 vacancies
2022-11-28 00:34:53,435 INFO From 2022-11-23T11:00:00 to 2022-11-23T12:00:00 founded 542 vacancies
2022-11-28 00:34:53,541 INFO From 2022-11-23T08:00:00 to 2022-11-23T09:00:00 founded 373 vacancies
2022-11-28 00:34:53,657 INFO From 2022-11-23T10:00:00 to 2022-11-23T11:00:00 founded 624 vacancies
2022-11-28 00:34:53,752 INFO From 2022-11-23T09:00:00 to 2022-11-23T10:00:00 founded 502 vacancies
2022-11-28 00:34:57,088 INFO From 2022-11-23T04:00:00 to 2022-11-23T05:00:00 founded 54 vacancies
2022-11-28 00:34:57,106 INFO From 2022-11-23T06:00:00 to 2022-11-23T07:00:00 founded 81 vacancies
2022-11-28 00:34:57,171 INFO From 2022-11-23T05:00:00 to 2022-11-23T06:00:00 founded 51 vacancies
2022-11-28 00:34:57,244 INFO From 2022-11-23T07:00:00 to 2022-11-23T08:00:00 founded 185 vacancies
2022-11-28 00:34:58,820 INFO From 2022-11-23T03:00:00 to 2022-11-23T04:00:00 founded 21 vacancies
2022-11-28 00:34:58,833 INFO From 2022-11-23T02:00:00 to 2022-11-23T03:00:00 founded 10 vacancies
2022-11-28 00:34:58,889 INFO From 2022-11-23T00:00:00 to 2022-11-23T01:00:00 founded 23 vacancies
2022-11-28 00:34:58,966 INFO From 2022-11-23T01:00:00 to 2022-11-23T02:00:00 founded 5 vacancies
2022-11-28 00:35:05,578 INFO There are 4553 more vacancies in the dataset
2022-11-28 00:35:05,973 INFO 2022-11-22 founded 5703 vacancies
2022-11-28 00:35:06,118 INFO From 2022-11-22T23:00:00 to 2022-11-23T00:00:00 founded 20 vacancies
2022-11-28 00:35:06,129 INFO From 2022-11-22T21:00:00 to 2022-11-22T22:00:00 founded 23 vacancies
2022-11-28 00:35:06,223 INFO From 2022-11-22T22:00:00 to 2022-11-22T23:00:00 founded 107 vacancies
2022-11-28 00:35:06,226 INFO From 2022-11-22T20:00:00 to 2022-11-22T21:00:00 founded 53 vacancies
2022-11-28 00:35:07,229 INFO From 2022-11-22T18:00:00 to 2022-11-22T19:00:00 founded 200 vacancies
2022-11-28 00:35:07,272 INFO From 2022-11-22T16:00:00 to 2022-11-22T17:00:00 founded 427 vacancies
2022-11-28 00:35:07,323 INFO From 2022-11-22T19:00:00 to 2022-11-22T20:00:00 founded 104 vacancies
2022-11-28 00:35:07,328 INFO From 2022-11-22T17:00:00 to 2022-11-22T18:00:00 founded 345 vacancies
2022-11-28 00:35:09,555 INFO From 2022-11-22T12:00:00 to 2022-11-22T13:00:00 founded 498 vacancies
2022-11-28 00:35:09,749 INFO From 2022-11-22T13:00:00 to 2022-11-22T14:00:00 founded 457 vacancies
2022-11-28 00:35:09,814 INFO From 2022-11-22T14:00:00 to 2022-11-22T15:00:00 founded 425 vacancies
2022-11-28 00:35:09,844 INFO From 2022-11-22T15:00:00 to 2022-11-22T16:00:00 founded 417 vacancies
2022-11-28 00:35:12,560 INFO From 2022-11-22T09:00:00 to 2022-11-22T10:00:00 founded 562 vacancies
2022-11-28 00:35:12,570 INFO From 2022-11-22T08:00:00 to 2022-11-22T09:00:00 founded 265 vacancies
2022-11-28 00:35:12,581 INFO From 2022-11-22T11:00:00 to 2022-11-22T12:00:00 founded 504 vacancies
2022-11-28 00:35:12,710 INFO From 2022-11-22T10:00:00 to 2022-11-22T11:00:00 founded 903 vacancies
2022-11-28 00:35:16,903 INFO From 2022-11-22T04:00:00 to 2022-11-22T05:00:00 founded 40 vacancies
2022-11-28 00:35:16,903 INFO From 2022-11-22T05:00:00 to 2022-11-22T06:00:00 founded 45 vacancies
2022-11-28 00:35:16,943 INFO From 2022-11-22T06:00:00 to 2022-11-22T07:00:00 founded 99 vacancies
2022-11-28 00:35:17,050 INFO From 2022-11-22T07:00:00 to 2022-11-22T08:00:00 founded 132 vacancies
2022-11-28 00:35:18,447 INFO From 2022-11-22T02:00:00 to 2022-11-22T03:00:00 founded 11 vacancies
2022-11-28 00:35:18,448 INFO From 2022-11-22T00:00:00 to 2022-11-22T01:00:00 founded 14 vacancies
2022-11-28 00:35:18,474 INFO From 2022-11-22T01:00:00 to 2022-11-22T02:00:00 founded 39 vacancies
2022-11-28 00:35:18,552 INFO From 2022-11-22T03:00:00 to 2022-11-22T04:00:00 founded 13 vacancies
2022-11-28 00:35:26,057 INFO There are 4251 more vacancies in the dataset
2022-11-28 00:35:26,355 INFO 2022-11-21 founded 7144 vacancies
2022-11-28 00:35:26,554 INFO From 2022-11-21T22:00:00 to 2022-11-21T23:00:00 founded 19 vacancies
2022-11-28 00:35:26,585 INFO From 2022-11-21T23:00:00 to 2022-11-22T00:00:00 founded 14 vacancies
2022-11-28 00:35:26,603 INFO From 2022-11-21T20:00:00 to 2022-11-21T21:00:00 founded 72 vacancies
2022-11-28 00:35:26,713 INFO From 2022-11-21T21:00:00 to 2022-11-21T22:00:00 founded 102 vacancies
2022-11-28 00:35:27,680 INFO From 2022-11-21T19:00:00 to 2022-11-21T20:00:00 founded 80 vacancies
2022-11-28 00:35:27,835 INFO From 2022-11-21T18:00:00 to 2022-11-21T19:00:00 founded 179 vacancies
2022-11-28 00:35:27,868 INFO From 2022-11-21T17:00:00 to 2022-11-21T18:00:00 founded 366 vacancies
2022-11-28 00:35:27,920 INFO From 2022-11-21T16:00:00 to 2022-11-21T17:00:00 founded 446 vacancies
2022-11-28 00:35:30,210 INFO From 2022-11-21T13:00:00 to 2022-11-21T14:00:00 founded 609 vacancies
2022-11-28 00:35:30,213 INFO From 2022-11-21T15:00:00 to 2022-11-21T16:00:00 founded 481 vacancies
2022-11-28 00:35:30,315 INFO From 2022-11-21T12:00:00 to 2022-11-21T13:00:00 founded 519 vacancies
2022-11-28 00:35:30,365 INFO From 2022-11-21T14:00:00 to 2022-11-21T15:00:00 founded 532 vacancies
2022-11-28 00:35:33,687 INFO From 2022-11-21T09:00:00 to 2022-11-21T10:00:00 founded 856 vacancies
2022-11-28 00:35:33,718 INFO From 2022-11-21T08:00:00 to 2022-11-21T09:00:00 founded 547 vacancies
2022-11-28 00:35:33,840 INFO From 2022-11-21T10:00:00 to 2022-11-21T11:00:00 founded 951 vacancies
2022-11-28 00:35:33,885 INFO From 2022-11-21T11:00:00 to 2022-11-21T12:00:00 founded 768 vacancies
2022-11-28 00:35:38,895 INFO From 2022-11-21T04:00:00 to 2022-11-21T05:00:00 founded 57 vacancies
2022-11-28 00:35:39,000 INFO From 2022-11-21T05:00:00 to 2022-11-21T06:00:00 founded 95 vacancies
2022-11-28 00:35:39,020 INFO From 2022-11-21T07:00:00 to 2022-11-21T08:00:00 founded 225 vacancies
2022-11-28 00:35:39,146 INFO From 2022-11-21T06:00:00 to 2022-11-21T07:00:00 founded 162 vacancies
2022-11-28 00:35:40,512 INFO From 2022-11-21T01:00:00 to 2022-11-21T02:00:00 founded 7 vacancies
2022-11-28 00:35:40,530 INFO From 2022-11-21T03:00:00 to 2022-11-21T04:00:00 founded 20 vacancies
2022-11-28 00:35:40,531 INFO From 2022-11-21T02:00:00 to 2022-11-21T03:00:00 founded 21 vacancies
2022-11-28 00:35:40,638 INFO From 2022-11-21T00:00:00 to 2022-11-21T01:00:00 founded 16 vacancies
2022-11-28 00:35:46,531 INFO There are 1028 more vacancies in the dataset
2022-11-28 00:35:46,775 INFO 2022-11-20 founded 365 vacancies
2022-11-28 00:35:48,849 INFO There are 42 more vacancies in the dataset
2022-11-28 00:35:49,197 INFO 2022-11-19 founded 425 vacancies
2022-11-28 00:35:51,199 INFO There are 62 more vacancies in the dataset
2022-11-28 00:35:51,442 INFO 2022-11-18 founded 3862 vacancies
2022-11-28 00:35:51,562 INFO From 2022-11-18T23:00:00 to 2022-11-19T00:00:00 founded 5 vacancies
2022-11-28 00:35:51,606 INFO From 2022-11-18T21:00:00 to 2022-11-18T22:00:00 founded 17 vacancies
2022-11-28 00:35:51,626 INFO From 2022-11-18T22:00:00 to 2022-11-18T23:00:00 founded 25 vacancies
2022-11-28 00:35:51,715 INFO From 2022-11-18T20:00:00 to 2022-11-18T21:00:00 founded 36 vacancies
2022-11-28 00:35:52,360 INFO From 2022-11-18T19:00:00 to 2022-11-18T20:00:00 founded 59 vacancies
2022-11-28 00:35:52,427 INFO From 2022-11-18T17:00:00 to 2022-11-18T18:00:00 founded 230 vacancies
2022-11-28 00:35:52,432 INFO From 2022-11-18T16:00:00 to 2022-11-18T17:00:00 founded 366 vacancies
2022-11-28 00:35:52,674 INFO From 2022-11-18T18:00:00 to 2022-11-18T19:00:00 founded 155 vacancies
2022-11-28 00:35:54,215 INFO From 2022-11-18T12:00:00 to 2022-11-18T13:00:00 founded 379 vacancies
2022-11-28 00:35:54,221 INFO From 2022-11-18T13:00:00 to 2022-11-18T14:00:00 founded 371 vacancies
2022-11-28 00:35:54,229 INFO From 2022-11-18T15:00:00 to 2022-11-18T16:00:00 founded 343 vacancies
2022-11-28 00:35:54,233 INFO From 2022-11-18T14:00:00 to 2022-11-18T15:00:00 founded 453 vacancies
2022-11-28 00:35:57,130 INFO From 2022-11-18T08:00:00 to 2022-11-18T09:00:00 founded 186 vacancies
2022-11-28 00:35:57,144 INFO From 2022-11-18T11:00:00 to 2022-11-18T12:00:00 founded 322 vacancies
2022-11-28 00:35:57,164 INFO From 2022-11-18T09:00:00 to 2022-11-18T10:00:00 founded 285 vacancies
2022-11-28 00:35:57,464 INFO From 2022-11-18T10:00:00 to 2022-11-18T11:00:00 founded 362 vacancies
2022-11-28 00:36:00,015 INFO From 2022-11-18T04:00:00 to 2022-11-18T05:00:00 founded 17 vacancies
2022-11-28 00:36:00,017 INFO From 2022-11-18T05:00:00 to 2022-11-18T06:00:00 founded 34 vacancies
2022-11-28 00:36:00,068 INFO From 2022-11-18T06:00:00 to 2022-11-18T07:00:00 founded 51 vacancies
2022-11-28 00:36:00,149 INFO From 2022-11-18T07:00:00 to 2022-11-18T08:00:00 founded 118 vacancies
2022-11-28 00:36:01,478 INFO From 2022-11-18T02:00:00 to 2022-11-18T03:00:00 founded 13 vacancies
2022-11-28 00:36:01,480 INFO From 2022-11-18T00:00:00 to 2022-11-18T01:00:00 founded 10 vacancies
2022-11-28 00:36:01,482 INFO From 2022-11-18T03:00:00 to 2022-11-18T04:00:00 founded 13 vacancies
2022-11-28 00:36:01,607 INFO From 2022-11-18T01:00:00 to 2022-11-18T02:00:00 founded 12 vacancies
2022-11-28 00:36:05,275 INFO There are 518 more vacancies in the dataset
2022-11-28 00:36:05,630 INFO 2022-11-17 founded 3468 vacancies
2022-11-28 00:36:05,727 INFO From 2022-11-17T22:00:00 to 2022-11-17T23:00:00 founded 8 vacancies
2022-11-28 00:36:05,747 INFO From 2022-11-17T23:00:00 to 2022-11-18T00:00:00 founded 21 vacancies
2022-11-28 00:36:05,750 INFO From 2022-11-17T21:00:00 to 2022-11-17T22:00:00 founded 24 vacancies
2022-11-28 00:36:05,801 INFO From 2022-11-17T20:00:00 to 2022-11-17T21:00:00 founded 40 vacancies
2022-11-28 00:36:06,203 INFO From 2022-11-17T17:00:00 to 2022-11-17T18:00:00 founded 193 vacancies
2022-11-28 00:36:06,265 INFO From 2022-11-17T19:00:00 to 2022-11-17T20:00:00 founded 81 vacancies
2022-11-28 00:36:06,298 INFO From 2022-11-17T16:00:00 to 2022-11-17T17:00:00 founded 301 vacancies
2022-11-28 00:36:06,649 INFO From 2022-11-17T18:00:00 to 2022-11-17T19:00:00 founded 105 vacancies
2022-11-28 00:36:08,502 INFO From 2022-11-17T15:00:00 to 2022-11-17T16:00:00 founded 351 vacancies
2022-11-28 00:36:08,516 INFO From 2022-11-17T13:00:00 to 2022-11-17T14:00:00 founded 268 vacancies
2022-11-28 00:36:08,544 INFO From 2022-11-17T12:00:00 to 2022-11-17T13:00:00 founded 378 vacancies
2022-11-28 00:36:08,605 INFO From 2022-11-17T14:00:00 to 2022-11-17T15:00:00 founded 301 vacancies
2022-11-28 00:36:11,077 INFO From 2022-11-17T08:00:00 to 2022-11-17T09:00:00 founded 198 vacancies
2022-11-28 00:36:11,081 INFO From 2022-11-17T10:00:00 to 2022-11-17T11:00:00 founded 309 vacancies
2022-11-28 00:36:11,132 INFO From 2022-11-17T09:00:00 to 2022-11-17T10:00:00 founded 295 vacancies
2022-11-28 00:36:11,216 INFO From 2022-11-17T11:00:00 to 2022-11-17T12:00:00 founded 363 vacancies
2022-11-28 00:36:13,648 INFO From 2022-11-17T05:00:00 to 2022-11-17T06:00:00 founded 30 vacancies
2022-11-28 00:36:13,736 INFO From 2022-11-17T07:00:00 to 2022-11-17T08:00:00 founded 95 vacancies
2022-11-28 00:36:13,757 INFO From 2022-11-17T04:00:00 to 2022-11-17T05:00:00 founded 21 vacancies
2022-11-28 00:36:13,793 INFO From 2022-11-17T06:00:00 to 2022-11-17T07:00:00 founded 55 vacancies
2022-11-28 00:36:14,423 INFO From 2022-11-17T02:00:00 to 2022-11-17T03:00:00 founded 2 vacancies
2022-11-28 00:36:14,424 INFO From 2022-11-17T00:00:00 to 2022-11-17T01:00:00 founded 8 vacancies
2022-11-28 00:36:14,447 INFO From 2022-11-17T03:00:00 to 2022-11-17T04:00:00 founded 15 vacancies
2022-11-28 00:36:14,615 INFO From 2022-11-17T01:00:00 to 2022-11-17T02:00:00 founded 6 vacancies
2022-11-28 00:36:17,806 INFO There are 234 more vacancies in the dataset
2022-11-28 00:36:18,169 INFO 2022-11-16 founded 4731 vacancies
2022-11-28 00:36:18,334 INFO From 2022-11-16T23:00:00 to 2022-11-17T00:00:00 founded 19 vacancies
2022-11-28 00:36:18,382 INFO From 2022-11-16T20:00:00 to 2022-11-16T21:00:00 founded 28 vacancies
2022-11-28 00:36:18,410 INFO From 2022-11-16T22:00:00 to 2022-11-16T23:00:00 founded 143 vacancies
2022-11-28 00:36:18,492 INFO From 2022-11-16T21:00:00 to 2022-11-16T22:00:00 founded 42 vacancies
2022-11-28 00:36:19,380 INFO From 2022-11-16T19:00:00 to 2022-11-16T20:00:00 founded 70 vacancies
2022-11-28 00:36:19,486 INFO From 2022-11-16T17:00:00 to 2022-11-16T18:00:00 founded 207 vacancies
2022-11-28 00:36:19,528 INFO From 2022-11-16T18:00:00 to 2022-11-16T19:00:00 founded 159 vacancies
2022-11-28 00:36:19,715 INFO From 2022-11-16T16:00:00 to 2022-11-16T17:00:00 founded 295 vacancies
2022-11-28 00:36:21,509 INFO From 2022-11-16T13:00:00 to 2022-11-16T14:00:00 founded 391 vacancies
2022-11-28 00:36:21,514 INFO From 2022-11-16T14:00:00 to 2022-11-16T15:00:00 founded 486 vacancies
2022-11-28 00:36:21,526 INFO From 2022-11-16T15:00:00 to 2022-11-16T16:00:00 founded 437 vacancies
2022-11-28 00:36:21,530 INFO From 2022-11-16T12:00:00 to 2022-11-16T13:00:00 founded 325 vacancies
2022-11-28 00:36:24,399 INFO From 2022-11-16T08:00:00 to 2022-11-16T09:00:00 founded 429 vacancies
2022-11-28 00:36:24,413 INFO From 2022-11-16T09:00:00 to 2022-11-16T10:00:00 founded 548 vacancies
2022-11-28 00:36:24,582 INFO From 2022-11-16T11:00:00 to 2022-11-16T12:00:00 founded 514 vacancies
2022-11-28 00:36:24,612 INFO From 2022-11-16T10:00:00 to 2022-11-16T11:00:00 founded 377 vacancies
2022-11-28 00:36:27,788 INFO From 2022-11-16T04:00:00 to 2022-11-16T05:00:00 founded 16 vacancies
2022-11-28 00:36:27,842 INFO From 2022-11-16T06:00:00 to 2022-11-16T07:00:00 founded 52 vacancies
2022-11-28 00:36:27,846 INFO From 2022-11-16T05:00:00 to 2022-11-16T06:00:00 founded 33 vacancies
2022-11-28 00:36:28,012 INFO From 2022-11-16T07:00:00 to 2022-11-16T08:00:00 founded 108 vacancies
2022-11-28 00:36:29,075 INFO From 2022-11-16T01:00:00 to 2022-11-16T02:00:00 founded 9 vacancies
2022-11-28 00:36:29,086 INFO From 2022-11-16T02:00:00 to 2022-11-16T03:00:00 founded 4 vacancies
2022-11-28 00:36:29,099 INFO From 2022-11-16T00:00:00 to 2022-11-16T01:00:00 founded 18 vacancies
2022-11-28 00:36:29,116 INFO From 2022-11-16T03:00:00 to 2022-11-16T04:00:00 founded 21 vacancies
2022-11-28 00:36:34,039 INFO There are 152 more vacancies in the dataset
2022-11-28 00:36:34,546 INFO 2022-11-15 founded 3881 vacancies
2022-11-28 00:36:34,682 INFO From 2022-11-15T23:00:00 to 2022-11-16T00:00:00 founded 8 vacancies
2022-11-28 00:36:34,698 INFO From 2022-11-15T20:00:00 to 2022-11-15T21:00:00 founded 42 vacancies
2022-11-28 00:36:34,758 INFO From 2022-11-15T21:00:00 to 2022-11-15T22:00:00 founded 22 vacancies
2022-11-28 00:36:34,809 INFO From 2022-11-15T22:00:00 to 2022-11-15T23:00:00 founded 40 vacancies
2022-11-28 00:36:35,220 INFO From 2022-11-15T19:00:00 to 2022-11-15T20:00:00 founded 60 vacancies
2022-11-28 00:36:35,353 INFO From 2022-11-15T16:00:00 to 2022-11-15T17:00:00 founded 274 vacancies
2022-11-28 00:36:35,367 INFO From 2022-11-15T17:00:00 to 2022-11-15T18:00:00 founded 317 vacancies
2022-11-28 00:36:35,507 INFO From 2022-11-15T18:00:00 to 2022-11-15T19:00:00 founded 112 vacancies
2022-11-28 00:36:37,601 INFO From 2022-11-15T15:00:00 to 2022-11-15T16:00:00 founded 367 vacancies
2022-11-28 00:36:37,789 INFO From 2022-11-15T12:00:00 to 2022-11-15T13:00:00 founded 323 vacancies
2022-11-28 00:36:37,809 INFO From 2022-11-15T14:00:00 to 2022-11-15T15:00:00 founded 333 vacancies
2022-11-28 00:36:37,894 INFO From 2022-11-15T13:00:00 to 2022-11-15T14:00:00 founded 359 vacancies
2022-11-28 00:36:40,248 INFO From 2022-11-15T10:00:00 to 2022-11-15T11:00:00 founded 480 vacancies
2022-11-28 00:36:40,252 INFO From 2022-11-15T09:00:00 to 2022-11-15T10:00:00 founded 343 vacancies
2022-11-28 00:36:40,325 INFO From 2022-11-15T08:00:00 to 2022-11-15T09:00:00 founded 190 vacancies
2022-11-28 00:36:40,406 INFO From 2022-11-15T11:00:00 to 2022-11-15T12:00:00 founded 377 vacancies
2022-11-28 00:36:42,776 INFO From 2022-11-15T05:00:00 to 2022-11-15T06:00:00 founded 18 vacancies
2022-11-28 00:36:42,798 INFO From 2022-11-15T06:00:00 to 2022-11-15T07:00:00 founded 60 vacancies
2022-11-28 00:36:42,822 INFO From 2022-11-15T04:00:00 to 2022-11-15T05:00:00 founded 34 vacancies
2022-11-28 00:36:42,947 INFO From 2022-11-15T07:00:00 to 2022-11-15T08:00:00 founded 94 vacancies
2022-11-28 00:36:43,461 INFO From 2022-11-15T01:00:00 to 2022-11-15T02:00:00 founded 6 vacancies
2022-11-28 00:36:43,462 INFO From 2022-11-15T02:00:00 to 2022-11-15T03:00:00 founded 5 vacancies
2022-11-28 00:36:43,521 INFO From 2022-11-15T03:00:00 to 2022-11-15T04:00:00 founded 14 vacancies
2022-11-28 00:36:43,544 INFO From 2022-11-15T00:00:00 to 2022-11-15T01:00:00 founded 3 vacancies
2022-11-28 00:36:47,254 INFO There are 184 more vacancies in the dataset
2022-11-28 00:36:47,589 INFO 2022-11-14 founded 4767 vacancies
2022-11-28 00:36:47,770 INFO From 2022-11-14T22:00:00 to 2022-11-14T23:00:00 founded 40 vacancies
2022-11-28 00:36:47,803 INFO From 2022-11-14T20:00:00 to 2022-11-14T21:00:00 founded 19 vacancies
2022-11-28 00:36:47,840 INFO From 2022-11-14T21:00:00 to 2022-11-14T22:00:00 founded 32 vacancies
2022-11-28 00:36:47,904 INFO From 2022-11-14T23:00:00 to 2022-11-15T00:00:00 founded 42 vacancies
2022-11-28 00:36:48,756 INFO From 2022-11-14T18:00:00 to 2022-11-14T19:00:00 founded 172 vacancies
2022-11-28 00:36:48,788 INFO From 2022-11-14T16:00:00 to 2022-11-14T17:00:00 founded 307 vacancies
2022-11-28 00:36:48,820 INFO From 2022-11-14T19:00:00 to 2022-11-14T20:00:00 founded 93 vacancies
2022-11-28 00:36:48,824 INFO From 2022-11-14T17:00:00 to 2022-11-14T18:00:00 founded 221 vacancies
2022-11-28 00:36:51,009 INFO From 2022-11-14T12:00:00 to 2022-11-14T13:00:00 founded 396 vacancies
2022-11-28 00:36:51,042 INFO From 2022-11-14T15:00:00 to 2022-11-14T16:00:00 founded 370 vacancies
2022-11-28 00:36:51,158 INFO From 2022-11-14T14:00:00 to 2022-11-14T15:00:00 founded 374 vacancies
2022-11-28 00:36:51,177 INFO From 2022-11-14T13:00:00 to 2022-11-14T14:00:00 founded 415 vacancies
2022-11-28 00:36:54,036 INFO From 2022-11-14T10:00:00 to 2022-11-14T11:00:00 founded 475 vacancies
2022-11-28 00:36:54,039 INFO From 2022-11-14T08:00:00 to 2022-11-14T09:00:00 founded 293 vacancies
2022-11-28 00:36:54,155 INFO From 2022-11-14T09:00:00 to 2022-11-14T10:00:00 founded 593 vacancies
2022-11-28 00:36:54,182 INFO From 2022-11-14T11:00:00 to 2022-11-14T12:00:00 founded 529 vacancies
2022-11-28 00:36:58,355 INFO From 2022-11-14T06:00:00 to 2022-11-14T07:00:00 founded 105 vacancies
2022-11-28 00:36:58,476 INFO From 2022-11-14T05:00:00 to 2022-11-14T06:00:00 founded 44 vacancies
2022-11-28 00:36:58,478 INFO From 2022-11-14T07:00:00 to 2022-11-14T08:00:00 founded 162 vacancies
2022-11-28 00:36:58,740 INFO From 2022-11-14T04:00:00 to 2022-11-14T05:00:00 founded 33 vacancies
2022-11-28 00:36:59,848 INFO From 2022-11-14T00:00:00 to 2022-11-14T01:00:00 founded 3 vacancies
2022-11-28 00:36:59,877 INFO From 2022-11-14T01:00:00 to 2022-11-14T02:00:00 founded 5 vacancies
2022-11-28 00:36:59,957 INFO From 2022-11-14T02:00:00 to 2022-11-14T03:00:00 founded 7 vacancies
2022-11-28 00:37:00,113 INFO From 2022-11-14T03:00:00 to 2022-11-14T04:00:00 founded 37 vacancies
2022-11-28 00:37:04,217 INFO There are 208 more vacancies in the dataset
2022-11-28 00:37:04,644 INFO 2022-11-13 founded 479 vacancies
2022-11-28 00:37:07,616 INFO There are 29 more vacancies in the dataset
2022-11-28 00:37:08,106 INFO 2022-11-12 founded 423 vacancies
2022-11-28 00:37:10,416 INFO There are 25 more vacancies in the dataset
2022-11-28 00:37:10,756 INFO 2022-11-11 founded 3171 vacancies
2022-11-28 00:37:10,872 INFO From 2022-11-11T23:00:00 to 2022-11-12T00:00:00 founded 4 vacancies
2022-11-28 00:37:10,876 INFO From 2022-11-11T22:00:00 to 2022-11-11T23:00:00 founded 11 vacancies
2022-11-28 00:37:10,895 INFO From 2022-11-11T21:00:00 to 2022-11-11T22:00:00 founded 27 vacancies
2022-11-28 00:37:11,022 INFO From 2022-11-11T20:00:00 to 2022-11-11T21:00:00 founded 24 vacancies
2022-11-28 00:37:11,432 INFO From 2022-11-11T19:00:00 to 2022-11-11T20:00:00 founded 42 vacancies
2022-11-28 00:37:11,526 INFO From 2022-11-11T18:00:00 to 2022-11-11T19:00:00 founded 85 vacancies
2022-11-28 00:37:11,603 INFO From 2022-11-11T17:00:00 to 2022-11-11T18:00:00 founded 238 vacancies
2022-11-28 00:37:11,678 INFO From 2022-11-11T16:00:00 to 2022-11-11T17:00:00 founded 295 vacancies
2022-11-28 00:37:13,329 INFO From 2022-11-11T14:00:00 to 2022-11-11T15:00:00 founded 234 vacancies
2022-11-28 00:37:13,344 INFO From 2022-11-11T12:00:00 to 2022-11-11T13:00:00 founded 300 vacancies
2022-11-28 00:37:13,419 INFO From 2022-11-11T13:00:00 to 2022-11-11T14:00:00 founded 364 vacancies
2022-11-28 00:37:13,447 INFO From 2022-11-11T15:00:00 to 2022-11-11T16:00:00 founded 272 vacancies
2022-11-28 00:37:15,760 INFO From 2022-11-11T10:00:00 to 2022-11-11T11:00:00 founded 320 vacancies
2022-11-28 00:37:15,835 INFO From 2022-11-11T08:00:00 to 2022-11-11T09:00:00 founded 118 vacancies
2022-11-28 00:37:15,839 INFO From 2022-11-11T11:00:00 to 2022-11-11T12:00:00 founded 312 vacancies
2022-11-28 00:37:15,896 INFO From 2022-11-11T09:00:00 to 2022-11-11T10:00:00 founded 329 vacancies
2022-11-28 00:37:18,315 INFO From 2022-11-11T05:00:00 to 2022-11-11T06:00:00 founded 30 vacancies
2022-11-28 00:37:18,355 INFO From 2022-11-11T06:00:00 to 2022-11-11T07:00:00 founded 49 vacancies
2022-11-28 00:37:18,365 INFO From 2022-11-11T07:00:00 to 2022-11-11T08:00:00 founded 70 vacancies
2022-11-28 00:37:18,383 INFO From 2022-11-11T04:00:00 to 2022-11-11T05:00:00 founded 14 vacancies
2022-11-28 00:37:18,846 INFO From 2022-11-11T01:00:00 to 2022-11-11T02:00:00 founded 8 vacancies
2022-11-28 00:37:18,846 INFO From 2022-11-11T03:00:00 to 2022-11-11T04:00:00 founded 12 vacancies
2022-11-28 00:37:18,908 INFO From 2022-11-11T02:00:00 to 2022-11-11T03:00:00 founded 4 vacancies
2022-11-28 00:37:18,908 INFO From 2022-11-11T00:00:00 to 2022-11-11T01:00:00 founded 9 vacancies
2022-11-28 00:37:21,403 INFO There are 212 more vacancies in the dataset
2022-11-28 00:37:21,710 INFO 2022-11-10 founded 3166 vacancies
2022-11-28 00:37:21,836 INFO From 2022-11-10T23:00:00 to 2022-11-11T00:00:00 founded 5 vacancies
2022-11-28 00:37:21,900 INFO From 2022-11-10T22:00:00 to 2022-11-10T23:00:00 founded 33 vacancies
2022-11-28 00:37:21,959 INFO From 2022-11-10T21:00:00 to 2022-11-10T22:00:00 founded 41 vacancies
2022-11-28 00:37:22,074 INFO From 2022-11-10T20:00:00 to 2022-11-10T21:00:00 founded 30 vacancies
2022-11-28 00:37:22,696 INFO From 2022-11-10T19:00:00 to 2022-11-10T20:00:00 founded 51 vacancies
2022-11-28 00:37:22,777 INFO From 2022-11-10T16:00:00 to 2022-11-10T17:00:00 founded 357 vacancies
2022-11-28 00:37:22,926 INFO From 2022-11-10T17:00:00 to 2022-11-10T18:00:00 founded 211 vacancies
2022-11-28 00:37:23,049 INFO From 2022-11-10T18:00:00 to 2022-11-10T19:00:00 founded 129 vacancies
2022-11-28 00:37:24,658 INFO From 2022-11-10T14:00:00 to 2022-11-10T15:00:00 founded 256 vacancies
2022-11-28 00:37:24,757 INFO From 2022-11-10T15:00:00 to 2022-11-10T16:00:00 founded 294 vacancies
2022-11-28 00:37:24,769 INFO From 2022-11-10T13:00:00 to 2022-11-10T14:00:00 founded 278 vacancies
2022-11-28 00:37:25,093 INFO From 2022-11-10T12:00:00 to 2022-11-10T13:00:00 founded 288 vacancies
2022-11-28 00:37:28,118 INFO From 2022-11-10T09:00:00 to 2022-11-10T10:00:00 founded 256 vacancies
2022-11-28 00:37:28,211 INFO From 2022-11-10T11:00:00 to 2022-11-10T12:00:00 founded 299 vacancies
2022-11-28 00:37:28,247 INFO From 2022-11-10T08:00:00 to 2022-11-10T09:00:00 founded 150 vacancies
2022-11-28 00:37:28,388 INFO From 2022-11-10T10:00:00 to 2022-11-10T11:00:00 founded 257 vacancies
2022-11-28 00:37:30,214 INFO From 2022-11-10T04:00:00 to 2022-11-10T05:00:00 founded 14 vacancies
2022-11-28 00:37:30,335 INFO From 2022-11-10T06:00:00 to 2022-11-10T07:00:00 founded 51 vacancies
2022-11-28 00:37:30,374 INFO From 2022-11-10T05:00:00 to 2022-11-10T06:00:00 founded 28 vacancies
2022-11-28 00:37:30,584 INFO From 2022-11-10T07:00:00 to 2022-11-10T08:00:00 founded 77 vacancies
2022-11-28 00:37:31,117 INFO From 2022-11-10T02:00:00 to 2022-11-10T03:00:00 founded 1 vacancies
2022-11-28 00:37:31,119 INFO From 2022-11-10T01:00:00 to 2022-11-10T02:00:00 founded 31 vacancies
2022-11-28 00:37:31,208 INFO From 2022-11-10T03:00:00 to 2022-11-10T04:00:00 founded 20 vacancies
2022-11-28 00:37:31,381 INFO From 2022-11-10T00:00:00 to 2022-11-10T01:00:00 founded 9 vacancies
2022-11-28 00:37:33,996 INFO There are 98 more vacancies in the dataset
2022-11-28 00:37:34,568 INFO 2022-11-09 founded 3469 vacancies
2022-11-28 00:37:34,679 INFO From 2022-11-09T23:00:00 to 2022-11-10T00:00:00 founded 15 vacancies
2022-11-28 00:37:34,705 INFO From 2022-11-09T22:00:00 to 2022-11-09T23:00:00 founded 18 vacancies
2022-11-28 00:37:34,795 INFO From 2022-11-09T21:00:00 to 2022-11-09T22:00:00 founded 18 vacancies
2022-11-28 00:37:34,879 INFO From 2022-11-09T20:00:00 to 2022-11-09T21:00:00 founded 16 vacancies
2022-11-28 00:37:35,367 INFO From 2022-11-09T19:00:00 to 2022-11-09T20:00:00 founded 59 vacancies
2022-11-28 00:37:35,449 INFO From 2022-11-09T18:00:00 to 2022-11-09T19:00:00 founded 174 vacancies
2022-11-28 00:37:35,452 INFO From 2022-11-09T17:00:00 to 2022-11-09T18:00:00 founded 183 vacancies
2022-11-28 00:37:35,568 INFO From 2022-11-09T16:00:00 to 2022-11-09T17:00:00 founded 301 vacancies
2022-11-28 00:37:37,441 INFO From 2022-11-09T12:00:00 to 2022-11-09T13:00:00 founded 270 vacancies
2022-11-28 00:37:37,447 INFO From 2022-11-09T14:00:00 to 2022-11-09T15:00:00 founded 381 vacancies
2022-11-28 00:37:37,460 INFO From 2022-11-09T13:00:00 to 2022-11-09T14:00:00 founded 236 vacancies
2022-11-28 00:37:37,529 INFO From 2022-11-09T15:00:00 to 2022-11-09T16:00:00 founded 342 vacancies
2022-11-28 00:37:39,525 INFO From 2022-11-09T09:00:00 to 2022-11-09T10:00:00 founded 334 vacancies
2022-11-28 00:37:39,563 INFO From 2022-11-09T10:00:00 to 2022-11-09T11:00:00 founded 413 vacancies
2022-11-28 00:37:39,707 INFO From 2022-11-09T08:00:00 to 2022-11-09T09:00:00 founded 157 vacancies
2022-11-28 00:37:39,727 INFO From 2022-11-09T11:00:00 to 2022-11-09T12:00:00 founded 342 vacancies
2022-11-28 00:37:42,019 INFO From 2022-11-09T04:00:00 to 2022-11-09T05:00:00 founded 4 vacancies
2022-11-28 00:37:42,079 INFO From 2022-11-09T05:00:00 to 2022-11-09T06:00:00 founded 32 vacancies
2022-11-28 00:37:42,179 INFO From 2022-11-09T06:00:00 to 2022-11-09T07:00:00 founded 46 vacancies
2022-11-28 00:37:42,471 INFO From 2022-11-09T07:00:00 to 2022-11-09T08:00:00 founded 85 vacancies
2022-11-28 00:37:42,936 INFO From 2022-11-09T00:00:00 to 2022-11-09T01:00:00 founded 9 vacancies
2022-11-28 00:37:42,937 INFO From 2022-11-09T02:00:00 to 2022-11-09T03:00:00 founded 21 vacancies
2022-11-28 00:37:42,995 INFO From 2022-11-09T03:00:00 to 2022-11-09T04:00:00 founded 6 vacancies
2022-11-28 00:37:43,019 INFO From 2022-11-09T01:00:00 to 2022-11-09T02:00:00 founded 7 vacancies
2022-11-28 00:37:45,915 INFO There are 106 more vacancies in the dataset
2022-11-28 00:37:46,314 INFO 2022-11-08 founded 3522 vacancies
2022-11-28 00:37:46,422 INFO From 2022-11-08T23:00:00 to 2022-11-09T00:00:00 founded 6 vacancies
2022-11-28 00:37:46,540 INFO From 2022-11-08T20:00:00 to 2022-11-08T21:00:00 founded 207 vacancies
2022-11-28 00:37:46,547 INFO From 2022-11-08T21:00:00 to 2022-11-08T22:00:00 founded 29 vacancies
2022-11-28 00:37:46,617 INFO From 2022-11-08T22:00:00 to 2022-11-08T23:00:00 founded 11 vacancies
2022-11-28 00:37:47,877 INFO From 2022-11-08T19:00:00 to 2022-11-08T20:00:00 founded 65 vacancies
2022-11-28 00:37:47,921 INFO From 2022-11-08T17:00:00 to 2022-11-08T18:00:00 founded 210 vacancies
2022-11-28 00:37:48,033 INFO From 2022-11-08T18:00:00 to 2022-11-08T19:00:00 founded 109 vacancies
2022-11-28 00:37:48,185 INFO From 2022-11-08T16:00:00 to 2022-11-08T17:00:00 founded 264 vacancies
2022-11-28 00:37:49,917 INFO From 2022-11-08T15:00:00 to 2022-11-08T16:00:00 founded 256 vacancies
2022-11-28 00:37:50,021 INFO From 2022-11-08T12:00:00 to 2022-11-08T13:00:00 founded 267 vacancies
2022-11-28 00:37:50,035 INFO From 2022-11-08T13:00:00 to 2022-11-08T14:00:00 founded 314 vacancies
2022-11-28 00:37:50,107 INFO From 2022-11-08T14:00:00 to 2022-11-08T15:00:00 founded 308 vacancies
2022-11-28 00:37:52,679 INFO From 2022-11-08T10:00:00 to 2022-11-08T11:00:00 founded 425 vacancies
2022-11-28 00:37:52,746 INFO From 2022-11-08T09:00:00 to 2022-11-08T10:00:00 founded 318 vacancies
2022-11-28 00:37:52,750 INFO From 2022-11-08T11:00:00 to 2022-11-08T12:00:00 founded 319 vacancies
2022-11-28 00:37:52,758 INFO From 2022-11-08T08:00:00 to 2022-11-08T09:00:00 founded 155 vacancies
2022-11-28 00:37:55,219 INFO From 2022-11-08T05:00:00 to 2022-11-08T06:00:00 founded 38 vacancies
2022-11-28 00:37:55,283 INFO From 2022-11-08T04:00:00 to 2022-11-08T05:00:00 founded 19 vacancies
2022-11-28 00:37:55,376 INFO From 2022-11-08T06:00:00 to 2022-11-08T07:00:00 founded 65 vacancies
2022-11-28 00:37:55,549 INFO From 2022-11-08T07:00:00 to 2022-11-08T08:00:00 founded 84 vacancies
2022-11-28 00:37:56,218 INFO From 2022-11-08T02:00:00 to 2022-11-08T03:00:00 founded 5 vacancies
2022-11-28 00:37:56,219 INFO From 2022-11-08T03:00:00 to 2022-11-08T04:00:00 founded 15 vacancies
2022-11-28 00:37:56,243 INFO From 2022-11-08T00:00:00 to 2022-11-08T01:00:00 founded 12 vacancies
2022-11-28 00:37:56,344 INFO From 2022-11-08T01:00:00 to 2022-11-08T02:00:00 founded 21 vacancies
2022-11-28 00:37:58,932 INFO There are 106 more vacancies in the dataset
2022-11-28 00:37:59,425 INFO 2022-11-07 founded 4081 vacancies
2022-11-28 00:37:59,568 INFO From 2022-11-07T22:00:00 to 2022-11-07T23:00:00 founded 29 vacancies
2022-11-28 00:37:59,586 INFO From 2022-11-07T20:00:00 to 2022-11-07T21:00:00 founded 32 vacancies
2022-11-28 00:37:59,611 INFO From 2022-11-07T21:00:00 to 2022-11-07T22:00:00 founded 51 vacancies
2022-11-28 00:37:59,631 INFO From 2022-11-07T23:00:00 to 2022-11-08T00:00:00 founded 15 vacancies
2022-11-28 00:38:00,232 INFO From 2022-11-07T16:00:00 to 2022-11-07T17:00:00 founded 305 vacancies
2022-11-28 00:38:00,235 INFO From 2022-11-07T18:00:00 to 2022-11-07T19:00:00 founded 135 vacancies
2022-11-28 00:38:00,269 INFO From 2022-11-07T17:00:00 to 2022-11-07T18:00:00 founded 207 vacancies
2022-11-28 00:38:00,327 INFO From 2022-11-07T19:00:00 to 2022-11-07T20:00:00 founded 41 vacancies
2022-11-28 00:38:02,456 INFO From 2022-11-07T15:00:00 to 2022-11-07T16:00:00 founded 325 vacancies
2022-11-28 00:38:02,509 INFO From 2022-11-07T13:00:00 to 2022-11-07T14:00:00 founded 321 vacancies
2022-11-28 00:38:02,548 INFO From 2022-11-07T14:00:00 to 2022-11-07T15:00:00 founded 338 vacancies
2022-11-28 00:38:02,657 INFO From 2022-11-07T12:00:00 to 2022-11-07T13:00:00 founded 316 vacancies
2022-11-28 00:38:05,168 INFO From 2022-11-07T08:00:00 to 2022-11-07T09:00:00 founded 241 vacancies
2022-11-28 00:38:05,335 INFO From 2022-11-07T10:00:00 to 2022-11-07T11:00:00 founded 500 vacancies
2022-11-28 00:38:05,467 INFO From 2022-11-07T11:00:00 to 2022-11-07T12:00:00 founded 406 vacancies
2022-11-28 00:38:05,619 INFO From 2022-11-07T09:00:00 to 2022-11-07T10:00:00 founded 498 vacancies
2022-11-28 00:38:08,728 INFO From 2022-11-07T04:00:00 to 2022-11-07T05:00:00 founded 25 vacancies
2022-11-28 00:38:08,772 INFO From 2022-11-07T05:00:00 to 2022-11-07T06:00:00 founded 55 vacancies
2022-11-28 00:38:08,868 INFO From 2022-11-07T07:00:00 to 2022-11-07T08:00:00 founded 131 vacancies
2022-11-28 00:38:09,283 INFO From 2022-11-07T06:00:00 to 2022-11-07T07:00:00 founded 82 vacancies
2022-11-28 00:38:10,018 INFO From 2022-11-07T03:00:00 to 2022-11-07T04:00:00 founded 12 vacancies
2022-11-28 00:38:10,019 INFO From 2022-11-07T01:00:00 to 2022-11-07T02:00:00 founded 5 vacancies
2022-11-28 00:38:10,020 INFO From 2022-11-07T00:00:00 to 2022-11-07T01:00:00 founded 6 vacancies
2022-11-28 00:38:10,089 INFO From 2022-11-07T02:00:00 to 2022-11-07T03:00:00 founded 5 vacancies
2022-11-28 00:38:13,197 INFO There are 129 more vacancies in the dataset
2022-11-28 00:38:14,089 INFO 2022-11-06 founded 366 vacancies
2022-11-28 00:38:16,318 INFO There are 20 more vacancies in the dataset
2022-11-28 00:38:16,917 INFO 2022-11-05 founded 243 vacancies
2022-11-28 00:38:18,036 INFO There are 10 more vacancies in the dataset
2022-11-28 00:38:18,626 INFO 2022-11-04 founded 766 vacancies
2022-11-28 00:38:21,868 INFO There are 15 more vacancies in the dataset
2022-11-28 00:38:22,290 INFO 2022-11-03 founded 2773 vacancies
2022-11-28 00:38:22,480 INFO From 2022-11-03T23:00:00 to 2022-11-04T00:00:00 founded 4 vacancies
2022-11-28 00:38:22,488 INFO From 2022-11-03T20:00:00 to 2022-11-03T21:00:00 founded 41 vacancies
2022-11-28 00:38:22,572 INFO From 2022-11-03T22:00:00 to 2022-11-03T23:00:00 founded 34 vacancies
2022-11-28 00:38:22,758 INFO From 2022-11-03T21:00:00 to 2022-11-03T22:00:00 founded 10 vacancies
2022-11-28 00:38:23,085 INFO From 2022-11-03T19:00:00 to 2022-11-03T20:00:00 founded 24 vacancies
2022-11-28 00:38:23,143 INFO From 2022-11-03T18:00:00 to 2022-11-03T19:00:00 founded 74 vacancies
2022-11-28 00:38:23,362 INFO From 2022-11-03T17:00:00 to 2022-11-03T18:00:00 founded 131 vacancies
2022-11-28 00:38:23,396 INFO From 2022-11-03T16:00:00 to 2022-11-03T17:00:00 founded 242 vacancies
2022-11-28 00:38:24,809 INFO From 2022-11-03T15:00:00 to 2022-11-03T16:00:00 founded 233 vacancies
2022-11-28 00:38:24,934 INFO From 2022-11-03T13:00:00 to 2022-11-03T14:00:00 founded 246 vacancies
2022-11-28 00:38:25,006 INFO From 2022-11-03T12:00:00 to 2022-11-03T13:00:00 founded 227 vacancies
2022-11-28 00:38:25,062 INFO From 2022-11-03T14:00:00 to 2022-11-03T15:00:00 founded 274 vacancies
2022-11-28 00:38:27,574 INFO From 2022-11-03T08:00:00 to 2022-11-03T09:00:00 founded 168 vacancies
2022-11-28 00:38:27,606 INFO From 2022-11-03T09:00:00 to 2022-11-03T10:00:00 founded 385 vacancies
2022-11-28 00:38:27,696 INFO From 2022-11-03T10:00:00 to 2022-11-03T11:00:00 founded 234 vacancies
2022-11-28 00:38:27,724 INFO From 2022-11-03T11:00:00 to 2022-11-03T12:00:00 founded 274 vacancies
2022-11-28 00:38:29,552 INFO From 2022-11-03T04:00:00 to 2022-11-03T05:00:00 founded 7 vacancies
2022-11-28 00:38:29,576 INFO From 2022-11-03T05:00:00 to 2022-11-03T06:00:00 founded 17 vacancies
2022-11-28 00:38:29,686 INFO From 2022-11-03T06:00:00 to 2022-11-03T07:00:00 founded 38 vacancies
2022-11-28 00:38:29,735 INFO From 2022-11-03T07:00:00 to 2022-11-03T08:00:00 founded 98 vacancies
2022-11-28 00:38:30,197 INFO From 2022-11-03T02:00:00 to 2022-11-03T03:00:00 founded 4 vacancies
2022-11-28 00:38:30,220 INFO From 2022-11-03T03:00:00 to 2022-11-03T04:00:00 founded 1 vacancies
2022-11-28 00:38:30,293 INFO From 2022-11-03T01:00:00 to 2022-11-03T02:00:00 founded 3 vacancies
2022-11-28 00:38:30,534 INFO From 2022-11-03T00:00:00 to 2022-11-03T01:00:00 founded 4 vacancies
2022-11-28 00:39:02,587 INFO There are 71 more vacancies in the dataset
2022-11-28 00:39:03,006 INFO 2022-11-02 founded 2895 vacancies
2022-11-28 00:39:03,120 INFO From 2022-11-02T23:00:00 to 2022-11-03T00:00:00 founded 7 vacancies
2022-11-28 00:39:03,156 INFO From 2022-11-02T22:00:00 to 2022-11-02T23:00:00 founded 18 vacancies
2022-11-28 00:39:03,203 INFO From 2022-11-02T21:00:00 to 2022-11-02T22:00:00 founded 18 vacancies
2022-11-28 00:39:03,290 INFO From 2022-11-02T20:00:00 to 2022-11-02T21:00:00 founded 43 vacancies
2022-11-28 00:39:04,061 INFO From 2022-11-02T17:00:00 to 2022-11-02T18:00:00 founded 193 vacancies
2022-11-28 00:39:04,065 INFO From 2022-11-02T18:00:00 to 2022-11-02T19:00:00 founded 93 vacancies
2022-11-28 00:39:04,119 INFO From 2022-11-02T19:00:00 to 2022-11-02T20:00:00 founded 60 vacancies
2022-11-28 00:39:04,438 INFO From 2022-11-02T16:00:00 to 2022-11-02T17:00:00 founded 285 vacancies
2022-11-28 00:39:06,223 INFO From 2022-11-02T15:00:00 to 2022-11-02T16:00:00 founded 189 vacancies
2022-11-28 00:39:06,268 INFO From 2022-11-02T14:00:00 to 2022-11-02T15:00:00 founded 285 vacancies
2022-11-28 00:39:06,313 INFO From 2022-11-02T13:00:00 to 2022-11-02T14:00:00 founded 325 vacancies
2022-11-28 00:39:06,514 INFO From 2022-11-02T12:00:00 to 2022-11-02T13:00:00 founded 225 vacancies
2022-11-28 00:39:08,705 INFO From 2022-11-02T09:00:00 to 2022-11-02T10:00:00 founded 273 vacancies
2022-11-28 00:39:08,709 INFO From 2022-11-02T08:00:00 to 2022-11-02T09:00:00 founded 161 vacancies
2022-11-28 00:39:08,793 INFO From 2022-11-02T10:00:00 to 2022-11-02T11:00:00 founded 269 vacancies
2022-11-28 00:39:08,805 INFO From 2022-11-02T11:00:00 to 2022-11-02T12:00:00 founded 292 vacancies
2022-11-28 00:39:11,696 INFO From 2022-11-02T04:00:00 to 2022-11-02T05:00:00 founded 16 vacancies
2022-11-28 00:39:11,715 INFO From 2022-11-02T06:00:00 to 2022-11-02T07:00:00 founded 39 vacancies
2022-11-28 00:39:11,809 INFO From 2022-11-02T07:00:00 to 2022-11-02T08:00:00 founded 61 vacancies
2022-11-28 00:39:11,887 INFO From 2022-11-02T05:00:00 to 2022-11-02T06:00:00 founded 16 vacancies
2022-11-28 00:39:12,266 INFO From 2022-11-02T03:00:00 to 2022-11-02T04:00:00 founded 4 vacancies
2022-11-28 00:39:12,284 INFO From 2022-11-02T00:00:00 to 2022-11-02T01:00:00 founded 7 vacancies
2022-11-28 00:39:12,352 INFO From 2022-11-02T02:00:00 to 2022-11-02T03:00:00 founded 5 vacancies
2022-11-28 00:39:12,531 INFO From 2022-11-02T01:00:00 to 2022-11-02T02:00:00 founded 11 vacancies
2022-11-28 00:39:14,944 INFO There are 84 more vacancies in the dataset
2022-11-28 00:39:15,301 INFO 2022-11-01 founded 3012 vacancies
2022-11-28 00:39:15,454 INFO From 2022-11-01T22:00:00 to 2022-11-01T23:00:00 founded 15 vacancies
2022-11-28 00:39:15,466 INFO From 2022-11-01T23:00:00 to 2022-11-02T00:00:00 founded 11 vacancies
2022-11-28 00:39:15,475 INFO From 2022-11-01T20:00:00 to 2022-11-01T21:00:00 founded 29 vacancies
2022-11-28 00:39:15,581 INFO From 2022-11-01T21:00:00 to 2022-11-01T22:00:00 founded 24 vacancies
2022-11-28 00:39:16,073 INFO From 2022-11-01T18:00:00 to 2022-11-01T19:00:00 founded 110 vacancies
2022-11-28 00:39:16,090 INFO From 2022-11-01T19:00:00 to 2022-11-01T20:00:00 founded 48 vacancies
2022-11-28 00:39:16,193 INFO From 2022-11-01T17:00:00 to 2022-11-01T18:00:00 founded 179 vacancies
2022-11-28 00:39:16,216 INFO From 2022-11-01T16:00:00 to 2022-11-01T17:00:00 founded 218 vacancies
2022-11-28 00:39:18,228 INFO From 2022-11-01T13:00:00 to 2022-11-01T14:00:00 founded 221 vacancies
2022-11-28 00:39:18,232 INFO From 2022-11-01T15:00:00 to 2022-11-01T16:00:00 founded 415 vacancies
2022-11-28 00:39:18,560 INFO From 2022-11-01T12:00:00 to 2022-11-01T13:00:00 founded 278 vacancies
2022-11-28 00:39:18,695 INFO From 2022-11-01T14:00:00 to 2022-11-01T15:00:00 founded 248 vacancies
2022-11-28 00:39:21,514 INFO From 2022-11-01T08:00:00 to 2022-11-01T09:00:00 founded 127 vacancies
2022-11-28 00:39:21,589 INFO From 2022-11-01T11:00:00 to 2022-11-01T12:00:00 founded 277 vacancies
2022-11-28 00:39:21,699 INFO From 2022-11-01T10:00:00 to 2022-11-01T11:00:00 founded 312 vacancies
2022-11-28 00:39:21,788 INFO From 2022-11-01T09:00:00 to 2022-11-01T10:00:00 founded 322 vacancies
2022-11-28 00:39:24,142 INFO From 2022-11-01T05:00:00 to 2022-11-01T06:00:00 founded 18 vacancies
2022-11-28 00:39:24,303 INFO From 2022-11-01T04:00:00 to 2022-11-01T05:00:00 founded 16 vacancies
2022-11-28 00:39:24,316 INFO From 2022-11-01T06:00:00 to 2022-11-01T07:00:00 founded 40 vacancies
2022-11-28 00:39:24,340 INFO From 2022-11-01T07:00:00 to 2022-11-01T08:00:00 founded 71 vacancies
2022-11-28 00:39:24,967 INFO From 2022-11-01T01:00:00 to 2022-11-01T02:00:00 founded 7 vacancies
2022-11-28 00:39:24,975 INFO From 2022-11-01T03:00:00 to 2022-11-01T04:00:00 founded 11 vacancies
2022-11-28 00:39:24,980 INFO From 2022-11-01T00:00:00 to 2022-11-01T01:00:00 founded 12 vacancies
2022-11-28 00:39:25,081 INFO From 2022-11-01T02:00:00 to 2022-11-01T03:00:00 founded 3 vacancies
2022-11-28 00:39:27,483 INFO There are 103 more vacancies in the dataset
2022-11-28 00:39:27,821 INFO 2022-10-31 founded 3054 vacancies
2022-11-28 00:39:27,947 INFO From 2022-10-31T22:00:00 to 2022-10-31T23:00:00 founded 11 vacancies
2022-11-28 00:39:28,032 INFO From 2022-10-31T21:00:00 to 2022-10-31T22:00:00 founded 59 vacancies
2022-11-28 00:39:28,160 INFO From 2022-10-31T20:00:00 to 2022-10-31T21:00:00 founded 53 vacancies
2022-11-28 00:39:28,244 INFO From 2022-10-31T23:00:00 to 2022-11-01T00:00:00 founded 22 vacancies
2022-11-28 00:39:28,847 INFO From 2022-10-31T19:00:00 to 2022-10-31T20:00:00 founded 43 vacancies
2022-11-28 00:39:28,903 INFO From 2022-10-31T17:00:00 to 2022-10-31T18:00:00 founded 160 vacancies
2022-11-28 00:39:28,905 INFO From 2022-10-31T16:00:00 to 2022-10-31T17:00:00 founded 264 vacancies
2022-11-28 00:39:29,054 INFO From 2022-10-31T18:00:00 to 2022-10-31T19:00:00 founded 135 vacancies
2022-11-28 00:39:30,886 INFO From 2022-10-31T12:00:00 to 2022-10-31T13:00:00 founded 238 vacancies
2022-11-28 00:39:30,899 INFO From 2022-10-31T15:00:00 to 2022-10-31T16:00:00 founded 195 vacancies
2022-11-28 00:39:30,907 INFO From 2022-10-31T13:00:00 to 2022-10-31T14:00:00 founded 262 vacancies
2022-11-28 00:39:30,984 INFO From 2022-10-31T14:00:00 to 2022-10-31T15:00:00 founded 202 vacancies
2022-11-28 00:39:33,167 INFO From 2022-10-31T09:00:00 to 2022-10-31T10:00:00 founded 341 vacancies
2022-11-28 00:39:33,218 INFO From 2022-10-31T08:00:00 to 2022-10-31T09:00:00 founded 224 vacancies
2022-11-28 00:39:33,254 INFO From 2022-10-31T11:00:00 to 2022-10-31T12:00:00 founded 310 vacancies
2022-11-28 00:39:33,494 INFO From 2022-10-31T10:00:00 to 2022-10-31T11:00:00 founded 338 vacancies
2022-11-28 00:39:35,973 INFO From 2022-10-31T04:00:00 to 2022-10-31T05:00:00 founded 16 vacancies
2022-11-28 00:39:36,036 INFO From 2022-10-31T06:00:00 to 2022-10-31T07:00:00 founded 47 vacancies
2022-11-28 00:39:36,039 INFO From 2022-10-31T05:00:00 to 2022-10-31T06:00:00 founded 29 vacancies
2022-11-28 00:39:36,501 INFO From 2022-10-31T07:00:00 to 2022-10-31T08:00:00 founded 72 vacancies
2022-11-28 00:39:36,995 INFO From 2022-10-31T02:00:00 to 2022-10-31T03:00:00 founded 8 vacancies
2022-11-28 00:39:37,013 INFO From 2022-10-31T03:00:00 to 2022-10-31T04:00:00 founded 20 vacancies
2022-11-28 00:39:37,116 INFO From 2022-10-31T00:00:00 to 2022-10-31T01:00:00 founded 2 vacancies
2022-11-28 00:39:37,118 INFO From 2022-10-31T01:00:00 to 2022-10-31T02:00:00 founded 3 vacancies
2022-11-28 00:39:39,584 INFO There are 162 more vacancies in the dataset
2022-11-28 00:39:39,928 INFO 2022-10-30 founded 235 vacancies
2022-11-28 00:39:41,410 INFO There are 10 more vacancies in the dataset
2022-11-28 00:39:41,800 INFO 2022-10-29 founded 274 vacancies
2022-11-28 00:39:43,549 INFO There are 14 more vacancies in the dataset
2022-11-28 00:39:43,549 INFO 96715
2022-11-28 00:39:43,549 INFO 93139
2022-11-28 00:39:43,549 INFO 96709
2022-11-28 00:39:43,549 INFO Program works 370 seconds
