2022-11-23 20:35:10,961 INFO Checking of last 3 days started.
2022-11-23 20:35:11,614 INFO Founded 24044 vacancies
2022-11-23 20:35:12,126 INFO 2022-11-22 founded 10494 vacancies
2022-11-23 20:35:12,427 INFO From 2022-11-22T22:00:00 to 2022-11-22T23:00:00 founded 165 vacancies
2022-11-23 20:35:12,427 INFO From 2022-11-22T20:00:00 to 2022-11-22T21:00:00 founded 122 vacancies
2022-11-23 20:35:12,427 INFO From 2022-11-22T21:00:00 to 2022-11-22T22:00:00 founded 90 vacancies
2022-11-23 20:35:12,515 INFO From 2022-11-22T23:00:00 to 2022-11-23T00:00:00 founded 61 vacancies
2022-11-23 20:35:13,775 INFO From 2022-11-22T18:00:00 to 2022-11-22T19:00:00 founded 391 vacancies
2022-11-23 20:35:13,783 INFO From 2022-11-22T17:00:00 to 2022-11-22T18:00:00 founded 630 vacancies
2022-11-23 20:35:13,791 INFO From 2022-11-22T16:00:00 to 2022-11-22T17:00:00 founded 785 vacancies
2022-11-23 20:35:13,791 INFO From 2022-11-22T19:00:00 to 2022-11-22T20:00:00 founded 212 vacancies
2022-11-23 20:35:17,852 INFO From 2022-11-22T12:00:00 to 2022-11-22T13:00:00 founded 944 vacancies
2022-11-23 20:35:17,868 INFO From 2022-11-22T14:00:00 to 2022-11-22T15:00:00 founded 844 vacancies
2022-11-23 20:35:17,997 INFO From 2022-11-22T13:00:00 to 2022-11-22T14:00:00 founded 901 vacancies
2022-11-23 20:35:18,015 INFO From 2022-11-22T15:00:00 to 2022-11-22T16:00:00 founded 823 vacancies
2022-11-23 20:35:22,783 INFO From 2022-11-22T10:00:00 to 2022-11-22T11:00:00 founded 1334 vacancies
2022-11-23 20:35:22,815 INFO From 2022-11-22T08:00:00 to 2022-11-22T09:00:00 founded 499 vacancies
2022-11-23 20:35:22,831 INFO From 2022-11-22T11:00:00 to 2022-11-22T12:00:00 founded 1017 vacancies
2022-11-23 20:35:22,903 INFO From 2022-11-22T09:00:00 to 2022-11-22T10:00:00 founded 984 vacancies
2022-11-23 20:35:28,630 INFO From 2022-11-22T06:00:00 to 2022-11-22T07:00:00 founded 154 vacancies
2022-11-23 20:35:28,731 INFO From 2022-11-22T04:00:00 to 2022-11-22T05:00:00 founded 64 vacancies
2022-11-23 20:35:28,762 INFO From 2022-11-22T07:00:00 to 2022-11-22T08:00:00 founded 246 vacancies
2022-11-23 20:35:28,762 INFO From 2022-11-22T05:00:00 to 2022-11-22T06:00:00 founded 89 vacancies
2022-11-23 20:35:30,335 INFO From 2022-11-22T00:00:00 to 2022-11-22T01:00:00 founded 34 vacancies
2022-11-23 20:35:30,398 INFO From 2022-11-22T02:00:00 to 2022-11-22T03:00:00 founded 20 vacancies
2022-11-23 20:35:30,413 INFO From 2022-11-22T03:00:00 to 2022-11-22T04:00:00 founded 28 vacancies
2022-11-23 20:35:30,539 INFO From 2022-11-22T01:00:00 to 2022-11-22T02:00:00 founded 57 vacancies
2022-11-23 20:35:36,283 INFO 2022-11-21 founded 12936 vacancies
2022-11-23 20:35:36,595 INFO From 2022-11-21T22:00:00 to 2022-11-21T23:00:00 founded 66 vacancies
2022-11-23 20:35:36,595 INFO From 2022-11-21T20:00:00 to 2022-11-21T21:00:00 founded 152 vacancies
2022-11-23 20:35:36,626 INFO From 2022-11-21T23:00:00 to 2022-11-22T00:00:00 founded 35 vacancies
2022-11-23 20:35:36,673 INFO From 2022-11-21T21:00:00 to 2022-11-21T22:00:00 founded 184 vacancies
2022-11-23 20:35:37,830 INFO From 2022-11-21T17:00:00 to 2022-11-21T18:00:00 founded 738 vacancies
2022-11-23 20:35:37,838 INFO From 2022-11-21T16:00:00 to 2022-11-21T17:00:00 founded 871 vacancies
2022-11-23 20:35:37,846 INFO From 2022-11-21T19:00:00 to 2022-11-21T20:00:00 founded 201 vacancies
2022-11-23 20:35:37,886 INFO From 2022-11-21T18:00:00 to 2022-11-21T19:00:00 founded 428 vacancies
2022-11-23 20:35:42,233 INFO From 2022-11-21T15:00:00 to 2022-11-21T16:00:00 founded 976 vacancies
2022-11-23 20:35:42,233 INFO From 2022-11-21T14:00:00 to 2022-11-21T15:00:00 founded 1012 vacancies
2022-11-23 20:35:42,241 INFO From 2022-11-21T13:00:00 to 2022-11-21T14:00:00 founded 1135 vacancies
2022-11-23 20:35:42,321 INFO From 2022-11-21T12:00:00 to 2022-11-21T13:00:00 founded 1047 vacancies
2022-11-23 20:35:48,074 INFO From 2022-11-21T09:00:00 to 2022-11-21T10:00:00 founded 1350 vacancies
2022-11-23 20:35:48,074 INFO From 2022-11-21T08:00:00 to 2022-11-21T09:00:00 founded 861 vacancies
2022-11-23 20:35:48,154 INFO From 2022-11-21T11:00:00 to 2022-11-21T12:00:00 founded 1359 vacancies
2022-11-23 20:35:48,368 INFO From 2022-11-21T10:00:00 to 2022-11-21T11:00:00 founded 1526 vacancies
2022-11-23 20:35:55,355 INFO From 2022-11-21T04:00:00 to 2022-11-21T05:00:00 founded 92 vacancies
2022-11-23 20:35:55,481 INFO From 2022-11-21T05:00:00 to 2022-11-21T06:00:00 founded 146 vacancies
2022-11-23 20:35:55,507 INFO From 2022-11-21T06:00:00 to 2022-11-21T07:00:00 founded 253 vacancies
2022-11-23 20:35:55,555 INFO From 2022-11-21T07:00:00 to 2022-11-21T08:00:00 founded 379 vacancies
2022-11-23 20:35:57,482 INFO From 2022-11-21T01:00:00 to 2022-11-21T02:00:00 founded 19 vacancies
2022-11-23 20:35:57,482 INFO From 2022-11-21T00:00:00 to 2022-11-21T01:00:00 founded 37 vacancies
2022-11-23 20:35:57,498 INFO From 2022-11-21T02:00:00 to 2022-11-21T03:00:00 founded 31 vacancies
2022-11-23 20:35:57,692 INFO From 2022-11-21T03:00:00 to 2022-11-21T04:00:00 founded 38 vacancies
2022-11-23 20:36:06,498 INFO 2022-11-20 founded 614 vacancies
2022-11-23 20:36:11,569 INFO 24044
2022-11-23 20:36:11,569 INFO 23430
2022-11-23 20:36:11,569 INFO 24044
2022-11-23 20:36:11,569 INFO Program works 61 seconds
