2022-11-27 15:27:22,807 INFO Checking of last 1 days started.
2022-11-27 15:27:23,613 INFO Founded 4210 vacancies
2022-11-27 15:27:23,860 INFO 2022-11-26 founded 4207 vacancies
2022-11-27 15:27:24,105 INFO From 2022-11-26T20:00:00 to 2022-11-26T21:00:00 founded 74 vacancies
2022-11-27 15:27:24,138 INFO From 2022-11-26T23:00:00 to 2022-11-27T00:00:00 founded 38 vacancies
2022-11-27 15:27:24,176 INFO From 2022-11-26T22:00:00 to 2022-11-26T23:00:00 founded 58 vacancies
2022-11-27 15:27:24,285 INFO From 2022-11-26T21:00:00 to 2022-11-26T22:00:00 founded 62 vacancies
2022-11-27 15:27:25,561 INFO From 2022-11-26T16:00:00 to 2022-11-26T17:00:00 founded 379 vacancies
2022-11-27 15:27:25,663 INFO From 2022-11-26T18:00:00 to 2022-11-26T19:00:00 founded 159 vacancies
2022-11-27 15:27:25,808 INFO From 2022-11-26T19:00:00 to 2022-11-26T20:00:00 founded 121 vacancies
2022-11-27 15:27:26,361 INFO From 2022-11-26T17:00:00 to 2022-11-26T18:00:00 founded 312 vacancies
2022-11-27 15:27:31,444 INFO From 2022-11-26T15:00:00 to 2022-11-26T16:00:00 founded 334 vacancies
2022-11-27 15:27:31,449 INFO From 2022-11-26T14:00:00 to 2022-11-26T15:00:00 founded 386 vacancies
2022-11-27 15:27:31,472 INFO From 2022-11-26T12:00:00 to 2022-11-26T13:00:00 founded 430 vacancies
2022-11-27 15:27:31,502 INFO From 2022-11-26T13:00:00 to 2022-11-26T14:00:00 founded 432 vacancies
2022-11-27 15:27:41,089 INFO From 2022-11-26T11:00:00 to 2022-11-26T12:00:00 founded 499 vacancies
2022-11-27 15:27:41,346 INFO From 2022-11-26T08:00:00 to 2022-11-26T09:00:00 founded 130 vacancies
2022-11-27 15:27:41,487 INFO From 2022-11-26T10:00:00 to 2022-11-26T11:00:00 founded 311 vacancies
2022-11-27 15:27:41,708 INFO From 2022-11-26T09:00:00 to 2022-11-26T10:00:00 founded 270 vacancies
2022-11-27 15:27:48,967 INFO From 2022-11-26T06:00:00 to 2022-11-26T07:00:00 founded 39 vacancies
2022-11-27 15:27:48,969 INFO From 2022-11-26T04:00:00 to 2022-11-26T05:00:00 founded 10 vacancies
2022-11-27 15:27:49,054 INFO From 2022-11-26T05:00:00 to 2022-11-26T06:00:00 founded 16 vacancies
2022-11-27 15:27:49,254 INFO From 2022-11-26T07:00:00 to 2022-11-26T08:00:00 founded 101 vacancies
2022-11-27 15:27:51,472 INFO From 2022-11-26T01:00:00 to 2022-11-26T02:00:00 founded 11 vacancies
2022-11-27 15:27:51,485 INFO From 2022-11-26T02:00:00 to 2022-11-26T03:00:00 founded 8 vacancies
2022-11-27 15:27:51,499 INFO From 2022-11-26T03:00:00 to 2022-11-26T04:00:00 founded 15 vacancies
2022-11-27 15:27:51,611 INFO From 2022-11-26T00:00:00 to 2022-11-26T01:00:00 founded 17 vacancies
2022-11-27 15:27:53,293 INFO 4207
2022-11-27 15:27:53,293 INFO 4212
2022-11-27 15:27:53,293 INFO 3
2022-11-27 15:27:53,295 INFO Program works 30 seconds
