2022-11-27 15:20:33,030 INFO Checking of last 1 days started.
2022-11-27 15:20:33,043 INFO <_io.TextIOWrapper name='C:/Users/mi/OneDrive - ITMO UNIVERSITY/work/hh_parser/json_urls/2022-11-23.xlsx' mode='r' encoding='cp1251'>
2022-11-27 15:20:33,044 INFO ('71850461', 'https://api.hh.ru/vacancies/71850461?host=hh.ru ')
2022-11-27 15:20:33,044 INFO https://api.hh.ru/vacancies/71850461?host=hh.ru  1   0.00014739995822310448
2022-11-27 15:20:33,195 INFO ('37640988', 'https://api.hh.ru/vacancies/37640988?host=hh.ru ')
2022-11-27 15:20:33,195 INFO https://api.hh.ru/vacancies/37640988?host=hh.ru  2   0.15107239998178557
2022-11-27 15:20:33,277 INFO ('71573571', 'https://api.hh.ru/vacancies/71573571?host=hh.ru ')
2022-11-27 15:20:33,277 INFO https://api.hh.ru/vacancies/71573571?host=hh.ru  3   0.23350440000649542
2022-11-27 15:20:33,413 INFO ('72775656', 'https://api.hh.ru/vacancies/72775656?host=hh.ru ')
2022-11-27 15:20:33,413 INFO https://api.hh.ru/vacancies/72775656?host=hh.ru  4   0.3687547000008635
2022-11-27 15:20:33,502 INFO ('47352925', 'https://api.hh.ru/vacancies/47352925?host=hh.ru ')
2022-11-27 15:20:33,502 INFO https://api.hh.ru/vacancies/47352925?host=hh.ru  5   0.4582729999674484
2022-11-27 15:20:33,637 INFO ('70725259', 'https://api.hh.ru/vacancies/70725259?host=hh.ru ')
2022-11-27 15:20:33,637 INFO https://api.hh.ru/vacancies/70725259?host=hh.ru  6   0.5935645999852568
2022-11-27 15:20:33,747 INFO ('72276632', 'https://api.hh.ru/vacancies/72276632?host=hh.ru ')
2022-11-27 15:20:33,747 INFO https://api.hh.ru/vacancies/72276632?host=hh.ru  7   0.7030855999910273
2022-11-27 15:20:33,840 INFO ('69893426', 'https://api.hh.ru/vacancies/69893426?host=hh.ru ')
2022-11-27 15:20:33,840 INFO https://api.hh.ru/vacancies/69893426?host=hh.ru  8   0.7966999000054784
2022-11-27 15:20:34,054 INFO ('68446916', 'https://api.hh.ru/vacancies/68446916?host=hh.ru ')
2022-11-27 15:20:34,054 INFO https://api.hh.ru/vacancies/68446916?host=hh.ru  9   1.0100424999836832
2022-11-27 15:20:34,227 INFO ('71852829', 'https://api.hh.ru/vacancies/71852829?host=hh.ru ')
2022-11-27 15:20:34,227 INFO https://api.hh.ru/vacancies/71852829?host=hh.ru  10   1.1835663999663666
2022-11-27 15:20:34,313 INFO ('68947914', 'https://api.hh.ru/vacancies/68947914?host=hh.ru ')
2022-11-27 15:20:34,313 INFO https://api.hh.ru/vacancies/68947914?host=hh.ru  11   1.2690356000093743
2022-11-27 15:20:34,429 INFO ('72043960', 'https://api.hh.ru/vacancies/72043960?host=hh.ru ')
2022-11-27 15:20:34,429 INFO https://api.hh.ru/vacancies/72043960?host=hh.ru  12   1.3856350999558344
2022-11-27 15:20:34,532 INFO ('66175026', 'https://api.hh.ru/vacancies/66175026?host=hh.ru ')
2022-11-27 15:20:34,532 INFO https://api.hh.ru/vacancies/66175026?host=hh.ru  13   1.488713499973528
2022-11-27 15:20:34,614 INFO ('72775658', 'https://api.hh.ru/vacancies/72775658?host=hh.ru ')
2022-11-27 15:20:34,614 INFO https://api.hh.ru/vacancies/72775658?host=hh.ru  14   1.5702465999638662
2022-11-27 15:20:34,709 INFO ('68702395', 'https://api.hh.ru/vacancies/68702395?host=hh.ru ')
2022-11-27 15:20:34,709 INFO https://api.hh.ru/vacancies/68702395?host=hh.ru  15   1.6648661000072025
2022-11-27 15:20:34,824 INFO ('72276164', 'https://api.hh.ru/vacancies/72276164?host=hh.ru ')
2022-11-27 15:20:34,824 INFO https://api.hh.ru/vacancies/72276164?host=hh.ru  16   1.7801853999844752
2022-11-27 15:20:34,923 INFO ('72775662', 'https://api.hh.ru/vacancies/72775662?host=hh.ru ')
2022-11-27 15:20:34,923 INFO https://api.hh.ru/vacancies/72775662?host=hh.ru  17   1.879632500000298
2022-11-27 15:20:35,029 INFO ('53346652', 'https://api.hh.ru/vacancies/53346652?host=hh.ru ')
2022-11-27 15:20:35,029 INFO https://api.hh.ru/vacancies/53346652?host=hh.ru  18   1.9849402999971062
2022-11-27 15:20:35,100 INFO ('69329313', 'https://api.hh.ru/vacancies/69329313?host=hh.ru ')
2022-11-27 15:20:35,100 INFO https://api.hh.ru/vacancies/69329313?host=hh.ru  19   2.055938499979675
2022-11-27 15:20:35,240 INFO ('71645053', 'https://api.hh.ru/vacancies/71645053?host=hh.ru ')
2022-11-27 15:20:35,240 INFO https://api.hh.ru/vacancies/71645053?host=hh.ru  20   2.1966607999638654
2022-11-27 15:20:35,368 INFO ('72276826', 'https://api.hh.ru/vacancies/72276826?host=hh.ru ')
2022-11-27 15:20:35,368 INFO https://api.hh.ru/vacancies/72276826?host=hh.ru  21   2.324765599973034
2022-11-27 15:20:35,448 INFO ('72774588', 'https://api.hh.ru/vacancies/72774588?host=hh.ru ')
2022-11-27 15:20:35,448 INFO https://api.hh.ru/vacancies/72774588?host=hh.ru  22   2.404083199973684
2022-11-27 15:20:35,548 INFO ('72045550', 'https://api.hh.ru/vacancies/72045550?host=hh.ru ')
2022-11-27 15:20:35,548 INFO https://api.hh.ru/vacancies/72045550?host=hh.ru  23   2.504516999993939
2022-11-27 15:20:35,647 INFO ('72337315', 'https://api.hh.ru/vacancies/72337315?host=hh.ru ')
2022-11-27 15:20:35,648 INFO https://api.hh.ru/vacancies/72337315?host=hh.ru  24   2.6039722999557853
2022-11-27 15:20:35,731 INFO ('66175032', 'https://api.hh.ru/vacancies/66175032?host=hh.ru ')
2022-11-27 15:20:35,731 INFO https://api.hh.ru/vacancies/66175032?host=hh.ru  25   2.6871842999826185
2022-11-27 15:20:36,043 INFO ('72045154', 'https://api.hh.ru/vacancies/72045154?host=hh.ru ')
2022-11-27 15:20:36,043 INFO https://api.hh.ru/vacancies/72045154?host=hh.ru  26   2.9989510999876074
2022-11-27 15:20:36,124 INFO ('72200131', 'https://api.hh.ru/vacancies/72200131?host=hh.ru ')
2022-11-27 15:20:36,124 INFO https://api.hh.ru/vacancies/72200131?host=hh.ru  27   3.0807443999801762
2022-11-27 15:20:36,222 INFO ('72199788', 'https://api.hh.ru/vacancies/72199788?host=hh.ru ')
2022-11-27 15:20:36,222 INFO https://api.hh.ru/vacancies/72199788?host=hh.ru  28   3.1782370999571867
2022-11-27 15:20:36,349 INFO ('72774889', 'https://api.hh.ru/vacancies/72774889?host=hh.ru ')
2022-11-27 15:20:36,349 INFO https://api.hh.ru/vacancies/72774889?host=hh.ru  29   3.3057237999746576
2022-11-27 15:20:36,437 INFO ('68323684', 'https://api.hh.ru/vacancies/68323684?host=hh.ru ')
2022-11-27 15:20:36,437 INFO https://api.hh.ru/vacancies/68323684?host=hh.ru  30   3.393449099967256
2022-11-27 15:20:36,547 INFO ('71701823', 'https://api.hh.ru/vacancies/71701823?host=hh.ru ')
2022-11-27 15:20:36,547 INFO https://api.hh.ru/vacancies/71701823?host=hh.ru  31   3.5033305999822915
2022-11-27 15:20:36,646 INFO ('68860256', 'https://api.hh.ru/vacancies/68860256?host=hh.ru ')
2022-11-27 15:20:36,646 INFO https://api.hh.ru/vacancies/68860256?host=hh.ru  32   3.60227869998198
2022-11-27 15:20:36,893 INFO ('69481610', 'https://api.hh.ru/vacancies/69481610?host=hh.ru ')
2022-11-27 15:20:36,893 INFO https://api.hh.ru/vacancies/69481610?host=hh.ru  33   3.8490801999578252
2022-11-27 15:20:37,151 INFO ('71748221', 'https://api.hh.ru/vacancies/71748221?host=hh.ru ')
2022-11-27 15:20:37,151 INFO https://api.hh.ru/vacancies/71748221?host=hh.ru  34   4.107597599970177
2022-11-27 15:20:37,258 INFO ('53557589', 'https://api.hh.ru/vacancies/53557589?host=hh.ru ')
2022-11-27 15:20:37,258 INFO https://api.hh.ru/vacancies/53557589?host=hh.ru  35   4.21419699996477
2022-11-27 15:20:37,396 INFO ('72277576', 'https://api.hh.ru/vacancies/72277576?host=hh.ru ')
2022-11-27 15:20:37,396 INFO https://api.hh.ru/vacancies/72277576?host=hh.ru  36   4.352860799990594
2022-11-27 15:20:37,510 INFO ('70846484', 'https://api.hh.ru/vacancies/70846484?host=hh.ru ')
2022-11-27 15:20:37,510 INFO https://api.hh.ru/vacancies/70846484?host=hh.ru  37   4.465961399953812
2022-11-27 15:20:37,596 INFO ('71486175', 'https://api.hh.ru/vacancies/71486175?host=hh.ru ')
2022-11-27 15:20:37,596 INFO https://api.hh.ru/vacancies/71486175?host=hh.ru  38   4.551946799969301
2022-11-27 15:20:37,698 INFO ('72775865', 'https://api.hh.ru/vacancies/72775865?host=hh.ru ')
2022-11-27 15:20:37,698 INFO https://api.hh.ru/vacancies/72775865?host=hh.ru  39   4.654751599999145
2022-11-27 15:20:37,810 INFO ('68010452', 'https://api.hh.ru/vacancies/68010452?host=hh.ru ')
2022-11-27 15:20:37,810 INFO https://api.hh.ru/vacancies/68010452?host=hh.ru  40   4.76595269999234
2022-11-27 15:20:38,110 INFO ('72476683', 'https://api.hh.ru/vacancies/72476683?host=hh.ru ')
2022-11-27 15:20:38,110 INFO https://api.hh.ru/vacancies/72476683?host=hh.ru  41   5.0657860999926925
2022-11-27 15:20:38,381 INFO ('71070488', 'https://api.hh.ru/vacancies/71070488?host=hh.ru ')
2022-11-27 15:20:38,381 INFO https://api.hh.ru/vacancies/71070488?host=hh.ru  42   5.337444400007371
2022-11-27 15:20:38,507 INFO ('72276500', 'https://api.hh.ru/vacancies/72276500?host=hh.ru ')
2022-11-27 15:20:38,507 INFO https://api.hh.ru/vacancies/72276500?host=hh.ru  43   5.464088000007905
2022-11-27 15:20:38,589 INFO ('70561390', 'https://api.hh.ru/vacancies/70561390?host=hh.ru ')
2022-11-27 15:20:38,589 INFO https://api.hh.ru/vacancies/70561390?host=hh.ru  44   5.545569699956104
2022-11-27 15:20:38,697 INFO ('66506218', 'https://api.hh.ru/vacancies/66506218?host=hh.ru ')
2022-11-27 15:20:38,697 INFO https://api.hh.ru/vacancies/66506218?host=hh.ru  45   5.652724299987312
2022-11-27 15:20:38,797 INFO ('40882760', 'https://api.hh.ru/vacancies/40882760?host=hh.ru ')
2022-11-27 15:20:38,797 INFO https://api.hh.ru/vacancies/40882760?host=hh.ru  46   5.7536500999704
2022-11-27 15:20:38,943 INFO ('70659530', 'https://api.hh.ru/vacancies/70659530?host=hh.ru ')
2022-11-27 15:20:38,943 INFO https://api.hh.ru/vacancies/70659530?host=hh.ru  47   5.8996396999573335
2022-11-27 15:20:39,089 INFO ('72443553', 'https://api.hh.ru/vacancies/72443553?host=hh.ru ')
2022-11-27 15:20:39,089 INFO https://api.hh.ru/vacancies/72443553?host=hh.ru  48   6.04462619998958
2022-11-27 15:20:39,230 INFO ('70731819', 'https://api.hh.ru/vacancies/70731819?host=hh.ru ')
2022-11-27 15:20:39,231 INFO https://api.hh.ru/vacancies/70731819?host=hh.ru  49   6.186409499961883
2022-11-27 15:20:39,389 INFO ('68860257', 'https://api.hh.ru/vacancies/68860257?host=hh.ru ')
2022-11-27 15:20:39,389 INFO https://api.hh.ru/vacancies/68860257?host=hh.ru  50   6.346089700004086
2022-11-27 15:20:39,530 INFO ('72775659', 'https://api.hh.ru/vacancies/72775659?host=hh.ru ')
2022-11-27 15:20:39,530 INFO https://api.hh.ru/vacancies/72775659?host=hh.ru  51   6.4867677000002
2022-11-27 15:20:39,641 INFO ('70822329', 'https://api.hh.ru/vacancies/70822329?host=hh.ru ')
2022-11-27 15:20:39,641 INFO https://api.hh.ru/vacancies/70822329?host=hh.ru  52   6.597361999971326
2022-11-27 15:20:39,765 INFO ('66863709', 'https://api.hh.ru/vacancies/66863709?host=hh.ru ')
2022-11-27 15:20:39,765 INFO https://api.hh.ru/vacancies/66863709?host=hh.ru  53   6.721883099991828
2022-11-27 15:20:39,862 INFO ('72714545', 'https://api.hh.ru/vacancies/72714545?host=hh.ru ')
2022-11-27 15:20:39,862 INFO https://api.hh.ru/vacancies/72714545?host=hh.ru  54   6.817979299987201
2022-11-27 15:20:39,970 INFO ('67848766', 'https://api.hh.ru/vacancies/67848766?host=hh.ru ')
2022-11-27 15:20:39,972 INFO https://api.hh.ru/vacancies/67848766?host=hh.ru  55   6.9273944000015035
2022-11-27 15:20:40,070 INFO ('71322635', 'https://api.hh.ru/vacancies/71322635?host=hh.ru ')
2022-11-27 15:20:40,070 INFO https://api.hh.ru/vacancies/71322635?host=hh.ru  56   7.026863699953537
2022-11-27 15:20:40,332 INFO ('43981190', 'https://api.hh.ru/vacancies/43981190?host=hh.ru ')
2022-11-27 15:20:40,332 INFO https://api.hh.ru/vacancies/43981190?host=hh.ru  57   7.288359900005162
2022-11-27 15:20:40,468 INFO ('71624737', 'https://api.hh.ru/vacancies/71624737?host=hh.ru ')
2022-11-27 15:20:40,468 INFO https://api.hh.ru/vacancies/71624737?host=hh.ru  58   7.424824899993837
2022-11-27 15:20:40,658 INFO ('72276148', 'https://api.hh.ru/vacancies/72276148?host=hh.ru ')
2022-11-27 15:20:40,658 INFO https://api.hh.ru/vacancies/72276148?host=hh.ru  59   7.613873699971009
2022-11-27 15:20:41,808 INFO ('71466782', 'https://api.hh.ru/vacancies/71466782?host=hh.ru ')
2022-11-27 15:20:41,808 INFO https://api.hh.ru/vacancies/71466782?host=hh.ru  60   8.764530799991917
2022-11-27 15:20:41,899 INFO ('70974771', 'https://api.hh.ru/vacancies/70974771?host=hh.ru ')
2022-11-27 15:20:41,899 INFO https://api.hh.ru/vacancies/70974771?host=hh.ru  61   8.855818999989424
2022-11-27 15:20:41,998 INFO ('72275871', 'https://api.hh.ru/vacancies/72275871?host=hh.ru ')
2022-11-27 15:20:41,998 INFO https://api.hh.ru/vacancies/72275871?host=hh.ru  62   8.955136999953538
2022-11-27 15:20:42,109 INFO ('70324673', 'https://api.hh.ru/vacancies/70324673?host=hh.ru ')
2022-11-27 15:20:42,109 INFO https://api.hh.ru/vacancies/70324673?host=hh.ru  63   9.065505100006703
2022-11-27 15:20:42,218 INFO ('72774728', 'https://api.hh.ru/vacancies/72774728?host=hh.ru ')
2022-11-27 15:20:42,218 INFO https://api.hh.ru/vacancies/72774728?host=hh.ru  64   9.175159099977463
2022-11-27 15:20:42,317 INFO ('71431119', 'https://api.hh.ru/vacancies/71431119?host=hh.ru ')
2022-11-27 15:20:42,317 INFO https://api.hh.ru/vacancies/71431119?host=hh.ru  65   9.273392700008117
2022-11-27 15:20:42,451 INFO ('72045475', 'https://api.hh.ru/vacancies/72045475?host=hh.ru ')
2022-11-27 15:20:42,451 INFO https://api.hh.ru/vacancies/72045475?host=hh.ru  66   9.407842899963725
2022-11-27 15:20:42,544 INFO ('69161868', 'https://api.hh.ru/vacancies/69161868?host=hh.ru ')
2022-11-27 15:20:42,544 INFO https://api.hh.ru/vacancies/69161868?host=hh.ru  67   9.500754599983338
2022-11-27 15:20:42,640 INFO ('70654947', 'https://api.hh.ru/vacancies/70654947?host=hh.ru ')
2022-11-27 15:20:42,641 INFO https://api.hh.ru/vacancies/70654947?host=hh.ru  68   9.596558499964885
2022-11-27 15:20:42,728 INFO ('71431254', 'https://api.hh.ru/vacancies/71431254?host=hh.ru ')
2022-11-27 15:20:42,728 INFO https://api.hh.ru/vacancies/71431254?host=hh.ru  69   9.684367799956817
2022-11-27 15:20:42,825 INFO ('71512762', 'https://api.hh.ru/vacancies/71512762?host=hh.ru ')
2022-11-27 15:20:42,825 INFO https://api.hh.ru/vacancies/71512762?host=hh.ru  70   9.781468799978029
2022-11-27 15:20:43,339 INFO ('68929768', 'https://api.hh.ru/vacancies/68929768?host=hh.ru ')
2022-11-27 15:20:43,339 INFO https://api.hh.ru/vacancies/68929768?host=hh.ru  71   10.294689300004393
2022-11-27 15:20:43,483 INFO ('72277350', 'https://api.hh.ru/vacancies/72277350?host=hh.ru ')
2022-11-27 15:20:43,483 INFO https://api.hh.ru/vacancies/72277350?host=hh.ru  72   10.43966159998672
2022-11-27 15:20:43,590 INFO ('69642393', 'https://api.hh.ru/vacancies/69642393?host=hh.ru ')
2022-11-27 15:20:43,590 INFO https://api.hh.ru/vacancies/69642393?host=hh.ru  73   10.54659859999083
2022-11-27 15:20:43,676 INFO ('72444195', 'https://api.hh.ru/vacancies/72444195?host=hh.ru ')
2022-11-27 15:20:43,676 INFO https://api.hh.ru/vacancies/72444195?host=hh.ru  74   10.632627099985257
2022-11-27 15:20:43,830 INFO ('71898213', 'https://api.hh.ru/vacancies/71898213?host=hh.ru ')
2022-11-27 15:20:43,830 INFO https://api.hh.ru/vacancies/71898213?host=hh.ru  75   10.78635209996719
2022-11-27 15:20:44,047 INFO ('68010464', 'https://api.hh.ru/vacancies/68010464?host=hh.ru ')
2022-11-27 15:20:44,047 INFO https://api.hh.ru/vacancies/68010464?host=hh.ru  76   11.003469199989922
2022-11-27 15:20:44,141 INFO ('72045873', 'https://api.hh.ru/vacancies/72045873?host=hh.ru ')
2022-11-27 15:20:44,141 INFO https://api.hh.ru/vacancies/72045873?host=hh.ru  77   11.09805889998097
2022-11-27 15:20:44,236 INFO ('71117890', 'https://api.hh.ru/vacancies/71117890?host=hh.ru ')
2022-11-27 15:20:44,236 INFO https://api.hh.ru/vacancies/71117890?host=hh.ru  78   11.19297249999363
2022-11-27 15:20:44,365 INFO ('45437723', 'https://api.hh.ru/vacancies/45437723?host=hh.ru ')
2022-11-27 15:20:44,365 INFO https://api.hh.ru/vacancies/45437723?host=hh.ru  79   11.321364099974744
2022-11-27 15:20:44,477 INFO ('71214395', 'https://api.hh.ru/vacancies/71214395?host=hh.ru ')
2022-11-27 15:20:44,477 INFO https://api.hh.ru/vacancies/71214395?host=hh.ru  80   11.432929100003093
2022-11-27 15:20:44,637 INFO ('72045511', 'https://api.hh.ru/vacancies/72045511?host=hh.ru ')
2022-11-27 15:20:44,637 INFO https://api.hh.ru/vacancies/72045511?host=hh.ru  81   11.593370399961714
2022-11-27 15:20:44,718 INFO ('70801588', 'https://api.hh.ru/vacancies/70801588?host=hh.ru ')
2022-11-27 15:20:44,718 INFO https://api.hh.ru/vacancies/70801588?host=hh.ru  82   11.673906699987128
2022-11-27 15:20:44,840 INFO ('69123855', 'https://api.hh.ru/vacancies/69123855?host=hh.ru ')
2022-11-27 15:20:44,841 INFO https://api.hh.ru/vacancies/69123855?host=hh.ru  83   11.796839599963278
2022-11-27 15:20:44,933 INFO ('72769445', 'https://api.hh.ru/vacancies/72769445?host=hh.ru ')
2022-11-27 15:20:44,933 INFO https://api.hh.ru/vacancies/72769445?host=hh.ru  84   11.889291999978013
2022-11-27 15:20:45,007 INFO ('71959573', 'https://api.hh.ru/vacancies/71959573?host=hh.ru ')
2022-11-27 15:20:45,007 INFO https://api.hh.ru/vacancies/71959573?host=hh.ru  85   11.963773900002707
2022-11-27 15:20:45,072 INFO ('72769440', 'https://api.hh.ru/vacancies/72769440?host=hh.ru ')
2022-11-27 15:20:45,073 INFO https://api.hh.ru/vacancies/72769440?host=hh.ru  86   12.029000699985772
2022-11-27 15:20:45,173 INFO ('72438232', 'https://api.hh.ru/vacancies/72438232?host=hh.ru ')
2022-11-27 15:20:45,173 INFO https://api.hh.ru/vacancies/72438232?host=hh.ru  87   12.129210799990688
2022-11-27 15:20:45,280 INFO ('71641945', 'https://api.hh.ru/vacancies/71641945?host=hh.ru ')
2022-11-27 15:20:45,280 INFO https://api.hh.ru/vacancies/71641945?host=hh.ru  88   12.23651819996303
2022-11-27 15:20:45,366 INFO ('72196645', 'https://api.hh.ru/vacancies/72196645?host=hh.ru ')
2022-11-27 15:20:45,366 INFO https://api.hh.ru/vacancies/72196645?host=hh.ru  89   12.322660999954678
2022-11-27 15:20:45,439 INFO ('71987611', 'https://api.hh.ru/vacancies/71987611?host=hh.ru ')
2022-11-27 15:20:45,439 INFO https://api.hh.ru/vacancies/71987611?host=hh.ru  90   12.395478999998886
2022-11-27 15:20:45,535 INFO ('71642825', 'https://api.hh.ru/vacancies/71642825?host=hh.ru ')
2022-11-27 15:20:45,535 INFO https://api.hh.ru/vacancies/71642825?host=hh.ru  91   12.490995400003158
2022-11-27 15:20:45,639 INFO ('71987463', 'https://api.hh.ru/vacancies/71987463?host=hh.ru ')
2022-11-27 15:20:45,639 INFO https://api.hh.ru/vacancies/71987463?host=hh.ru  92   12.595656599965878
2022-11-27 15:20:45,948 INFO ('71588310', 'https://api.hh.ru/vacancies/71588310?host=hh.ru ')
2022-11-27 15:20:45,948 INFO https://api.hh.ru/vacancies/71588310?host=hh.ru  93   12.903940299991518
2022-11-27 15:20:46,032 INFO ('72769748', 'https://api.hh.ru/vacancies/72769748?host=hh.ru ')
2022-11-27 15:20:46,032 INFO https://api.hh.ru/vacancies/72769748?host=hh.ru  94   12.98856969998451
2022-11-27 15:20:46,178 INFO ('70779778', 'https://api.hh.ru/vacancies/70779778?host=hh.ru ')
2022-11-27 15:20:46,178 INFO https://api.hh.ru/vacancies/70779778?host=hh.ru  95   13.134189899952617
2022-11-27 15:20:46,287 INFO ('71748735', 'https://api.hh.ru/vacancies/71748735?host=hh.ru ')
2022-11-27 15:20:46,287 INFO https://api.hh.ru/vacancies/71748735?host=hh.ru  96   13.24345509998966
2022-11-27 15:20:46,426 INFO ('71534323', 'https://api.hh.ru/vacancies/71534323?host=hh.ru ')
2022-11-27 15:20:46,426 INFO https://api.hh.ru/vacancies/71534323?host=hh.ru  97   13.383033999998588
2022-11-27 15:20:46,531 INFO ('71465137', 'https://api.hh.ru/vacancies/71465137?host=hh.ru ')
2022-11-27 15:20:46,531 INFO https://api.hh.ru/vacancies/71465137?host=hh.ru  98   13.487609800009523
2022-11-27 15:20:46,637 INFO ('67808106', 'https://api.hh.ru/vacancies/67808106?host=hh.ru ')
2022-11-27 15:20:46,637 INFO https://api.hh.ru/vacancies/67808106?host=hh.ru  99   13.593007799994666
2022-11-27 15:20:46,747 INFO ('71062160', 'https://api.hh.ru/vacancies/71062160?host=hh.ru ')
2022-11-27 15:20:46,748 INFO https://api.hh.ru/vacancies/71062160?host=hh.ru  100   13.704163999995217
2022-11-27 15:20:46,847 INFO ('71843722', 'https://api.hh.ru/vacancies/71843722?host=hh.ru ')
2022-11-27 15:20:46,847 INFO https://api.hh.ru/vacancies/71843722?host=hh.ru  101   13.803713599976618
2022-11-27 15:20:46,963 INFO ('72770069', 'https://api.hh.ru/vacancies/72770069?host=hh.ru ')
2022-11-27 15:20:46,963 INFO https://api.hh.ru/vacancies/72770069?host=hh.ru  102   13.919047700008377
2022-11-27 15:20:47,158 INFO ('72770188', 'https://api.hh.ru/vacancies/72770188?host=hh.ru ')
2022-11-27 15:20:47,158 INFO https://api.hh.ru/vacancies/72770188?host=hh.ru  103   14.114778399991337
2022-11-27 15:20:47,269 INFO ('72770067', 'https://api.hh.ru/vacancies/72770067?host=hh.ru ')
2022-11-27 15:20:47,269 INFO https://api.hh.ru/vacancies/72770067?host=hh.ru  104   14.226054899976589
2022-11-27 15:20:47,338 INFO ('72770066', 'https://api.hh.ru/vacancies/72770066?host=hh.ru ')
2022-11-27 15:20:47,338 INFO https://api.hh.ru/vacancies/72770066?host=hh.ru  105   14.294771399989258
2022-11-27 15:20:47,452 INFO ('72770068', 'https://api.hh.ru/vacancies/72770068?host=hh.ru ')
2022-11-27 15:20:47,452 INFO https://api.hh.ru/vacancies/72770068?host=hh.ru  106   14.407992399996147
2022-11-27 15:20:47,537 INFO ('72770184', 'https://api.hh.ru/vacancies/72770184?host=hh.ru ')
2022-11-27 15:20:47,537 INFO https://api.hh.ru/vacancies/72770184?host=hh.ru  107   14.494124899967574
2022-11-27 15:20:47,613 INFO ('67053374', 'https://api.hh.ru/vacancies/67053374?host=hh.ru ')
2022-11-27 15:20:47,613 INFO https://api.hh.ru/vacancies/67053374?host=hh.ru  108   14.569498499971814
2022-11-27 15:20:47,703 INFO ('72770517', 'https://api.hh.ru/vacancies/72770517?host=hh.ru ')
2022-11-27 15:20:47,703 INFO https://api.hh.ru/vacancies/72770517?host=hh.ru  109   14.660084499977529
2022-11-27 15:20:47,821 INFO ('71290036', 'https://api.hh.ru/vacancies/71290036?host=hh.ru ')
2022-11-27 15:20:47,821 INFO https://api.hh.ru/vacancies/71290036?host=hh.ru  110   14.776986799959559
2022-11-27 15:20:47,904 INFO ('71599290', 'https://api.hh.ru/vacancies/71599290?host=hh.ru ')
2022-11-27 15:20:47,904 INFO https://api.hh.ru/vacancies/71599290?host=hh.ru  111   14.860033700009808
2022-11-27 15:20:48,213 INFO ('71843242', 'https://api.hh.ru/vacancies/71843242?host=hh.ru ')
2022-11-27 15:20:48,213 INFO https://api.hh.ru/vacancies/71843242?host=hh.ru  112   15.169033299956936
2022-11-27 15:20:48,293 INFO ('72770080', 'https://api.hh.ru/vacancies/72770080?host=hh.ru ')
2022-11-27 15:20:48,293 INFO https://api.hh.ru/vacancies/72770080?host=hh.ru  113   15.249604299955536
2022-11-27 15:20:48,413 INFO ('72769434', 'https://api.hh.ru/vacancies/72769434?host=hh.ru ')
2022-11-27 15:20:48,413 INFO https://api.hh.ru/vacancies/72769434?host=hh.ru  114   15.36976589995902
2022-11-27 15:20:49,219 INFO ('72770736', 'https://api.hh.ru/vacancies/72770736?host=hh.ru ')
2022-11-27 15:20:49,219 INFO https://api.hh.ru/vacancies/72770736?host=hh.ru  115   16.175216700008605
2022-11-27 15:20:49,315 INFO ('71959136', 'https://api.hh.ru/vacancies/71959136?host=hh.ru ')
2022-11-27 15:20:49,316 INFO https://api.hh.ru/vacancies/71959136?host=hh.ru  116   16.27229150000494
2022-11-27 15:20:49,396 INFO ('70555201', 'https://api.hh.ru/vacancies/70555201?host=hh.ru ')
2022-11-27 15:20:49,396 INFO https://api.hh.ru/vacancies/70555201?host=hh.ru  117   16.352290499955416
2022-11-27 15:20:49,503 INFO ('72769112', 'https://api.hh.ru/vacancies/72769112?host=hh.ru ')
2022-11-27 15:20:49,503 INFO https://api.hh.ru/vacancies/72769112?host=hh.ru  118   16.459124399989378
2022-11-27 15:20:49,587 INFO ('68131257', 'https://api.hh.ru/vacancies/68131257?host=hh.ru ')
2022-11-27 15:20:49,587 INFO https://api.hh.ru/vacancies/68131257?host=hh.ru  119   16.54279370000586
2022-11-27 15:20:49,686 INFO ('72270616', 'https://api.hh.ru/vacancies/72270616?host=hh.ru ')
2022-11-27 15:20:49,686 INFO https://api.hh.ru/vacancies/72270616?host=hh.ru  120   16.641982799977995
2022-11-27 15:20:49,780 INFO ('72770514', 'https://api.hh.ru/vacancies/72770514?host=hh.ru ')
2022-11-27 15:20:49,780 INFO https://api.hh.ru/vacancies/72770514?host=hh.ru  121   16.736922799958847
2022-11-27 15:20:49,870 INFO ('71128349', 'https://api.hh.ru/vacancies/71128349?host=hh.ru ')
2022-11-27 15:20:49,870 INFO https://api.hh.ru/vacancies/71128349?host=hh.ru  122   16.826102199964225
2022-11-27 15:20:49,950 INFO ('72040441', 'https://api.hh.ru/vacancies/72040441?host=hh.ru ')
2022-11-27 15:20:49,950 INFO https://api.hh.ru/vacancies/72040441?host=hh.ru  123   16.90674459998263
2022-11-27 15:20:50,072 INFO ('70470936', 'https://api.hh.ru/vacancies/70470936?host=hh.ru ')
2022-11-27 15:20:50,072 INFO https://api.hh.ru/vacancies/70470936?host=hh.ru  124   17.027807499980554
2022-11-27 15:20:50,153 INFO ('72770404', 'https://api.hh.ru/vacancies/72770404?host=hh.ru ')
2022-11-27 15:20:50,153 INFO https://api.hh.ru/vacancies/72770404?host=hh.ru  125   17.109683499962557
2022-11-27 15:20:50,241 INFO ('71641797', 'https://api.hh.ru/vacancies/71641797?host=hh.ru ')
2022-11-27 15:20:50,242 INFO https://api.hh.ru/vacancies/71641797?host=hh.ru  126   17.197788599994965
2022-11-27 15:20:50,397 INFO ('72770070', 'https://api.hh.ru/vacancies/72770070?host=hh.ru ')
2022-11-27 15:20:50,397 INFO https://api.hh.ru/vacancies/72770070?host=hh.ru  127   17.353392699966207
2022-11-27 15:20:50,488 INFO ('71533937', 'https://api.hh.ru/vacancies/71533937?host=hh.ru ')
2022-11-27 15:20:50,488 INFO https://api.hh.ru/vacancies/71533937?host=hh.ru  128   17.44508469995344
2022-11-27 15:20:50,566 INFO ('72770065', 'https://api.hh.ru/vacancies/72770065?host=hh.ru ')
2022-11-27 15:20:50,566 INFO https://api.hh.ru/vacancies/72770065?host=hh.ru  129   17.5228119000094
2022-11-27 15:20:50,667 INFO ('69279779', 'https://api.hh.ru/vacancies/69279779?host=hh.ru ')
2022-11-27 15:20:50,667 INFO https://api.hh.ru/vacancies/69279779?host=hh.ru  130   17.62371559999883
2022-11-27 15:20:50,745 INFO ('70668877', 'https://api.hh.ru/vacancies/70668877?host=hh.ru ')
2022-11-27 15:20:50,745 INFO https://api.hh.ru/vacancies/70668877?host=hh.ru  131   17.701092200004496
2022-11-27 15:20:50,851 INFO ('71573190', 'https://api.hh.ru/vacancies/71573190?host=hh.ru ')
2022-11-27 15:20:50,851 INFO https://api.hh.ru/vacancies/71573190?host=hh.ru  132   17.80693819996668
2022-11-27 15:20:50,966 INFO ('72196667', 'https://api.hh.ru/vacancies/72196667?host=hh.ru ')
2022-11-27 15:20:50,966 INFO https://api.hh.ru/vacancies/72196667?host=hh.ru  133   17.92270459997235
2022-11-27 15:20:51,042 INFO ('69010850', 'https://api.hh.ru/vacancies/69010850?host=hh.ru ')
2022-11-27 15:20:51,042 INFO https://api.hh.ru/vacancies/69010850?host=hh.ru  134   17.998014999961015
2022-11-27 15:20:51,192 INFO ('70324238', 'https://api.hh.ru/vacancies/70324238?host=hh.ru ')
2022-11-27 15:20:51,192 INFO https://api.hh.ru/vacancies/70324238?host=hh.ru  135   18.148846499971114
2022-11-27 15:20:51,268 INFO ('70499027', 'https://api.hh.ru/vacancies/70499027?host=hh.ru ')
2022-11-27 15:20:51,268 INFO https://api.hh.ru/vacancies/70499027?host=hh.ru  136   18.224091799987946
2022-11-27 15:20:51,344 INFO ('70441534', 'https://api.hh.ru/vacancies/70441534?host=hh.ru ')
2022-11-27 15:20:51,344 INFO https://api.hh.ru/vacancies/70441534?host=hh.ru  137   18.29984950000653
2022-11-27 15:20:51,474 INFO ('72040379', 'https://api.hh.ru/vacancies/72040379?host=hh.ru ')
2022-11-27 15:20:51,474 INFO https://api.hh.ru/vacancies/72040379?host=hh.ru  138   18.429786599997897
2022-11-27 15:20:51,558 INFO ('72039322', 'https://api.hh.ru/vacancies/72039322?host=hh.ru ')
2022-11-27 15:20:51,558 INFO https://api.hh.ru/vacancies/72039322?host=hh.ru  139   18.514514599984977
2022-11-27 15:20:51,643 INFO ('70499028', 'https://api.hh.ru/vacancies/70499028?host=hh.ru ')
2022-11-27 15:20:51,643 INFO https://api.hh.ru/vacancies/70499028?host=hh.ru  140   18.60019949998241
2022-11-27 15:20:51,718 INFO ('71686659', 'https://api.hh.ru/vacancies/71686659?host=hh.ru ')
2022-11-27 15:20:51,718 INFO https://api.hh.ru/vacancies/71686659?host=hh.ru  141   18.673991799994837
2022-11-27 15:20:51,795 INFO ('69737647', 'https://api.hh.ru/vacancies/69737647?host=hh.ru ')
2022-11-27 15:20:51,795 INFO https://api.hh.ru/vacancies/69737647?host=hh.ru  142   18.75144179997733
2022-11-27 15:20:51,901 INFO ('71092137', 'https://api.hh.ru/vacancies/71092137?host=hh.ru ')
2022-11-27 15:20:51,901 INFO https://api.hh.ru/vacancies/71092137?host=hh.ru  143   18.857456400000956
2022-11-27 15:20:51,973 INFO ('72040418', 'https://api.hh.ru/vacancies/72040418?host=hh.ru ')
2022-11-27 15:20:51,973 INFO https://api.hh.ru/vacancies/72040418?host=hh.ru  144   18.930128999985754
2022-11-27 15:20:52,097 INFO ('71521355', 'https://api.hh.ru/vacancies/71521355?host=hh.ru ')
2022-11-27 15:20:52,098 INFO https://api.hh.ru/vacancies/71521355?host=hh.ru  145   19.053656800009776
2022-11-27 15:20:52,243 INFO ('54833451', 'https://api.hh.ru/vacancies/54833451?host=hh.ru ')
2022-11-27 15:20:52,243 INFO https://api.hh.ru/vacancies/54833451?host=hh.ru  146   19.199945400003344
2022-11-27 15:20:52,329 INFO ('71289724', 'https://api.hh.ru/vacancies/71289724?host=hh.ru ')
2022-11-27 15:20:52,330 INFO https://api.hh.ru/vacancies/71289724?host=hh.ru  147   19.28562979999697
2022-11-27 15:20:52,407 INFO ('69737592', 'https://api.hh.ru/vacancies/69737592?host=hh.ru ')
2022-11-27 15:20:52,407 INFO https://api.hh.ru/vacancies/69737592?host=hh.ru  148   19.36341160000302
2022-11-27 15:20:52,516 INFO ('67598895', 'https://api.hh.ru/vacancies/67598895?host=hh.ru ')
2022-11-27 15:20:52,516 INFO https://api.hh.ru/vacancies/67598895?host=hh.ru  149   19.472722699982114
2022-11-27 15:20:52,615 INFO ('71959122', 'https://api.hh.ru/vacancies/71959122?host=hh.ru ')
2022-11-27 15:20:52,615 INFO https://api.hh.ru/vacancies/71959122?host=hh.ru  150   19.571477499965113
2022-11-27 15:20:52,711 INFO ('72768787', 'https://api.hh.ru/vacancies/72768787?host=hh.ru ')
2022-11-27 15:20:52,711 INFO https://api.hh.ru/vacancies/72768787?host=hh.ru  151   19.667438499978743
2022-11-27 15:20:52,781 INFO ('72768474', 'https://api.hh.ru/vacancies/72768474?host=hh.ru ')
2022-11-27 15:20:52,781 INFO https://api.hh.ru/vacancies/72768474?host=hh.ru  152   19.73734890000196
2022-11-27 15:20:52,895 INFO ('72768469', 'https://api.hh.ru/vacancies/72768469?host=hh.ru ')
2022-11-27 15:20:52,895 INFO https://api.hh.ru/vacancies/72768469?host=hh.ru  153   19.850678299961146
2022-11-27 15:20:53,069 INFO ('72693744', 'https://api.hh.ru/vacancies/72693744?host=hh.ru ')
2022-11-27 15:20:53,069 INFO https://api.hh.ru/vacancies/72693744?host=hh.ru  154   20.025331599987112
2022-11-27 15:20:53,135 INFO ('72195490', 'https://api.hh.ru/vacancies/72195490?host=hh.ru ')
2022-11-27 15:20:53,135 INFO https://api.hh.ru/vacancies/72195490?host=hh.ru  155   20.091490199964028
2022-11-27 15:20:53,237 INFO ('72768788', 'https://api.hh.ru/vacancies/72768788?host=hh.ru ')
2022-11-27 15:20:53,237 INFO https://api.hh.ru/vacancies/72768788?host=hh.ru  156   20.193435599969234
2022-11-27 15:20:53,342 INFO ('72768785', 'https://api.hh.ru/vacancies/72768785?host=hh.ru ')
2022-11-27 15:20:53,342 INFO https://api.hh.ru/vacancies/72768785?host=hh.ru  157   20.298519400006626
2022-11-27 15:20:53,487 INFO ('71504983', 'https://api.hh.ru/vacancies/71504983?host=hh.ru ')
2022-11-27 15:20:53,487 INFO https://api.hh.ru/vacancies/71504983?host=hh.ru  158   20.443370199995115
2022-11-27 15:20:53,627 INFO ('72768606', 'https://api.hh.ru/vacancies/72768606?host=hh.ru ')
2022-11-27 15:20:53,627 INFO https://api.hh.ru/vacancies/72768606?host=hh.ru  159   20.58321029995568
2022-11-27 15:20:53,750 INFO ('72768605', 'https://api.hh.ru/vacancies/72768605?host=hh.ru ')
2022-11-27 15:20:53,750 INFO https://api.hh.ru/vacancies/72768605?host=hh.ru  160   20.706738199980464
2022-11-27 15:20:53,870 INFO ('72768492', 'https://api.hh.ru/vacancies/72768492?host=hh.ru ')
2022-11-27 15:20:53,870 INFO https://api.hh.ru/vacancies/72768492?host=hh.ru  161   20.826456099981442
2022-11-27 15:20:54,001 INFO ('71490998', 'https://api.hh.ru/vacancies/71490998?host=hh.ru ')
2022-11-27 15:20:54,001 INFO https://api.hh.ru/vacancies/71490998?host=hh.ru  162   20.95711689995369
2022-11-27 15:20:54,120 INFO ('71489929', 'https://api.hh.ru/vacancies/71489929?host=hh.ru ')
2022-11-27 15:20:54,120 INFO https://api.hh.ru/vacancies/71489929?host=hh.ru  163   21.07636199996341
2022-11-27 15:20:54,203 INFO ('71565240', 'https://api.hh.ru/vacancies/71565240?host=hh.ru ')
2022-11-27 15:20:54,204 INFO https://api.hh.ru/vacancies/71565240?host=hh.ru  164   21.16032309998991
2022-11-27 15:20:54,325 INFO ('72768495', 'https://api.hh.ru/vacancies/72768495?host=hh.ru ')
2022-11-27 15:20:54,325 INFO https://api.hh.ru/vacancies/72768495?host=hh.ru  165   21.280969999963418
2022-11-27 15:20:54,405 INFO ('72302618', 'https://api.hh.ru/vacancies/72302618?host=hh.ru ')
2022-11-27 15:20:54,405 INFO https://api.hh.ru/vacancies/72302618?host=hh.ru  166   21.361929999955464
2022-11-27 15:20:54,505 INFO ('72768473', 'https://api.hh.ru/vacancies/72768473?host=hh.ru ')
2022-11-27 15:20:54,505 INFO https://api.hh.ru/vacancies/72768473?host=hh.ru  167   21.461028499994427
2022-11-27 15:20:54,579 INFO ('71081379', 'https://api.hh.ru/vacancies/71081379?host=hh.ru ')
2022-11-27 15:20:54,579 INFO https://api.hh.ru/vacancies/71081379?host=hh.ru  168   21.53539069998078
2022-11-27 15:20:54,709 INFO ('70860653', 'https://api.hh.ru/vacancies/70860653?host=hh.ru ')
2022-11-27 15:20:54,709 INFO https://api.hh.ru/vacancies/70860653?host=hh.ru  169   21.665824899973813
2022-11-27 15:20:54,825 INFO ('72768599', 'https://api.hh.ru/vacancies/72768599?host=hh.ru ')
2022-11-27 15:20:54,825 INFO https://api.hh.ru/vacancies/72768599?host=hh.ru  170   21.781095399986953
2022-11-27 15:20:54,901 INFO ('71413970', 'https://api.hh.ru/vacancies/71413970?host=hh.ru ')
2022-11-27 15:20:54,901 INFO https://api.hh.ru/vacancies/71413970?host=hh.ru  171   21.858005699992646
2022-11-27 15:20:54,974 INFO ('72683546', 'https://api.hh.ru/vacancies/72683546?host=hh.ru ')
2022-11-27 15:20:54,974 INFO https://api.hh.ru/vacancies/72683546?host=hh.ru  172   21.930768999969587
2022-11-27 15:20:55,093 INFO ('71492030', 'https://api.hh.ru/vacancies/71492030?host=hh.ru ')
2022-11-27 15:20:55,094 INFO https://api.hh.ru/vacancies/71492030?host=hh.ru  173   22.050325299962424
2022-11-27 15:20:55,205 INFO ('71815234', 'https://api.hh.ru/vacancies/71815234?host=hh.ru ')
2022-11-27 15:20:55,205 INFO https://api.hh.ru/vacancies/71815234?host=hh.ru  174   22.16148529999191
2022-11-27 15:20:55,318 INFO ('71723190', 'https://api.hh.ru/vacancies/71723190?host=hh.ru ')
2022-11-27 15:20:55,318 INFO https://api.hh.ru/vacancies/71723190?host=hh.ru  175   22.27396319998661
2022-11-27 15:20:55,407 INFO ('71625648', 'https://api.hh.ru/vacancies/71625648?host=hh.ru ')
2022-11-27 15:20:55,407 INFO https://api.hh.ru/vacancies/71625648?host=hh.ru  176   22.363598599971738
2022-11-27 15:20:55,496 INFO ('71635568', 'https://api.hh.ru/vacancies/71635568?host=hh.ru ')
2022-11-27 15:20:55,496 INFO https://api.hh.ru/vacancies/71635568?host=hh.ru  177   22.45278099999996
2022-11-27 15:20:55,576 INFO ('72184351', 'https://api.hh.ru/vacancies/72184351?host=hh.ru ')
2022-11-27 15:20:55,576 INFO https://api.hh.ru/vacancies/72184351?host=hh.ru  178   22.532330499961972
2022-11-27 15:20:55,668 INFO ('72195800', 'https://api.hh.ru/vacancies/72195800?host=hh.ru ')
2022-11-27 15:20:55,668 INFO https://api.hh.ru/vacancies/72195800?host=hh.ru  179   22.624659899971448
2022-11-27 15:20:55,740 INFO ('54470306', 'https://api.hh.ru/vacancies/54470306?host=hh.ru ')
2022-11-27 15:20:55,740 INFO https://api.hh.ru/vacancies/54470306?host=hh.ru  180   22.69581909995759
2022-11-27 15:20:55,826 INFO ('72436736', 'https://api.hh.ru/vacancies/72436736?host=hh.ru ')
2022-11-27 15:20:55,826 INFO https://api.hh.ru/vacancies/72436736?host=hh.ru  181   22.781900200003292
2022-11-27 15:20:55,920 INFO ('70349647', 'https://api.hh.ru/vacancies/70349647?host=hh.ru ')
2022-11-27 15:20:55,920 INFO https://api.hh.ru/vacancies/70349647?host=hh.ru  182   22.876090099976864
2022-11-27 15:20:55,999 INFO ('71641729', 'https://api.hh.ru/vacancies/71641729?host=hh.ru ')
2022-11-27 15:20:55,999 INFO https://api.hh.ru/vacancies/71641729?host=hh.ru  183   22.9560547999572
2022-11-27 15:20:56,087 INFO ('71641712', 'https://api.hh.ru/vacancies/71641712?host=hh.ru ')
2022-11-27 15:20:56,087 INFO https://api.hh.ru/vacancies/71641712?host=hh.ru  184   23.04317069996614
2022-11-27 15:20:56,171 INFO ('72490319', 'https://api.hh.ru/vacancies/72490319?host=hh.ru ')
2022-11-27 15:20:56,171 INFO https://api.hh.ru/vacancies/72490319?host=hh.ru  185   23.127567499992438
2022-11-27 15:20:56,276 INFO ('49032849', 'https://api.hh.ru/vacancies/49032849?host=hh.ru ')
2022-11-27 15:20:56,277 INFO https://api.hh.ru/vacancies/49032849?host=hh.ru  186   23.232805499981623
2022-11-27 15:20:56,915 INFO ('70462828', 'https://api.hh.ru/vacancies/70462828?host=hh.ru ')
2022-11-27 15:20:56,915 INFO https://api.hh.ru/vacancies/70462828?host=hh.ru  187   23.871122499986086
2022-11-27 15:20:57,651 INFO ('71870557', 'https://api.hh.ru/vacancies/71870557?host=hh.ru ')
2022-11-27 15:20:57,651 INFO https://api.hh.ru/vacancies/71870557?host=hh.ru  188   24.60713369998848
2022-11-27 15:20:57,732 INFO ('72796400', 'https://api.hh.ru/vacancies/72796400?host=hh.ru ')
2022-11-27 15:20:57,733 INFO https://api.hh.ru/vacancies/72796400?host=hh.ru  189   24.688391499978025
2022-11-27 15:20:57,801 INFO ('71071166', 'https://api.hh.ru/vacancies/71071166?host=hh.ru ')
2022-11-27 15:20:57,802 INFO https://api.hh.ru/vacancies/71071166?host=hh.ru  190   24.75810380000621
2022-11-27 15:20:58,073 INFO ('42949326', 'https://api.hh.ru/vacancies/42949326?host=hh.ru ')
2022-11-27 15:20:58,073 INFO https://api.hh.ru/vacancies/42949326?host=hh.ru  191   25.029427099972963
2022-11-27 15:20:58,171 INFO ('72464341', 'https://api.hh.ru/vacancies/72464341?host=hh.ru ')
2022-11-27 15:20:58,171 INFO https://api.hh.ru/vacancies/72464341?host=hh.ru  192   25.127156000002287
2022-11-27 15:20:58,280 INFO ('71868136', 'https://api.hh.ru/vacancies/71868136?host=hh.ru ')
2022-11-27 15:20:58,280 INFO https://api.hh.ru/vacancies/71868136?host=hh.ru  193   25.23627910000505
2022-11-27 15:20:58,393 INFO ('72463062', 'https://api.hh.ru/vacancies/72463062?host=hh.ru ')
2022-11-27 15:20:58,393 INFO https://api.hh.ru/vacancies/72463062?host=hh.ru  194   25.34899199998472
2022-11-27 15:20:58,486 INFO ('72228799', 'https://api.hh.ru/vacancies/72228799?host=hh.ru ')
2022-11-27 15:20:58,486 INFO https://api.hh.ru/vacancies/72228799?host=hh.ru  195   25.4431365999626
2022-11-27 15:20:58,580 INFO ('71679873', 'https://api.hh.ru/vacancies/71679873?host=hh.ru ')
2022-11-27 15:20:58,580 INFO https://api.hh.ru/vacancies/71679873?host=hh.ru  196   25.536167899961583
2022-11-27 15:20:58,663 INFO ('71938687', 'https://api.hh.ru/vacancies/71938687?host=hh.ru ')
2022-11-27 15:20:58,663 INFO https://api.hh.ru/vacancies/71938687?host=hh.ru  197   25.61901379999472
2022-11-27 15:20:58,785 INFO ('70886238', 'https://api.hh.ru/vacancies/70886238?host=hh.ru ')
2022-11-27 15:20:58,786 INFO https://api.hh.ru/vacancies/70886238?host=hh.ru  198   25.742017399985343
2022-11-27 15:20:58,893 INFO ('70676818', 'https://api.hh.ru/vacancies/70676818?host=hh.ru ')
2022-11-27 15:20:58,893 INFO https://api.hh.ru/vacancies/70676818?host=hh.ru  199   25.84936579997884
2022-11-27 15:20:58,963 INFO ('72018976', 'https://api.hh.ru/vacancies/72018976?host=hh.ru ')
2022-11-27 15:20:58,963 INFO https://api.hh.ru/vacancies/72018976?host=hh.ru  200   25.91924650000874
2022-11-27 15:20:59,048 INFO ('72066369', 'https://api.hh.ru/vacancies/72066369?host=hh.ru ')
2022-11-27 15:20:59,048 INFO https://api.hh.ru/vacancies/72066369?host=hh.ru  201   26.004058099992108
2022-11-27 15:20:59,147 INFO ('72296073', 'https://api.hh.ru/vacancies/72296073?host=hh.ru ')
2022-11-27 15:20:59,147 INFO https://api.hh.ru/vacancies/72296073?host=hh.ru  202   26.103194499970414
2022-11-27 15:20:59,247 INFO ('72216270', 'https://api.hh.ru/vacancies/72216270?host=hh.ru ')
2022-11-27 15:20:59,247 INFO https://api.hh.ru/vacancies/72216270?host=hh.ru  203   26.20387359999586
2022-11-27 15:20:59,321 INFO ('69314710', 'https://api.hh.ru/vacancies/69314710?host=hh.ru ')
2022-11-27 15:20:59,321 INFO https://api.hh.ru/vacancies/69314710?host=hh.ru  204   26.27693839999847
2022-11-27 15:20:59,468 INFO ('72216040', 'https://api.hh.ru/vacancies/72216040?host=hh.ru ')
2022-11-27 15:20:59,468 INFO https://api.hh.ru/vacancies/72216040?host=hh.ru  205   26.42495059996145
2022-11-27 15:20:59,546 INFO ('69258305', 'https://api.hh.ru/vacancies/69258305?host=hh.ru ')
2022-11-27 15:20:59,546 INFO https://api.hh.ru/vacancies/69258305?host=hh.ru  206   26.502261099987663
2022-11-27 15:20:59,658 INFO ('71409704', 'https://api.hh.ru/vacancies/71409704?host=hh.ru ')
2022-11-27 15:20:59,658 INFO https://api.hh.ru/vacancies/71409704?host=hh.ru  207   26.614090399991255
2022-11-27 15:20:59,771 INFO ('66860020', 'https://api.hh.ru/vacancies/66860020?host=hh.ru ')
2022-11-27 15:20:59,771 INFO https://api.hh.ru/vacancies/66860020?host=hh.ru  208   26.72758409997914
2022-11-27 15:20:59,913 INFO ('68830766', 'https://api.hh.ru/vacancies/68830766?host=hh.ru ')
2022-11-27 15:20:59,913 INFO https://api.hh.ru/vacancies/68830766?host=hh.ru  209   26.86929709999822
2022-11-27 15:20:59,985 INFO ('71103343', 'https://api.hh.ru/vacancies/71103343?host=hh.ru ')
2022-11-27 15:20:59,985 INFO https://api.hh.ru/vacancies/71103343?host=hh.ru  210   26.9416183999856
2022-11-27 15:21:00,119 INFO ('71662510', 'https://api.hh.ru/vacancies/71662510?host=hh.ru ')
2022-11-27 15:21:00,119 INFO https://api.hh.ru/vacancies/71662510?host=hh.ru  211   27.075026699982118
2022-11-27 15:21:00,255 INFO ('72297437', 'https://api.hh.ru/vacancies/72297437?host=hh.ru ')
2022-11-27 15:21:00,255 INFO https://api.hh.ru/vacancies/72297437?host=hh.ru  212   27.2110771999578
2022-11-27 15:21:00,706 INFO ('71867799', 'https://api.hh.ru/vacancies/71867799?host=hh.ru ')
2022-11-27 15:21:00,706 INFO https://api.hh.ru/vacancies/71867799?host=hh.ru  213   27.66291779995663
2022-11-27 15:21:01,041 INFO ('72296151', 'https://api.hh.ru/vacancies/72296151?host=hh.ru ')
2022-11-27 15:21:01,041 INFO https://api.hh.ru/vacancies/72296151?host=hh.ru  214   27.997170499991626
2022-11-27 15:21:01,124 INFO ('48275276', 'https://api.hh.ru/vacancies/48275276?host=hh.ru ')
2022-11-27 15:21:01,124 INFO https://api.hh.ru/vacancies/48275276?host=hh.ru  215   28.079819299979135
2022-11-27 15:21:01,218 INFO ('71658860', 'https://api.hh.ru/vacancies/71658860?host=hh.ru ')
2022-11-27 15:21:01,218 INFO https://api.hh.ru/vacancies/71658860?host=hh.ru  216   28.174365899991244
2022-11-27 15:21:01,309 INFO ('71659690', 'https://api.hh.ru/vacancies/71659690?host=hh.ru ')
2022-11-27 15:21:01,309 INFO https://api.hh.ru/vacancies/71659690?host=hh.ru  217   28.265098200005013
2022-11-27 15:21:01,389 INFO ('72795468', 'https://api.hh.ru/vacancies/72795468?host=hh.ru ')
2022-11-27 15:21:01,389 INFO https://api.hh.ru/vacancies/72795468?host=hh.ru  218   28.3449910999625
2022-11-27 15:21:01,465 INFO ('71659166', 'https://api.hh.ru/vacancies/71659166?host=hh.ru ')
2022-11-27 15:21:01,465 INFO https://api.hh.ru/vacancies/71659166?host=hh.ru  219   28.421344799979124
2022-11-27 15:21:01,614 INFO ('71867797', 'https://api.hh.ru/vacancies/71867797?host=hh.ru ')
2022-11-27 15:21:01,614 INFO https://api.hh.ru/vacancies/71867797?host=hh.ru  220   28.570186899974942
2022-11-27 15:21:01,976 INFO ('67489738', 'https://api.hh.ru/vacancies/67489738?host=hh.ru ')
2022-11-27 15:21:01,976 INFO https://api.hh.ru/vacancies/67489738?host=hh.ru  221   28.931614800007083
2022-11-27 15:21:02,087 INFO ('71409664', 'https://api.hh.ru/vacancies/71409664?host=hh.ru ')
2022-11-27 15:21:02,087 INFO https://api.hh.ru/vacancies/71409664?host=hh.ru  222   29.043954399996437
2022-11-27 15:21:02,251 INFO ('72121440', 'https://api.hh.ru/vacancies/72121440?host=hh.ru ')
2022-11-27 15:21:02,251 INFO https://api.hh.ru/vacancies/72121440?host=hh.ru  223   29.206766499963123
2022-11-27 15:21:02,370 INFO ('72299961', 'https://api.hh.ru/vacancies/72299961?host=hh.ru ')
2022-11-27 15:21:02,370 INFO https://api.hh.ru/vacancies/72299961?host=hh.ru  224   29.325934699969366
2022-11-27 15:21:02,448 INFO ('66860532', 'https://api.hh.ru/vacancies/66860532?host=hh.ru ')
2022-11-27 15:21:02,449 INFO https://api.hh.ru/vacancies/66860532?host=hh.ru  225   29.40442219999386
2022-11-27 15:21:02,544 INFO ('72793510', 'https://api.hh.ru/vacancies/72793510?host=hh.ru ')
2022-11-27 15:21:02,544 INFO https://api.hh.ru/vacancies/72793510?host=hh.ru  226   29.500133999972604
2022-11-27 15:21:02,819 INFO ('71660383', 'https://api.hh.ru/vacancies/71660383?host=hh.ru ')
2022-11-27 15:21:02,819 INFO https://api.hh.ru/vacancies/71660383?host=hh.ru  227   29.775243899959605
2022-11-27 15:21:02,927 INFO ('71602450', 'https://api.hh.ru/vacancies/71602450?host=hh.ru ')
2022-11-27 15:21:02,927 INFO https://api.hh.ru/vacancies/71602450?host=hh.ru  228   29.883499299990945
2022-11-27 15:21:03,054 INFO ('72794568', 'https://api.hh.ru/vacancies/72794568?host=hh.ru ')
2022-11-27 15:21:03,054 INFO https://api.hh.ru/vacancies/72794568?host=hh.ru  229   30.01119039999321
2022-11-27 15:21:03,149 INFO ('71212843', 'https://api.hh.ru/vacancies/71212843?host=hh.ru ')
2022-11-27 15:21:03,150 INFO https://api.hh.ru/vacancies/71212843?host=hh.ru  230   30.106305999972392
2022-11-27 15:21:03,705 INFO ('66860235', 'https://api.hh.ru/vacancies/66860235?host=hh.ru ')
2022-11-27 15:21:03,705 INFO https://api.hh.ru/vacancies/66860235?host=hh.ru  231   30.66188269999111
2022-11-27 15:21:03,842 INFO ('66860157', 'https://api.hh.ru/vacancies/66860157?host=hh.ru ')
2022-11-27 15:21:03,842 INFO https://api.hh.ru/vacancies/66860157?host=hh.ru  232   30.79897369997343
2022-11-27 15:21:04,056 INFO ('70459119', 'https://api.hh.ru/vacancies/70459119?host=hh.ru ')
2022-11-27 15:21:04,056 INFO https://api.hh.ru/vacancies/70459119?host=hh.ru  233   31.012790499953553
2022-11-27 15:21:04,262 INFO ('72463036', 'https://api.hh.ru/vacancies/72463036?host=hh.ru ')
2022-11-27 15:21:04,262 INFO https://api.hh.ru/vacancies/72463036?host=hh.ru  234   31.218734099995345
2022-11-27 15:21:04,401 INFO ('70017478', 'https://api.hh.ru/vacancies/70017478?host=hh.ru ')
2022-11-27 15:21:04,401 INFO https://api.hh.ru/vacancies/70017478?host=hh.ru  235   31.35718110000016
2022-11-27 15:21:04,554 INFO ('71662581', 'https://api.hh.ru/vacancies/71662581?host=hh.ru ')
2022-11-27 15:21:04,554 INFO https://api.hh.ru/vacancies/71662581?host=hh.ru  236   31.510464499995578
2022-11-27 15:21:04,672 INFO ('72072922', 'https://api.hh.ru/vacancies/72072922?host=hh.ru ')
2022-11-27 15:21:04,672 INFO https://api.hh.ru/vacancies/72072922?host=hh.ru  237   31.62813540000934
2022-11-27 15:21:04,757 INFO ('69252938', 'https://api.hh.ru/vacancies/69252938?host=hh.ru ')
2022-11-27 15:21:04,757 INFO https://api.hh.ru/vacancies/69252938?host=hh.ru  238   31.713593199965544
2022-11-27 15:21:04,903 INFO ('72297673', 'https://api.hh.ru/vacancies/72297673?host=hh.ru ')
2022-11-27 15:21:04,903 INFO https://api.hh.ru/vacancies/72297673?host=hh.ru  239   31.859118399966974
2022-11-27 15:21:05,015 INFO ('71662276', 'https://api.hh.ru/vacancies/71662276?host=hh.ru ')
2022-11-27 15:21:05,015 INFO https://api.hh.ru/vacancies/71662276?host=hh.ru  240   31.971946500008926
2022-11-27 15:21:05,114 INFO ('70407757', 'https://api.hh.ru/vacancies/70407757?host=hh.ru ')
2022-11-27 15:21:05,114 INFO https://api.hh.ru/vacancies/70407757?host=hh.ru  241   32.0704301999649
2022-11-27 15:21:05,236 INFO ('42961353', 'https://api.hh.ru/vacancies/42961353?host=hh.ru ')
2022-11-27 15:21:05,236 INFO https://api.hh.ru/vacancies/42961353?host=hh.ru  242   32.19258249999257
2022-11-27 15:21:05,326 INFO ('71868263', 'https://api.hh.ru/vacancies/71868263?host=hh.ru ')
2022-11-27 15:21:05,326 INFO https://api.hh.ru/vacancies/71868263?host=hh.ru  243   32.2818592999829
2022-11-27 15:21:05,397 INFO ('71259663', 'https://api.hh.ru/vacancies/71259663?host=hh.ru ')
2022-11-27 15:21:05,397 INFO https://api.hh.ru/vacancies/71259663?host=hh.ru  244   32.35331459995359
2022-11-27 15:21:05,490 INFO ('71806347', 'https://api.hh.ru/vacancies/71806347?host=hh.ru ')
2022-11-27 15:21:05,490 INFO https://api.hh.ru/vacancies/71806347?host=hh.ru  245   32.44689379999181
2022-11-27 15:21:05,644 INFO ('72217253', 'https://api.hh.ru/vacancies/72217253?host=hh.ru ')
2022-11-27 15:21:05,644 INFO https://api.hh.ru/vacancies/72217253?host=hh.ru  246   32.60019470000407
2022-11-27 15:21:05,750 INFO ('71494879', 'https://api.hh.ru/vacancies/71494879?host=hh.ru ')
2022-11-27 15:21:05,750 INFO https://api.hh.ru/vacancies/71494879?host=hh.ru  247   32.70615419995738
2022-11-27 15:21:05,859 INFO ('72064471', 'https://api.hh.ru/vacancies/72064471?host=hh.ru ')
2022-11-27 15:21:05,859 INFO https://api.hh.ru/vacancies/72064471?host=hh.ru  248   32.81469569995534
2022-11-27 15:21:05,977 INFO ('68947618', 'https://api.hh.ru/vacancies/68947618?host=hh.ru ')
2022-11-27 15:21:05,977 INFO https://api.hh.ru/vacancies/68947618?host=hh.ru  249   32.93360769998981
2022-11-27 15:21:06,301 INFO ('71662186', 'https://api.hh.ru/vacancies/71662186?host=hh.ru ')
2022-11-27 15:21:06,301 INFO https://api.hh.ru/vacancies/71662186?host=hh.ru  250   33.257463299960364
2022-11-27 15:21:06,394 INFO ('72541940', 'https://api.hh.ru/vacancies/72541940?host=hh.ru ')
2022-11-27 15:21:06,394 INFO https://api.hh.ru/vacancies/72541940?host=hh.ru  251   33.35093139996752
2022-11-27 15:21:06,525 INFO ('67640111', 'https://api.hh.ru/vacancies/67640111?host=hh.ru ')
2022-11-27 15:21:06,525 INFO https://api.hh.ru/vacancies/67640111?host=hh.ru  252   33.48118679999607
2022-11-27 15:21:06,660 INFO ('72229581', 'https://api.hh.ru/vacancies/72229581?host=hh.ru ')
2022-11-27 15:21:06,660 INFO https://api.hh.ru/vacancies/72229581?host=hh.ru  253   33.61683139996603
2022-11-27 15:21:06,743 INFO ('51099502', 'https://api.hh.ru/vacancies/51099502?host=hh.ru ')
2022-11-27 15:21:06,743 INFO https://api.hh.ru/vacancies/51099502?host=hh.ru  254   33.69859749998432
2022-11-27 15:21:06,834 INFO ('71661934', 'https://api.hh.ru/vacancies/71661934?host=hh.ru ')
2022-11-27 15:21:06,834 INFO https://api.hh.ru/vacancies/71661934?host=hh.ru  255   33.7903776000021
2022-11-27 15:21:06,926 INFO ('71662727', 'https://api.hh.ru/vacancies/71662727?host=hh.ru ')
2022-11-27 15:21:06,926 INFO https://api.hh.ru/vacancies/71662727?host=hh.ru  256   33.881577499967534
2022-11-27 15:21:07,042 INFO ('54134941', 'https://api.hh.ru/vacancies/54134941?host=hh.ru ')
2022-11-27 15:21:07,042 INFO https://api.hh.ru/vacancies/54134941?host=hh.ru  257   33.99878929997794
2022-11-27 15:21:07,176 INFO ('70575343', 'https://api.hh.ru/vacancies/70575343?host=hh.ru ')
2022-11-27 15:21:07,176 INFO https://api.hh.ru/vacancies/70575343?host=hh.ru  258   34.13230900000781
2022-11-27 15:21:07,276 INFO ('71107712', 'https://api.hh.ru/vacancies/71107712?host=hh.ru ')
2022-11-27 15:21:07,276 INFO https://api.hh.ru/vacancies/71107712?host=hh.ru  259   34.231988099985756
2022-11-27 15:21:07,431 INFO ('68648182', 'https://api.hh.ru/vacancies/68648182?host=hh.ru ')
2022-11-27 15:21:07,432 INFO https://api.hh.ru/vacancies/68648182?host=hh.ru  260   34.388288699963596
2022-11-27 15:21:07,509 INFO ('71506510', 'https://api.hh.ru/vacancies/71506510?host=hh.ru ')
2022-11-27 15:21:07,509 INFO https://api.hh.ru/vacancies/71506510?host=hh.ru  261   34.46577700000489
2022-11-27 15:21:07,626 INFO ('72065377', 'https://api.hh.ru/vacancies/72065377?host=hh.ru ')
2022-11-27 15:21:07,626 INFO https://api.hh.ru/vacancies/72065377?host=hh.ru  262   34.58267119998345
2022-11-27 15:21:07,703 INFO ('72216601', 'https://api.hh.ru/vacancies/72216601?host=hh.ru ')
2022-11-27 15:21:07,703 INFO https://api.hh.ru/vacancies/72216601?host=hh.ru  263   34.658776799973566
2022-11-27 15:21:07,828 INFO ('72066257', 'https://api.hh.ru/vacancies/72066257?host=hh.ru ')
2022-11-27 15:21:07,828 INFO https://api.hh.ru/vacancies/72066257?host=hh.ru  264   34.78464389999863
2022-11-27 15:21:07,914 INFO ('71660602', 'https://api.hh.ru/vacancies/71660602?host=hh.ru ')
2022-11-27 15:21:07,914 INFO https://api.hh.ru/vacancies/71660602?host=hh.ru  265   34.870326499978546
2022-11-27 15:21:08,020 INFO ('71494880', 'https://api.hh.ru/vacancies/71494880?host=hh.ru ')
2022-11-27 15:21:08,020 INFO https://api.hh.ru/vacancies/71494880?host=hh.ru  266   34.975790600001346
2022-11-27 15:21:08,175 INFO ('70337158', 'https://api.hh.ru/vacancies/70337158?host=hh.ru ')
2022-11-27 15:21:08,175 INFO https://api.hh.ru/vacancies/70337158?host=hh.ru  267   35.13106109999353
2022-11-27 15:21:08,269 INFO ('70685359', 'https://api.hh.ru/vacancies/70685359?host=hh.ru ')
2022-11-27 15:21:08,269 INFO https://api.hh.ru/vacancies/70685359?host=hh.ru  268   35.22536459995899
2022-11-27 15:21:08,400 INFO ('72296283', 'https://api.hh.ru/vacancies/72296283?host=hh.ru ')
2022-11-27 15:21:08,400 INFO https://api.hh.ru/vacancies/72296283?host=hh.ru  269   35.35692599997856
2022-11-27 15:21:08,483 INFO ('70725022', 'https://api.hh.ru/vacancies/70725022?host=hh.ru ')
2022-11-27 15:21:08,484 INFO https://api.hh.ru/vacancies/70725022?host=hh.ru  270   35.44014919997426
2022-11-27 15:21:08,797 INFO ('71695467', 'https://api.hh.ru/vacancies/71695467?host=hh.ru ')
2022-11-27 15:21:08,797 INFO https://api.hh.ru/vacancies/71695467?host=hh.ru  271   35.75286489998689
2022-11-27 15:21:08,915 INFO ('67448661', 'https://api.hh.ru/vacancies/67448661?host=hh.ru ')
2022-11-27 15:21:08,915 INFO https://api.hh.ru/vacancies/67448661?host=hh.ru  272   35.871419699979015
2022-11-27 15:21:08,993 INFO ('72215133', 'https://api.hh.ru/vacancies/72215133?host=hh.ru ')
2022-11-27 15:21:08,993 INFO https://api.hh.ru/vacancies/72215133?host=hh.ru  273   35.94948379998095
2022-11-27 15:21:09,083 INFO ('72063782', 'https://api.hh.ru/vacancies/72063782?host=hh.ru ')
2022-11-27 15:21:09,083 INFO https://api.hh.ru/vacancies/72063782?host=hh.ru  274   36.03881100000581
2022-11-27 15:21:09,166 INFO ('70405056', 'https://api.hh.ru/vacancies/70405056?host=hh.ru ')
2022-11-27 15:21:09,167 INFO https://api.hh.ru/vacancies/70405056?host=hh.ru  275   36.122967800009064
2022-11-27 15:21:09,301 INFO ('72465310', 'https://api.hh.ru/vacancies/72465310?host=hh.ru ')
2022-11-27 15:21:09,301 INFO https://api.hh.ru/vacancies/72465310?host=hh.ru  276   36.25750499998685
2022-11-27 15:21:09,529 INFO ('69864626', 'https://api.hh.ru/vacancies/69864626?host=hh.ru ')
2022-11-27 15:21:09,529 INFO https://api.hh.ru/vacancies/69864626?host=hh.ru  277   36.48473959998228
2022-11-27 15:21:09,655 INFO ('72296209', 'https://api.hh.ru/vacancies/72296209?host=hh.ru ')
2022-11-27 15:21:09,655 INFO https://api.hh.ru/vacancies/72296209?host=hh.ru  278   36.61119139997754
2022-11-27 15:21:09,754 INFO ('72792307', 'https://api.hh.ru/vacancies/72792307?host=hh.ru ')
2022-11-27 15:21:09,754 INFO https://api.hh.ru/vacancies/72792307?host=hh.ru  279   36.71111899998505
2022-11-27 15:21:09,855 INFO ('71655782', 'https://api.hh.ru/vacancies/71655782?host=hh.ru ')
2022-11-27 15:21:09,855 INFO https://api.hh.ru/vacancies/71655782?host=hh.ru  280   36.811238199996296
2022-11-27 15:21:09,970 INFO ('72123911', 'https://api.hh.ru/vacancies/72123911?host=hh.ru ')
2022-11-27 15:21:09,970 INFO https://api.hh.ru/vacancies/72123911?host=hh.ru  281   36.92625059996499
2022-11-27 15:21:10,089 INFO ('71274106', 'https://api.hh.ru/vacancies/71274106?host=hh.ru ')
2022-11-27 15:21:10,089 INFO https://api.hh.ru/vacancies/71274106?host=hh.ru  282   37.045397599984426
2022-11-27 15:21:10,202 INFO ('71868231', 'https://api.hh.ru/vacancies/71868231?host=hh.ru ')
2022-11-27 15:21:10,202 INFO https://api.hh.ru/vacancies/71868231?host=hh.ru  283   37.15834719996201
2022-11-27 15:21:10,275 INFO ('66221926', 'https://api.hh.ru/vacancies/66221926?host=hh.ru ')
2022-11-27 15:21:10,275 INFO https://api.hh.ru/vacancies/66221926?host=hh.ru  284   37.23120109998854
2022-11-27 15:21:10,427 INFO ('71519407', 'https://api.hh.ru/vacancies/71519407?host=hh.ru ')
2022-11-27 15:21:10,427 INFO https://api.hh.ru/vacancies/71519407?host=hh.ru  285   37.383490499982145
2022-11-27 15:21:10,510 INFO ('70677213', 'https://api.hh.ru/vacancies/70677213?host=hh.ru ')
2022-11-27 15:21:10,510 INFO https://api.hh.ru/vacancies/70677213?host=hh.ru  286   37.466450200008694
2022-11-27 15:21:10,621 INFO ('71870527', 'https://api.hh.ru/vacancies/71870527?host=hh.ru ')
2022-11-27 15:21:10,621 INFO https://api.hh.ru/vacancies/71870527?host=hh.ru  287   37.577187999966554
2022-11-27 15:21:10,870 INFO ('67363462', 'https://api.hh.ru/vacancies/67363462?host=hh.ru ')
2022-11-27 15:21:10,870 INFO https://api.hh.ru/vacancies/67363462?host=hh.ru  288   37.82662700000219
2022-11-27 15:21:10,946 INFO ('71049822', 'https://api.hh.ru/vacancies/71049822?host=hh.ru ')
2022-11-27 15:21:10,946 INFO https://api.hh.ru/vacancies/71049822?host=hh.ru  289   37.90252259996487
2022-11-27 15:21:11,027 INFO ('72297998', 'https://api.hh.ru/vacancies/72297998?host=hh.ru ')
2022-11-27 15:21:11,027 INFO https://api.hh.ru/vacancies/72297998?host=hh.ru  290   37.983588100003544
2022-11-27 15:21:11,211 INFO ('71868439', 'https://api.hh.ru/vacancies/71868439?host=hh.ru ')
2022-11-27 15:21:11,212 INFO https://api.hh.ru/vacancies/71868439?host=hh.ru  291   38.16828779998468
2022-11-27 15:21:11,478 INFO ('72793487', 'https://api.hh.ru/vacancies/72793487?host=hh.ru ')
2022-11-27 15:21:11,478 INFO https://api.hh.ru/vacancies/72793487?host=hh.ru  292   38.43408019997878
2022-11-27 15:21:11,756 INFO ('72217741', 'https://api.hh.ru/vacancies/72217741?host=hh.ru ')
2022-11-27 15:21:11,756 INFO https://api.hh.ru/vacancies/72217741?host=hh.ru  293   38.71195559995249
2022-11-27 15:21:11,837 INFO ('71866350', 'https://api.hh.ru/vacancies/71866350?host=hh.ru ')
2022-11-27 15:21:11,837 INFO https://api.hh.ru/vacancies/71866350?host=hh.ru  294   38.79286509996746
2022-11-27 15:21:12,349 INFO ('67448170', 'https://api.hh.ru/vacancies/67448170?host=hh.ru ')
2022-11-27 15:21:12,349 INFO https://api.hh.ru/vacancies/67448170?host=hh.ru  295   39.30575639999006
2022-11-27 15:21:12,503 INFO ('72066236', 'https://api.hh.ru/vacancies/72066236?host=hh.ru ')
2022-11-27 15:21:12,503 INFO https://api.hh.ru/vacancies/72066236?host=hh.ru  296   39.459068699972704
2022-11-27 15:21:12,653 INFO ('72796038', 'https://api.hh.ru/vacancies/72796038?host=hh.ru ')
2022-11-27 15:21:12,653 INFO https://api.hh.ru/vacancies/72796038?host=hh.ru  297   39.6093053999939
2022-11-27 15:21:12,757 INFO ('66860388', 'https://api.hh.ru/vacancies/66860388?host=hh.ru ')
2022-11-27 15:21:12,757 INFO https://api.hh.ru/vacancies/66860388?host=hh.ru  298   39.71347680001054
2022-11-27 15:21:12,886 INFO ('71263834', 'https://api.hh.ru/vacancies/71263834?host=hh.ru ')
2022-11-27 15:21:12,886 INFO https://api.hh.ru/vacancies/71263834?host=hh.ru  299   39.84242429997539
2022-11-27 15:21:12,959 INFO ('72297127', 'https://api.hh.ru/vacancies/72297127?host=hh.ru ')
2022-11-27 15:21:12,959 INFO https://api.hh.ru/vacancies/72297127?host=hh.ru  300   39.91524369997205
2022-11-27 15:21:13,242 INFO ('69166503', 'https://api.hh.ru/vacancies/69166503?host=hh.ru ')
2022-11-27 15:21:13,242 INFO https://api.hh.ru/vacancies/69166503?host=hh.ru  301   40.198220299964305
2022-11-27 15:21:13,380 INFO ('72169417', 'https://api.hh.ru/vacancies/72169417?host=hh.ru ')
2022-11-27 15:21:13,380 INFO https://api.hh.ru/vacancies/72169417?host=hh.ru  302   40.336685899994336
2022-11-27 15:21:13,464 INFO ('72206138', 'https://api.hh.ru/vacancies/72206138?host=hh.ru ')
2022-11-27 15:21:13,465 INFO https://api.hh.ru/vacancies/72206138?host=hh.ru  303   40.42131859995425
2022-11-27 15:21:13,553 INFO ('66860301', 'https://api.hh.ru/vacancies/66860301?host=hh.ru ')
2022-11-27 15:21:13,553 INFO https://api.hh.ru/vacancies/66860301?host=hh.ru  304   40.5091632999829
2022-11-27 15:21:13,826 INFO ('72300527', 'https://api.hh.ru/vacancies/72300527?host=hh.ru ')
2022-11-27 15:21:13,826 INFO https://api.hh.ru/vacancies/72300527?host=hh.ru  305   40.78226969996467
2022-11-27 15:21:13,899 INFO ('72065106', 'https://api.hh.ru/vacancies/72065106?host=hh.ru ')
2022-11-27 15:21:13,900 INFO https://api.hh.ru/vacancies/72065106?host=hh.ru  306   40.85616789996857
2022-11-27 15:21:14,014 INFO ('70371606', 'https://api.hh.ru/vacancies/70371606?host=hh.ru ')
2022-11-27 15:21:14,014 INFO https://api.hh.ru/vacancies/70371606?host=hh.ru  307   40.9697491999832
2022-11-27 15:21:14,092 INFO ('71661614', 'https://api.hh.ru/vacancies/71661614?host=hh.ru ')
2022-11-27 15:21:14,092 INFO https://api.hh.ru/vacancies/71661614?host=hh.ru  308   41.04892559995642
2022-11-27 15:21:14,210 INFO ('71660577', 'https://api.hh.ru/vacancies/71660577?host=hh.ru ')
2022-11-27 15:21:14,211 INFO https://api.hh.ru/vacancies/71660577?host=hh.ru  309   41.16662899998482
2022-11-27 15:21:14,287 INFO ('72216787', 'https://api.hh.ru/vacancies/72216787?host=hh.ru ')
2022-11-27 15:21:14,287 INFO https://api.hh.ru/vacancies/72216787?host=hh.ru  310   41.242689799983054
2022-11-27 15:21:14,407 INFO ('72299765', 'https://api.hh.ru/vacancies/72299765?host=hh.ru ')
2022-11-27 15:21:14,407 INFO https://api.hh.ru/vacancies/72299765?host=hh.ru  311   41.36349679995328
2022-11-27 15:21:14,508 INFO ('72464771', 'https://api.hh.ru/vacancies/72464771?host=hh.ru ')
2022-11-27 15:21:14,508 INFO https://api.hh.ru/vacancies/72464771?host=hh.ru  312   41.46475599997211
2022-11-27 15:21:14,583 INFO ('71869304', 'https://api.hh.ru/vacancies/71869304?host=hh.ru ')
2022-11-27 15:21:14,583 INFO https://api.hh.ru/vacancies/71869304?host=hh.ru  313   41.53987709997455
2022-11-27 15:21:14,661 INFO ('72215520', 'https://api.hh.ru/vacancies/72215520?host=hh.ru ')
2022-11-27 15:21:14,661 INFO https://api.hh.ru/vacancies/72215520?host=hh.ru  314   41.61755079997238
2022-11-27 15:21:14,755 INFO ('71869455', 'https://api.hh.ru/vacancies/71869455?host=hh.ru ')
2022-11-27 15:21:14,755 INFO https://api.hh.ru/vacancies/71869455?host=hh.ru  315   41.71150420000777
2022-11-27 15:21:14,878 INFO ('72332994', 'https://api.hh.ru/vacancies/72332994?host=hh.ru ')
2022-11-27 15:21:14,878 INFO https://api.hh.ru/vacancies/72332994?host=hh.ru  316   41.83438779995777
2022-11-27 15:21:14,959 INFO ('72426326', 'https://api.hh.ru/vacancies/72426326?host=hh.ru ')
2022-11-27 15:21:14,959 INFO https://api.hh.ru/vacancies/72426326?host=hh.ru  317   41.91519679996418
2022-11-27 15:21:15,048 INFO ('51270006', 'https://api.hh.ru/vacancies/51270006?host=hh.ru ')
2022-11-27 15:21:15,048 INFO https://api.hh.ru/vacancies/51270006?host=hh.ru  318   42.004255199979525
2022-11-27 15:21:15,127 INFO ('71761668', 'https://api.hh.ru/vacancies/71761668?host=hh.ru ')
2022-11-27 15:21:15,127 INFO https://api.hh.ru/vacancies/71761668?host=hh.ru  319   42.08317100000568
2022-11-27 15:21:15,210 INFO ('66860553', 'https://api.hh.ru/vacancies/66860553?host=hh.ru ')
2022-11-27 15:21:15,210 INFO https://api.hh.ru/vacancies/66860553?host=hh.ru  320   42.16588679997949
2022-11-27 15:21:15,335 INFO ('72793257', 'https://api.hh.ru/vacancies/72793257?host=hh.ru ')
2022-11-27 15:21:15,335 INFO https://api.hh.ru/vacancies/72793257?host=hh.ru  321   42.29110619996209
2022-11-27 15:21:15,468 INFO ('72297454', 'https://api.hh.ru/vacancies/72297454?host=hh.ru ')
2022-11-27 15:21:15,468 INFO https://api.hh.ru/vacancies/72297454?host=hh.ru  322   42.42425909999292
2022-11-27 15:21:15,552 INFO ('71595474', 'https://api.hh.ru/vacancies/71595474?host=hh.ru ')
2022-11-27 15:21:15,552 INFO https://api.hh.ru/vacancies/71595474?host=hh.ru  323   42.50871109997388
2022-11-27 15:21:15,632 INFO ('71867794', 'https://api.hh.ru/vacancies/71867794?host=hh.ru ')
2022-11-27 15:21:15,632 INFO https://api.hh.ru/vacancies/71867794?host=hh.ru  324   42.588189999980386
2022-11-27 15:21:15,764 INFO ('66860026', 'https://api.hh.ru/vacancies/66860026?host=hh.ru ')
2022-11-27 15:21:15,764 INFO https://api.hh.ru/vacancies/66860026?host=hh.ru  325   42.7210391999688
2022-11-27 15:21:15,857 INFO ('71870518', 'https://api.hh.ru/vacancies/71870518?host=hh.ru ')
2022-11-27 15:21:15,857 INFO https://api.hh.ru/vacancies/71870518?host=hh.ru  326   42.81308190000709
2022-11-27 15:21:15,930 INFO ('72067454', 'https://api.hh.ru/vacancies/72067454?host=hh.ru ')
2022-11-27 15:21:15,930 INFO https://api.hh.ru/vacancies/72067454?host=hh.ru  327   42.88685239996994
2022-11-27 15:21:16,028 INFO ('72065196', 'https://api.hh.ru/vacancies/72065196?host=hh.ru ')
2022-11-27 15:21:16,028 INFO https://api.hh.ru/vacancies/72065196?host=hh.ru  328   42.98506819998147
2022-11-27 15:21:16,102 INFO ('72064811', 'https://api.hh.ru/vacancies/72064811?host=hh.ru ')
2022-11-27 15:21:16,103 INFO https://api.hh.ru/vacancies/72064811?host=hh.ru  329   43.05936339998152
2022-11-27 15:21:16,202 INFO ('71556091', 'https://api.hh.ru/vacancies/71556091?host=hh.ru ')
2022-11-27 15:21:16,202 INFO https://api.hh.ru/vacancies/71556091?host=hh.ru  330   43.15808699995978
2022-11-27 15:21:16,275 INFO ('72217061', 'https://api.hh.ru/vacancies/72217061?host=hh.ru ')
2022-11-27 15:21:16,275 INFO https://api.hh.ru/vacancies/72217061?host=hh.ru  331   43.23124229995301
2022-11-27 15:21:16,384 INFO ('66859858', 'https://api.hh.ru/vacancies/66859858?host=hh.ru ')
2022-11-27 15:21:16,384 INFO https://api.hh.ru/vacancies/66859858?host=hh.ru  332   43.33948069997132
2022-11-27 15:21:16,500 INFO ('66860188', 'https://api.hh.ru/vacancies/66860188?host=hh.ru ')
2022-11-27 15:21:16,500 INFO https://api.hh.ru/vacancies/66860188?host=hh.ru  333   43.45609900000272
2022-11-27 15:21:16,682 INFO ('71659063', 'https://api.hh.ru/vacancies/71659063?host=hh.ru ')
2022-11-27 15:21:16,682 INFO https://api.hh.ru/vacancies/71659063?host=hh.ru  334   43.638348799955565
2022-11-27 15:21:16,767 INFO ('72065080', 'https://api.hh.ru/vacancies/72065080?host=hh.ru ')
2022-11-27 15:21:16,767 INFO https://api.hh.ru/vacancies/72065080?host=hh.ru  335   43.72348529996816
2022-11-27 15:21:16,851 INFO ('72066216', 'https://api.hh.ru/vacancies/72066216?host=hh.ru ')
2022-11-27 15:21:16,851 INFO https://api.hh.ru/vacancies/72066216?host=hh.ru  336   43.80738059995929
2022-11-27 15:21:16,940 INFO ('67571815', 'https://api.hh.ru/vacancies/67571815?host=hh.ru ')
2022-11-27 15:21:16,940 INFO https://api.hh.ru/vacancies/67571815?host=hh.ru  337   43.89596519997576
2022-11-27 15:21:17,052 INFO ('72217657', 'https://api.hh.ru/vacancies/72217657?host=hh.ru ')
2022-11-27 15:21:17,052 INFO https://api.hh.ru/vacancies/72217657?host=hh.ru  338   44.00807929999428
2022-11-27 15:21:17,138 INFO ('72064863', 'https://api.hh.ru/vacancies/72064863?host=hh.ru ')
2022-11-27 15:21:17,138 INFO https://api.hh.ru/vacancies/72064863?host=hh.ru  339   44.09439779998502
2022-11-27 15:21:17,261 INFO ('72215563', 'https://api.hh.ru/vacancies/72215563?host=hh.ru ')
2022-11-27 15:21:17,261 INFO https://api.hh.ru/vacancies/72215563?host=hh.ru  340   44.21694519999437
2022-11-27 15:21:17,350 INFO ('72793931', 'https://api.hh.ru/vacancies/72793931?host=hh.ru ')
2022-11-27 15:21:17,350 INFO https://api.hh.ru/vacancies/72793931?host=hh.ru  341   44.30683869996574
2022-11-27 15:21:17,435 INFO ('66860527', 'https://api.hh.ru/vacancies/66860527?host=hh.ru ')
2022-11-27 15:21:17,435 INFO https://api.hh.ru/vacancies/66860527?host=hh.ru  342   44.39124879997689
2022-11-27 15:21:17,595 INFO ('66860319', 'https://api.hh.ru/vacancies/66860319?host=hh.ru ')
2022-11-27 15:21:17,595 INFO https://api.hh.ru/vacancies/66860319?host=hh.ru  343   44.55155879998347
2022-11-27 15:21:17,976 INFO ('71660360', 'https://api.hh.ru/vacancies/71660360?host=hh.ru ')
2022-11-27 15:21:17,976 INFO https://api.hh.ru/vacancies/71660360?host=hh.ru  344   44.93240349995904
2022-11-27 15:21:18,072 INFO ('72065008', 'https://api.hh.ru/vacancies/72065008?host=hh.ru ')
2022-11-27 15:21:18,072 INFO https://api.hh.ru/vacancies/72065008?host=hh.ru  345   45.028481899993494
2022-11-27 15:21:18,243 INFO ('72067192', 'https://api.hh.ru/vacancies/72067192?host=hh.ru ')
2022-11-27 15:21:18,243 INFO https://api.hh.ru/vacancies/72067192?host=hh.ru  346   45.19954100000905
2022-11-27 15:21:18,336 INFO ('55028606', 'https://api.hh.ru/vacancies/55028606?host=hh.ru ')
2022-11-27 15:21:18,337 INFO https://api.hh.ru/vacancies/55028606?host=hh.ru  347   45.29268650000449
2022-11-27 15:21:18,435 INFO ('69165261', 'https://api.hh.ru/vacancies/69165261?host=hh.ru ')
2022-11-27 15:21:18,435 INFO https://api.hh.ru/vacancies/69165261?host=hh.ru  348   45.39151709998259
2022-11-27 15:21:18,523 INFO ('71136017', 'https://api.hh.ru/vacancies/71136017?host=hh.ru ')
2022-11-27 15:21:18,523 INFO https://api.hh.ru/vacancies/71136017?host=hh.ru  349   45.479943899961654
2022-11-27 15:21:18,633 INFO ('72793483', 'https://api.hh.ru/vacancies/72793483?host=hh.ru ')
2022-11-27 15:21:18,633 INFO https://api.hh.ru/vacancies/72793483?host=hh.ru  350   45.59025379997911
2022-11-27 15:21:18,738 INFO ('66859888', 'https://api.hh.ru/vacancies/66859888?host=hh.ru ')
2022-11-27 15:21:18,738 INFO https://api.hh.ru/vacancies/66859888?host=hh.ru  351   45.694718099955935
2022-11-27 15:21:18,928 INFO ('66860579', 'https://api.hh.ru/vacancies/66860579?host=hh.ru ')
2022-11-27 15:21:18,928 INFO https://api.hh.ru/vacancies/66860579?host=hh.ru  352   45.884431099984795
2022-11-27 15:21:19,080 INFO ('66860213', 'https://api.hh.ru/vacancies/66860213?host=hh.ru ')
2022-11-27 15:21:19,081 INFO https://api.hh.ru/vacancies/66860213?host=hh.ru  353   46.036971399968024
2022-11-27 15:21:19,207 INFO ('72465827', 'https://api.hh.ru/vacancies/72465827?host=hh.ru ')
2022-11-27 15:21:19,207 INFO https://api.hh.ru/vacancies/72465827?host=hh.ru  354   46.162837699986994
2022-11-27 15:21:19,291 INFO ('66860278', 'https://api.hh.ru/vacancies/66860278?host=hh.ru ')
2022-11-27 15:21:19,291 INFO https://api.hh.ru/vacancies/66860278?host=hh.ru  355   46.24758279998787
2022-11-27 15:21:19,457 INFO ('72792164', 'https://api.hh.ru/vacancies/72792164?host=hh.ru ')
2022-11-27 15:21:19,457 INFO https://api.hh.ru/vacancies/72792164?host=hh.ru  356   46.41408279997995
2022-11-27 15:21:19,554 INFO ('71042618', 'https://api.hh.ru/vacancies/71042618?host=hh.ru ')
2022-11-27 15:21:19,554 INFO https://api.hh.ru/vacancies/71042618?host=hh.ru  357   46.5102113999892
2022-11-27 15:21:19,666 INFO ('66860516', 'https://api.hh.ru/vacancies/66860516?host=hh.ru ')
2022-11-27 15:21:19,666 INFO https://api.hh.ru/vacancies/66860516?host=hh.ru  358   46.62196269998094
2022-11-27 15:21:19,786 INFO ('66860372', 'https://api.hh.ru/vacancies/66860372?host=hh.ru ')
2022-11-27 15:21:19,786 INFO https://api.hh.ru/vacancies/66860372?host=hh.ru  359   46.74276259995531
2022-11-27 15:21:19,911 INFO ('71641186', 'https://api.hh.ru/vacancies/71641186?host=hh.ru ')
2022-11-27 15:21:19,911 INFO https://api.hh.ru/vacancies/71641186?host=hh.ru  360   46.86737220000941
2022-11-27 15:21:20,015 INFO ('71870044', 'https://api.hh.ru/vacancies/71870044?host=hh.ru ')
2022-11-27 15:21:20,015 INFO https://api.hh.ru/vacancies/71870044?host=hh.ru  361   46.97189369995613
2022-11-27 15:21:20,111 INFO ('72793960', 'https://api.hh.ru/vacancies/72793960?host=hh.ru ')
2022-11-27 15:21:20,111 INFO https://api.hh.ru/vacancies/72793960?host=hh.ru  362   47.066791699966416
2022-11-27 15:21:20,206 INFO ('71659386', 'https://api.hh.ru/vacancies/71659386?host=hh.ru ')
2022-11-27 15:21:20,206 INFO https://api.hh.ru/vacancies/71659386?host=hh.ru  363   47.16240599995945
2022-11-27 15:21:20,348 INFO ('66860268', 'https://api.hh.ru/vacancies/66860268?host=hh.ru ')
2022-11-27 15:21:20,348 INFO https://api.hh.ru/vacancies/66860268?host=hh.ru  364   47.30431430001045
2022-11-27 15:21:20,514 INFO ('72216026', 'https://api.hh.ru/vacancies/72216026?host=hh.ru ')
2022-11-27 15:21:20,514 INFO https://api.hh.ru/vacancies/72216026?host=hh.ru  365   47.470389599970076
2022-11-27 15:21:20,670 INFO ('66860179', 'https://api.hh.ru/vacancies/66860179?host=hh.ru ')
2022-11-27 15:21:20,670 INFO https://api.hh.ru/vacancies/66860179?host=hh.ru  366   47.626394899969455
2022-11-27 15:21:20,770 INFO ('71488348', 'https://api.hh.ru/vacancies/71488348?host=hh.ru ')
2022-11-27 15:21:20,771 INFO https://api.hh.ru/vacancies/71488348?host=hh.ru  367   47.72677259996999
2022-11-27 15:21:20,874 INFO ('67365638', 'https://api.hh.ru/vacancies/67365638?host=hh.ru ')
2022-11-27 15:21:20,874 INFO https://api.hh.ru/vacancies/67365638?host=hh.ru  368   47.83078929997282
2022-11-27 15:21:20,958 INFO ('66859951', 'https://api.hh.ru/vacancies/66859951?host=hh.ru ')
2022-11-27 15:21:20,958 INFO https://api.hh.ru/vacancies/66859951?host=hh.ru  369   47.91521010000724
2022-11-27 15:21:21,088 INFO ('66860010', 'https://api.hh.ru/vacancies/66860010?host=hh.ru ')
2022-11-27 15:21:21,088 INFO https://api.hh.ru/vacancies/66860010?host=hh.ru  370   48.044302099966444
2022-11-27 15:21:21,219 INFO ('66860489', 'https://api.hh.ru/vacancies/66860489?host=hh.ru ')
2022-11-27 15:21:21,219 INFO https://api.hh.ru/vacancies/66860489?host=hh.ru  371   48.175099099986255
2022-11-27 15:21:21,373 INFO ('66860225', 'https://api.hh.ru/vacancies/66860225?host=hh.ru ')
2022-11-27 15:21:21,374 INFO https://api.hh.ru/vacancies/66860225?host=hh.ru  372   48.330198999959975
2022-11-27 15:21:21,533 INFO ('72793930', 'https://api.hh.ru/vacancies/72793930?host=hh.ru ')
2022-11-27 15:21:21,533 INFO https://api.hh.ru/vacancies/72793930?host=hh.ru  373   48.48916769999778
2022-11-27 15:21:22,114 INFO ('72793484', 'https://api.hh.ru/vacancies/72793484?host=hh.ru ')
2022-11-27 15:21:22,114 INFO https://api.hh.ru/vacancies/72793484?host=hh.ru  374   49.070468799967784
2022-11-27 15:21:22,232 INFO ('72793905', 'https://api.hh.ru/vacancies/72793905?host=hh.ru ')
2022-11-27 15:21:22,232 INFO https://api.hh.ru/vacancies/72793905?host=hh.ru  375   49.18785960000241
2022-11-27 15:21:22,449 INFO ('72297222', 'https://api.hh.ru/vacancies/72297222?host=hh.ru ')
2022-11-27 15:21:22,449 INFO https://api.hh.ru/vacancies/72297222?host=hh.ru  376   49.40558989997953
2022-11-27 15:21:22,600 INFO ('54368183', 'https://api.hh.ru/vacancies/54368183?host=hh.ru ')
2022-11-27 15:21:22,600 INFO https://api.hh.ru/vacancies/54368183?host=hh.ru  377   49.556440599961206
2022-11-27 15:21:22,708 INFO ('72462195', 'https://api.hh.ru/vacancies/72462195?host=hh.ru ')
2022-11-27 15:21:22,708 INFO https://api.hh.ru/vacancies/72462195?host=hh.ru  378   49.66376319999108
2022-11-27 15:21:22,815 INFO ('72215703', 'https://api.hh.ru/vacancies/72215703?host=hh.ru ')
2022-11-27 15:21:22,816 INFO https://api.hh.ru/vacancies/72215703?host=hh.ru  379   49.77142449998064
2022-11-27 15:21:22,894 INFO ('71655104', 'https://api.hh.ru/vacancies/71655104?host=hh.ru ')
2022-11-27 15:21:22,894 INFO https://api.hh.ru/vacancies/71655104?host=hh.ru  380   49.8501721000066
2022-11-27 15:21:22,990 INFO ('72795575', 'https://api.hh.ru/vacancies/72795575?host=hh.ru ')
2022-11-27 15:21:22,990 INFO https://api.hh.ru/vacancies/72795575?host=hh.ru  381   49.946407299954444
2022-11-27 15:21:23,069 INFO ('66860560', 'https://api.hh.ru/vacancies/66860560?host=hh.ru ')
2022-11-27 15:21:23,070 INFO https://api.hh.ru/vacancies/66860560?host=hh.ru  382   50.02628329995787
2022-11-27 15:21:23,187 INFO ('66859882', 'https://api.hh.ru/vacancies/66859882?host=hh.ru ')
2022-11-27 15:21:23,187 INFO https://api.hh.ru/vacancies/66859882?host=hh.ru  383   50.14377979998244
2022-11-27 15:21:23,313 INFO ('72064654', 'https://api.hh.ru/vacancies/72064654?host=hh.ru ')
2022-11-27 15:21:23,313 INFO https://api.hh.ru/vacancies/72064654?host=hh.ru  384   50.269940999976825
2022-11-27 15:21:23,414 INFO ('66860259', 'https://api.hh.ru/vacancies/66860259?host=hh.ru ')
2022-11-27 15:21:23,414 INFO https://api.hh.ru/vacancies/66860259?host=hh.ru  385   50.37049579998711
2022-11-27 15:21:23,619 INFO ('54367367', 'https://api.hh.ru/vacancies/54367367?host=hh.ru ')
2022-11-27 15:21:23,619 INFO https://api.hh.ru/vacancies/54367367?host=hh.ru  386   50.57543359999545
2022-11-27 15:21:23,760 INFO ('66860566', 'https://api.hh.ru/vacancies/66860566?host=hh.ru ')
2022-11-27 15:21:23,760 INFO https://api.hh.ru/vacancies/66860566?host=hh.ru  387   50.7168762999936
2022-11-27 15:21:23,928 INFO ('72064612', 'https://api.hh.ru/vacancies/72064612?host=hh.ru ')
2022-11-27 15:21:23,928 INFO https://api.hh.ru/vacancies/72064612?host=hh.ru  388   50.884520999970846
2022-11-27 15:21:24,014 INFO ('72066404', 'https://api.hh.ru/vacancies/72066404?host=hh.ru ')
2022-11-27 15:21:24,014 INFO https://api.hh.ru/vacancies/72066404?host=hh.ru  389   50.97117189998971
2022-11-27 15:21:24,105 INFO ('66860147', 'https://api.hh.ru/vacancies/66860147?host=hh.ru ')
2022-11-27 15:21:24,105 INFO https://api.hh.ru/vacancies/66860147?host=hh.ru  390   51.061200900003314
2022-11-27 15:21:24,255 INFO ('72065139', 'https://api.hh.ru/vacancies/72065139?host=hh.ru ')
2022-11-27 15:21:24,255 INFO https://api.hh.ru/vacancies/72065139?host=hh.ru  391   51.211113500001375
2022-11-27 15:21:24,363 INFO ('66860336', 'https://api.hh.ru/vacancies/66860336?host=hh.ru ')
2022-11-27 15:21:24,364 INFO https://api.hh.ru/vacancies/66860336?host=hh.ru  392   51.32014889997663
2022-11-27 15:21:24,650 INFO ('72064945', 'https://api.hh.ru/vacancies/72064945?host=hh.ru ')
2022-11-27 15:21:24,651 INFO https://api.hh.ru/vacancies/72064945?host=hh.ru  393   51.60662669996964
2022-11-27 15:21:24,758 INFO ('72066316', 'https://api.hh.ru/vacancies/72066316?host=hh.ru ')
2022-11-27 15:21:24,758 INFO https://api.hh.ru/vacancies/72066316?host=hh.ru  394   51.714560199994594
2022-11-27 15:21:24,848 INFO ('72510903', 'https://api.hh.ru/vacancies/72510903?host=hh.ru ')
2022-11-27 15:21:24,848 INFO https://api.hh.ru/vacancies/72510903?host=hh.ru  395   51.80434229999082
2022-11-27 15:21:25,007 INFO ('72794013', 'https://api.hh.ru/vacancies/72794013?host=hh.ru ')
2022-11-27 15:21:25,007 INFO https://api.hh.ru/vacancies/72794013?host=hh.ru  396   51.96354889997747
2022-11-27 15:21:25,087 INFO ('69988113', 'https://api.hh.ru/vacancies/69988113?host=hh.ru ')
2022-11-27 15:21:25,087 INFO https://api.hh.ru/vacancies/69988113?host=hh.ru  397   52.04351150000002
2022-11-27 15:21:25,219 INFO ('66860591', 'https://api.hh.ru/vacancies/66860591?host=hh.ru ')
2022-11-27 15:21:25,219 INFO https://api.hh.ru/vacancies/66860591?host=hh.ru  398   52.17548659996828
2022-11-27 15:21:25,373 INFO ('72793486', 'https://api.hh.ru/vacancies/72793486?host=hh.ru ')
2022-11-27 15:21:25,373 INFO https://api.hh.ru/vacancies/72793486?host=hh.ru  399   52.330281500006095
2022-11-27 15:21:25,634 INFO ('71060230', 'https://api.hh.ru/vacancies/71060230?host=hh.ru ')
2022-11-27 15:21:25,634 INFO https://api.hh.ru/vacancies/71060230?host=hh.ru  400   52.59083239996107
2022-11-27 15:21:25,752 INFO ('71868560', 'https://api.hh.ru/vacancies/71868560?host=hh.ru ')
2022-11-27 15:21:25,752 INFO https://api.hh.ru/vacancies/71868560?host=hh.ru  401   52.70871430000989
2022-11-27 15:21:25,857 INFO ('66860502', 'https://api.hh.ru/vacancies/66860502?host=hh.ru ')
2022-11-27 15:21:25,857 INFO https://api.hh.ru/vacancies/66860502?host=hh.ru  402   52.81306489999406
2022-11-27 15:21:26,003 INFO ('72462248', 'https://api.hh.ru/vacancies/72462248?host=hh.ru ')
2022-11-27 15:21:26,003 INFO https://api.hh.ru/vacancies/72462248?host=hh.ru  403   52.95904389995849
2022-11-27 15:21:26,111 INFO ('71660788', 'https://api.hh.ru/vacancies/71660788?host=hh.ru ')
2022-11-27 15:21:26,111 INFO https://api.hh.ru/vacancies/71660788?host=hh.ru  404   53.06742789997952
2022-11-27 15:21:26,222 INFO ('72064594', 'https://api.hh.ru/vacancies/72064594?host=hh.ru ')
2022-11-27 15:21:26,222 INFO https://api.hh.ru/vacancies/72064594?host=hh.ru  405   53.17828609998105
2022-11-27 15:21:26,327 INFO ('69870648', 'https://api.hh.ru/vacancies/69870648?host=hh.ru ')
2022-11-27 15:21:26,327 INFO https://api.hh.ru/vacancies/69870648?host=hh.ru  406   53.283580099989194
2022-11-27 15:21:26,414 INFO ('71867868', 'https://api.hh.ru/vacancies/71867868?host=hh.ru ')
2022-11-27 15:21:26,414 INFO https://api.hh.ru/vacancies/71867868?host=hh.ru  407   53.36973959999159
2022-11-27 15:21:26,557 INFO ('66860545', 'https://api.hh.ru/vacancies/66860545?host=hh.ru ')
2022-11-27 15:21:26,557 INFO https://api.hh.ru/vacancies/66860545?host=hh.ru  408   53.51376800000435
2022-11-27 15:21:26,695 INFO ('72793855', 'https://api.hh.ru/vacancies/72793855?host=hh.ru ')
2022-11-27 15:21:26,695 INFO https://api.hh.ru/vacancies/72793855?host=hh.ru  409   53.65108879999025
2022-11-27 15:21:26,792 INFO ('72793485', 'https://api.hh.ru/vacancies/72793485?host=hh.ru ')
2022-11-27 15:21:26,792 INFO https://api.hh.ru/vacancies/72793485?host=hh.ru  410   53.74830819998169
2022-11-27 15:21:26,910 INFO ('66860241', 'https://api.hh.ru/vacancies/66860241?host=hh.ru ')
2022-11-27 15:21:26,911 INFO https://api.hh.ru/vacancies/66860241?host=hh.ru  411   53.86684430000605
2022-11-27 15:21:27,017 INFO ('72215811', 'https://api.hh.ru/vacancies/72215811?host=hh.ru ')
2022-11-27 15:21:27,017 INFO https://api.hh.ru/vacancies/72215811?host=hh.ru  412   53.973475999955554
2022-11-27 15:21:27,120 INFO ('72215748', 'https://api.hh.ru/vacancies/72215748?host=hh.ru ')
2022-11-27 15:21:27,121 INFO https://api.hh.ru/vacancies/72215748?host=hh.ru  413   54.07654559996445
2022-11-27 15:21:27,268 INFO ('72215875', 'https://api.hh.ru/vacancies/72215875?host=hh.ru ')
2022-11-27 15:21:27,268 INFO https://api.hh.ru/vacancies/72215875?host=hh.ru  414   54.22457719995873
2022-11-27 15:21:27,363 INFO ('71662448', 'https://api.hh.ru/vacancies/71662448?host=hh.ru ')
2022-11-27 15:21:27,363 INFO https://api.hh.ru/vacancies/71662448?host=hh.ru  415   54.319474199961405
2022-11-27 15:21:27,442 INFO ('72792956', 'https://api.hh.ru/vacancies/72792956?host=hh.ru ')
2022-11-27 15:21:27,442 INFO https://api.hh.ru/vacancies/72792956?host=hh.ru  416   54.398853399965446
2022-11-27 15:21:27,513 INFO ('71911612', 'https://api.hh.ru/vacancies/71911612?host=hh.ru ')
2022-11-27 15:21:27,513 INFO https://api.hh.ru/vacancies/71911612?host=hh.ru  417   54.46915139997145
2022-11-27 15:21:27,648 INFO ('68918046', 'https://api.hh.ru/vacancies/68918046?host=hh.ru ')
2022-11-27 15:21:27,648 INFO https://api.hh.ru/vacancies/68918046?host=hh.ru  418   54.604363599966746
2022-11-27 15:21:27,773 INFO ('72215585', 'https://api.hh.ru/vacancies/72215585?host=hh.ru ')
2022-11-27 15:21:27,774 INFO https://api.hh.ru/vacancies/72215585?host=hh.ru  419   54.73007589997724
2022-11-27 15:21:27,917 INFO ('66859966', 'https://api.hh.ru/vacancies/66859966?host=hh.ru ')
2022-11-27 15:21:27,917 INFO https://api.hh.ru/vacancies/66859966?host=hh.ru  420   54.87301739997929
2022-11-27 15:21:28,050 INFO ('71869516', 'https://api.hh.ru/vacancies/71869516?host=hh.ru ')
2022-11-27 15:21:28,050 INFO https://api.hh.ru/vacancies/71869516?host=hh.ru  421   55.006026899965946
2022-11-27 15:21:28,147 INFO ('70116629', 'https://api.hh.ru/vacancies/70116629?host=hh.ru ')
2022-11-27 15:21:28,147 INFO https://api.hh.ru/vacancies/70116629?host=hh.ru  422   55.10322689998429
2022-11-27 15:21:28,245 INFO ('66860045', 'https://api.hh.ru/vacancies/66860045?host=hh.ru ')
2022-11-27 15:21:28,245 INFO https://api.hh.ru/vacancies/66860045?host=hh.ru  423   55.20121199998539
2022-11-27 15:21:28,369 INFO ('71661522', 'https://api.hh.ru/vacancies/71661522?host=hh.ru ')
2022-11-27 15:21:28,369 INFO https://api.hh.ru/vacancies/71661522?host=hh.ru  424   55.325165099988226
2022-11-27 15:21:28,463 INFO ('71039138', 'https://api.hh.ru/vacancies/71039138?host=hh.ru ')
2022-11-27 15:21:28,463 INFO https://api.hh.ru/vacancies/71039138?host=hh.ru  425   55.418745499977376
2022-11-27 15:21:28,589 INFO ('54368399', 'https://api.hh.ru/vacancies/54368399?host=hh.ru ')
2022-11-27 15:21:28,590 INFO https://api.hh.ru/vacancies/54368399?host=hh.ru  426   55.545868499961216
2022-11-27 15:21:28,718 INFO ('72462194', 'https://api.hh.ru/vacancies/72462194?host=hh.ru ')
2022-11-27 15:21:28,718 INFO https://api.hh.ru/vacancies/72462194?host=hh.ru  427   55.67435689998092
2022-11-27 15:21:28,815 INFO ('66859874', 'https://api.hh.ru/vacancies/66859874?host=hh.ru ')
2022-11-27 15:21:28,816 INFO https://api.hh.ru/vacancies/66859874?host=hh.ru  428   55.77210689999629
2022-11-27 15:21:28,954 INFO ('66859897', 'https://api.hh.ru/vacancies/66859897?host=hh.ru ')
2022-11-27 15:21:28,954 INFO https://api.hh.ru/vacancies/66859897?host=hh.ru  429   55.91056079999544
2022-11-27 15:21:29,074 INFO ('72234058', 'https://api.hh.ru/vacancies/72234058?host=hh.ru ')
2022-11-27 15:21:29,074 INFO https://api.hh.ru/vacancies/72234058?host=hh.ru  430   56.030618499964476
2022-11-27 15:21:29,153 INFO ('71883592', 'https://api.hh.ru/vacancies/71883592?host=hh.ru ')
2022-11-27 15:21:29,153 INFO https://api.hh.ru/vacancies/71883592?host=hh.ru  431   56.109411099983845
2022-11-27 15:21:29,263 INFO ('71885599', 'https://api.hh.ru/vacancies/71885599?host=hh.ru ')
2022-11-27 15:21:29,263 INFO https://api.hh.ru/vacancies/71885599?host=hh.ru  432   56.219825299980585
2022-11-27 15:21:29,376 INFO ('71492524', 'https://api.hh.ru/vacancies/71492524?host=hh.ru ')
2022-11-27 15:21:29,376 INFO https://api.hh.ru/vacancies/71492524?host=hh.ru  433   56.3325235999655
2022-11-27 15:21:29,498 INFO ('72793991', 'https://api.hh.ru/vacancies/72793991?host=hh.ru ')
2022-11-27 15:21:29,498 INFO https://api.hh.ru/vacancies/72793991?host=hh.ru  434   56.45427439996274
2022-11-27 15:21:29,676 INFO ('71870192', 'https://api.hh.ru/vacancies/71870192?host=hh.ru ')
2022-11-27 15:21:29,676 INFO https://api.hh.ru/vacancies/71870192?host=hh.ru  435   56.63169879995985
2022-11-27 15:21:29,785 INFO ('71965320', 'https://api.hh.ru/vacancies/71965320?host=hh.ru ')
2022-11-27 15:21:29,785 INFO https://api.hh.ru/vacancies/71965320?host=hh.ru  436   56.741372199961916
2022-11-27 15:21:29,910 INFO ('71965314', 'https://api.hh.ru/vacancies/71965314?host=hh.ru ')
2022-11-27 15:21:29,910 INFO https://api.hh.ru/vacancies/71965314?host=hh.ru  437   56.86626799998339
2022-11-27 15:21:30,177 INFO ('51251928', 'https://api.hh.ru/vacancies/51251928?host=hh.ru ')
2022-11-27 15:21:30,177 INFO https://api.hh.ru/vacancies/51251928?host=hh.ru  438   57.133653400000185
2022-11-27 15:21:30,295 INFO ('72786037', 'https://api.hh.ru/vacancies/72786037?host=hh.ru ')
2022-11-27 15:21:30,296 INFO https://api.hh.ru/vacancies/72786037?host=hh.ru  439   57.25146020000102
2022-11-27 15:21:30,396 INFO ('68431025', 'https://api.hh.ru/vacancies/68431025?host=hh.ru ')
2022-11-27 15:21:30,396 INFO https://api.hh.ru/vacancies/68431025?host=hh.ru  440   57.35220849997131
2022-11-27 15:21:30,528 INFO ('67876615', 'https://api.hh.ru/vacancies/67876615?host=hh.ru ')
2022-11-27 15:21:30,528 INFO https://api.hh.ru/vacancies/67876615?host=hh.ru  441   57.48455019999528
2022-11-27 15:21:31,052 INFO ('72772541', 'https://api.hh.ru/vacancies/72772541?host=hh.ru ')
2022-11-27 15:21:31,052 INFO https://api.hh.ru/vacancies/72772541?host=hh.ru  442   58.008509500010405
2022-11-27 15:21:31,395 INFO Program works 58 seconds
