2022-11-27 22:47:28,227 INFO <_io.TextIOWrapper name='C:/Users/mi/OneDrive - ITMO UNIVERSITY/work/hh_parser/json_urls/2022-11-26.xlsx' mode='r' encoding='cp1251'>
2022-11-27 22:47:28,326 INFO ('69282596', 'https://api.hh.ru/vacancies/69282596?host=hh.ru ')
2022-11-27 22:47:28,327 INFO https://api.hh.ru/vacancies/69282596?host=hh.ru  1   0.09964959998615086
2022-11-27 22:48:18,818 ERROR 'id'
2022-11-27 22:48:18,818 INFO ('72042077', 'https://api.hh.ru/vacancies/72042077?host=hh.ru ')
2022-11-27 22:48:18,818 INFO https://api.hh.ru/vacancies/72042077?host=hh.ru  2   50.59760410001036
2022-11-27 22:48:18,912 INFO ('72198987', 'https://api.hh.ru/vacancies/72198987?host=hh.ru ')
2022-11-27 22:48:18,912 INFO https://api.hh.ru/vacancies/72198987?host=hh.ru  3   50.701184700010344
2022-11-27 22:48:19,021 INFO ('72040839', 'https://api.hh.ru/vacancies/72040839?host=hh.ru ')
2022-11-27 22:48:19,021 INFO https://api.hh.ru/vacancies/72040839?host=hh.ru  4   50.80391870002495
2022-11-27 22:48:19,084 INFO ('71845058', 'https://api.hh.ru/vacancies/71845058?host=hh.ru ')
2022-11-27 22:48:19,084 INFO https://api.hh.ru/vacancies/71845058?host=hh.ru  5   50.87394670001231
2022-11-27 22:48:19,177 INFO ('72772722', 'https://api.hh.ru/vacancies/72772722?host=hh.ru ')
2022-11-27 22:48:19,177 INFO https://api.hh.ru/vacancies/72772722?host=hh.ru  6   50.953504399978556
2022-11-27 22:48:19,318 INFO ('72040840', 'https://api.hh.ru/vacancies/72040840?host=hh.ru ')
2022-11-27 22:48:19,318 INFO https://api.hh.ru/vacancies/72040840?host=hh.ru  7   51.09608330001356
2022-11-27 22:48:19,381 INFO ('70655564', 'https://api.hh.ru/vacancies/70655564?host=hh.ru ')
2022-11-27 22:48:19,381 INFO https://api.hh.ru/vacancies/70655564?host=hh.ru  8   51.16820140002528
2022-11-27 22:48:19,506 INFO ('72961469', 'https://api.hh.ru/vacancies/72961469?host=hh.ru ')
2022-11-27 22:48:19,506 INFO https://api.hh.ru/vacancies/72961469?host=hh.ru  9   51.281418500002474
2022-11-27 22:48:19,831 INFO ('71845052', 'https://api.hh.ru/vacancies/71845052?host=hh.ru ')
2022-11-27 22:48:19,831 INFO https://api.hh.ru/vacancies/71845052?host=hh.ru  10   51.61267589998897
2022-11-27 22:48:19,924 INFO ('72040837', 'https://api.hh.ru/vacancies/72040837?host=hh.ru ')
2022-11-27 22:48:19,924 INFO https://api.hh.ru/vacancies/72040837?host=hh.ru  11   51.70806650002487
2022-11-27 22:48:20,018 INFO ('72274611', 'https://api.hh.ru/vacancies/72274611?host=hh.ru ')
2022-11-27 22:48:20,018 INFO https://api.hh.ru/vacancies/72274611?host=hh.ru  12   51.79870889999438
2022-11-27 22:48:20,190 INFO ('72040836', 'https://api.hh.ru/vacancies/72040836?host=hh.ru ')
2022-11-27 22:48:20,190 INFO https://api.hh.ru/vacancies/72040836?host=hh.ru  13   51.97140199999558
2022-11-27 22:48:20,299 INFO ('71259216', 'https://api.hh.ru/vacancies/71259216?host=hh.ru ')
2022-11-27 22:48:20,299 INFO https://api.hh.ru/vacancies/71259216?host=hh.ru  14   52.08141250000335
2022-11-27 22:48:20,362 INFO ('72772795', 'https://api.hh.ru/vacancies/72772795?host=hh.ru ')
2022-11-27 22:48:20,362 INFO https://api.hh.ru/vacancies/72772795?host=hh.ru  15   52.1488908000174
2022-11-27 22:48:20,424 INFO ('72040835', 'https://api.hh.ru/vacancies/72040835?host=hh.ru ')
2022-11-27 22:48:20,424 INFO https://api.hh.ru/vacancies/72040835?host=hh.ru  16   52.21145920001436
2022-11-27 22:48:20,542 INFO ('71845044', 'https://api.hh.ru/vacancies/71845044?host=hh.ru ')
2022-11-27 22:48:20,542 INFO https://api.hh.ru/vacancies/71845044?host=hh.ru  17   52.31710230000317
2022-11-27 22:48:20,630 INFO ('70128241', 'https://api.hh.ru/vacancies/70128241?host=hh.ru ')
2022-11-27 22:48:20,631 INFO https://api.hh.ru/vacancies/70128241?host=hh.ru  18   52.40599850000581
2022-11-27 22:48:20,782 INFO ('72040838', 'https://api.hh.ru/vacancies/72040838?host=hh.ru ')
2022-11-27 22:48:20,782 INFO https://api.hh.ru/vacancies/72040838?host=hh.ru  19   52.5577044999809
2022-11-27 22:48:20,852 INFO ('72442150', 'https://api.hh.ru/vacancies/72442150?host=hh.ru ')
2022-11-27 22:48:20,852 INFO https://api.hh.ru/vacancies/72442150?host=hh.ru  20   52.627698500000406
2022-11-27 22:48:20,945 INFO ('72043690', 'https://api.hh.ru/vacancies/72043690?host=hh.ru ')
2022-11-27 22:48:20,946 INFO https://api.hh.ru/vacancies/72043690?host=hh.ru  21   52.72106030001305
2022-11-27 22:48:21,040 INFO ('72442305', 'https://api.hh.ru/vacancies/72442305?host=hh.ru ')
2022-11-27 22:48:21,040 INFO https://api.hh.ru/vacancies/72442305?host=hh.ru  22   52.815440299978945
2022-11-27 22:48:21,113 INFO ('70672329', 'https://api.hh.ru/vacancies/70672329?host=hh.ru ')
2022-11-27 22:48:21,113 INFO https://api.hh.ru/vacancies/70672329?host=hh.ru  23   52.88919389998773
2022-11-27 22:48:21,178 INFO ('72442621', 'https://api.hh.ru/vacancies/72442621?host=hh.ru ')
2022-11-27 22:48:21,178 INFO https://api.hh.ru/vacancies/72442621?host=hh.ru  24   52.95435140002519
2022-11-27 22:48:21,252 INFO ('72043648', 'https://api.hh.ru/vacancies/72043648?host=hh.ru ')
2022-11-27 22:48:21,252 INFO https://api.hh.ru/vacancies/72043648?host=hh.ru  25   53.02787240000907
2022-11-27 22:48:21,387 INFO ('72043086', 'https://api.hh.ru/vacancies/72043086?host=hh.ru ')
2022-11-27 22:48:21,387 INFO https://api.hh.ru/vacancies/72043086?host=hh.ru  26   53.16360819997499
2022-11-27 22:48:21,507 INFO ('72442325', 'https://api.hh.ru/vacancies/72442325?host=hh.ru ')
2022-11-27 22:48:21,507 INFO https://api.hh.ru/vacancies/72442325?host=hh.ru  27   53.28320820000954
2022-11-27 22:48:21,575 INFO ('72441632', 'https://api.hh.ru/vacancies/72441632?host=hh.ru ')
2022-11-27 22:48:21,575 INFO https://api.hh.ru/vacancies/72441632?host=hh.ru  28   53.351442000013776
2022-11-27 22:48:21,689 INFO ('71847279', 'https://api.hh.ru/vacancies/71847279?host=hh.ru ')
2022-11-27 22:48:21,689 INFO https://api.hh.ru/vacancies/71847279?host=hh.ru  29   53.465559699980076
2022-11-27 22:48:21,826 INFO ('71406543', 'https://api.hh.ru/vacancies/71406543?host=hh.ru ')
2022-11-27 22:48:21,826 INFO https://api.hh.ru/vacancies/71406543?host=hh.ru  30   53.601871700026095
2022-11-27 22:48:21,953 INFO ('54038193', 'https://api.hh.ru/vacancies/54038193?host=hh.ru ')
2022-11-27 22:48:21,953 INFO https://api.hh.ru/vacancies/54038193?host=hh.ru  31   53.729115599999204
2022-11-27 22:48:22,107 INFO ('71846439', 'https://api.hh.ru/vacancies/71846439?host=hh.ru ')
2022-11-27 22:48:22,107 INFO https://api.hh.ru/vacancies/71846439?host=hh.ru  32   53.883127800014336
2022-11-27 22:48:22,225 INFO ('68562230', 'https://api.hh.ru/vacancies/68562230?host=hh.ru ')
2022-11-27 22:48:22,225 INFO https://api.hh.ru/vacancies/68562230?host=hh.ru  33   54.00052679999499
2022-11-27 22:48:22,341 INFO ('72274872', 'https://api.hh.ru/vacancies/72274872?host=hh.ru ')
2022-11-27 22:48:22,341 INFO https://api.hh.ru/vacancies/72274872?host=hh.ru  34   54.11652250000043
2022-11-27 22:48:22,464 INFO ('72274975', 'https://api.hh.ru/vacancies/72274975?host=hh.ru ')
2022-11-27 22:48:22,464 INFO https://api.hh.ru/vacancies/72274975?host=hh.ru  35   54.23955240001669
2022-11-27 22:48:22,774 INFO ('72275187', 'https://api.hh.ru/vacancies/72275187?host=hh.ru ')
2022-11-27 22:48:22,774 INFO https://api.hh.ru/vacancies/72275187?host=hh.ru  36   54.549920800025575
2022-11-27 22:48:23,050 INFO ('71001937', 'https://api.hh.ru/vacancies/71001937?host=hh.ru ')
2022-11-27 22:48:23,050 INFO https://api.hh.ru/vacancies/71001937?host=hh.ru  37   54.82573430001503
2022-11-27 22:48:23,255 INFO ('72042693', 'https://api.hh.ru/vacancies/72042693?host=hh.ru ')
2022-11-27 22:48:23,255 INFO https://api.hh.ru/vacancies/72042693?host=hh.ru  38   55.03039600001648
2022-11-27 22:48:23,392 INFO ('72773633', 'https://api.hh.ru/vacancies/72773633?host=hh.ru ')
2022-11-27 22:48:23,392 INFO https://api.hh.ru/vacancies/72773633?host=hh.ru  39   55.167544200026896
2022-11-27 22:48:23,561 INFO ('72274198', 'https://api.hh.ru/vacancies/72274198?host=hh.ru ')
2022-11-27 22:48:23,561 INFO https://api.hh.ru/vacancies/72274198?host=hh.ru  40   55.336550000007264
2022-11-27 22:48:23,632 INFO ('71313354', 'https://api.hh.ru/vacancies/71313354?host=hh.ru ')
2022-11-27 22:48:23,632 INFO https://api.hh.ru/vacancies/71313354?host=hh.ru  41   55.40757380001014
2022-11-27 22:48:23,741 INFO ('72199499', 'https://api.hh.ru/vacancies/72199499?host=hh.ru ')
2022-11-27 22:48:23,741 INFO https://api.hh.ru/vacancies/72199499?host=hh.ru  42   55.51679080002941
2022-11-27 22:48:23,824 INFO ('72199374', 'https://api.hh.ru/vacancies/72199374?host=hh.ru ')
2022-11-27 22:48:23,825 INFO https://api.hh.ru/vacancies/72199374?host=hh.ru  43   55.60071219998645
2022-11-27 22:48:23,897 INFO ('69281065', 'https://api.hh.ru/vacancies/69281065?host=hh.ru ')
2022-11-27 22:48:23,897 INFO https://api.hh.ru/vacancies/69281065?host=hh.ru  44   55.67318450001767
2022-11-27 22:48:23,975 INFO ('69281069', 'https://api.hh.ru/vacancies/69281069?host=hh.ru ')
2022-11-27 22:48:23,975 INFO https://api.hh.ru/vacancies/69281069?host=hh.ru  45   55.751239300007
2022-11-27 22:48:24,071 INFO ('72441633', 'https://api.hh.ru/vacancies/72441633?host=hh.ru ')
2022-11-27 22:48:24,071 INFO https://api.hh.ru/vacancies/72441633?host=hh.ru  46   55.84693589998642
2022-11-27 22:48:24,143 INFO ('71847505', 'https://api.hh.ru/vacancies/71847505?host=hh.ru ')
2022-11-27 22:48:24,143 INFO https://api.hh.ru/vacancies/71847505?host=hh.ru  47   55.918819800019264
2022-11-27 22:48:24,284 INFO ('45323135', 'https://api.hh.ru/vacancies/45323135?host=hh.ru ')
2022-11-27 22:48:24,284 INFO https://api.hh.ru/vacancies/45323135?host=hh.ru  48   56.05998249998083
2022-11-27 22:48:24,376 INFO ('72043202', 'https://api.hh.ru/vacancies/72043202?host=hh.ru ')
2022-11-27 22:48:24,376 INFO https://api.hh.ru/vacancies/72043202?host=hh.ru  49   56.15222079999512
2022-11-27 22:48:24,448 INFO ('72442655', 'https://api.hh.ru/vacancies/72442655?host=hh.ru ')
2022-11-27 22:48:24,448 INFO https://api.hh.ru/vacancies/72442655?host=hh.ru  50   56.22458530002041
2022-11-27 22:48:24,550 INFO ('72275170', 'https://api.hh.ru/vacancies/72275170?host=hh.ru ')
2022-11-27 22:48:24,550 INFO https://api.hh.ru/vacancies/72275170?host=hh.ru  51   56.325978700013366
2022-11-27 22:48:24,626 INFO ('71847547', 'https://api.hh.ru/vacancies/71847547?host=hh.ru ')
2022-11-27 22:48:24,626 INFO https://api.hh.ru/vacancies/71847547?host=hh.ru  52   56.40194419998443
2022-11-27 22:48:24,718 INFO ('72775637', 'https://api.hh.ru/vacancies/72775637?host=hh.ru ')
2022-11-27 22:48:24,718 INFO https://api.hh.ru/vacancies/72775637?host=hh.ru  53   56.49416060000658
2022-11-27 22:48:24,952 INFO ('71917906', 'https://api.hh.ru/vacancies/71917906?host=hh.ru ')
2022-11-27 22:48:24,952 INFO https://api.hh.ru/vacancies/71917906?host=hh.ru  54   56.72810519998893
2022-11-27 22:48:25,051 INFO ('72962320', 'https://api.hh.ru/vacancies/72962320?host=hh.ru ')
2022-11-27 22:48:25,051 INFO https://api.hh.ru/vacancies/72962320?host=hh.ru  55   56.82744070002809
2022-11-27 22:48:25,187 INFO ('72444972', 'https://api.hh.ru/vacancies/72444972?host=hh.ru ')
2022-11-27 22:48:25,187 INFO https://api.hh.ru/vacancies/72444972?host=hh.ru  56   56.963273699977435
2022-11-27 22:48:25,257 INFO ('72962680', 'https://api.hh.ru/vacancies/72962680?host=hh.ru ')
2022-11-27 22:48:25,257 INFO https://api.hh.ru/vacancies/72962680?host=hh.ru  57   57.032772100006696
2022-11-27 22:48:25,341 INFO ('71917727', 'https://api.hh.ru/vacancies/71917727?host=hh.ru ')
2022-11-27 22:48:25,341 INFO https://api.hh.ru/vacancies/71917727?host=hh.ru  58   57.11748319998151
2022-11-27 22:48:25,418 INFO ('72277536', 'https://api.hh.ru/vacancies/72277536?host=hh.ru ')
2022-11-27 22:48:25,418 INFO https://api.hh.ru/vacancies/72277536?host=hh.ru  59   57.1944807000109
2022-11-27 22:48:25,500 ERROR 'id'
2022-11-27 22:48:25,500 INFO ('72276637', 'https://api.hh.ru/vacancies/72276637?host=hh.ru ')
2022-11-27 22:48:25,500 INFO https://api.hh.ru/vacancies/72276637?host=hh.ru  60   57.275852099992335
2022-11-27 22:48:25,833 INFO ('72643598', 'https://api.hh.ru/vacancies/72643598?host=hh.ru ')
2022-11-27 22:48:25,833 INFO https://api.hh.ru/vacancies/72643598?host=hh.ru  61   57.609849700005725
2022-11-27 22:48:25,912 INFO ('72773836', 'https://api.hh.ru/vacancies/72773836?host=hh.ru ')
2022-11-27 22:48:25,912 INFO https://api.hh.ru/vacancies/72773836?host=hh.ru  62   57.68798759998754
2022-11-27 22:48:26,054 INFO ('72277571', 'https://api.hh.ru/vacancies/72277571?host=hh.ru ')
2022-11-27 22:48:26,054 INFO https://api.hh.ru/vacancies/72277571?host=hh.ru  63   57.8305150999804
2022-11-27 22:48:26,177 INFO ('72773810', 'https://api.hh.ru/vacancies/72773810?host=hh.ru ')
2022-11-27 22:48:26,177 INFO https://api.hh.ru/vacancies/72773810?host=hh.ru  64   57.95318489999045
2022-11-27 22:48:26,311 INFO ('72774123', 'https://api.hh.ru/vacancies/72774123?host=hh.ru ')
2022-11-27 22:48:26,311 INFO https://api.hh.ru/vacancies/72774123?host=hh.ru  65   58.08791719999863
2022-11-27 22:48:26,401 INFO ('72773848', 'https://api.hh.ru/vacancies/72773848?host=hh.ru ')
2022-11-27 22:48:26,401 INFO https://api.hh.ru/vacancies/72773848?host=hh.ru  66   58.17736959998729
2022-11-27 22:48:26,470 INFO ('72774433', 'https://api.hh.ru/vacancies/72774433?host=hh.ru ')
2022-11-27 22:48:26,470 INFO https://api.hh.ru/vacancies/72774433?host=hh.ru  67   58.24702820001403
2022-11-27 22:48:26,544 INFO ('72962682', 'https://api.hh.ru/vacancies/72962682?host=hh.ru ')
2022-11-27 22:48:26,544 INFO https://api.hh.ru/vacancies/72962682?host=hh.ru  68   58.32049610000104
2022-11-27 22:48:26,682 INFO ('72773906', 'https://api.hh.ru/vacancies/72773906?host=hh.ru ')
2022-11-27 22:48:26,682 INFO https://api.hh.ru/vacancies/72773906?host=hh.ru  69   58.45832370000426
2022-11-27 22:48:26,767 INFO ('72774350', 'https://api.hh.ru/vacancies/72774350?host=hh.ru ')
2022-11-27 22:48:26,767 INFO https://api.hh.ru/vacancies/72774350?host=hh.ru  70   58.54300669999793
2022-11-27 22:48:26,837 INFO ('71750319', 'https://api.hh.ru/vacancies/71750319?host=hh.ru ')
2022-11-27 22:48:26,837 INFO https://api.hh.ru/vacancies/71750319?host=hh.ru  71   58.613052500004414
2022-11-27 22:48:26,929 INFO ('72444913', 'https://api.hh.ru/vacancies/72444913?host=hh.ru ')
2022-11-27 22:48:26,930 INFO https://api.hh.ru/vacancies/72444913?host=hh.ru  72   58.705364599998575
2022-11-27 22:48:27,016 INFO ('72774470', 'https://api.hh.ru/vacancies/72774470?host=hh.ru ')
2022-11-27 22:48:27,016 INFO https://api.hh.ru/vacancies/72774470?host=hh.ru  73   58.79171010002028
2022-11-27 22:48:27,114 INFO ('72962689', 'https://api.hh.ru/vacancies/72962689?host=hh.ru ')
2022-11-27 22:48:27,114 INFO https://api.hh.ru/vacancies/72962689?host=hh.ru  74   58.889586800010875
2022-11-27 22:48:27,194 INFO ('72774587', 'https://api.hh.ru/vacancies/72774587?host=hh.ru ')
2022-11-27 22:48:27,194 INFO https://api.hh.ru/vacancies/72774587?host=hh.ru  75   58.96972639998421
2022-11-27 22:48:27,293 INFO ('71750350', 'https://api.hh.ru/vacancies/71750350?host=hh.ru ')
2022-11-27 22:48:27,293 INFO https://api.hh.ru/vacancies/71750350?host=hh.ru  76   59.06917329999851
2022-11-27 22:48:27,390 INFO ('72962329', 'https://api.hh.ru/vacancies/72962329?host=hh.ru ')
2022-11-27 22:48:27,391 INFO https://api.hh.ru/vacancies/72962329?host=hh.ru  77   59.1670794999809
2022-11-27 22:48:27,464 INFO ('72962681', 'https://api.hh.ru/vacancies/72962681?host=hh.ru ')
2022-11-27 22:48:27,465 INFO https://api.hh.ru/vacancies/72962681?host=hh.ru  78   59.24112979997881
2022-11-27 22:48:27,561 INFO ('72200834', 'https://api.hh.ru/vacancies/72200834?host=hh.ru ')
2022-11-27 22:48:27,561 INFO https://api.hh.ru/vacancies/72200834?host=hh.ru  79   59.33753419999266
2022-11-27 22:48:27,625 INFO ('72775562', 'https://api.hh.ru/vacancies/72775562?host=hh.ru ')
2022-11-27 22:48:27,626 INFO https://api.hh.ru/vacancies/72775562?host=hh.ru  80   59.402065599977504
2022-11-27 22:48:27,709 INFO ('72044774', 'https://api.hh.ru/vacancies/72044774?host=hh.ru ')
2022-11-27 22:48:27,709 INFO https://api.hh.ru/vacancies/72044774?host=hh.ru  81   59.48574480001116
2022-11-27 22:48:27,819 INFO ('72774358', 'https://api.hh.ru/vacancies/72774358?host=hh.ru ')
2022-11-27 22:48:27,819 INFO https://api.hh.ru/vacancies/72774358?host=hh.ru  82   59.59604550001677
2022-11-27 22:48:27,924 INFO ('72962669', 'https://api.hh.ru/vacancies/72962669?host=hh.ru ')
2022-11-27 22:48:27,924 INFO https://api.hh.ru/vacancies/72962669?host=hh.ru  83   59.70083149999846
2022-11-27 22:48:27,996 INFO ('72774560', 'https://api.hh.ru/vacancies/72774560?host=hh.ru ')
2022-11-27 22:48:27,996 INFO https://api.hh.ru/vacancies/72774560?host=hh.ru  84   59.77283249999164
2022-11-27 22:48:28,098 INFO ('71643951', 'https://api.hh.ru/vacancies/71643951?host=hh.ru ')
2022-11-27 22:48:28,098 INFO https://api.hh.ru/vacancies/71643951?host=hh.ru  85   59.87429790000897
2022-11-27 22:48:28,172 INFO ('72961891', 'https://api.hh.ru/vacancies/72961891?host=hh.ru ')
2022-11-27 22:48:28,172 INFO https://api.hh.ru/vacancies/72961891?host=hh.ru  86   59.94903449999401
2022-11-27 22:48:28,248 INFO ('72774359', 'https://api.hh.ru/vacancies/72774359?host=hh.ru ')
2022-11-27 22:48:28,248 INFO https://api.hh.ru/vacancies/72774359?host=hh.ru  87   60.024216899997555
2022-11-27 22:48:28,372 INFO ('66070571', 'https://api.hh.ru/vacancies/66070571?host=hh.ru ')
2022-11-27 22:48:28,372 INFO https://api.hh.ru/vacancies/66070571?host=hh.ru  88   60.14836639998248
2022-11-27 22:48:28,462 INFO ('72201227', 'https://api.hh.ru/vacancies/72201227?host=hh.ru ')
2022-11-27 22:48:28,462 INFO https://api.hh.ru/vacancies/72201227?host=hh.ru  89   60.23782699997537
2022-11-27 22:48:28,557 INFO ('72046112', 'https://api.hh.ru/vacancies/72046112?host=hh.ru ')
2022-11-27 22:48:28,558 INFO https://api.hh.ru/vacancies/72046112?host=hh.ru  90   60.33383209997555
2022-11-27 22:48:28,648 INFO ('72961890', 'https://api.hh.ru/vacancies/72961890?host=hh.ru ')
2022-11-27 22:48:28,649 INFO https://api.hh.ru/vacancies/72961890?host=hh.ru  91   60.42477729998063
2022-11-27 22:48:28,720 INFO ('72444942', 'https://api.hh.ru/vacancies/72444942?host=hh.ru ')
2022-11-27 22:48:28,720 INFO https://api.hh.ru/vacancies/72444942?host=hh.ru  92   60.49638660001801
2022-11-27 22:48:29,069 INFO ('72277553', 'https://api.hh.ru/vacancies/72277553?host=hh.ru ')
2022-11-27 22:48:29,069 INFO https://api.hh.ru/vacancies/72277553?host=hh.ru  93   60.84483720001299
2022-11-27 22:48:29,160 INFO ('72361087', 'https://api.hh.ru/vacancies/72361087?host=hh.ru ')
2022-11-27 22:48:29,160 INFO https://api.hh.ru/vacancies/72361087?host=hh.ru  94   60.93598379998002
2022-11-27 22:48:29,272 INFO ('72045501', 'https://api.hh.ru/vacancies/72045501?host=hh.ru ')
2022-11-27 22:48:29,272 INFO https://api.hh.ru/vacancies/72045501?host=hh.ru  95   61.048235499998555
2022-11-27 22:48:29,465 INFO ('68340569', 'https://api.hh.ru/vacancies/68340569?host=hh.ru ')
2022-11-27 22:48:29,465 INFO https://api.hh.ru/vacancies/68340569?host=hh.ru  96   61.241181700024754
2022-11-27 22:48:29,596 INFO ('72773886', 'https://api.hh.ru/vacancies/72773886?host=hh.ru ')
2022-11-27 22:48:29,596 INFO https://api.hh.ru/vacancies/72773886?host=hh.ru  97   61.37232080003014
2022-11-27 22:48:29,672 INFO ('68243872', 'https://api.hh.ru/vacancies/68243872?host=hh.ru ')
2022-11-27 22:48:29,672 INFO https://api.hh.ru/vacancies/68243872?host=hh.ru  98   61.44883100001607
2022-11-27 22:48:29,756 INFO ('72774366', 'https://api.hh.ru/vacancies/72774366?host=hh.ru ')
2022-11-27 22:48:29,756 INFO https://api.hh.ru/vacancies/72774366?host=hh.ru  99   61.53229140001349
2022-11-27 22:48:29,840 INFO ('72773832', 'https://api.hh.ru/vacancies/72773832?host=hh.ru ')
2022-11-27 22:48:29,840 INFO https://api.hh.ru/vacancies/72773832?host=hh.ru  100   61.61694580002222
2022-11-27 22:48:29,929 INFO ('71847923', 'https://api.hh.ru/vacancies/71847923?host=hh.ru ')
2022-11-27 22:48:29,929 INFO https://api.hh.ru/vacancies/71847923?host=hh.ru  101   61.70550659997389
2022-11-27 22:48:30,004 INFO ('72277455', 'https://api.hh.ru/vacancies/72277455?host=hh.ru ')
2022-11-27 22:48:30,004 INFO https://api.hh.ru/vacancies/72277455?host=hh.ru  102   61.780775299994275
2022-11-27 22:48:30,101 INFO ('72773793', 'https://api.hh.ru/vacancies/72773793?host=hh.ru ')
2022-11-27 22:48:30,101 INFO https://api.hh.ru/vacancies/72773793?host=hh.ru  103   61.87756749999244
2022-11-27 22:48:30,191 INFO ('72773889', 'https://api.hh.ru/vacancies/72773889?host=hh.ru ')
2022-11-27 22:48:30,191 INFO https://api.hh.ru/vacancies/72773889?host=hh.ru  104   61.968129999993835
2022-11-27 22:48:30,283 INFO ('72200147', 'https://api.hh.ru/vacancies/72200147?host=hh.ru ')
2022-11-27 22:48:30,283 INFO https://api.hh.ru/vacancies/72200147?host=hh.ru  105   62.05935039999895
2022-11-27 22:48:30,393 INFO ('72443678', 'https://api.hh.ru/vacancies/72443678?host=hh.ru ')
2022-11-27 22:48:30,393 INFO https://api.hh.ru/vacancies/72443678?host=hh.ru  106   62.16928989998996
2022-11-27 22:48:30,501 INFO ('72045791', 'https://api.hh.ru/vacancies/72045791?host=hh.ru ')
2022-11-27 22:48:30,501 INFO https://api.hh.ru/vacancies/72045791?host=hh.ru  107   62.2774162000278
2022-11-27 22:48:30,579 INFO ('72276348', 'https://api.hh.ru/vacancies/72276348?host=hh.ru ')
2022-11-27 22:48:30,579 INFO https://api.hh.ru/vacancies/72276348?host=hh.ru  108   62.35516009997809
2022-11-27 22:48:30,685 INFO ('72276735', 'https://api.hh.ru/vacancies/72276735?host=hh.ru ')
2022-11-27 22:48:30,685 INFO https://api.hh.ru/vacancies/72276735?host=hh.ru  109   62.46136469999328
2022-11-27 22:48:30,755 INFO ('71848529', 'https://api.hh.ru/vacancies/71848529?host=hh.ru ')
2022-11-27 22:48:30,755 INFO https://api.hh.ru/vacancies/71848529?host=hh.ru  110   62.53098380001029
2022-11-27 22:48:30,862 INFO ('72200295', 'https://api.hh.ru/vacancies/72200295?host=hh.ru ')
2022-11-27 22:48:30,862 INFO https://api.hh.ru/vacancies/72200295?host=hh.ru  111   62.63793379999697
2022-11-27 22:48:30,957 INFO ('72276632', 'https://api.hh.ru/vacancies/72276632?host=hh.ru ')
2022-11-27 22:48:30,957 INFO https://api.hh.ru/vacancies/72276632?host=hh.ru  112   62.73325799999293
2022-11-27 22:48:31,033 INFO ('72443229', 'https://api.hh.ru/vacancies/72443229?host=hh.ru ')
2022-11-27 22:48:31,034 INFO https://api.hh.ru/vacancies/72443229?host=hh.ru  113   62.809611100004986
2022-11-27 22:48:31,427 INFO ('72773887', 'https://api.hh.ru/vacancies/72773887?host=hh.ru ')
2022-11-27 22:48:31,427 INFO https://api.hh.ru/vacancies/72773887?host=hh.ru  114   63.20336580002913
2022-11-27 22:48:31,505 INFO ('72200131', 'https://api.hh.ru/vacancies/72200131?host=hh.ru ')
2022-11-27 22:48:31,505 INFO https://api.hh.ru/vacancies/72200131?host=hh.ru  115   63.28096020000521
2022-11-27 22:48:31,579 INFO ('72773888', 'https://api.hh.ru/vacancies/72773888?host=hh.ru ')
2022-11-27 22:48:31,579 INFO https://api.hh.ru/vacancies/72773888?host=hh.ru  116   63.35497609997401
2022-11-27 22:48:31,668 INFO ('72200575', 'https://api.hh.ru/vacancies/72200575?host=hh.ru ')
2022-11-27 22:48:31,668 INFO https://api.hh.ru/vacancies/72200575?host=hh.ru  117   63.443733200023416
2022-11-27 22:48:31,755 INFO ('72773811', 'https://api.hh.ru/vacancies/72773811?host=hh.ru ')
2022-11-27 22:48:31,755 INFO https://api.hh.ru/vacancies/72773811?host=hh.ru  118   63.53085350000765
2022-11-27 22:48:31,845 INFO ('72045520', 'https://api.hh.ru/vacancies/72045520?host=hh.ru ')
2022-11-27 22:48:31,845 INFO https://api.hh.ru/vacancies/72045520?host=hh.ru  119   63.62106590002077
2022-11-27 22:48:31,979 INFO ('72045190', 'https://api.hh.ru/vacancies/72045190?host=hh.ru ')
2022-11-27 22:48:31,979 INFO https://api.hh.ru/vacancies/72045190?host=hh.ru  120   63.75588690000586
2022-11-27 22:48:32,071 INFO ('71850461', 'https://api.hh.ru/vacancies/71850461?host=hh.ru ')
2022-11-27 22:48:32,071 INFO https://api.hh.ru/vacancies/71850461?host=hh.ru  121   63.84803880000254
2022-11-27 22:48:32,169 INFO ('72045154', 'https://api.hh.ru/vacancies/72045154?host=hh.ru ')
2022-11-27 22:48:32,169 INFO https://api.hh.ru/vacancies/72045154?host=hh.ru  122   63.945540499989875
2022-11-27 22:48:32,265 INFO ('72445110', 'https://api.hh.ru/vacancies/72445110?host=hh.ru ')
2022-11-27 22:48:32,265 INFO https://api.hh.ru/vacancies/72445110?host=hh.ru  123   64.04140510002617
2022-11-27 22:48:32,392 INFO ('72200459', 'https://api.hh.ru/vacancies/72200459?host=hh.ru ')
2022-11-27 22:48:32,392 INFO https://api.hh.ru/vacancies/72200459?host=hh.ru  124   64.16899039997952
2022-11-27 22:48:32,462 INFO ('71849195', 'https://api.hh.ru/vacancies/71849195?host=hh.ru ')
2022-11-27 22:48:32,462 INFO https://api.hh.ru/vacancies/71849195?host=hh.ru  125   64.23870340001304
2022-11-27 22:48:32,544 INFO ('72276569', 'https://api.hh.ru/vacancies/72276569?host=hh.ru ')
2022-11-27 22:48:32,544 INFO https://api.hh.ru/vacancies/72276569?host=hh.ru  126   64.3208279000246
2022-11-27 22:48:32,615 INFO ('72276164', 'https://api.hh.ru/vacancies/72276164?host=hh.ru ')
2022-11-27 22:48:32,615 INFO https://api.hh.ru/vacancies/72276164?host=hh.ru  127   64.39219550002599
2022-11-27 22:48:32,702 INFO ('72276179', 'https://api.hh.ru/vacancies/72276179?host=hh.ru ')
2022-11-27 22:48:32,702 INFO https://api.hh.ru/vacancies/72276179?host=hh.ru  128   64.47802099998808
2022-11-27 22:48:32,768 INFO ('72443963', 'https://api.hh.ru/vacancies/72443963?host=hh.ru ')
2022-11-27 22:48:32,768 INFO https://api.hh.ru/vacancies/72443963?host=hh.ru  129   64.54440610000165
2022-11-27 22:48:32,841 INFO ('72773885', 'https://api.hh.ru/vacancies/72773885?host=hh.ru ')
2022-11-27 22:48:32,841 INFO https://api.hh.ru/vacancies/72773885?host=hh.ru  130   64.61689639999531
2022-11-27 22:48:32,916 INFO ('71643411', 'https://api.hh.ru/vacancies/71643411?host=hh.ru ')
2022-11-27 22:48:32,916 INFO https://api.hh.ru/vacancies/71643411?host=hh.ru  131   64.692617600027
2022-11-27 22:48:32,984 INFO ('71643342', 'https://api.hh.ru/vacancies/71643342?host=hh.ru ')
2022-11-27 22:48:32,984 INFO https://api.hh.ru/vacancies/71643342?host=hh.ru  132   64.7601475000265
2022-11-27 22:48:33,279 INFO ('72045550', 'https://api.hh.ru/vacancies/72045550?host=hh.ru ')
2022-11-27 22:48:33,279 INFO https://api.hh.ru/vacancies/72045550?host=hh.ru  133   65.05546120001236
2022-11-27 22:48:33,371 INFO ('72774504', 'https://api.hh.ru/vacancies/72774504?host=hh.ru ')
2022-11-27 22:48:33,371 INFO https://api.hh.ru/vacancies/72774504?host=hh.ru  134   65.14755430002697
2022-11-27 22:48:33,471 INFO ('70385526', 'https://api.hh.ru/vacancies/70385526?host=hh.ru ')
2022-11-27 22:48:33,471 INFO https://api.hh.ru/vacancies/70385526?host=hh.ru  135   65.24758169997949
2022-11-27 22:48:33,581 INFO ('72276500', 'https://api.hh.ru/vacancies/72276500?host=hh.ru ')
2022-11-27 22:48:33,582 INFO https://api.hh.ru/vacancies/72276500?host=hh.ru  136   65.35828119999496
2022-11-27 22:48:33,645 INFO ('71095635', 'https://api.hh.ru/vacancies/71095635?host=hh.ru ')
2022-11-27 22:48:33,645 INFO https://api.hh.ru/vacancies/71095635?host=hh.ru  137   65.42173000000184
2022-11-27 22:48:33,721 INFO ('70659530', 'https://api.hh.ru/vacancies/70659530?host=hh.ru ')
2022-11-27 22:48:33,721 INFO https://api.hh.ru/vacancies/70659530?host=hh.ru  138   65.49809399998048
2022-11-27 22:48:33,794 INFO ('70324673', 'https://api.hh.ru/vacancies/70324673?host=hh.ru ')
2022-11-27 22:48:33,795 INFO https://api.hh.ru/vacancies/70324673?host=hh.ru  139   65.57123350002803
2022-11-27 22:48:33,879 INFO ('72277576', 'https://api.hh.ru/vacancies/72277576?host=hh.ru ')
2022-11-27 22:48:33,879 INFO https://api.hh.ru/vacancies/72277576?host=hh.ru  140   65.65578079997795
2022-11-27 22:48:33,973 INFO ('72199788', 'https://api.hh.ru/vacancies/72199788?host=hh.ru ')
2022-11-27 22:48:33,973 INFO https://api.hh.ru/vacancies/72199788?host=hh.ru  141   65.7495744000189
2022-11-27 22:48:34,036 INFO ('72275871', 'https://api.hh.ru/vacancies/72275871?host=hh.ru ')
2022-11-27 22:48:34,036 INFO https://api.hh.ru/vacancies/72275871?host=hh.ru  142   65.81282099999953
2022-11-27 22:48:34,134 INFO ('72045475', 'https://api.hh.ru/vacancies/72045475?host=hh.ru ')
2022-11-27 22:48:34,134 INFO https://api.hh.ru/vacancies/72045475?host=hh.ru  143   65.9105389000033
2022-11-27 22:48:34,373 INFO ('50603036', 'https://api.hh.ru/vacancies/50603036?host=hh.ru ')
2022-11-27 22:48:34,373 INFO https://api.hh.ru/vacancies/50603036?host=hh.ru  144   66.14985859999433
2022-11-27 22:48:34,441 INFO ('72276148', 'https://api.hh.ru/vacancies/72276148?host=hh.ru ')
2022-11-27 22:48:34,441 INFO https://api.hh.ru/vacancies/72276148?host=hh.ru  145   66.21816049999325
2022-11-27 22:48:34,527 INFO ('72443553', 'https://api.hh.ru/vacancies/72443553?host=hh.ru ')
2022-11-27 22:48:34,527 INFO https://api.hh.ru/vacancies/72443553?host=hh.ru  146   66.30354350002017
2022-11-27 22:48:34,596 INFO ('72277350', 'https://api.hh.ru/vacancies/72277350?host=hh.ru ')
2022-11-27 22:48:34,597 INFO https://api.hh.ru/vacancies/72277350?host=hh.ru  147   66.37318739999318
2022-11-27 22:48:34,700 INFO ('69642393', 'https://api.hh.ru/vacancies/69642393?host=hh.ru ')
2022-11-27 22:48:34,700 INFO https://api.hh.ru/vacancies/69642393?host=hh.ru  148   66.47710840002401
2022-11-27 22:48:34,775 INFO ('72045873', 'https://api.hh.ru/vacancies/72045873?host=hh.ru ')
2022-11-27 22:48:34,775 INFO https://api.hh.ru/vacancies/72045873?host=hh.ru  149   66.55135060002794
2022-11-27 22:48:34,849 INFO ('68697964', 'https://api.hh.ru/vacancies/68697964?host=hh.ru ')
2022-11-27 22:48:34,849 INFO https://api.hh.ru/vacancies/68697964?host=hh.ru  150   66.6253132999991
2022-11-27 22:48:36,023 INFO ('72045511', 'https://api.hh.ru/vacancies/72045511?host=hh.ru ')
2022-11-27 22:48:36,023 INFO https://api.hh.ru/vacancies/72045511?host=hh.ru  151   67.79993129998911
2022-11-27 22:48:36,103 INFO ('71214395', 'https://api.hh.ru/vacancies/71214395?host=hh.ru ')
2022-11-27 22:48:36,103 INFO https://api.hh.ru/vacancies/71214395?host=hh.ru  152   67.87971409998136
2022-11-27 22:48:36,207 INFO ('72444195', 'https://api.hh.ru/vacancies/72444195?host=hh.ru ')
2022-11-27 22:48:36,207 INFO https://api.hh.ru/vacancies/72444195?host=hh.ru  153   67.98339880001731
2022-11-27 22:48:36,282 INFO ('72958108', 'https://api.hh.ru/vacancies/72958108?host=hh.ru ')
2022-11-27 22:48:36,282 INFO https://api.hh.ru/vacancies/72958108?host=hh.ru  154   68.05883140000515
2022-11-27 22:48:36,349 INFO ('71843242', 'https://api.hh.ru/vacancies/71843242?host=hh.ru ')
2022-11-27 22:48:36,349 INFO https://api.hh.ru/vacancies/71843242?host=hh.ru  155   68.12575349997496
2022-11-27 22:48:36,460 INFO ('71290036', 'https://api.hh.ru/vacancies/71290036?host=hh.ru ')
2022-11-27 22:48:36,460 INFO https://api.hh.ru/vacancies/71290036?host=hh.ru  156   68.23683359997813
2022-11-27 22:48:36,592 INFO ('72958587', 'https://api.hh.ru/vacancies/72958587?host=hh.ru ')
2022-11-27 22:48:36,592 INFO https://api.hh.ru/vacancies/72958587?host=hh.ru  157   68.36884220002685
2022-11-27 22:48:36,719 INFO ('71959136', 'https://api.hh.ru/vacancies/71959136?host=hh.ru ')
2022-11-27 22:48:36,719 INFO https://api.hh.ru/vacancies/71959136?host=hh.ru  158   68.49536340002669
2022-11-27 22:48:36,829 INFO ('72849337', 'https://api.hh.ru/vacancies/72849337?host=hh.ru ')
2022-11-27 22:48:36,829 INFO https://api.hh.ru/vacancies/72849337?host=hh.ru  159   68.6051781999995
2022-11-27 22:48:37,015 INFO ('72958639', 'https://api.hh.ru/vacancies/72958639?host=hh.ru ')
2022-11-27 22:48:37,015 INFO https://api.hh.ru/vacancies/72958639?host=hh.ru  160   68.79125710000517
2022-11-27 22:48:37,083 INFO ('72959577', 'https://api.hh.ru/vacancies/72959577?host=hh.ru ')
2022-11-27 22:48:37,083 INFO https://api.hh.ru/vacancies/72959577?host=hh.ru  161   68.85968639998464
2022-11-27 22:48:37,180 INFO ('72958602', 'https://api.hh.ru/vacancies/72958602?host=hh.ru ')
2022-11-27 22:48:37,180 INFO https://api.hh.ru/vacancies/72958602?host=hh.ru  162   68.95656389999203
2022-11-27 22:48:37,269 INFO ('72040441', 'https://api.hh.ru/vacancies/72040441?host=hh.ru ')
2022-11-27 22:48:37,269 INFO https://api.hh.ru/vacancies/72040441?host=hh.ru  163   69.04539280000608
2022-11-27 22:48:37,365 INFO ('72270616', 'https://api.hh.ru/vacancies/72270616?host=hh.ru ')
2022-11-27 22:48:37,365 INFO https://api.hh.ru/vacancies/72270616?host=hh.ru  164   69.14182520000031
2022-11-27 22:48:37,459 INFO ('72770736', 'https://api.hh.ru/vacancies/72770736?host=hh.ru ')
2022-11-27 22:48:37,459 INFO https://api.hh.ru/vacancies/72770736?host=hh.ru  165   69.23603949998505
2022-11-27 22:48:37,608 INFO ('54470306', 'https://api.hh.ru/vacancies/54470306?host=hh.ru ')
2022-11-27 22:48:37,608 INFO https://api.hh.ru/vacancies/54470306?host=hh.ru  166   69.38467140001012
2022-11-27 22:48:37,773 INFO ('72770184', 'https://api.hh.ru/vacancies/72770184?host=hh.ru ')
2022-11-27 22:48:37,773 INFO https://api.hh.ru/vacancies/72770184?host=hh.ru  167   69.54913579998538
2022-11-27 22:48:37,863 INFO ('71573190', 'https://api.hh.ru/vacancies/71573190?host=hh.ru ')
2022-11-27 22:48:37,863 INFO https://api.hh.ru/vacancies/71573190?host=hh.ru  168   69.63926139997784
2022-11-27 22:48:37,938 INFO ('71101533', 'https://api.hh.ru/vacancies/71101533?host=hh.ru ')
2022-11-27 22:48:37,938 INFO https://api.hh.ru/vacancies/71101533?host=hh.ru  169   69.71427220001351
2022-11-27 22:48:38,039 INFO ('72039322', 'https://api.hh.ru/vacancies/72039322?host=hh.ru ')
2022-11-27 22:48:38,039 INFO https://api.hh.ru/vacancies/72039322?host=hh.ru  170   69.81603440002073
2022-11-27 22:48:38,119 INFO ('71102121', 'https://api.hh.ru/vacancies/71102121?host=hh.ru ')
2022-11-27 22:48:38,119 INFO https://api.hh.ru/vacancies/71102121?host=hh.ru  171   69.89526249998016
2022-11-27 22:48:38,231 INFO ('72196667', 'https://api.hh.ru/vacancies/72196667?host=hh.ru ')
2022-11-27 22:48:38,231 INFO https://api.hh.ru/vacancies/72196667?host=hh.ru  172   70.00803520000773
2022-11-27 22:48:38,321 INFO ('72040418', 'https://api.hh.ru/vacancies/72040418?host=hh.ru ')
2022-11-27 22:48:38,321 INFO https://api.hh.ru/vacancies/72040418?host=hh.ru  173   70.09772399999201
2022-11-27 22:48:38,422 INFO ('72040379', 'https://api.hh.ru/vacancies/72040379?host=hh.ru ')
2022-11-27 22:48:38,422 INFO https://api.hh.ru/vacancies/72040379?host=hh.ru  174   70.19822690001456
2022-11-27 22:48:38,511 INFO ('71521355', 'https://api.hh.ru/vacancies/71521355?host=hh.ru ')
2022-11-27 22:48:38,511 INFO https://api.hh.ru/vacancies/71521355?host=hh.ru  175   70.28749830002198
2022-11-27 22:48:38,661 INFO ('71102170', 'https://api.hh.ru/vacancies/71102170?host=hh.ru ')
2022-11-27 22:48:38,661 INFO https://api.hh.ru/vacancies/71102170?host=hh.ru  176   70.43740519997664
2022-11-27 22:48:38,781 INFO ('71289724', 'https://api.hh.ru/vacancies/71289724?host=hh.ru ')
2022-11-27 22:48:38,781 INFO https://api.hh.ru/vacancies/71289724?host=hh.ru  177   70.55789679998998
2022-11-27 22:48:38,875 INFO ('54833451', 'https://api.hh.ru/vacancies/54833451?host=hh.ru ')
2022-11-27 22:48:38,875 INFO https://api.hh.ru/vacancies/54833451?host=hh.ru  178   70.65152309997939
2022-11-27 22:48:38,967 INFO ('67598895', 'https://api.hh.ru/vacancies/67598895?host=hh.ru ')
2022-11-27 22:48:38,967 INFO https://api.hh.ru/vacancies/67598895?host=hh.ru  179   70.74344739998924
2022-11-27 22:48:39,039 INFO ('71959122', 'https://api.hh.ru/vacancies/71959122?host=hh.ru ')
2022-11-27 22:48:39,039 INFO https://api.hh.ru/vacancies/71959122?host=hh.ru  180   70.81605840002885
2022-11-27 22:48:39,122 INFO ('72957404', 'https://api.hh.ru/vacancies/72957404?host=hh.ru ')
2022-11-27 22:48:39,122 INFO https://api.hh.ru/vacancies/72957404?host=hh.ru  181   70.89887400000589
2022-11-27 22:48:39,218 INFO ('72957406', 'https://api.hh.ru/vacancies/72957406?host=hh.ru ')
2022-11-27 22:48:39,218 INFO https://api.hh.ru/vacancies/72957406?host=hh.ru  182   70.99492289999034
2022-11-27 22:48:39,299 INFO ('72768469', 'https://api.hh.ru/vacancies/72768469?host=hh.ru ')
2022-11-27 22:48:39,299 INFO https://api.hh.ru/vacancies/72768469?host=hh.ru  183   71.07593270001234
2022-11-27 22:48:39,363 INFO ('72957405', 'https://api.hh.ru/vacancies/72957405?host=hh.ru ')
2022-11-27 22:48:39,364 INFO https://api.hh.ru/vacancies/72957405?host=hh.ru  184   71.1409091000096
2022-11-27 22:48:39,597 INFO ('72195490', 'https://api.hh.ru/vacancies/72195490?host=hh.ru ')
2022-11-27 22:48:39,597 INFO https://api.hh.ru/vacancies/72195490?host=hh.ru  185   71.37442710000323
2022-11-27 22:48:39,685 INFO ('72957403', 'https://api.hh.ru/vacancies/72957403?host=hh.ru ')
2022-11-27 22:48:39,685 INFO https://api.hh.ru/vacancies/72957403?host=hh.ru  186   71.46158140001353
2022-11-27 22:48:39,771 INFO ('71413970', 'https://api.hh.ru/vacancies/71413970?host=hh.ru ')
2022-11-27 22:48:39,771 INFO https://api.hh.ru/vacancies/71413970?host=hh.ru  187   71.5475728000165
2022-11-27 22:48:39,855 INFO ('71081379', 'https://api.hh.ru/vacancies/71081379?host=hh.ru ')
2022-11-27 22:48:39,856 INFO https://api.hh.ru/vacancies/71081379?host=hh.ru  188   71.63254479999887
2022-11-27 22:48:39,934 INFO ('71723190', 'https://api.hh.ru/vacancies/71723190?host=hh.ru ')
2022-11-27 22:48:39,934 INFO https://api.hh.ru/vacancies/71723190?host=hh.ru  189   71.71125699998811
2022-11-27 22:48:40,034 INFO ('68847652', 'https://api.hh.ru/vacancies/68847652?host=hh.ru ')
2022-11-27 22:48:40,034 INFO https://api.hh.ru/vacancies/68847652?host=hh.ru  190   71.81128560000798
2022-11-27 22:48:40,183 INFO ('69320103', 'https://api.hh.ru/vacancies/69320103?host=hh.ru ')
2022-11-27 22:48:40,183 INFO https://api.hh.ru/vacancies/69320103?host=hh.ru  191   71.9594906999846
2022-11-27 22:48:40,297 INFO ('71837924', 'https://api.hh.ru/vacancies/71837924?host=hh.ru ')
2022-11-27 22:48:40,297 INFO https://api.hh.ru/vacancies/71837924?host=hh.ru  192   72.07395589997759
2022-11-27 22:48:40,532 INFO ('72195800', 'https://api.hh.ru/vacancies/72195800?host=hh.ru ')
2022-11-27 22:48:40,532 INFO https://api.hh.ru/vacancies/72195800?host=hh.ru  193   72.30908989999443
2022-11-27 22:48:40,622 INFO ('72436736', 'https://api.hh.ru/vacancies/72436736?host=hh.ru ')
2022-11-27 22:48:40,622 INFO https://api.hh.ru/vacancies/72436736?host=hh.ru  194   72.39893460000167
2022-11-27 22:48:40,711 INFO ('72027624', 'https://api.hh.ru/vacancies/72027624?host=hh.ru ')
2022-11-27 22:48:40,711 INFO https://api.hh.ru/vacancies/72027624?host=hh.ru  195   72.48803940002108
2022-11-27 22:48:40,822 INFO ('70349647', 'https://api.hh.ru/vacancies/70349647?host=hh.ru ')
2022-11-27 22:48:40,823 INFO https://api.hh.ru/vacancies/70349647?host=hh.ru  196   72.59968049998861
2022-11-27 22:48:40,895 INFO ('71959573', 'https://api.hh.ru/vacancies/71959573?host=hh.ru ')
2022-11-27 22:48:40,895 INFO https://api.hh.ru/vacancies/71959573?host=hh.ru  197   72.67176180001115
2022-11-27 22:48:41,008 INFO ('72196645', 'https://api.hh.ru/vacancies/72196645?host=hh.ru ')
2022-11-27 22:48:41,008 INFO https://api.hh.ru/vacancies/72196645?host=hh.ru  198   72.78509179997491
2022-11-27 22:48:41,089 INFO ('72438232', 'https://api.hh.ru/vacancies/72438232?host=hh.ru ')
2022-11-27 22:48:41,089 INFO https://api.hh.ru/vacancies/72438232?host=hh.ru  199   72.86616590002086
2022-11-27 22:48:41,184 INFO ('53250473', 'https://api.hh.ru/vacancies/53250473?host=hh.ru ')
2022-11-27 22:48:41,184 INFO https://api.hh.ru/vacancies/53250473?host=hh.ru  200   72.96083940000972
2022-11-27 22:48:41,266 INFO ('72769748', 'https://api.hh.ru/vacancies/72769748?host=hh.ru ')
2022-11-27 22:48:41,266 INFO https://api.hh.ru/vacancies/72769748?host=hh.ru  201   73.04332090000389
2022-11-27 22:48:41,370 INFO ('67758747', 'https://api.hh.ru/vacancies/67758747?host=hh.ru ')
2022-11-27 22:48:41,370 INFO https://api.hh.ru/vacancies/67758747?host=hh.ru  202   73.1469708000077
2022-11-27 22:48:41,448 INFO ('53851661', 'https://api.hh.ru/vacancies/53851661?host=hh.ru ')
2022-11-27 22:48:41,448 INFO https://api.hh.ru/vacancies/53851661?host=hh.ru  203   73.22556049999548
2022-11-27 22:48:41,543 INFO ('69126368', 'https://api.hh.ru/vacancies/69126368?host=hh.ru ')
2022-11-27 22:48:41,543 INFO https://api.hh.ru/vacancies/69126368?host=hh.ru  204   73.32031300000381
2022-11-27 22:48:41,645 INFO ('70794833', 'https://api.hh.ru/vacancies/70794833?host=hh.ru ')
2022-11-27 22:48:41,645 INFO https://api.hh.ru/vacancies/70794833?host=hh.ru  205   73.4224935999955
2022-11-27 22:48:41,728 INFO ('70415021', 'https://api.hh.ru/vacancies/70415021?host=hh.ru ')
2022-11-27 22:48:41,728 INFO https://api.hh.ru/vacancies/70415021?host=hh.ru  206   73.50552870001411
2022-11-27 22:48:41,815 INFO ('71871203', 'https://api.hh.ru/vacancies/71871203?host=hh.ru ')
2022-11-27 22:48:41,815 INFO https://api.hh.ru/vacancies/71871203?host=hh.ru  207   73.59252780000679
2022-11-27 22:48:41,923 INFO ('67864415', 'https://api.hh.ru/vacancies/67864415?host=hh.ru ')
2022-11-27 22:48:41,923 INFO https://api.hh.ru/vacancies/67864415?host=hh.ru  208   73.70005599997239
2022-11-27 22:48:42,066 INFO ('67864554', 'https://api.hh.ru/vacancies/67864554?host=hh.ru ')
2022-11-27 22:48:42,066 INFO https://api.hh.ru/vacancies/67864554?host=hh.ru  209   73.84317090001423
2022-11-27 22:48:42,203 INFO ('67419846', 'https://api.hh.ru/vacancies/67419846?host=hh.ru ')
2022-11-27 22:48:42,203 INFO https://api.hh.ru/vacancies/67419846?host=hh.ru  210   73.98013580002589
2022-11-27 22:48:42,296 INFO ('71871193', 'https://api.hh.ru/vacancies/71871193?host=hh.ru ')
2022-11-27 22:48:42,296 INFO https://api.hh.ru/vacancies/71871193?host=hh.ru  211   74.07273180002812
2022-11-27 22:48:42,371 INFO Program works 74 seconds
