2022-11-27 22:50:51,521 INFO Checking of last 3 days started.
2022-11-27 22:50:51,995 INFO Founded 20188 vacancies
2022-11-27 22:50:52,477 INFO 2022-11-26 founded 4128 vacancies
2022-11-27 22:50:52,702 INFO From 2022-11-26T20:00:00 to 2022-11-26T21:00:00 founded 73 vacancies
2022-11-27 22:50:52,718 INFO From 2022-11-26T21:00:00 to 2022-11-26T22:00:00 founded 61 vacancies
2022-11-27 22:50:52,759 INFO From 2022-11-26T22:00:00 to 2022-11-26T23:00:00 founded 56 vacancies
2022-11-27 22:50:52,808 INFO From 2022-11-26T23:00:00 to 2022-11-27T00:00:00 founded 36 vacancies
2022-11-27 22:50:53,452 INFO From 2022-11-26T19:00:00 to 2022-11-26T20:00:00 founded 118 vacancies
2022-11-27 22:50:53,457 INFO From 2022-11-26T17:00:00 to 2022-11-26T18:00:00 founded 289 vacancies
2022-11-27 22:50:53,572 INFO From 2022-11-26T18:00:00 to 2022-11-26T19:00:00 founded 149 vacancies
2022-11-27 22:50:53,634 INFO From 2022-11-26T16:00:00 to 2022-11-26T17:00:00 founded 359 vacancies
2022-11-27 22:50:55,439 INFO From 2022-11-26T15:00:00 to 2022-11-26T16:00:00 founded 334 vacancies
2022-11-27 22:50:55,500 INFO From 2022-11-26T13:00:00 to 2022-11-26T14:00:00 founded 413 vacancies
2022-11-27 22:50:55,548 INFO From 2022-11-26T12:00:00 to 2022-11-26T13:00:00 founded 430 vacancies
2022-11-27 22:50:55,613 INFO From 2022-11-26T14:00:00 to 2022-11-26T15:00:00 founded 386 vacancies
2022-11-27 22:50:58,229 INFO From 2022-11-26T11:00:00 to 2022-11-26T12:00:00 founded 499 vacancies
2022-11-27 22:50:58,410 INFO From 2022-11-26T09:00:00 to 2022-11-26T10:00:00 founded 269 vacancies
2022-11-27 22:50:58,426 INFO From 2022-11-26T08:00:00 to 2022-11-26T09:00:00 founded 129 vacancies
2022-11-27 22:50:58,436 INFO From 2022-11-26T10:00:00 to 2022-11-26T11:00:00 founded 310 vacancies
2022-11-27 22:51:00,771 INFO From 2022-11-26T05:00:00 to 2022-11-26T06:00:00 founded 16 vacancies
2022-11-27 22:51:00,772 INFO From 2022-11-26T04:00:00 to 2022-11-26T05:00:00 founded 10 vacancies
2022-11-27 22:51:00,820 INFO From 2022-11-26T06:00:00 to 2022-11-26T07:00:00 founded 39 vacancies
2022-11-27 22:51:01,070 INFO From 2022-11-26T07:00:00 to 2022-11-26T08:00:00 founded 100 vacancies
2022-11-27 22:51:02,519 INFO From 2022-11-26T02:00:00 to 2022-11-26T03:00:00 founded 8 vacancies
2022-11-27 22:51:02,520 INFO From 2022-11-26T00:00:00 to 2022-11-26T01:00:00 founded 18 vacancies
2022-11-27 22:51:02,551 INFO From 2022-11-26T01:00:00 to 2022-11-26T02:00:00 founded 11 vacancies
2022-11-27 22:51:02,636 INFO From 2022-11-26T03:00:00 to 2022-11-26T04:00:00 founded 15 vacancies
2022-11-27 22:51:05,364 INFO 2022-11-25 founded 10573 vacancies
2022-11-27 22:51:05,530 INFO From 2022-11-25T23:00:00 to 2022-11-26T00:00:00 founded 44 vacancies
2022-11-27 22:51:05,613 INFO From 2022-11-25T22:00:00 to 2022-11-25T23:00:00 founded 66 vacancies
2022-11-27 22:51:05,685 INFO From 2022-11-25T20:00:00 to 2022-11-25T21:00:00 founded 189 vacancies
2022-11-27 22:51:05,733 INFO From 2022-11-25T21:00:00 to 2022-11-25T22:00:00 founded 77 vacancies
2022-11-27 22:51:07,933 INFO From 2022-11-25T16:00:00 to 2022-11-25T17:00:00 founded 1079 vacancies
2022-11-27 22:51:07,968 INFO From 2022-11-25T19:00:00 to 2022-11-25T20:00:00 founded 253 vacancies
2022-11-27 22:51:08,179 INFO From 2022-11-25T18:00:00 to 2022-11-25T19:00:00 founded 334 vacancies
2022-11-27 22:51:08,217 INFO From 2022-11-25T17:00:00 to 2022-11-25T18:00:00 founded 695 vacancies
2022-11-27 22:51:22,388 INFO From 2022-11-25T15:00:00 to 2022-11-25T16:00:00 founded 1022 vacancies
2022-11-27 22:51:22,508 INFO From 2022-11-25T14:00:00 to 2022-11-25T15:00:00 founded 933 vacancies
2022-11-27 22:51:22,630 INFO From 2022-11-25T13:00:00 to 2022-11-25T14:00:00 founded 894 vacancies
2022-11-27 22:51:22,681 INFO From 2022-11-25T12:00:00 to 2022-11-25T13:00:00 founded 899 vacancies
2022-11-27 22:51:39,520 INFO From 2022-11-25T10:00:00 to 2022-11-25T11:00:00 founded 992 vacancies
2022-11-27 22:51:39,588 INFO From 2022-11-25T11:00:00 to 2022-11-25T12:00:00 founded 987 vacancies
2022-11-27 22:51:39,623 INFO From 2022-11-25T08:00:00 to 2022-11-25T09:00:00 founded 535 vacancies
2022-11-27 22:51:39,676 INFO From 2022-11-25T09:00:00 to 2022-11-25T10:00:00 founded 889 vacancies
2022-11-27 22:51:54,173 INFO From 2022-11-25T04:00:00 to 2022-11-25T05:00:00 founded 47 vacancies
2022-11-27 22:51:54,224 INFO From 2022-11-25T07:00:00 to 2022-11-25T08:00:00 founded 253 vacancies
2022-11-27 22:51:54,240 INFO From 2022-11-25T06:00:00 to 2022-11-25T07:00:00 founded 167 vacancies
2022-11-27 22:51:54,309 INFO From 2022-11-25T05:00:00 to 2022-11-25T06:00:00 founded 111 vacancies
2022-11-27 22:51:57,327 INFO From 2022-11-25T00:00:00 to 2022-11-25T01:00:00 founded 22 vacancies
2022-11-27 22:51:57,353 INFO From 2022-11-25T02:00:00 to 2022-11-25T03:00:00 founded 26 vacancies
2022-11-27 22:51:57,370 INFO From 2022-11-25T01:00:00 to 2022-11-25T02:00:00 founded 25 vacancies
2022-11-27 22:51:57,396 INFO From 2022-11-25T03:00:00 to 2022-11-25T04:00:00 founded 34 vacancies
2022-11-27 22:52:01,914 INFO 2022-11-24 founded 5487 vacancies
2022-11-27 22:52:02,077 INFO From 2022-11-24T21:00:00 to 2022-11-24T22:00:00 founded 17 vacancies
2022-11-27 22:52:02,093 INFO From 2022-11-24T22:00:00 to 2022-11-24T23:00:00 founded 29 vacancies
2022-11-27 22:52:02,139 INFO From 2022-11-24T20:00:00 to 2022-11-24T21:00:00 founded 52 vacancies
2022-11-27 22:52:02,184 INFO From 2022-11-24T23:00:00 to 2022-11-25T00:00:00 founded 59 vacancies
2022-11-27 22:52:03,161 INFO From 2022-11-24T19:00:00 to 2022-11-24T20:00:00 founded 75 vacancies
2022-11-27 22:52:03,234 INFO From 2022-11-24T17:00:00 to 2022-11-24T18:00:00 founded 279 vacancies
2022-11-27 22:52:03,303 INFO From 2022-11-24T16:00:00 to 2022-11-24T17:00:00 founded 421 vacancies
2022-11-27 22:52:03,377 INFO From 2022-11-24T18:00:00 to 2022-11-24T19:00:00 founded 247 vacancies
2022-11-27 22:52:08,916 INFO From 2022-11-24T15:00:00 to 2022-11-24T16:00:00 founded 461 vacancies
2022-11-27 22:52:08,919 INFO From 2022-11-24T13:00:00 to 2022-11-24T14:00:00 founded 559 vacancies
2022-11-27 22:52:08,962 INFO From 2022-11-24T14:00:00 to 2022-11-24T15:00:00 founded 397 vacancies
2022-11-27 22:52:08,965 INFO From 2022-11-24T12:00:00 to 2022-11-24T13:00:00 founded 484 vacancies
2022-11-27 22:52:17,844 INFO From 2022-11-24T09:00:00 to 2022-11-24T10:00:00 founded 551 vacancies
2022-11-27 22:52:17,861 INFO From 2022-11-24T08:00:00 to 2022-11-24T09:00:00 founded 286 vacancies
2022-11-27 22:52:17,863 INFO From 2022-11-24T11:00:00 to 2022-11-24T12:00:00 founded 495 vacancies
2022-11-27 22:52:18,047 INFO From 2022-11-24T10:00:00 to 2022-11-24T11:00:00 founded 618 vacancies
2022-11-27 22:52:27,137 INFO From 2022-11-24T04:00:00 to 2022-11-24T05:00:00 founded 47 vacancies
2022-11-27 22:52:27,238 INFO From 2022-11-24T05:00:00 to 2022-11-24T06:00:00 founded 94 vacancies
2022-11-27 22:52:27,241 INFO From 2022-11-24T07:00:00 to 2022-11-24T08:00:00 founded 168 vacancies
2022-11-27 22:52:27,341 INFO From 2022-11-24T06:00:00 to 2022-11-24T07:00:00 founded 108 vacancies
2022-11-27 22:52:29,568 INFO From 2022-11-24T02:00:00 to 2022-11-24T03:00:00 founded 5 vacancies
2022-11-27 22:52:29,584 INFO From 2022-11-24T01:00:00 to 2022-11-24T02:00:00 founded 9 vacancies
2022-11-27 22:52:29,734 INFO From 2022-11-24T03:00:00 to 2022-11-24T04:00:00 founded 17 vacancies
2022-11-27 22:52:29,783 INFO From 2022-11-24T00:00:00 to 2022-11-24T01:00:00 founded 9 vacancies
2022-11-27 22:52:31,818 INFO 20188
2022-11-27 22:52:31,818 INFO 20188
2022-11-27 22:52:31,818 INFO 4129
2022-11-27 22:52:31,820 INFO Program works 100 seconds
