2022-11-27 15:28:28,559 INFO Checking of last 1 days started.
2022-11-27 15:28:29,012 INFO Founded 4207 vacancies
2022-11-27 15:28:29,226 INFO 2022-11-26 founded 4205 vacancies
2022-11-27 15:28:29,448 INFO From 2022-11-26T21:00:00 to 2022-11-26T22:00:00 founded 62 vacancies
2022-11-27 15:28:29,453 INFO From 2022-11-26T23:00:00 to 2022-11-27T00:00:00 founded 38 vacancies
2022-11-27 15:28:29,457 INFO From 2022-11-26T20:00:00 to 2022-11-26T21:00:00 founded 74 vacancies
2022-11-27 15:28:29,604 INFO From 2022-11-26T22:00:00 to 2022-11-26T23:00:00 founded 58 vacancies
2022-11-27 15:28:30,252 INFO From 2022-11-26T19:00:00 to 2022-11-26T20:00:00 founded 121 vacancies
2022-11-27 15:28:30,292 INFO From 2022-11-26T16:00:00 to 2022-11-26T17:00:00 founded 379 vacancies
2022-11-27 15:28:30,300 INFO From 2022-11-26T18:00:00 to 2022-11-26T19:00:00 founded 159 vacancies
2022-11-27 15:28:30,326 INFO From 2022-11-26T17:00:00 to 2022-11-26T18:00:00 founded 312 vacancies
2022-11-27 15:28:32,744 INFO From 2022-11-26T12:00:00 to 2022-11-26T13:00:00 founded 430 vacancies
2022-11-27 15:28:32,829 INFO From 2022-11-26T13:00:00 to 2022-11-26T14:00:00 founded 413 vacancies
2022-11-27 15:28:32,967 INFO From 2022-11-26T14:00:00 to 2022-11-26T15:00:00 founded 386 vacancies
2022-11-27 15:28:33,011 INFO From 2022-11-26T15:00:00 to 2022-11-26T16:00:00 founded 334 vacancies
2022-11-27 15:28:35,702 INFO From 2022-11-26T10:00:00 to 2022-11-26T11:00:00 founded 311 vacancies
2022-11-27 15:28:35,762 INFO From 2022-11-26T11:00:00 to 2022-11-26T12:00:00 founded 499 vacancies
2022-11-27 15:28:35,854 INFO From 2022-11-26T09:00:00 to 2022-11-26T10:00:00 founded 270 vacancies
2022-11-27 15:28:35,891 INFO From 2022-11-26T08:00:00 to 2022-11-26T09:00:00 founded 130 vacancies
2022-11-27 15:28:38,390 INFO From 2022-11-26T05:00:00 to 2022-11-26T06:00:00 founded 16 vacancies
2022-11-27 15:28:38,457 INFO From 2022-11-26T04:00:00 to 2022-11-26T05:00:00 founded 10 vacancies
2022-11-27 15:28:38,521 INFO From 2022-11-26T06:00:00 to 2022-11-26T07:00:00 founded 39 vacancies
2022-11-27 15:28:38,606 INFO From 2022-11-26T07:00:00 to 2022-11-26T08:00:00 founded 101 vacancies
2022-11-27 15:28:39,826 INFO From 2022-11-26T02:00:00 to 2022-11-26T03:00:00 founded 8 vacancies
2022-11-27 15:28:39,828 INFO From 2022-11-26T00:00:00 to 2022-11-26T01:00:00 founded 17 vacancies
2022-11-27 15:28:39,933 INFO From 2022-11-26T03:00:00 to 2022-11-26T04:00:00 founded 15 vacancies
2022-11-27 15:28:40,025 INFO From 2022-11-26T01:00:00 to 2022-11-26T02:00:00 founded 11 vacancies
2022-11-27 15:28:42,433 INFO 4205
2022-11-27 15:28:42,433 INFO 4193
2022-11-27 15:28:42,433 INFO 4196
2022-11-27 15:28:42,433 INFO Program works 14 seconds
